[0.122s] Invoking command in '/home/mechax/zyb/radar_station_all/radar_station_fixed_class/build/Img_Handle': AMENT_PREFIX_PATH=/home/mechax/zyb/radar_station_all/radar_station_fixed_class/install/my_msgss:${AMENT_PREFIX_PATH} CMAKE_PREFIX_PATH=/home/mechax/zyb/radar_station_all/radar_station_fixed_class/install/my_msgss:/home/mechax/ws_livox/install/livox_ros2_driver:/home/mechax/ws_livox/install/livox_sdk_vendor:/home/mechax/ws_livox/install/livox_interfaces:/opt/ros/humble LD_LIBRARY_PATH=/home/mechax/zyb/radar_station_all/radar_station_fixed_class/install/my_msgss/lib:/opt/MVS/lib/64:/opt/MVS/lib/32:/opt/MVS/lib/64:/opt/MVS/lib/32:/home/mechax/ws_livox/install/livox_ros2_driver/lib:/home/mechax/ws_livox/install/livox_interfaces/lib:/usr/lib/x86_64-linux-gnu/gazebo-11/plugins:/opt/ros/humble/opt/rviz_ogre_vendor/lib:/opt/ros/humble/lib/x86_64-linux-gnu:/opt/ros/humble/lib:/opt/MVS/lib/64:/opt/MVS/lib/32:/opt/MVS/lib/64:/opt/MVS/lib/32 PYTHONPATH=/home/mechax/zyb/radar_station_all/radar_station_fixed_class/install/my_msgss/local/lib/python3.10/dist-packages:${PYTHONPATH} /usr/bin/cmake --build /home/mechax/zyb/radar_station_all/radar_station_fixed_class/build/Img_Handle -- -j16 -l16
[0.157s] [35m[1mConsolidate compiler generated dependencies of target Img_Sub[0m
[0.160s] [ 33%] Built target main
[0.170s] [ 55%] Built target Img_Pub
[0.179s] [ 66%] [32mBuilding CXX object CMakeFiles/Img_Sub.dir/src/img_sub.cpp.o[0m
[2.084s] [01m[K/home/mechax/zyb/radar_station_all/radar_station_fixed_class/src/Img_Handle/src/img_sub.cpp:[m[K In member function ‘[01m[Kvoid Img_Sub::img_close_callback(sensor_msgs::msg::CompressedImage)[m[K’:
[2.084s] [01m[K/home/mechax/zyb/radar_station_all/radar_station_fixed_class/src/Img_Handle/src/img_sub.cpp:72:36:[m[K [01;31m[Kerror: [m[K‘[01m[Kusing element_type = class rclcpp::Publisher<my_msgss::msg::Yolopoints_<std::allocator<void> > >[m[K’ {aka ‘[01m[Kclass rclcpp::Publisher<my_msgss::msg::Yolopoints_<std::allocator<void> > >[m[K’} has no member named ‘[01m[Kpubish[m[K’; did you mean ‘[01m[Kpublish[m[K’?
[2.084s]    72 |             close_yolopoints_pub_->[01;31m[Kpubish[m[K(close_robot_boxes);
[2.084s]       |                                    [01;31m[K^~~~~~[m[K
[2.084s]       |                                    [32m[Kpublish[m[K
[2.087s] [01m[K/home/mechax/zyb/radar_station_all/radar_station_fixed_class/src/Img_Handle/src/img_sub.cpp:[m[K In member function ‘[01m[Kvoid Img_Sub::draw_img(cv::Mat&, my_msgss::msg::Yolopoints&)[m[K’:
[2.087s] [01m[K/home/mechax/zyb/radar_station_all/radar_station_fixed_class/src/Img_Handle/src/img_sub.cpp:215:21:[m[K [01;35m[Kwarning: [m[Kcomparison of integer expressions of different signedness: ‘[01m[Kint[m[K’ and ‘[01m[Kstd::vector<my_msgss::msg::Yolopoint_<std::allocator<void> >, std::allocator<my_msgss::msg::Yolopoint_<std::allocator<void> > > >::size_type[m[K’ {aka ‘[01m[Klong unsigned int[m[K’} [[01;35m[K]8;;https://gcc.gnu.org/onlinedocs/gcc/Warning-Options.html#index-Wsign-compare-Wsign-compare]8;;[m[K]
[2.087s]   215 |     for(int i =0 ;[01;35m[Ki < robot_boxes.data.size()[m[K ; i++)
[2.087s]       |                   [01;35m[K~~^~~~~~~~~~~~~~~~~~~~~~~~~[m[K
[2.092s] [01m[K/home/mechax/zyb/radar_station_all/radar_station_fixed_class/src/Img_Handle/src/img_sub.cpp:[m[K In member function ‘[01m[Kvoid Img_Sub::allrobots_adjust(std::vector<Robot>&, my_msgss::msg::Yolopoints&)[m[K’:
[2.092s] [01m[K/home/mechax/zyb/radar_station_all/radar_station_fixed_class/src/Img_Handle/src/img_sub.cpp:523:20:[m[K [01;35m[Kwarning: [m[Kcomparison of integer expressions of different signedness: ‘[01m[Kint[m[K’ and ‘[01m[Kstd::vector<Robot>::size_type[m[K’ {aka ‘[01m[Klong unsigned int[m[K’} [[01;35m[K]8;;https://gcc.gnu.org/onlinedocs/gcc/Warning-Options.html#index-Wsign-compare-Wsign-compare]8;;[m[K]
[2.092s]   523 |     for(int i = 1;[01;35m[Ki<robots.size()[m[K;i++)
[2.092s]       |                   [01;35m[K~^~~~~~~~~~~~~~[m[K
[3.847s] gmake[2]: *** [CMakeFiles/Img_Sub.dir/build.make:76: CMakeFiles/Img_Sub.dir/src/img_sub.cpp.o] Error 1
[3.847s] gmake[1]: *** [CMakeFiles/Makefile2:167: CMakeFiles/Img_Sub.dir/all] Error 2
[3.847s] gmake: *** [Makefile:146: all] Error 2
[3.849s] Invoked command in '/home/mechax/zyb/radar_station_all/radar_station_fixed_class/build/Img_Handle' returned '2': AMENT_PREFIX_PATH=/home/mechax/zyb/radar_station_all/radar_station_fixed_class/install/my_msgss:${AMENT_PREFIX_PATH} CMAKE_PREFIX_PATH=/home/mechax/zyb/radar_station_all/radar_station_fixed_class/install/my_msgss:/home/mechax/ws_livox/install/livox_ros2_driver:/home/mechax/ws_livox/install/livox_sdk_vendor:/home/mechax/ws_livox/install/livox_interfaces:/opt/ros/humble LD_LIBRARY_PATH=/home/mechax/zyb/radar_station_all/radar_station_fixed_class/install/my_msgss/lib:/opt/MVS/lib/64:/opt/MVS/lib/32:/opt/MVS/lib/64:/opt/MVS/lib/32:/home/mechax/ws_livox/install/livox_ros2_driver/lib:/home/mechax/ws_livox/install/livox_interfaces/lib:/usr/lib/x86_64-linux-gnu/gazebo-11/plugins:/opt/ros/humble/opt/rviz_ogre_vendor/lib:/opt/ros/humble/lib/x86_64-linux-gnu:/opt/ros/humble/lib:/opt/MVS/lib/64:/opt/MVS/lib/32:/opt/MVS/lib/64:/opt/MVS/lib/32 PYTHONPATH=/home/mechax/zyb/radar_station_all/radar_station_fixed_class/install/my_msgss/local/lib/python3.10/dist-packages:${PYTHONPATH} /usr/bin/cmake --build /home/mechax/zyb/radar_station_all/radar_station_fixed_class/build/Img_Handle -- -j16 -l16
