[ 50%] [32mBuilding CXX object CMakeFiles/get_depth_node.dir/src/get_depth_node.cpp.o[0m
[100%] [32m[1mLinking CXX executable get_depth_node[0m
[100%] Built target get_depth_node
-- Install configuration: ""
-- Installing: /home/mechax/zyb/radar_station_all/radar_station_fixed_class/install/get_depth/lib/get_depth/get_depth_node
-- Set runtime path of "/home/mechax/zyb/radar_station_all/radar_station_fixed_class/install/get_depth/lib/get_depth/get_depth_node" to ""
-- Up-to-date: /home/mechax/zyb/radar_station_all/radar_station_fixed_class/install/get_depth/share/get_depth//launch
-- Up-to-date: /home/mechax/zyb/radar_station_all/radar_station_fixed_class/install/get_depth/share/get_depth//launch/get_depth_launch.py
-- Up-to-date: /home/mechax/zyb/radar_station_all/radar_station_fixed_class/install/get_depth/share/ament_index/resource_index/package_run_dependencies/get_depth
-- Up-to-date: /home/mechax/zyb/radar_station_all/radar_station_fixed_class/install/get_depth/share/ament_index/resource_index/parent_prefix_path/get_depth
-- Up-to-date: /home/mechax/zyb/radar_station_all/radar_station_fixed_class/install/get_depth/share/get_depth/environment/ament_prefix_path.sh
-- Up-to-date: /home/mechax/zyb/radar_station_all/radar_station_fixed_class/install/get_depth/share/get_depth/environment/ament_prefix_path.dsv
-- Up-to-date: /home/mechax/zyb/radar_station_all/radar_station_fixed_class/install/get_depth/share/get_depth/environment/path.sh
-- Up-to-date: /home/mechax/zyb/radar_station_all/radar_station_fixed_class/install/get_depth/share/get_depth/environment/path.dsv
-- Up-to-date: /home/mechax/zyb/radar_station_all/radar_station_fixed_class/install/get_depth/share/get_depth/local_setup.bash
-- Up-to-date: /home/mechax/zyb/radar_station_all/radar_station_fixed_class/install/get_depth/share/get_depth/local_setup.sh
-- Up-to-date: /home/mechax/zyb/radar_station_all/radar_station_fixed_class/install/get_depth/share/get_depth/local_setup.zsh
-- Up-to-date: /home/mechax/zyb/radar_station_all/radar_station_fixed_class/install/get_depth/share/get_depth/local_setup.dsv
-- Installing: /home/mechax/zyb/radar_station_all/radar_station_fixed_class/install/get_depth/share/get_depth/package.dsv
-- Up-to-date: /home/mechax/zyb/radar_station_all/radar_station_fixed_class/install/get_depth/share/ament_index/resource_index/packages/get_depth
-- Up-to-date: /home/mechax/zyb/radar_station_all/radar_station_fixed_class/install/get_depth/share/get_depth/cmake/get_depthConfig.cmake
-- Up-to-date: /home/mechax/zyb/radar_station_all/radar_station_fixed_class/install/get_depth/share/get_depth/cmake/get_depthConfig-version.cmake
-- Up-to-date: /home/mechax/zyb/radar_station_all/radar_station_fixed_class/install/get_depth/share/get_depth/package.xml
