[0.034s] Invoking command in '/home/qianli/zyb/radar_station/build/mindvision_camera': CMAKE_PREFIX_PATH=/opt/ros/humble /usr/bin/cmake /home/qianli/zyb/radar_station/src/ros2_mindvision_mutiple_camera -DCMAKE_INSTALL_PREFIX=/home/qianli/zyb/radar_station/install/mindvision_camera
[0.066s] -- The C compiler identification is GNU 11.4.0
[0.108s] -- The CXX compiler identification is GNU 11.4.0
[0.113s] -- Detecting C compiler ABI info
[0.153s] -- Detecting C compiler ABI info - done
[0.163s] -- Check for working C compiler: /usr/bin/cc - skipped
[0.163s] -- Detecting C compile features
[0.163s] -- Detecting C compile features - done
[0.167s] -- Detecting CXX compiler ABI info
[0.218s] -- Detecting CXX compiler ABI info - done
[0.227s] -- Check for working CXX compiler: /usr/bin/c++ - skipped
[0.228s] -- Detecting CXX compile features
[0.228s] -- Detecting CXX compile features - done
[0.230s] -- Found ament_cmake_auto: 1.3.8 (/opt/ros/humble/share/ament_cmake_auto/cmake)
[0.359s] -- Found Python3: /usr/bin/python3 (found version "3.10.12") found components: Interpreter 
[0.498s] -- Found rosidl_generator_c: 3.1.5 (/opt/ros/humble/share/rosidl_generator_c/cmake)
[0.500s] -- Found rosidl_adapter: 3.1.5 (/opt/ros/humble/share/rosidl_adapter/cmake)
[0.506s] -- Found rosidl_generator_cpp: 3.1.5 (/opt/ros/humble/share/rosidl_generator_cpp/cmake)
[0.515s] -- Using all available rosidl_typesupport_c: rosidl_typesupport_fastrtps_c;rosidl_typesupport_introspection_c
[0.527s] -- Using all available rosidl_typesupport_cpp: rosidl_typesupport_fastrtps_cpp;rosidl_typesupport_introspection_cpp
[0.572s] -- Found rmw_implementation_cmake: 6.1.1 (/opt/ros/humble/share/rmw_implementation_cmake/cmake)
[0.574s] -- Found rmw_fastrtps_cpp: 6.2.6 (/opt/ros/humble/share/rmw_fastrtps_cpp/cmake)
[0.640s] -- Found OpenSSL: /usr/lib/x86_64-linux-gnu/libcrypto.so (found version "3.0.2")  
[0.657s] -- Found FastRTPS: /opt/ros/humble/include  
[0.695s] -- Using RMW implementation 'rmw_fastrtps_cpp' as default
[0.702s] -- Looking for pthread.h
[0.747s] -- Looking for pthread.h - found
[0.748s] -- Performing Test CMAKE_HAVE_LIBC_PTHREAD
[0.796s] -- Performing Test CMAKE_HAVE_LIBC_PTHREAD - Success
[0.797s] -- Found Threads: TRUE  
[1.124s] -- Found ament_lint_auto: 0.12.10 (/opt/ros/humble/share/ament_lint_auto/cmake)
[1.137s] -- Added test 'cppcheck' to perform static code analysis on C / C++ code
[1.137s] -- Configured cppcheck include dirs: /home/qianli/zyb/radar_station/src/ros2_mindvision_mutiple_camera/mvsdk/include
[1.137s] -- Configured cppcheck exclude dirs and/or files: 
[1.137s] -- Added test 'flake8' to check Python code syntax and style conventions
[1.138s] -- Added test 'lint_cmake' to check CMake code style
[1.138s] -- Added test 'pep257' to check Python code against some of the docstring style conventions in PEP 257
[1.141s] -- Added test 'xmllint' to check XML markup files
[1.141s] -- Configuring done
[1.150s] -- Generating done
[1.152s] -- Build files have been written to: /home/qianli/zyb/radar_station/build/mindvision_camera
[1.160s] Invoked command in '/home/qianli/zyb/radar_station/build/mindvision_camera' returned '0': CMAKE_PREFIX_PATH=/opt/ros/humble /usr/bin/cmake /home/qianli/zyb/radar_station/src/ros2_mindvision_mutiple_camera -DCMAKE_INSTALL_PREFIX=/home/qianli/zyb/radar_station/install/mindvision_camera
[1.162s] Invoking command in '/home/qianli/zyb/radar_station/build/mindvision_camera': CMAKE_PREFIX_PATH=/opt/ros/humble /usr/bin/cmake --build /home/qianli/zyb/radar_station/build/mindvision_camera -- -j16 -l16
[1.192s] [ 25%] [32mBuilding CXX object CMakeFiles/mindvision_camera.dir/src/mv_camera_node.cpp.o[0m
[1.199s] [ 50%] [32mBuilding CXX object CMakeFiles/mindvision_camera_node.dir/rclcpp_components/node_main_mindvision_camera_node.cpp.o[0m
[4.060s] [ 75%] [32m[1mLinking CXX executable mindvision_camera_node[0m
[4.151s] [ 75%] Built target mindvision_camera_node
[4.344s] [100%] [32m[1mLinking CXX shared library libmindvision_camera.so[0m
[4.455s] [100%] Built target mindvision_camera
[4.462s] Invoked command in '/home/qianli/zyb/radar_station/build/mindvision_camera' returned '0': CMAKE_PREFIX_PATH=/opt/ros/humble /usr/bin/cmake --build /home/qianli/zyb/radar_station/build/mindvision_camera -- -j16 -l16
[4.481s] Invoking command in '/home/qianli/zyb/radar_station/build/mindvision_camera': CMAKE_PREFIX_PATH=/opt/ros/humble /usr/bin/cmake --install /home/qianli/zyb/radar_station/build/mindvision_camera
[4.488s] -- Install configuration: ""
[4.488s] -- Installing: /home/qianli/zyb/radar_station/install/mindvision_camera/lib/mindvision_camera/mindvision_camera_node
[4.490s] -- Set runtime path of "/home/qianli/zyb/radar_station/install/mindvision_camera/lib/mindvision_camera/mindvision_camera_node" to ""
[4.490s] -- Installing: /home/qianli/zyb/radar_station/install/mindvision_camera/share/mindvision_camera/environment/library_path.sh
[4.490s] -- Installing: /home/qianli/zyb/radar_station/install/mindvision_camera/share/mindvision_camera/environment/library_path.dsv
[4.491s] -- Installing: /home/qianli/zyb/radar_station/install/mindvision_camera/lib/libmindvision_camera.so
[4.491s] -- Set runtime path of "/home/qianli/zyb/radar_station/install/mindvision_camera/lib/libmindvision_camera.so" to ""
[4.491s] -- Installing: /home/qianli/zyb/radar_station/install/mindvision_camera/share/mindvision_camera/launch
[4.491s] -- Installing: /home/qianli/zyb/radar_station/install/mindvision_camera/share/mindvision_camera/launch/mv_camera.py
[4.491s] -- Installing: /home/qianli/zyb/radar_station/install/mindvision_camera/share/mindvision_camera/config
[4.491s] -- Installing: /home/qianli/zyb/radar_station/install/mindvision_camera/share/mindvision_camera/config/leftcamera_params.yaml
[4.491s] -- Installing: /home/qianli/zyb/radar_station/install/mindvision_camera/share/mindvision_camera/config/leftcamera_info.yaml
[4.491s] -- Installing: /home/qianli/zyb/radar_station/install/mindvision_camera/share/mindvision_camera/config/rightcamera_info.yaml
[4.492s] -- Installing: /home/qianli/zyb/radar_station/install/mindvision_camera/share/mindvision_camera/config/rightcamera_params.yaml
[4.492s] -- Installing: /home/qianli/zyb/radar_station/install/mindvision_camera/share/ament_index/resource_index/package_run_dependencies/mindvision_camera
[4.492s] -- Installing: /home/qianli/zyb/radar_station/install/mindvision_camera/share/ament_index/resource_index/parent_prefix_path/mindvision_camera
[4.492s] -- Installing: /home/qianli/zyb/radar_station/install/mindvision_camera/share/mindvision_camera/environment/ament_prefix_path.sh
[4.492s] -- Installing: /home/qianli/zyb/radar_station/install/mindvision_camera/share/mindvision_camera/environment/ament_prefix_path.dsv
[4.493s] -- Installing: /home/qianli/zyb/radar_station/install/mindvision_camera/share/mindvision_camera/environment/path.sh
[4.493s] -- Installing: /home/qianli/zyb/radar_station/install/mindvision_camera/share/mindvision_camera/environment/path.dsv
[4.493s] -- Installing: /home/qianli/zyb/radar_station/install/mindvision_camera/share/mindvision_camera/local_setup.bash
[4.493s] -- Installing: /home/qianli/zyb/radar_station/install/mindvision_camera/share/mindvision_camera/local_setup.sh
[4.493s] -- Installing: /home/qianli/zyb/radar_station/install/mindvision_camera/share/mindvision_camera/local_setup.zsh
[4.493s] -- Installing: /home/qianli/zyb/radar_station/install/mindvision_camera/share/mindvision_camera/local_setup.dsv
[4.493s] -- Installing: /home/qianli/zyb/radar_station/install/mindvision_camera/share/mindvision_camera/package.dsv
[4.493s] -- Installing: /home/qianli/zyb/radar_station/install/mindvision_camera/share/ament_index/resource_index/packages/mindvision_camera
[4.494s] -- Installing: /home/qianli/zyb/radar_station/install/mindvision_camera/share/ament_index/resource_index/rclcpp_components/mindvision_camera
[4.494s] -- Installing: /home/qianli/zyb/radar_station/install/mindvision_camera/share/mindvision_camera/cmake/ament_cmake_export_dependencies-extras.cmake
[4.494s] -- Installing: /home/qianli/zyb/radar_station/install/mindvision_camera/share/mindvision_camera/cmake/ament_cmake_export_libraries-extras.cmake
[4.494s] -- Installing: /home/qianli/zyb/radar_station/install/mindvision_camera/share/mindvision_camera/cmake/mindvision_cameraConfig.cmake
[4.494s] -- Installing: /home/qianli/zyb/radar_station/install/mindvision_camera/share/mindvision_camera/cmake/mindvision_cameraConfig-version.cmake
[4.494s] -- Installing: /home/qianli/zyb/radar_station/install/mindvision_camera/share/mindvision_camera/package.xml
[4.497s] Invoked command in '/home/qianli/zyb/radar_station/build/mindvision_camera' returned '0': CMAKE_PREFIX_PATH=/opt/ros/humble /usr/bin/cmake --install /home/qianli/zyb/radar_station/build/mindvision_camera
