[ 12%] [34m[1mAutomatic MOC and UIC for target Qt5_displayer[0m
[ 12%] Built target Qt5_displayer_autogen
[35m[1mConsolidate compiler generated dependencies of target Qt5_displayer[0m
[ 37%] [32mBuilding CXX object CMakeFiles/Qt5_displayer.dir/src/qtnode.cpp.o[0m
[ 37%] [32mBuilding CXX object CMakeFiles/Qt5_displayer.dir/src/radarstation.cpp.o[0m
[01m[K/home/mechax/zyb/radar_station_all/radar_station_fixed_class/src/Qt5_displayer/src/radarstation.cpp:[m[K In member function ‘[01m[Kvoid radarStation::farImageUpdate()[m[K’:
[01m[K/home/mechax/zyb/radar_station_all/radar_station_fixed_class/src/Qt5_displayer/src/radarstation.cpp:139:77:[m[K [01;31m[Kerror: [m[Kexpected ‘[01m[K;[m[K’ before ‘[01m[K；[m[K’
  139 |         ui->solvePnpWidget->farimage = QPixmap::fromImage(qtnode.far_qimage)[01;31m[K；[m[K
      |                                                                             [01;31m[K^[m[K[32m[K~[m[K
      |                                                                             [32m[K;[m[K
[01m[K/home/mechax/zyb/radar_station_all/radar_station_fixed_class/src/Qt5_displayer/src/radarstation.cpp:[m[K In member function ‘[01m[Kvoid radarStation::farPointsUpdate()[m[K’:
[01m[K/home/mechax/zyb/radar_station_all/radar_station_fixed_class/src/Qt5_displayer/src/radarstation.cpp:228:22:[m[K [01;35m[Kwarning: [m[Kcomparison of integer expressions of different signedness: ‘[01m[Kint[m[K’ and ‘[01m[Kstd::vector<Robot>::size_type[m[K’ {aka ‘[01m[Klong unsigned int[m[K’} [[01;35m[K]8;;https://gcc.gnu.org/onlinedocs/gcc/Warning-Options.html#index-Wsign-compare-Wsign-compare]8;;[m[K]
  228 |     for(int i = 1; [01;35m[Ki < ui->map->far_robots.size()[m[K;i++)
      |                    [01;35m[K~~^~~~~~~~~~~~~~~~~~~~~~~~~~~~[m[K
[01m[K/home/mechax/zyb/radar_station_all/radar_station_fixed_class/src/Qt5_displayer/src/radarstation.cpp:[m[K In member function ‘[01m[Kvoid radarStation::closePointsUpdate()[m[K’:
[01m[K/home/mechax/zyb/radar_station_all/radar_station_fixed_class/src/Qt5_displayer/src/radarstation.cpp:259:22:[m[K [01;35m[Kwarning: [m[Kcomparison of integer expressions of different signedness: ‘[01m[Kint[m[K’ and ‘[01m[Kstd::vector<Robot>::size_type[m[K’ {aka ‘[01m[Klong unsigned int[m[K’} [[01;35m[K]8;;https://gcc.gnu.org/onlinedocs/gcc/Warning-Options.html#index-Wsign-compare-Wsign-compare]8;;[m[K]
  259 |     for(int i = 1; [01;35m[Ki < ui->map->close_robots.size()[m[K;i++)
      |                    [01;35m[K~~^~~~~~~~~~~~~~~~~~~~~~~~~~~~~~[m[K
gmake[2]: *** [CMakeFiles/Qt5_displayer.dir/build.make:132: CMakeFiles/Qt5_displayer.dir/src/radarstation.cpp.o] Error 1
gmake[2]: *** Waiting for unfinished jobs....
gmake[1]: *** [CMakeFiles/Makefile2:138: CMakeFiles/Qt5_displayer.dir/all] Error 2
gmake: *** [Makefile:146: all] Error 2
