[0.131s] Invoking command in '/home/mechax/zyb/radar_station_all/radar_station_fixed_class/build/Img_Handle': AMENT_PREFIX_PATH=/home/mechax/zyb/radar_station_all/radar_station_fixed_class/install/my_msgss:${AMENT_PREFIX_PATH} CMAKE_PREFIX_PATH=/home/mechax/zyb/radar_station_all/radar_station_fixed_class/install/my_msgss:/home/mechax/ws_livox/install/livox_ros2_driver:/home/mechax/ws_livox/install/livox_sdk_vendor:/home/mechax/ws_livox/install/livox_interfaces:/opt/ros/humble LD_LIBRARY_PATH=/home/mechax/zyb/radar_station_all/radar_station_fixed_class/install/my_msgss/lib:/opt/MVS/lib/64:/opt/MVS/lib/32:/opt/MVS/lib/64:/opt/MVS/lib/32:/home/mechax/ws_livox/install/livox_ros2_driver/lib:/home/mechax/ws_livox/install/livox_interfaces/lib:/usr/lib/x86_64-linux-gnu/gazebo-11/plugins:/opt/ros/humble/opt/rviz_ogre_vendor/lib:/opt/ros/humble/lib/x86_64-linux-gnu:/opt/ros/humble/lib:/opt/MVS/lib/64:/opt/MVS/lib/32:/opt/MVS/lib/64:/opt/MVS/lib/32 PYTHONPATH=/home/mechax/zyb/radar_station_all/radar_station_fixed_class/install/my_msgss/local/lib/python3.10/dist-packages:${PYTHONPATH} /usr/bin/cmake --build /home/mechax/zyb/radar_station_all/radar_station_fixed_class/build/Img_Handle -- -j16 -l16
[0.166s] [35m[1mConsolidate compiler generated dependencies of target Img_Sub[0m
[0.170s] [ 22%] Built target Img_Pub
[0.174s] [ 55%] Built target main
[0.184s] [ 66%] [32mBuilding CXX object CMakeFiles/Img_Sub.dir/src/img_sub.cpp.o[0m
[2.062s] [01m[K/home/mechax/zyb/radar_station_all/radar_station_fixed_class/src/Img_Handle/src/img_sub.cpp:[m[K In member function ‘[01m[Kvoid Img_Sub::draw_img(cv::Mat&, my_msgss::msg::Yolopoints&)[m[K’:
[2.062s] [01m[K/home/mechax/zyb/radar_station_all/radar_station_fixed_class/src/Img_Handle/src/img_sub.cpp:223:21:[m[K [01;35m[Kwarning: [m[Kcomparison of integer expressions of different signedness: ‘[01m[Kint[m[K’ and ‘[01m[Kstd::vector<my_msgss::msg::Yolopoint_<std::allocator<void> >, std::allocator<my_msgss::msg::Yolopoint_<std::allocator<void> > > >::size_type[m[K’ {aka ‘[01m[Klong unsigned int[m[K’} [[01;35m[K]8;;https://gcc.gnu.org/onlinedocs/gcc/Warning-Options.html#index-Wsign-compare-Wsign-compare]8;;[m[K]
[2.062s]   223 |     for(int i =0 ;[01;35m[Ki < robot_boxes.data.size()[m[K ; i++)
[2.062s]       |                   [01;35m[K~~^~~~~~~~~~~~~~~~~~~~~~~~~[m[K
[2.068s] [01m[K/home/mechax/zyb/radar_station_all/radar_station_fixed_class/src/Img_Handle/src/img_sub.cpp:[m[K In member function ‘[01m[Kvoid Img_Sub::allrobots_adjust(std::vector<Robot>&, my_msgss::msg::Yolopoints&)[m[K’:
[2.068s] [01m[K/home/mechax/zyb/radar_station_all/radar_station_fixed_class/src/Img_Handle/src/img_sub.cpp:542:20:[m[K [01;35m[Kwarning: [m[Kcomparison of integer expressions of different signedness: ‘[01m[Kint[m[K’ and ‘[01m[Kstd::vector<Robot>::size_type[m[K’ {aka ‘[01m[Klong unsigned int[m[K’} [[01;35m[K]8;;https://gcc.gnu.org/onlinedocs/gcc/Warning-Options.html#index-Wsign-compare-Wsign-compare]8;;[m[K]
[2.068s]   542 |     for(int i = 1;[01;35m[Ki<robots.size()[m[K;i++)
[2.068s]       |                   [01;35m[K~^~~~~~~~~~~~~~[m[K
[6.016s] [ 77%] [32m[1mLinking CXX executable Img_Sub[0m
[6.162s] /usr/bin/ld: warning: libopencv_imgcodecs.so.4.5d, needed by /opt/ros/humble/lib/libcv_bridge.so, may conflict with libopencv_imgcodecs.so.408
[6.162s] /usr/bin/ld: warning: libopencv_imgproc.so.4.5d, needed by /opt/ros/humble/lib/libcv_bridge.so, may conflict with libopencv_imgproc.so.408
[6.162s] /usr/bin/ld: warning: libopencv_core.so.4.5d, needed by /opt/ros/humble/lib/libcv_bridge.so, may conflict with libopencv_core.so.408
[6.443s] [100%] Built target Img_Sub
[6.451s] Invoked command in '/home/mechax/zyb/radar_station_all/radar_station_fixed_class/build/Img_Handle' returned '0': AMENT_PREFIX_PATH=/home/mechax/zyb/radar_station_all/radar_station_fixed_class/install/my_msgss:${AMENT_PREFIX_PATH} CMAKE_PREFIX_PATH=/home/mechax/zyb/radar_station_all/radar_station_fixed_class/install/my_msgss:/home/mechax/ws_livox/install/livox_ros2_driver:/home/mechax/ws_livox/install/livox_sdk_vendor:/home/mechax/ws_livox/install/livox_interfaces:/opt/ros/humble LD_LIBRARY_PATH=/home/mechax/zyb/radar_station_all/radar_station_fixed_class/install/my_msgss/lib:/opt/MVS/lib/64:/opt/MVS/lib/32:/opt/MVS/lib/64:/opt/MVS/lib/32:/home/mechax/ws_livox/install/livox_ros2_driver/lib:/home/mechax/ws_livox/install/livox_interfaces/lib:/usr/lib/x86_64-linux-gnu/gazebo-11/plugins:/opt/ros/humble/opt/rviz_ogre_vendor/lib:/opt/ros/humble/lib/x86_64-linux-gnu:/opt/ros/humble/lib:/opt/MVS/lib/64:/opt/MVS/lib/32:/opt/MVS/lib/64:/opt/MVS/lib/32 PYTHONPATH=/home/mechax/zyb/radar_station_all/radar_station_fixed_class/install/my_msgss/local/lib/python3.10/dist-packages:${PYTHONPATH} /usr/bin/cmake --build /home/mechax/zyb/radar_station_all/radar_station_fixed_class/build/Img_Handle -- -j16 -l16
[6.472s] Invoking command in '/home/mechax/zyb/radar_station_all/radar_station_fixed_class/build/Img_Handle': AMENT_PREFIX_PATH=/home/mechax/zyb/radar_station_all/radar_station_fixed_class/install/my_msgss:${AMENT_PREFIX_PATH} CMAKE_PREFIX_PATH=/home/mechax/zyb/radar_station_all/radar_station_fixed_class/install/my_msgss:/home/mechax/ws_livox/install/livox_ros2_driver:/home/mechax/ws_livox/install/livox_sdk_vendor:/home/mechax/ws_livox/install/livox_interfaces:/opt/ros/humble LD_LIBRARY_PATH=/home/mechax/zyb/radar_station_all/radar_station_fixed_class/install/my_msgss/lib:/opt/MVS/lib/64:/opt/MVS/lib/32:/opt/MVS/lib/64:/opt/MVS/lib/32:/home/mechax/ws_livox/install/livox_ros2_driver/lib:/home/mechax/ws_livox/install/livox_interfaces/lib:/usr/lib/x86_64-linux-gnu/gazebo-11/plugins:/opt/ros/humble/opt/rviz_ogre_vendor/lib:/opt/ros/humble/lib/x86_64-linux-gnu:/opt/ros/humble/lib:/opt/MVS/lib/64:/opt/MVS/lib/32:/opt/MVS/lib/64:/opt/MVS/lib/32 PYTHONPATH=/home/mechax/zyb/radar_station_all/radar_station_fixed_class/install/my_msgss/local/lib/python3.10/dist-packages:${PYTHONPATH} /usr/bin/cmake --install /home/mechax/zyb/radar_station_all/radar_station_fixed_class/build/Img_Handle
[6.476s] -- Install configuration: ""
[6.476s] -- Up-to-date: /home/mechax/zyb/radar_station_all/radar_station_fixed_class/install/Img_Handle/lib/Img_Handle/Img_Pub
[6.476s] -- Installing: /home/mechax/zyb/radar_station_all/radar_station_fixed_class/install/Img_Handle/lib/Img_Handle/Img_Sub
[6.479s] -- Set runtime path of "/home/mechax/zyb/radar_station_all/radar_station_fixed_class/install/Img_Handle/lib/Img_Handle/Img_Sub" to ""
[6.479s] -- Up-to-date: /home/mechax/zyb/radar_station_all/radar_station_fixed_class/install/Img_Handle/lib/Img_Handle/main
[6.480s] -- Up-to-date: /home/mechax/zyb/radar_station_all/radar_station_fixed_class/install/Img_Handle/share/Img_Handle/launch
[6.480s] -- Up-to-date: /home/mechax/zyb/radar_station_all/radar_station_fixed_class/install/Img_Handle/share/Img_Handle/launch/img_handle_launch.py
[6.480s] -- Up-to-date: /home/mechax/zyb/radar_station_all/radar_station_fixed_class/install/Img_Handle/share/Img_Handle/Yolov8_weight
[6.480s] -- Up-to-date: /home/mechax/zyb/radar_station_all/radar_station_fixed_class/install/Img_Handle/share/Img_Handle/Yolov8_weight/new_armor
[6.480s] -- Up-to-date: /home/mechax/zyb/radar_station_all/radar_station_fixed_class/install/Img_Handle/share/Img_Handle/Yolov8_weight/new_armor/mlp.onnx
[6.480s] -- Up-to-date: /home/mechax/zyb/radar_station_all/radar_station_fixed_class/install/Img_Handle/share/Img_Handle/Yolov8_weight/new_armor/label.txt
[6.480s] -- Up-to-date: /home/mechax/zyb/radar_station_all/radar_station_fixed_class/install/Img_Handle/share/Img_Handle/Yolov8_weight/robot
[6.480s] -- Up-to-date: /home/mechax/zyb/radar_station_all/radar_station_fixed_class/install/Img_Handle/share/Img_Handle/Yolov8_weight/robot/labels_correlogram.jpg
[6.480s] -- Up-to-date: /home/mechax/zyb/radar_station_all/radar_station_fixed_class/install/Img_Handle/share/Img_Handle/Yolov8_weight/robot/train_batch2.jpg
[6.480s] -- Up-to-date: /home/mechax/zyb/radar_station_all/radar_station_fixed_class/install/Img_Handle/share/Img_Handle/Yolov8_weight/robot/train_batch0.jpg
[6.480s] -- Up-to-date: /home/mechax/zyb/radar_station_all/radar_station_fixed_class/install/Img_Handle/share/Img_Handle/Yolov8_weight/robot/events.out.tfevents.1702546832.LAPTOP-62RB8H0R.113476.0
[6.480s] -- Up-to-date: /home/mechax/zyb/radar_station_all/radar_station_fixed_class/install/Img_Handle/share/Img_Handle/Yolov8_weight/robot/args.yaml
[6.480s] -- Up-to-date: /home/mechax/zyb/radar_station_all/radar_station_fixed_class/install/Img_Handle/share/Img_Handle/Yolov8_weight/robot/train_batch1.jpg
[6.481s] -- Up-to-date: /home/mechax/zyb/radar_station_all/radar_station_fixed_class/install/Img_Handle/share/Img_Handle/Yolov8_weight/robot/class
[6.481s] -- Up-to-date: /home/mechax/zyb/radar_station_all/radar_station_fixed_class/install/Img_Handle/share/Img_Handle/Yolov8_weight/robot/class/class.txt
[6.481s] -- Up-to-date: /home/mechax/zyb/radar_station_all/radar_station_fixed_class/install/Img_Handle/share/Img_Handle/Yolov8_weight/robot/labels.jpg
[6.481s] -- Up-to-date: /home/mechax/zyb/radar_station_all/radar_station_fixed_class/install/Img_Handle/share/Img_Handle/Yolov8_weight/robot/results.csv
[6.481s] -- Up-to-date: /home/mechax/zyb/radar_station_all/radar_station_fixed_class/install/Img_Handle/share/Img_Handle/Yolov8_weight/robot/weights
[6.482s] -- Up-to-date: /home/mechax/zyb/radar_station_all/radar_station_fixed_class/install/Img_Handle/share/Img_Handle/Yolov8_weight/robot/weights/best.onnx
[6.482s] -- Up-to-date: /home/mechax/zyb/radar_station_all/radar_station_fixed_class/install/Img_Handle/share/Img_Handle/Yolov8_weight/armor
[6.482s] -- Up-to-date: /home/mechax/zyb/radar_station_all/radar_station_fixed_class/install/Img_Handle/share/Img_Handle/Yolov8_weight/armor/labels_correlogram.jpg
[6.482s] -- Up-to-date: /home/mechax/zyb/radar_station_all/radar_station_fixed_class/install/Img_Handle/share/Img_Handle/Yolov8_weight/armor/val_batch1_pred.jpg
[6.482s] -- Up-to-date: /home/mechax/zyb/radar_station_all/radar_station_fixed_class/install/Img_Handle/share/Img_Handle/Yolov8_weight/armor/val_batch2_pred.jpg
[6.482s] -- Up-to-date: /home/mechax/zyb/radar_station_all/radar_station_fixed_class/install/Img_Handle/share/Img_Handle/Yolov8_weight/armor/train_batch27521.jpg
[6.483s] -- Up-to-date: /home/mechax/zyb/radar_station_all/radar_station_fixed_class/install/Img_Handle/share/Img_Handle/Yolov8_weight/armor/P_curve.png
[6.483s] -- Up-to-date: /home/mechax/zyb/radar_station_all/radar_station_fixed_class/install/Img_Handle/share/Img_Handle/Yolov8_weight/armor/val_batch0_pred.jpg
[6.483s] -- Up-to-date: /home/mechax/zyb/radar_station_all/radar_station_fixed_class/install/Img_Handle/share/Img_Handle/Yolov8_weight/armor/confusion_matrix_normalized.png
[6.483s] -- Up-to-date: /home/mechax/zyb/radar_station_all/radar_station_fixed_class/install/Img_Handle/share/Img_Handle/Yolov8_weight/armor/results.png
[6.483s] -- Up-to-date: /home/mechax/zyb/radar_station_all/radar_station_fixed_class/install/Img_Handle/share/Img_Handle/Yolov8_weight/armor/train_batch2.jpg
[6.483s] -- Up-to-date: /home/mechax/zyb/radar_station_all/radar_station_fixed_class/install/Img_Handle/share/Img_Handle/Yolov8_weight/armor/val_batch1_labels.jpg
[6.483s] -- Up-to-date: /home/mechax/zyb/radar_station_all/radar_station_fixed_class/install/Img_Handle/share/Img_Handle/Yolov8_weight/armor/R_curve.png
[6.483s] -- Up-to-date: /home/mechax/zyb/radar_station_all/radar_station_fixed_class/install/Img_Handle/share/Img_Handle/Yolov8_weight/armor/train_batch0.jpg
[6.483s] -- Up-to-date: /home/mechax/zyb/radar_station_all/radar_station_fixed_class/install/Img_Handle/share/Img_Handle/Yolov8_weight/armor/args.yaml
[6.483s] -- Up-to-date: /home/mechax/zyb/radar_station_all/radar_station_fixed_class/install/Img_Handle/share/Img_Handle/Yolov8_weight/armor/train_batch1.jpg
[6.483s] -- Up-to-date: /home/mechax/zyb/radar_station_all/radar_station_fixed_class/install/Img_Handle/share/Img_Handle/Yolov8_weight/armor/F1_curve.png
[6.483s] -- Up-to-date: /home/mechax/zyb/radar_station_all/radar_station_fixed_class/install/Img_Handle/share/Img_Handle/Yolov8_weight/armor/PR_curve.png
[6.483s] -- Up-to-date: /home/mechax/zyb/radar_station_all/radar_station_fixed_class/install/Img_Handle/share/Img_Handle/Yolov8_weight/armor/class
[6.483s] -- Up-to-date: /home/mechax/zyb/radar_station_all/radar_station_fixed_class/install/Img_Handle/share/Img_Handle/Yolov8_weight/armor/class/class.txt
[6.483s] -- Up-to-date: /home/mechax/zyb/radar_station_all/radar_station_fixed_class/install/Img_Handle/share/Img_Handle/Yolov8_weight/armor/events.out.tfevents.1702358543.LAPTOP-62RB8H0R.96524.0
[6.483s] -- Up-to-date: /home/mechax/zyb/radar_station_all/radar_station_fixed_class/install/Img_Handle/share/Img_Handle/Yolov8_weight/armor/val_batch2_labels.jpg
[6.483s] -- Up-to-date: /home/mechax/zyb/radar_station_all/radar_station_fixed_class/install/Img_Handle/share/Img_Handle/Yolov8_weight/armor/confusion_matrix.png
[6.483s] -- Up-to-date: /home/mechax/zyb/radar_station_all/radar_station_fixed_class/install/Img_Handle/share/Img_Handle/Yolov8_weight/armor/train_batch27520.jpg
[6.483s] -- Up-to-date: /home/mechax/zyb/radar_station_all/radar_station_fixed_class/install/Img_Handle/share/Img_Handle/Yolov8_weight/armor/labels.jpg
[6.483s] -- Up-to-date: /home/mechax/zyb/radar_station_all/radar_station_fixed_class/install/Img_Handle/share/Img_Handle/Yolov8_weight/armor/results.csv
[6.483s] -- Up-to-date: /home/mechax/zyb/radar_station_all/radar_station_fixed_class/install/Img_Handle/share/Img_Handle/Yolov8_weight/armor/weights
[6.483s] -- Up-to-date: /home/mechax/zyb/radar_station_all/radar_station_fixed_class/install/Img_Handle/share/Img_Handle/Yolov8_weight/armor/weights/best.pt
[6.483s] -- Up-to-date: /home/mechax/zyb/radar_station_all/radar_station_fixed_class/install/Img_Handle/share/Img_Handle/Yolov8_weight/armor/weights/best.onnx
[6.483s] -- Up-to-date: /home/mechax/zyb/radar_station_all/radar_station_fixed_class/install/Img_Handle/share/Img_Handle/Yolov8_weight/armor/weights/last.pt
[6.483s] -- Up-to-date: /home/mechax/zyb/radar_station_all/radar_station_fixed_class/install/Img_Handle/share/Img_Handle/Yolov8_weight/armor/val_batch0_labels.jpg
[6.484s] -- Up-to-date: /home/mechax/zyb/radar_station_all/radar_station_fixed_class/install/Img_Handle/share/Img_Handle/Yolov8_weight/armor/train_batch27522.jpg
[6.484s] -- Up-to-date: /home/mechax/zyb/radar_station_all/radar_station_fixed_class/install/Img_Handle/share/ament_index/resource_index/package_run_dependencies/Img_Handle
[6.484s] -- Up-to-date: /home/mechax/zyb/radar_station_all/radar_station_fixed_class/install/Img_Handle/share/ament_index/resource_index/parent_prefix_path/Img_Handle
[6.484s] -- Up-to-date: /home/mechax/zyb/radar_station_all/radar_station_fixed_class/install/Img_Handle/share/Img_Handle/environment/ament_prefix_path.sh
[6.484s] -- Up-to-date: /home/mechax/zyb/radar_station_all/radar_station_fixed_class/install/Img_Handle/share/Img_Handle/environment/ament_prefix_path.dsv
[6.484s] -- Up-to-date: /home/mechax/zyb/radar_station_all/radar_station_fixed_class/install/Img_Handle/share/Img_Handle/environment/path.sh
[6.484s] -- Up-to-date: /home/mechax/zyb/radar_station_all/radar_station_fixed_class/install/Img_Handle/share/Img_Handle/environment/path.dsv
[6.484s] -- Up-to-date: /home/mechax/zyb/radar_station_all/radar_station_fixed_class/install/Img_Handle/share/Img_Handle/local_setup.bash
[6.484s] -- Up-to-date: /home/mechax/zyb/radar_station_all/radar_station_fixed_class/install/Img_Handle/share/Img_Handle/local_setup.sh
[6.484s] -- Up-to-date: /home/mechax/zyb/radar_station_all/radar_station_fixed_class/install/Img_Handle/share/Img_Handle/local_setup.zsh
[6.484s] -- Up-to-date: /home/mechax/zyb/radar_station_all/radar_station_fixed_class/install/Img_Handle/share/Img_Handle/local_setup.dsv
[6.484s] -- Installing: /home/mechax/zyb/radar_station_all/radar_station_fixed_class/install/Img_Handle/share/Img_Handle/package.dsv
[6.484s] -- Up-to-date: /home/mechax/zyb/radar_station_all/radar_station_fixed_class/install/Img_Handle/share/ament_index/resource_index/packages/Img_Handle
[6.484s] -- Up-to-date: /home/mechax/zyb/radar_station_all/radar_station_fixed_class/install/Img_Handle/share/Img_Handle/cmake/Img_HandleConfig.cmake
[6.484s] -- Up-to-date: /home/mechax/zyb/radar_station_all/radar_station_fixed_class/install/Img_Handle/share/Img_Handle/cmake/Img_HandleConfig-version.cmake
[6.484s] -- Up-to-date: /home/mechax/zyb/radar_station_all/radar_station_fixed_class/install/Img_Handle/share/Img_Handle/package.xml
[6.484s] Invoked command in '/home/mechax/zyb/radar_station_all/radar_station_fixed_class/build/Img_Handle' returned '0': AMENT_PREFIX_PATH=/home/mechax/zyb/radar_station_all/radar_station_fixed_class/install/my_msgss:${AMENT_PREFIX_PATH} CMAKE_PREFIX_PATH=/home/mechax/zyb/radar_station_all/radar_station_fixed_class/install/my_msgss:/home/mechax/ws_livox/install/livox_ros2_driver:/home/mechax/ws_livox/install/livox_sdk_vendor:/home/mechax/ws_livox/install/livox_interfaces:/opt/ros/humble LD_LIBRARY_PATH=/home/mechax/zyb/radar_station_all/radar_station_fixed_class/install/my_msgss/lib:/opt/MVS/lib/64:/opt/MVS/lib/32:/opt/MVS/lib/64:/opt/MVS/lib/32:/home/mechax/ws_livox/install/livox_ros2_driver/lib:/home/mechax/ws_livox/install/livox_interfaces/lib:/usr/lib/x86_64-linux-gnu/gazebo-11/plugins:/opt/ros/humble/opt/rviz_ogre_vendor/lib:/opt/ros/humble/lib/x86_64-linux-gnu:/opt/ros/humble/lib:/opt/MVS/lib/64:/opt/MVS/lib/32:/opt/MVS/lib/64:/opt/MVS/lib/32 PYTHONPATH=/home/mechax/zyb/radar_station_all/radar_station_fixed_class/install/my_msgss/local/lib/python3.10/dist-packages:${PYTHONPATH} /usr/bin/cmake --install /home/mechax/zyb/radar_station_all/radar_station_fixed_class/build/Img_Handle
