[0.106s] Invoking command in '/home/mechax/zyb/radar_station_all/radar_station_fixed_class/build/Yolo_Handle': CMAKE_PREFIX_PATH=${CMAKE_PREFIX_PATH}:/opt/ros/humble /usr/bin/cmake --build /home/mechax/zyb/radar_station_all/radar_station_fixed_class/build/Yolo_Handle -- -j16 -l16
[0.129s] Invoked command in '/home/mechax/zyb/radar_station_all/radar_station_fixed_class/build/Yolo_Handle' returned '0': CMAKE_PREFIX_PATH=${CMAKE_PREFIX_PATH}:/opt/ros/humble /usr/bin/cmake --build /home/mechax/zyb/radar_station_all/radar_station_fixed_class/build/Yolo_Handle -- -j16 -l16
[0.165s] Invoking command in '/home/mechax/zyb/radar_station_all/radar_station_fixed_class/build/Yolo_Handle': CMAKE_PREFIX_PATH=${CMAKE_PREFIX_PATH}:/opt/ros/humble /usr/bin/cmake --install /home/mechax/zyb/radar_station_all/radar_station_fixed_class/build/Yolo_Handle
[0.169s] -- Install configuration: ""
[0.169s] -- Up-to-date: /home/mechax/zyb/radar_station_all/radar_station_fixed_class/install/Yolo_Handle/share/ament_index/resource_index/package_run_dependencies/Yolo_Handle
[0.169s] -- Up-to-date: /home/mechax/zyb/radar_station_all/radar_station_fixed_class/install/Yolo_Handle/share/ament_index/resource_index/parent_prefix_path/Yolo_Handle
[0.170s] -- Up-to-date: /home/mechax/zyb/radar_station_all/radar_station_fixed_class/install/Yolo_Handle/share/Yolo_Handle/environment/ament_prefix_path.sh
[0.170s] -- Up-to-date: /home/mechax/zyb/radar_station_all/radar_station_fixed_class/install/Yolo_Handle/share/Yolo_Handle/environment/ament_prefix_path.dsv
[0.170s] -- Up-to-date: /home/mechax/zyb/radar_station_all/radar_station_fixed_class/install/Yolo_Handle/share/Yolo_Handle/environment/path.sh
[0.170s] -- Up-to-date: /home/mechax/zyb/radar_station_all/radar_station_fixed_class/install/Yolo_Handle/share/Yolo_Handle/environment/path.dsv
[0.170s] -- Up-to-date: /home/mechax/zyb/radar_station_all/radar_station_fixed_class/install/Yolo_Handle/share/Yolo_Handle/local_setup.bash
[0.170s] -- Up-to-date: /home/mechax/zyb/radar_station_all/radar_station_fixed_class/install/Yolo_Handle/share/Yolo_Handle/local_setup.sh
[0.170s] -- Up-to-date: /home/mechax/zyb/radar_station_all/radar_station_fixed_class/install/Yolo_Handle/share/Yolo_Handle/local_setup.zsh
[0.171s] -- Up-to-date: /home/mechax/zyb/radar_station_all/radar_station_fixed_class/install/Yolo_Handle/share/Yolo_Handle/local_setup.dsv
[0.172s] -- Installing: /home/mechax/zyb/radar_station_all/radar_station_fixed_class/install/Yolo_Handle/share/Yolo_Handle/package.dsv
[0.172s] -- Up-to-date: /home/mechax/zyb/radar_station_all/radar_station_fixed_class/install/Yolo_Handle/share/ament_index/resource_index/packages/Yolo_Handle
[0.172s] -- Up-to-date: /home/mechax/zyb/radar_station_all/radar_station_fixed_class/install/Yolo_Handle/share/Yolo_Handle/cmake/Yolo_HandleConfig.cmake
[0.172s] -- Up-to-date: /home/mechax/zyb/radar_station_all/radar_station_fixed_class/install/Yolo_Handle/share/Yolo_Handle/cmake/Yolo_HandleConfig-version.cmake
[0.172s] -- Up-to-date: /home/mechax/zyb/radar_station_all/radar_station_fixed_class/install/Yolo_Handle/share/Yolo_Handle/package.xml
[0.173s] Invoked command in '/home/mechax/zyb/radar_station_all/radar_station_fixed_class/build/Yolo_Handle' returned '0': CMAKE_PREFIX_PATH=${CMAKE_PREFIX_PATH}:/opt/ros/humble /usr/bin/cmake --install /home/mechax/zyb/radar_station_all/radar_station_fixed_class/build/Yolo_Handle
