[0.079s] Invoking command in '/home/qianli/zyb/radar_station/build/get_depth': CMAKE_PREFIX_PATH=/home/qianli/zyb/radar_station/install/my_msgss:/home/qianli/zyb/radar_station/install/map_test:/home/qianli/zyb/radar_station/install/get_depth:/home/qianli/zyb/radar_station/install/Qt5_displayer:/home/qianli/zyb/radar_station/install/Img_Handle:/home/qianli/zyb/radar_station/install/Game_Map:/home/qianli/zyb/radar_station/install/mindvision_camera:/home/qianli/zyb/radar_station/install/Yolo_Handle:/opt/ros/humble /usr/bin/cmake --build /home/qianli/zyb/radar_station/build/get_depth -- -j16 -l16
[0.124s] [100%] Built target get_depth_node
[0.134s] Invoked command in '/home/qianli/zyb/radar_station/build/get_depth' returned '0': CMAKE_PREFIX_PATH=/home/qianli/zyb/radar_station/install/my_msgss:/home/qianli/zyb/radar_station/install/map_test:/home/qianli/zyb/radar_station/install/get_depth:/home/qianli/zyb/radar_station/install/Qt5_displayer:/home/qianli/zyb/radar_station/install/Img_Handle:/home/qianli/zyb/radar_station/install/Game_Map:/home/qianli/zyb/radar_station/install/mindvision_camera:/home/qianli/zyb/radar_station/install/Yolo_Handle:/opt/ros/humble /usr/bin/cmake --build /home/qianli/zyb/radar_station/build/get_depth -- -j16 -l16
[0.173s] Invoking command in '/home/qianli/zyb/radar_station/build/get_depth': CMAKE_PREFIX_PATH=/home/qianli/zyb/radar_station/install/my_msgss:/home/qianli/zyb/radar_station/install/map_test:/home/qianli/zyb/radar_station/install/get_depth:/home/qianli/zyb/radar_station/install/Qt5_displayer:/home/qianli/zyb/radar_station/install/Img_Handle:/home/qianli/zyb/radar_station/install/Game_Map:/home/qianli/zyb/radar_station/install/mindvision_camera:/home/qianli/zyb/radar_station/install/Yolo_Handle:/opt/ros/humble /usr/bin/cmake --install /home/qianli/zyb/radar_station/build/get_depth
[0.179s] -- Install configuration: ""
[0.179s] -- Up-to-date: /home/qianli/zyb/radar_station/install/get_depth/lib/get_depth/get_depth_node
[0.179s] -- Up-to-date: /home/qianli/zyb/radar_station/install/get_depth/share/get_depth//launch
[0.180s] -- Up-to-date: /home/qianli/zyb/radar_station/install/get_depth/share/get_depth//launch/get_depth_launch.py
[0.180s] -- Up-to-date: /home/qianli/zyb/radar_station/install/get_depth/share/ament_index/resource_index/package_run_dependencies/get_depth
[0.181s] -- Up-to-date: /home/qianli/zyb/radar_station/install/get_depth/share/ament_index/resource_index/parent_prefix_path/get_depth
[0.181s] -- Up-to-date: /home/qianli/zyb/radar_station/install/get_depth/share/get_depth/environment/ament_prefix_path.sh
[0.182s] -- Up-to-date: /home/qianli/zyb/radar_station/install/get_depth/share/get_depth/environment/ament_prefix_path.dsv
[0.182s] -- Up-to-date: /home/qianli/zyb/radar_station/install/get_depth/share/get_depth/environment/path.sh
[0.182s] -- Up-to-date: /home/qianli/zyb/radar_station/install/get_depth/share/get_depth/environment/path.dsv
[0.182s] -- Up-to-date: /home/qianli/zyb/radar_station/install/get_depth/share/get_depth/local_setup.bash
[0.183s] -- Up-to-date: /home/qianli/zyb/radar_station/install/get_depth/share/get_depth/local_setup.sh
[0.183s] -- Up-to-date: /home/qianli/zyb/radar_station/install/get_depth/share/get_depth/local_setup.zsh
[0.183s] -- Up-to-date: /home/qianli/zyb/radar_station/install/get_depth/share/get_depth/local_setup.dsv
[0.183s] -- Installing: /home/qianli/zyb/radar_station/install/get_depth/share/get_depth/package.dsv
[0.184s] -- Up-to-date: /home/qianli/zyb/radar_station/install/get_depth/share/ament_index/resource_index/packages/get_depth
[0.184s] -- Up-to-date: /home/qianli/zyb/radar_station/install/get_depth/share/get_depth/cmake/get_depthConfig.cmake
[0.184s] -- Up-to-date: /home/qianli/zyb/radar_station/install/get_depth/share/get_depth/cmake/get_depthConfig-version.cmake
[0.184s] -- Up-to-date: /home/qianli/zyb/radar_station/install/get_depth/share/get_depth/package.xml
[0.190s] Invoked command in '/home/qianli/zyb/radar_station/build/get_depth' returned '0': CMAKE_PREFIX_PATH=/home/qianli/zyb/radar_station/install/my_msgss:/home/qianli/zyb/radar_station/install/map_test:/home/qianli/zyb/radar_station/install/get_depth:/home/qianli/zyb/radar_station/install/Qt5_displayer:/home/qianli/zyb/radar_station/install/Img_Handle:/home/qianli/zyb/radar_station/install/Game_Map:/home/qianli/zyb/radar_station/install/mindvision_camera:/home/qianli/zyb/radar_station/install/Yolo_Handle:/opt/ros/humble /usr/bin/cmake --install /home/qianli/zyb/radar_station/build/get_depth
