[0.170s] Invoking command in '/home/qianli/zyb/radar_station/build/Game_Map': CMAKE_PREFIX_PATH=/home/qianli/zyb/radar_station/install/my_msgss:/home/qianli/zyb/radar_station/install/map_test:/home/qianli/zyb/radar_station/install/get_depth:/home/qianli/zyb/radar_station/install/Qt5_displayer:/home/qianli/zyb/radar_station/install/Img_Handle:/home/qianli/zyb/radar_station/install/Game_Map:/home/qianli/zyb/radar_station/install/mindvision_camera:/home/qianli/zyb/radar_station/install/Yolo_Handle:/opt/ros/humble /usr/bin/cmake --build /home/qianli/zyb/radar_station/build/Game_Map -- -j16 -l16
[0.208s] [100%] Built target Game_Map
[0.217s] Invoked command in '/home/qianli/zyb/radar_station/build/Game_Map' returned '0': CMAKE_PREFIX_PATH=/home/qianli/zyb/radar_station/install/my_msgss:/home/qianli/zyb/radar_station/install/map_test:/home/qianli/zyb/radar_station/install/get_depth:/home/qianli/zyb/radar_station/install/Qt5_displayer:/home/qianli/zyb/radar_station/install/Img_Handle:/home/qianli/zyb/radar_station/install/Game_Map:/home/qianli/zyb/radar_station/install/mindvision_camera:/home/qianli/zyb/radar_station/install/Yolo_Handle:/opt/ros/humble /usr/bin/cmake --build /home/qianli/zyb/radar_station/build/Game_Map -- -j16 -l16
[0.233s] Invoking command in '/home/qianli/zyb/radar_station/build/Game_Map': CMAKE_PREFIX_PATH=/home/qianli/zyb/radar_station/install/my_msgss:/home/qianli/zyb/radar_station/install/map_test:/home/qianli/zyb/radar_station/install/get_depth:/home/qianli/zyb/radar_station/install/Qt5_displayer:/home/qianli/zyb/radar_station/install/Img_Handle:/home/qianli/zyb/radar_station/install/Game_Map:/home/qianli/zyb/radar_station/install/mindvision_camera:/home/qianli/zyb/radar_station/install/Yolo_Handle:/opt/ros/humble /usr/bin/cmake --install /home/qianli/zyb/radar_station/build/Game_Map
[0.236s] -- Install configuration: ""
[0.237s] -- Up-to-date: /home/qianli/zyb/radar_station/install/Game_Map/lib/Game_Map/Game_Map
[0.237s] -- Up-to-date: /home/qianli/zyb/radar_station/install/Game_Map/share/Game_Map/launch
[0.237s] -- Up-to-date: /home/qianli/zyb/radar_station/install/Game_Map/share/Game_Map/launch/game_map_launch.py
[0.237s] -- Up-to-date: /home/qianli/zyb/radar_station/install/Game_Map/share/Game_Map/config
[0.237s] -- Up-to-date: /home/qianli/zyb/radar_station/install/Game_Map/share/Game_Map/config/ros2_displayer.yaml
[0.237s] -- Up-to-date: /home/qianli/zyb/radar_station/install/Game_Map/share/Game_Map/config/radar.yaml
[0.237s] -- Up-to-date: /home/qianli/zyb/radar_station/install/Game_Map/share/Game_Map/config/displayer_qt5.yaml
[0.237s] -- Up-to-date: /home/qianli/zyb/radar_station/install/Game_Map/share/ament_index/resource_index/package_run_dependencies/Game_Map
[0.237s] -- Up-to-date: /home/qianli/zyb/radar_station/install/Game_Map/share/ament_index/resource_index/parent_prefix_path/Game_Map
[0.237s] -- Up-to-date: /home/qianli/zyb/radar_station/install/Game_Map/share/Game_Map/environment/ament_prefix_path.sh
[0.237s] -- Up-to-date: /home/qianli/zyb/radar_station/install/Game_Map/share/Game_Map/environment/ament_prefix_path.dsv
[0.237s] -- Up-to-date: /home/qianli/zyb/radar_station/install/Game_Map/share/Game_Map/environment/path.sh
[0.237s] -- Up-to-date: /home/qianli/zyb/radar_station/install/Game_Map/share/Game_Map/environment/path.dsv
[0.238s] -- Up-to-date: /home/qianli/zyb/radar_station/install/Game_Map/share/Game_Map/local_setup.bash
[0.238s] -- Up-to-date: /home/qianli/zyb/radar_station/install/Game_Map/share/Game_Map/local_setup.sh
[0.239s] -- Up-to-date: /home/qianli/zyb/radar_station/install/Game_Map/share/Game_Map/local_setup.zsh
[0.239s] -- Up-to-date: /home/qianli/zyb/radar_station/install/Game_Map/share/Game_Map/local_setup.dsv
[0.239s] -- Installing: /home/qianli/zyb/radar_station/install/Game_Map/share/Game_Map/package.dsv
[0.239s] -- Up-to-date: /home/qianli/zyb/radar_station/install/Game_Map/share/ament_index/resource_index/packages/Game_Map
[0.240s] -- Up-to-date: /home/qianli/zyb/radar_station/install/Game_Map/share/Game_Map/cmake/Game_MapConfig.cmake
[0.240s] -- Up-to-date: /home/qianli/zyb/radar_station/install/Game_Map/share/Game_Map/cmake/Game_MapConfig-version.cmake
[0.240s] -- Up-to-date: /home/qianli/zyb/radar_station/install/Game_Map/share/Game_Map/package.xml
[0.241s] Invoked command in '/home/qianli/zyb/radar_station/build/Game_Map' returned '0': CMAKE_PREFIX_PATH=/home/qianli/zyb/radar_station/install/my_msgss:/home/qianli/zyb/radar_station/install/map_test:/home/qianli/zyb/radar_station/install/get_depth:/home/qianli/zyb/radar_station/install/Qt5_displayer:/home/qianli/zyb/radar_station/install/Img_Handle:/home/qianli/zyb/radar_station/install/Game_Map:/home/qianli/zyb/radar_station/install/mindvision_camera:/home/qianli/zyb/radar_station/install/Yolo_Handle:/opt/ros/humble /usr/bin/cmake --install /home/qianli/zyb/radar_station/build/Game_Map
