[0.127s] Invoking command in '/home/mechax/zyb/radar_station_all/radar_station_fixed_class/build/my_msgss': CMAKE_PREFIX_PATH=${CMAKE_PREFIX_PATH}:/opt/ros/humble /usr/bin/cmake /home/mechax/zyb/radar_station_all/radar_station_fixed_class/src/my_msgss -DCMAKE_INSTALL_PREFIX=/home/mechax/zyb/radar_station_all/radar_station_fixed_class/install/my_msgss
[0.166s] -- The C compiler identification is GNU 11.4.0
[0.204s] -- The CXX compiler identification is GNU 11.4.0
[0.211s] -- Detecting C compiler ABI info
[0.261s] -- Detecting C compiler ABI info - done
[0.269s] -- Check for working C compiler: /usr/bin/cc - skipped
[0.269s] -- Detecting C compile features
[0.269s] -- Detecting C compile features - done
[0.272s] -- Detecting CXX compiler ABI info
[0.328s] -- Detecting CXX compiler ABI info - done
[0.332s] -- Check for working CXX compiler: /usr/bin/c++ - skipped
[0.333s] -- Detecting CXX compile features
[0.333s] -- Detecting CXX compile features - done
[0.334s] -- Found ament_cmake: 1.3.8 (/opt/ros/humble/share/ament_cmake/cmake)
[0.439s] -- Found Python3: /usr/bin/python3 (found version "3.10.12") found components: Interpreter 
[0.516s] -- Found rosidl_default_generators: 1.2.0 (/opt/ros/humble/share/rosidl_default_generators/cmake)
[0.518s] -- Using all available rosidl_typesupport_c: rosidl_typesupport_fastrtps_c;rosidl_typesupport_introspection_c
[0.522s] -- Found rosidl_adapter: 3.1.5 (/opt/ros/humble/share/rosidl_adapter/cmake)
[0.567s] -- Using all available rosidl_typesupport_cpp: rosidl_typesupport_fastrtps_cpp;rosidl_typesupport_introspection_cpp
[0.784s] -- Found ament_cmake_ros: 0.10.0 (/opt/ros/humble/share/ament_cmake_ros/cmake)
[0.899s] -- Using all available rosidl_typesupport_c: rosidl_typesupport_fastrtps_c;rosidl_typesupport_introspection_c
[1.071s] -- Using all available rosidl_typesupport_cpp: rosidl_typesupport_fastrtps_cpp;rosidl_typesupport_introspection_cpp
[1.087s] -- Found PythonInterp: /usr/bin/python3 (found suitable version "3.10.12", minimum required is "3.6") 
[1.088s] -- Found python_cmake_module: 0.10.0 (/opt/ros/humble/share/python_cmake_module/cmake)
[1.105s] -- Found PythonLibs: /usr/lib/x86_64-linux-gnu/libpython3.10.so (found suitable version "3.10.12", minimum required is "3.5") 
[1.105s] -- Using PYTHON_EXECUTABLE: /usr/bin/python3
[1.105s] -- Using PYTHON_INCLUDE_DIRS: /usr/include/python3.10
[1.106s] -- Using PYTHON_LIBRARIES: /usr/lib/x86_64-linux-gnu/libpython3.10.so
[1.119s] -- Found PythonExtra: .so  
[1.141s] -- Found ament_lint_auto: 0.12.10 (/opt/ros/humble/share/ament_lint_auto/cmake)
[1.154s] -- Added test 'flake8' to check Python code syntax and style conventions
[1.154s] -- Added test 'lint_cmake' to check CMake code style
[1.154s] -- Added test 'pep257' to check Python code against some of the docstring style conventions in PEP 257
[1.155s] -- Added test 'xmllint' to check XML markup files
[1.156s] -- Configuring done
[1.177s] -- Generating done
[1.179s] -- Build files have been written to: /home/mechax/zyb/radar_station_all/radar_station_fixed_class/build/my_msgss
[1.183s] Invoked command in '/home/mechax/zyb/radar_station_all/radar_station_fixed_class/build/my_msgss' returned '0': CMAKE_PREFIX_PATH=${CMAKE_PREFIX_PATH}:/opt/ros/humble /usr/bin/cmake /home/mechax/zyb/radar_station_all/radar_station_fixed_class/src/my_msgss -DCMAKE_INSTALL_PREFIX=/home/mechax/zyb/radar_station_all/radar_station_fixed_class/install/my_msgss
[1.185s] Invoking command in '/home/mechax/zyb/radar_station_all/radar_station_fixed_class/build/my_msgss': CMAKE_PREFIX_PATH=${CMAKE_PREFIX_PATH}:/opt/ros/humble /usr/bin/cmake --build /home/mechax/zyb/radar_station_all/radar_station_fixed_class/build/my_msgss -- -j16 -l16
[1.215s] [  1%] [34m[1mGenerating C code for ROS interfaces[0m
[1.220s] [  2%] [34m[1mGenerating C++ code for ROS interfaces[0m
[1.238s] [  2%] Built target ament_cmake_python_copy_my_msgss
[1.385s] running egg_info
[1.385s] creating my_msgss.egg-info
[1.386s] writing my_msgss.egg-info/PKG-INFO
[1.386s] writing dependency_links to my_msgss.egg-info/dependency_links.txt
[1.386s] writing top-level names to my_msgss.egg-info/top_level.txt
[1.386s] writing manifest file 'my_msgss.egg-info/SOURCES.txt'
[1.389s] reading manifest file 'my_msgss.egg-info/SOURCES.txt'
[1.389s] writing manifest file 'my_msgss.egg-info/SOURCES.txt'
[1.437s] [  2%] Built target ament_cmake_python_build_my_msgss_egg
[1.564s] [  2%] Built target my_msgss__cpp
[1.572s] [  4%] [34m[1mGenerating C++ type support dispatch for ROS interfaces[0m
[1.580s] [  7%] [34m[1mGenerating C++ type support for eProsima Fast-RTPS[0m
[1.580s] [  7%] [34m[1mGenerating C++ introspection for ROS interfaces[0m
[1.813s] [  8%] [32mBuilding C object CMakeFiles/my_msgss__rosidl_generator_c.dir/rosidl_generator_c/my_msgss/msg/detail/yolopoint__functions.c.o[0m
[1.815s] [ 12%] [32mBuilding C object CMakeFiles/my_msgss__rosidl_generator_c.dir/rosidl_generator_c/my_msgss/msg/detail/yolopoints__functions.c.o[0m
[1.815s] [ 12%] [32mBuilding C object CMakeFiles/my_msgss__rosidl_generator_c.dir/rosidl_generator_c/my_msgss/msg/detail/distpoint__functions.c.o[0m
[1.815s] [ 12%] [32mBuilding C object CMakeFiles/my_msgss__rosidl_generator_c.dir/rosidl_generator_c/my_msgss/msg/detail/point__functions.c.o[0m
[1.819s] [ 15%] [32mBuilding C object CMakeFiles/my_msgss__rosidl_generator_c.dir/rosidl_generator_c/my_msgss/msg/detail/distpoints__functions.c.o[0m
[1.819s] [ 15%] [32mBuilding C object CMakeFiles/my_msgss__rosidl_generator_c.dir/rosidl_generator_c/my_msgss/msg/detail/points__functions.c.o[0m
[1.832s] [ 18%] [32mBuilding CXX object CMakeFiles/my_msgss__rosidl_typesupport_cpp.dir/rosidl_typesupport_cpp/my_msgss/msg/distpoint__type_support.cpp.o[0m
[1.832s] [ 19%] [32mBuilding CXX object CMakeFiles/my_msgss__rosidl_typesupport_cpp.dir/rosidl_typesupport_cpp/my_msgss/msg/yolopoints__type_support.cpp.o[0m
[1.833s] [ 19%] [32mBuilding CXX object CMakeFiles/my_msgss__rosidl_typesupport_cpp.dir/rosidl_typesupport_cpp/my_msgss/msg/yolopoint__type_support.cpp.o[0m
[1.852s] [ 21%] [32mBuilding CXX object CMakeFiles/my_msgss__rosidl_typesupport_cpp.dir/rosidl_typesupport_cpp/my_msgss/msg/distpoints__type_support.cpp.o[0m
[1.867s] [ 22%] [32mBuilding CXX object CMakeFiles/my_msgss__rosidl_typesupport_cpp.dir/rosidl_typesupport_cpp/my_msgss/msg/points__type_support.cpp.o[0m
[1.872s] [ 23%] [32mBuilding CXX object CMakeFiles/my_msgss__rosidl_typesupport_cpp.dir/rosidl_typesupport_cpp/my_msgss/msg/point__type_support.cpp.o[0m
[1.882s] [ 25%] [32m[1mLinking C shared library libmy_msgss__rosidl_generator_c.so[0m
[1.933s] [ 25%] Built target my_msgss__rosidl_generator_c
[1.946s] [ 28%] [34m[1mGenerating C introspection for ROS interfaces[0m
[1.946s] [ 28%] [34m[1mGenerating C type support for eProsima Fast-RTPS[0m
[1.946s] [ 29%] [34m[1mGenerating C type support dispatch for ROS interfaces[0m
[2.171s] [ 30%] [32mBuilding CXX object CMakeFiles/my_msgss__rosidl_typesupport_introspection_cpp.dir/rosidl_typesupport_introspection_cpp/my_msgss/msg/detail/distpoints__type_support.cpp.o[0m
[2.174s] [ 32%] [32mBuilding CXX object CMakeFiles/my_msgss__rosidl_typesupport_introspection_cpp.dir/rosidl_typesupport_introspection_cpp/my_msgss/msg/detail/distpoint__type_support.cpp.o[0m
[2.182s] [ 33%] [32mBuilding CXX object CMakeFiles/my_msgss__rosidl_typesupport_introspection_cpp.dir/rosidl_typesupport_introspection_cpp/my_msgss/msg/detail/yolopoints__type_support.cpp.o[0m
[2.184s] [ 35%] [32mBuilding CXX object CMakeFiles/my_msgss__rosidl_typesupport_introspection_cpp.dir/rosidl_typesupport_introspection_cpp/my_msgss/msg/detail/yolopoint__type_support.cpp.o[0m
[2.194s] [ 36%] [32mBuilding CXX object CMakeFiles/my_msgss__rosidl_typesupport_introspection_cpp.dir/rosidl_typesupport_introspection_cpp/my_msgss/msg/detail/point__type_support.cpp.o[0m
[2.209s] [ 38%] [32mBuilding CXX object CMakeFiles/my_msgss__rosidl_typesupport_introspection_cpp.dir/rosidl_typesupport_introspection_cpp/my_msgss/msg/detail/points__type_support.cpp.o[0m
[2.218s] [ 40%] [32mBuilding CXX object CMakeFiles/my_msgss__rosidl_typesupport_fastrtps_cpp.dir/rosidl_typesupport_fastrtps_cpp/my_msgss/msg/detail/dds_fastrtps/yolopoints__type_support.cpp.o[0m
[2.218s] [ 40%] [32mBuilding CXX object CMakeFiles/my_msgss__rosidl_typesupport_fastrtps_cpp.dir/rosidl_typesupport_fastrtps_cpp/my_msgss/msg/detail/dds_fastrtps/yolopoint__type_support.cpp.o[0m
[2.224s] [ 42%] [32mBuilding CXX object CMakeFiles/my_msgss__rosidl_typesupport_fastrtps_cpp.dir/rosidl_typesupport_fastrtps_cpp/my_msgss/msg/detail/dds_fastrtps/distpoint__type_support.cpp.o[0m
[2.229s] [ 43%] [32mBuilding CXX object CMakeFiles/my_msgss__rosidl_typesupport_fastrtps_cpp.dir/rosidl_typesupport_fastrtps_cpp/my_msgss/msg/detail/dds_fastrtps/distpoints__type_support.cpp.o[0m
[2.238s] [ 45%] [32mBuilding CXX object CMakeFiles/my_msgss__rosidl_typesupport_fastrtps_cpp.dir/rosidl_typesupport_fastrtps_cpp/my_msgss/msg/detail/dds_fastrtps/points__type_support.cpp.o[0m
[2.240s] [ 46%] [32m[1mLinking CXX shared library libmy_msgss__rosidl_typesupport_cpp.so[0m
[2.243s] [ 47%] [32mBuilding CXX object CMakeFiles/my_msgss__rosidl_typesupport_fastrtps_cpp.dir/rosidl_typesupport_fastrtps_cpp/my_msgss/msg/detail/dds_fastrtps/point__type_support.cpp.o[0m
[2.411s] [ 47%] Built target my_msgss__rosidl_typesupport_cpp
[2.470s] [ 49%] [32mBuilding CXX object CMakeFiles/my_msgss__rosidl_typesupport_c.dir/rosidl_typesupport_c/my_msgss/msg/yolopoint__type_support.cpp.o[0m
[2.489s] [ 50%] [32mBuilding CXX object CMakeFiles/my_msgss__rosidl_typesupport_c.dir/rosidl_typesupport_c/my_msgss/msg/yolopoints__type_support.cpp.o[0m
[2.576s] [ 52%] [32mBuilding CXX object CMakeFiles/my_msgss__rosidl_typesupport_c.dir/rosidl_typesupport_c/my_msgss/msg/distpoint__type_support.cpp.o[0m
[2.613s] [ 53%] [32mBuilding CXX object CMakeFiles/my_msgss__rosidl_typesupport_c.dir/rosidl_typesupport_c/my_msgss/msg/distpoints__type_support.cpp.o[0m
[2.632s] [ 54%] [32mBuilding CXX object CMakeFiles/my_msgss__rosidl_typesupport_c.dir/rosidl_typesupport_c/my_msgss/msg/point__type_support.cpp.o[0m
[2.644s] [ 57%] [32mBuilding CXX object CMakeFiles/my_msgss__rosidl_typesupport_c.dir/rosidl_typesupport_c/my_msgss/msg/points__type_support.cpp.o[0m
[2.644s] [ 57%] [32mBuilding CXX object CMakeFiles/my_msgss__rosidl_typesupport_fastrtps_c.dir/rosidl_typesupport_fastrtps_c/my_msgss/msg/detail/yolopoint__type_support_c.cpp.o[0m
[2.648s] [ 59%] [32mBuilding CXX object CMakeFiles/my_msgss__rosidl_typesupport_fastrtps_c.dir/rosidl_typesupport_fastrtps_c/my_msgss/msg/detail/yolopoints__type_support_c.cpp.o[0m
[2.658s] [ 60%] [32mBuilding CXX object CMakeFiles/my_msgss__rosidl_typesupport_fastrtps_c.dir/rosidl_typesupport_fastrtps_c/my_msgss/msg/detail/distpoint__type_support_c.cpp.o[0m
[2.689s] [ 61%] [32mBuilding CXX object CMakeFiles/my_msgss__rosidl_typesupport_fastrtps_c.dir/rosidl_typesupport_fastrtps_c/my_msgss/msg/detail/distpoints__type_support_c.cpp.o[0m
[2.765s] [ 63%] [32m[1mLinking CXX shared library libmy_msgss__rosidl_typesupport_c.so[0m
[2.797s] [ 64%] [32mBuilding CXX object CMakeFiles/my_msgss__rosidl_typesupport_fastrtps_c.dir/rosidl_typesupport_fastrtps_c/my_msgss/msg/detail/point__type_support_c.cpp.o[0m
[2.848s] [ 66%] [32mBuilding CXX object CMakeFiles/my_msgss__rosidl_typesupport_fastrtps_c.dir/rosidl_typesupport_fastrtps_c/my_msgss/msg/detail/points__type_support_c.cpp.o[0m
[2.853s] [ 67%] [32mBuilding C object CMakeFiles/my_msgss__rosidl_typesupport_introspection_c.dir/rosidl_typesupport_introspection_c/my_msgss/msg/detail/yolopoint__type_support.c.o[0m
[2.861s] [ 69%] [32mBuilding C object CMakeFiles/my_msgss__rosidl_typesupport_introspection_c.dir/rosidl_typesupport_introspection_c/my_msgss/msg/detail/yolopoints__type_support.c.o[0m
[2.918s] [ 69%] Built target my_msgss__rosidl_typesupport_c
[2.920s] [ 70%] [32mBuilding C object CMakeFiles/my_msgss__rosidl_typesupport_introspection_c.dir/rosidl_typesupport_introspection_c/my_msgss/msg/detail/distpoint__type_support.c.o[0m
[2.923s] [ 71%] [32mBuilding C object CMakeFiles/my_msgss__rosidl_typesupport_introspection_c.dir/rosidl_typesupport_introspection_c/my_msgss/msg/detail/point__type_support.c.o[0m
[2.929s] [ 73%] [32mBuilding C object CMakeFiles/my_msgss__rosidl_typesupport_introspection_c.dir/rosidl_typesupport_introspection_c/my_msgss/msg/detail/distpoints__type_support.c.o[0m
[2.941s] [ 74%] [32mBuilding C object CMakeFiles/my_msgss__rosidl_typesupport_introspection_c.dir/rosidl_typesupport_introspection_c/my_msgss/msg/detail/points__type_support.c.o[0m
[2.955s] [ 76%] [32m[1mLinking CXX shared library libmy_msgss__rosidl_typesupport_introspection_cpp.so[0m
[3.006s] [ 77%] [32m[1mLinking C shared library libmy_msgss__rosidl_typesupport_introspection_c.so[0m
[3.049s] [ 77%] Built target my_msgss__rosidl_typesupport_introspection_c
[3.100s] [ 77%] Built target my_msgss__rosidl_typesupport_introspection_cpp
[3.116s] [ 78%] [32m[1mLinking CXX shared library libmy_msgss__rosidl_typesupport_fastrtps_cpp.so[0m
[3.188s] [ 78%] Built target my_msgss__rosidl_typesupport_fastrtps_cpp
[3.240s] [ 80%] [32m[1mLinking CXX shared library libmy_msgss__rosidl_typesupport_fastrtps_c.so[0m
[3.295s] [ 80%] Built target my_msgss__rosidl_typesupport_fastrtps_c
[3.309s] [ 80%] Built target my_msgss
[3.324s] [ 81%] [34m[1mGenerating Python code for ROS interfaces[0m
[3.739s] [ 81%] Built target my_msgss__py
[3.756s] [ 83%] [32mBuilding C object CMakeFiles/my_msgss__rosidl_generator_py.dir/rosidl_generator_py/my_msgss/msg/_yolopoint_s.c.o[0m
[3.759s] [ 88%] [32mBuilding C object CMakeFiles/my_msgss__rosidl_generator_py.dir/rosidl_generator_py/my_msgss/msg/_distpoint_s.c.o[0m
[3.759s] [ 88%] [32mBuilding C object CMakeFiles/my_msgss__rosidl_generator_py.dir/rosidl_generator_py/my_msgss/msg/_point_s.c.o[0m
[3.759s] [ 88%] [32mBuilding C object CMakeFiles/my_msgss__rosidl_generator_py.dir/rosidl_generator_py/my_msgss/msg/_distpoints_s.c.o[0m
[3.760s] [ 90%] [32mBuilding C object CMakeFiles/my_msgss__rosidl_generator_py.dir/rosidl_generator_py/my_msgss/msg/_points_s.c.o[0m
[3.760s] [ 88%] [32mBuilding C object CMakeFiles/my_msgss__rosidl_generator_py.dir/rosidl_generator_py/my_msgss/msg/_yolopoints_s.c.o[0m
[3.872s] [ 91%] [32m[1mLinking C shared library rosidl_generator_py/my_msgss/libmy_msgss__rosidl_generator_py.so[0m
[3.900s] [ 91%] Built target my_msgss__rosidl_generator_py
[3.918s] [ 92%] [32mBuilding C object CMakeFiles/my_msgss__rosidl_typesupport_introspection_c__pyext.dir/rosidl_generator_py/my_msgss/_my_msgss_s.ep.rosidl_typesupport_introspection_c.c.o[0m
[3.918s] [ 94%] [32mBuilding C object CMakeFiles/my_msgss__rosidl_typesupport_fastrtps_c__pyext.dir/rosidl_generator_py/my_msgss/_my_msgss_s.ep.rosidl_typesupport_fastrtps_c.c.o[0m
[3.922s] [ 95%] [32mBuilding C object CMakeFiles/my_msgss__rosidl_typesupport_c__pyext.dir/rosidl_generator_py/my_msgss/_my_msgss_s.ep.rosidl_typesupport_c.c.o[0m
[3.983s] [ 97%] [32m[1mLinking C shared library rosidl_generator_py/my_msgss/my_msgss_s__rosidl_typesupport_introspection_c.cpython-310-x86_64-linux-gnu.so[0m
[4.006s] [ 97%] Built target my_msgss__rosidl_typesupport_introspection_c__pyext
[4.024s] [ 98%] [32m[1mLinking C shared library rosidl_generator_py/my_msgss/my_msgss_s__rosidl_typesupport_fastrtps_c.cpython-310-x86_64-linux-gnu.so[0m
[4.029s] [100%] [32m[1mLinking C shared library rosidl_generator_py/my_msgss/my_msgss_s__rosidl_typesupport_c.cpython-310-x86_64-linux-gnu.so[0m
[4.047s] [100%] Built target my_msgss__rosidl_typesupport_fastrtps_c__pyext
[4.062s] [100%] Built target my_msgss__rosidl_typesupport_c__pyext
[4.072s] Invoked command in '/home/mechax/zyb/radar_station_all/radar_station_fixed_class/build/my_msgss' returned '0': CMAKE_PREFIX_PATH=${CMAKE_PREFIX_PATH}:/opt/ros/humble /usr/bin/cmake --build /home/mechax/zyb/radar_station_all/radar_station_fixed_class/build/my_msgss -- -j16 -l16
[4.156s] Invoking command in '/home/mechax/zyb/radar_station_all/radar_station_fixed_class/build/my_msgss': CMAKE_PREFIX_PATH=${CMAKE_PREFIX_PATH}:/opt/ros/humble /usr/bin/cmake --install /home/mechax/zyb/radar_station_all/radar_station_fixed_class/build/my_msgss
[4.162s] -- Install configuration: ""
[4.162s] -- Installing: /home/mechax/zyb/radar_station_all/radar_station_fixed_class/install/my_msgss/share/ament_index/resource_index/rosidl_interfaces/my_msgss
[4.162s] -- Installing: /home/mechax/zyb/radar_station_all/radar_station_fixed_class/install/my_msgss/include/my_msgss/my_msgss
[4.162s] -- Installing: /home/mechax/zyb/radar_station_all/radar_station_fixed_class/install/my_msgss/include/my_msgss/my_msgss/msg
[4.163s] -- Installing: /home/mechax/zyb/radar_station_all/radar_station_fixed_class/install/my_msgss/include/my_msgss/my_msgss/msg/yolopoints.h
[4.163s] -- Installing: /home/mechax/zyb/radar_station_all/radar_station_fixed_class/install/my_msgss/include/my_msgss/my_msgss/msg/distpoint.h
[4.163s] -- Installing: /home/mechax/zyb/radar_station_all/radar_station_fixed_class/install/my_msgss/include/my_msgss/my_msgss/msg/detail
[4.163s] -- Installing: /home/mechax/zyb/radar_station_all/radar_station_fixed_class/install/my_msgss/include/my_msgss/my_msgss/msg/detail/distpoints__struct.h
[4.163s] -- Installing: /home/mechax/zyb/radar_station_all/radar_station_fixed_class/install/my_msgss/include/my_msgss/my_msgss/msg/detail/point__functions.c
[4.163s] -- Installing: /home/mechax/zyb/radar_station_all/radar_station_fixed_class/install/my_msgss/include/my_msgss/my_msgss/msg/detail/points__functions.c
[4.163s] -- Installing: /home/mechax/zyb/radar_station_all/radar_station_fixed_class/install/my_msgss/include/my_msgss/my_msgss/msg/detail/distpoint__type_support.h
[4.163s] -- Installing: /home/mechax/zyb/radar_station_all/radar_station_fixed_class/install/my_msgss/include/my_msgss/my_msgss/msg/detail/points__struct.h
[4.163s] -- Installing: /home/mechax/zyb/radar_station_all/radar_station_fixed_class/install/my_msgss/include/my_msgss/my_msgss/msg/detail/point__struct.h
[4.163s] -- Installing: /home/mechax/zyb/radar_station_all/radar_station_fixed_class/install/my_msgss/include/my_msgss/my_msgss/msg/detail/distpoint__functions.c
[4.163s] -- Installing: /home/mechax/zyb/radar_station_all/radar_station_fixed_class/install/my_msgss/include/my_msgss/my_msgss/msg/detail/yolopoint__struct.h
[4.163s] -- Installing: /home/mechax/zyb/radar_station_all/radar_station_fixed_class/install/my_msgss/include/my_msgss/my_msgss/msg/detail/points__type_support.h
[4.164s] -- Installing: /home/mechax/zyb/radar_station_all/radar_station_fixed_class/install/my_msgss/include/my_msgss/my_msgss/msg/detail/distpoint__struct.h
[4.164s] -- Installing: /home/mechax/zyb/radar_station_all/radar_station_fixed_class/install/my_msgss/include/my_msgss/my_msgss/msg/detail/yolopoints__functions.c
[4.164s] -- Installing: /home/mechax/zyb/radar_station_all/radar_station_fixed_class/install/my_msgss/include/my_msgss/my_msgss/msg/detail/yolopoints__struct.h
[4.164s] -- Installing: /home/mechax/zyb/radar_station_all/radar_station_fixed_class/install/my_msgss/include/my_msgss/my_msgss/msg/detail/yolopoint__functions.c
[4.164s] -- Installing: /home/mechax/zyb/radar_station_all/radar_station_fixed_class/install/my_msgss/include/my_msgss/my_msgss/msg/detail/distpoints__functions.h
[4.164s] -- Installing: /home/mechax/zyb/radar_station_all/radar_station_fixed_class/install/my_msgss/include/my_msgss/my_msgss/msg/detail/yolopoints__type_support.h
[4.164s] -- Installing: /home/mechax/zyb/radar_station_all/radar_station_fixed_class/install/my_msgss/include/my_msgss/my_msgss/msg/detail/yolopoints__functions.h
[4.164s] -- Installing: /home/mechax/zyb/radar_station_all/radar_station_fixed_class/install/my_msgss/include/my_msgss/my_msgss/msg/detail/distpoints__functions.c
[4.164s] -- Installing: /home/mechax/zyb/radar_station_all/radar_station_fixed_class/install/my_msgss/include/my_msgss/my_msgss/msg/detail/yolopoint__type_support.h
[4.164s] -- Installing: /home/mechax/zyb/radar_station_all/radar_station_fixed_class/install/my_msgss/include/my_msgss/my_msgss/msg/detail/yolopoint__functions.h
[4.164s] -- Installing: /home/mechax/zyb/radar_station_all/radar_station_fixed_class/install/my_msgss/include/my_msgss/my_msgss/msg/detail/points__functions.h
[4.164s] -- Installing: /home/mechax/zyb/radar_station_all/radar_station_fixed_class/install/my_msgss/include/my_msgss/my_msgss/msg/detail/point__type_support.h
[4.165s] -- Installing: /home/mechax/zyb/radar_station_all/radar_station_fixed_class/install/my_msgss/include/my_msgss/my_msgss/msg/detail/distpoints__type_support.h
[4.165s] -- Installing: /home/mechax/zyb/radar_station_all/radar_station_fixed_class/install/my_msgss/include/my_msgss/my_msgss/msg/detail/point__functions.h
[4.165s] -- Installing: /home/mechax/zyb/radar_station_all/radar_station_fixed_class/install/my_msgss/include/my_msgss/my_msgss/msg/detail/distpoint__functions.h
[4.165s] -- Installing: /home/mechax/zyb/radar_station_all/radar_station_fixed_class/install/my_msgss/include/my_msgss/my_msgss/msg/rosidl_generator_c__visibility_control.h
[4.165s] -- Installing: /home/mechax/zyb/radar_station_all/radar_station_fixed_class/install/my_msgss/include/my_msgss/my_msgss/msg/distpoints.h
[4.165s] -- Installing: /home/mechax/zyb/radar_station_all/radar_station_fixed_class/install/my_msgss/include/my_msgss/my_msgss/msg/yolopoint.h
[4.165s] -- Installing: /home/mechax/zyb/radar_station_all/radar_station_fixed_class/install/my_msgss/include/my_msgss/my_msgss/msg/point.h
[4.165s] -- Installing: /home/mechax/zyb/radar_station_all/radar_station_fixed_class/install/my_msgss/include/my_msgss/my_msgss/msg/points.h
[4.165s] -- Installing: /home/mechax/zyb/radar_station_all/radar_station_fixed_class/install/my_msgss/share/my_msgss/environment/library_path.sh
[4.165s] -- Installing: /home/mechax/zyb/radar_station_all/radar_station_fixed_class/install/my_msgss/share/my_msgss/environment/library_path.dsv
[4.165s] -- Installing: /home/mechax/zyb/radar_station_all/radar_station_fixed_class/install/my_msgss/lib/libmy_msgss__rosidl_generator_c.so
[4.165s] -- Set runtime path of "/home/mechax/zyb/radar_station_all/radar_station_fixed_class/install/my_msgss/lib/libmy_msgss__rosidl_generator_c.so" to ""
[4.166s] -- Up-to-date: /home/mechax/zyb/radar_station_all/radar_station_fixed_class/install/my_msgss/include/my_msgss/my_msgss
[4.166s] -- Up-to-date: /home/mechax/zyb/radar_station_all/radar_station_fixed_class/install/my_msgss/include/my_msgss/my_msgss/msg
[4.166s] -- Up-to-date: /home/mechax/zyb/radar_station_all/radar_station_fixed_class/install/my_msgss/include/my_msgss/my_msgss/msg/detail
[4.166s] -- Installing: /home/mechax/zyb/radar_station_all/radar_station_fixed_class/install/my_msgss/include/my_msgss/my_msgss/msg/detail/distpoints__rosidl_typesupport_fastrtps_c.h
[4.166s] -- Installing: /home/mechax/zyb/radar_station_all/radar_station_fixed_class/install/my_msgss/include/my_msgss/my_msgss/msg/detail/yolopoint__rosidl_typesupport_fastrtps_c.h
[4.166s] -- Installing: /home/mechax/zyb/radar_station_all/radar_station_fixed_class/install/my_msgss/include/my_msgss/my_msgss/msg/detail/point__rosidl_typesupport_fastrtps_c.h
[4.166s] -- Installing: /home/mechax/zyb/radar_station_all/radar_station_fixed_class/install/my_msgss/include/my_msgss/my_msgss/msg/detail/yolopoints__rosidl_typesupport_fastrtps_c.h
[4.166s] -- Installing: /home/mechax/zyb/radar_station_all/radar_station_fixed_class/install/my_msgss/include/my_msgss/my_msgss/msg/detail/points__rosidl_typesupport_fastrtps_c.h
[4.166s] -- Installing: /home/mechax/zyb/radar_station_all/radar_station_fixed_class/install/my_msgss/include/my_msgss/my_msgss/msg/detail/distpoint__rosidl_typesupport_fastrtps_c.h
[4.166s] -- Installing: /home/mechax/zyb/radar_station_all/radar_station_fixed_class/install/my_msgss/include/my_msgss/my_msgss/msg/rosidl_typesupport_fastrtps_c__visibility_control.h
[4.166s] -- Installing: /home/mechax/zyb/radar_station_all/radar_station_fixed_class/install/my_msgss/lib/libmy_msgss__rosidl_typesupport_fastrtps_c.so
[4.166s] -- Set runtime path of "/home/mechax/zyb/radar_station_all/radar_station_fixed_class/install/my_msgss/lib/libmy_msgss__rosidl_typesupport_fastrtps_c.so" to ""
[4.166s] -- Up-to-date: /home/mechax/zyb/radar_station_all/radar_station_fixed_class/install/my_msgss/include/my_msgss/my_msgss
[4.167s] -- Up-to-date: /home/mechax/zyb/radar_station_all/radar_station_fixed_class/install/my_msgss/include/my_msgss/my_msgss/msg
[4.167s] -- Installing: /home/mechax/zyb/radar_station_all/radar_station_fixed_class/install/my_msgss/include/my_msgss/my_msgss/msg/rosidl_typesupport_introspection_c__visibility_control.h
[4.167s] -- Up-to-date: /home/mechax/zyb/radar_station_all/radar_station_fixed_class/install/my_msgss/include/my_msgss/my_msgss/msg/detail
[4.167s] -- Installing: /home/mechax/zyb/radar_station_all/radar_station_fixed_class/install/my_msgss/include/my_msgss/my_msgss/msg/detail/distpoints__rosidl_typesupport_introspection_c.h
[4.167s] -- Installing: /home/mechax/zyb/radar_station_all/radar_station_fixed_class/install/my_msgss/include/my_msgss/my_msgss/msg/detail/points__type_support.c
[4.167s] -- Installing: /home/mechax/zyb/radar_station_all/radar_station_fixed_class/install/my_msgss/include/my_msgss/my_msgss/msg/detail/points__rosidl_typesupport_introspection_c.h
[4.167s] -- Installing: /home/mechax/zyb/radar_station_all/radar_station_fixed_class/install/my_msgss/include/my_msgss/my_msgss/msg/detail/distpoint__rosidl_typesupport_introspection_c.h
[4.167s] -- Installing: /home/mechax/zyb/radar_station_all/radar_station_fixed_class/install/my_msgss/include/my_msgss/my_msgss/msg/detail/point__rosidl_typesupport_introspection_c.h
[4.167s] -- Installing: /home/mechax/zyb/radar_station_all/radar_station_fixed_class/install/my_msgss/include/my_msgss/my_msgss/msg/detail/distpoint__type_support.c
[4.167s] -- Installing: /home/mechax/zyb/radar_station_all/radar_station_fixed_class/install/my_msgss/include/my_msgss/my_msgss/msg/detail/yolopoints__type_support.c
[4.167s] -- Installing: /home/mechax/zyb/radar_station_all/radar_station_fixed_class/install/my_msgss/include/my_msgss/my_msgss/msg/detail/yolopoint__type_support.c
[4.168s] -- Installing: /home/mechax/zyb/radar_station_all/radar_station_fixed_class/install/my_msgss/include/my_msgss/my_msgss/msg/detail/yolopoints__rosidl_typesupport_introspection_c.h
[4.168s] -- Installing: /home/mechax/zyb/radar_station_all/radar_station_fixed_class/install/my_msgss/include/my_msgss/my_msgss/msg/detail/distpoints__type_support.c
[4.168s] -- Installing: /home/mechax/zyb/radar_station_all/radar_station_fixed_class/install/my_msgss/include/my_msgss/my_msgss/msg/detail/point__type_support.c
[4.168s] -- Installing: /home/mechax/zyb/radar_station_all/radar_station_fixed_class/install/my_msgss/include/my_msgss/my_msgss/msg/detail/yolopoint__rosidl_typesupport_introspection_c.h
[4.168s] -- Installing: /home/mechax/zyb/radar_station_all/radar_station_fixed_class/install/my_msgss/lib/libmy_msgss__rosidl_typesupport_introspection_c.so
[4.168s] -- Set runtime path of "/home/mechax/zyb/radar_station_all/radar_station_fixed_class/install/my_msgss/lib/libmy_msgss__rosidl_typesupport_introspection_c.so" to ""
[4.168s] -- Installing: /home/mechax/zyb/radar_station_all/radar_station_fixed_class/install/my_msgss/lib/libmy_msgss__rosidl_typesupport_c.so
[4.168s] -- Set runtime path of "/home/mechax/zyb/radar_station_all/radar_station_fixed_class/install/my_msgss/lib/libmy_msgss__rosidl_typesupport_c.so" to ""
[4.168s] -- Up-to-date: /home/mechax/zyb/radar_station_all/radar_station_fixed_class/install/my_msgss/include/my_msgss/my_msgss
[4.168s] -- Up-to-date: /home/mechax/zyb/radar_station_all/radar_station_fixed_class/install/my_msgss/include/my_msgss/my_msgss/msg
[4.168s] -- Installing: /home/mechax/zyb/radar_station_all/radar_station_fixed_class/install/my_msgss/include/my_msgss/my_msgss/msg/distpoints.hpp
[4.168s] -- Up-to-date: /home/mechax/zyb/radar_station_all/radar_station_fixed_class/install/my_msgss/include/my_msgss/my_msgss/msg/detail
[4.168s] -- Installing: /home/mechax/zyb/radar_station_all/radar_station_fixed_class/install/my_msgss/include/my_msgss/my_msgss/msg/detail/point__traits.hpp
[4.168s] -- Installing: /home/mechax/zyb/radar_station_all/radar_station_fixed_class/install/my_msgss/include/my_msgss/my_msgss/msg/detail/point__struct.hpp
[4.169s] -- Installing: /home/mechax/zyb/radar_station_all/radar_station_fixed_class/install/my_msgss/include/my_msgss/my_msgss/msg/detail/distpoint__traits.hpp
[4.169s] -- Installing: /home/mechax/zyb/radar_station_all/radar_station_fixed_class/install/my_msgss/include/my_msgss/my_msgss/msg/detail/points__struct.hpp
[4.169s] -- Installing: /home/mechax/zyb/radar_station_all/radar_station_fixed_class/install/my_msgss/include/my_msgss/my_msgss/msg/detail/distpoints__builder.hpp
[4.169s] -- Installing: /home/mechax/zyb/radar_station_all/radar_station_fixed_class/install/my_msgss/include/my_msgss/my_msgss/msg/detail/yolopoints__traits.hpp
[4.169s] -- Installing: /home/mechax/zyb/radar_station_all/radar_station_fixed_class/install/my_msgss/include/my_msgss/my_msgss/msg/detail/distpoint__builder.hpp
[4.169s] -- Installing: /home/mechax/zyb/radar_station_all/radar_station_fixed_class/install/my_msgss/include/my_msgss/my_msgss/msg/detail/distpoints__traits.hpp
[4.169s] -- Installing: /home/mechax/zyb/radar_station_all/radar_station_fixed_class/install/my_msgss/include/my_msgss/my_msgss/msg/detail/points__builder.hpp
[4.169s] -- Installing: /home/mechax/zyb/radar_station_all/radar_station_fixed_class/install/my_msgss/include/my_msgss/my_msgss/msg/detail/yolopoint__traits.hpp
[4.169s] -- Installing: /home/mechax/zyb/radar_station_all/radar_station_fixed_class/install/my_msgss/include/my_msgss/my_msgss/msg/detail/points__traits.hpp
[4.169s] -- Installing: /home/mechax/zyb/radar_station_all/radar_station_fixed_class/install/my_msgss/include/my_msgss/my_msgss/msg/detail/yolopoint__builder.hpp
[4.169s] -- Installing: /home/mechax/zyb/radar_station_all/radar_station_fixed_class/install/my_msgss/include/my_msgss/my_msgss/msg/detail/yolopoints__struct.hpp
[4.169s] -- Installing: /home/mechax/zyb/radar_station_all/radar_station_fixed_class/install/my_msgss/include/my_msgss/my_msgss/msg/detail/distpoints__struct.hpp
[4.170s] -- Installing: /home/mechax/zyb/radar_station_all/radar_station_fixed_class/install/my_msgss/include/my_msgss/my_msgss/msg/detail/yolopoints__builder.hpp
[4.170s] -- Installing: /home/mechax/zyb/radar_station_all/radar_station_fixed_class/install/my_msgss/include/my_msgss/my_msgss/msg/detail/yolopoint__struct.hpp
[4.170s] -- Installing: /home/mechax/zyb/radar_station_all/radar_station_fixed_class/install/my_msgss/include/my_msgss/my_msgss/msg/detail/point__builder.hpp
[4.170s] -- Installing: /home/mechax/zyb/radar_station_all/radar_station_fixed_class/install/my_msgss/include/my_msgss/my_msgss/msg/detail/distpoint__struct.hpp
[4.170s] -- Installing: /home/mechax/zyb/radar_station_all/radar_station_fixed_class/install/my_msgss/include/my_msgss/my_msgss/msg/distpoint.hpp
[4.170s] -- Installing: /home/mechax/zyb/radar_station_all/radar_station_fixed_class/install/my_msgss/include/my_msgss/my_msgss/msg/yolopoint.hpp
[4.170s] -- Installing: /home/mechax/zyb/radar_station_all/radar_station_fixed_class/install/my_msgss/include/my_msgss/my_msgss/msg/yolopoints.hpp
[4.170s] -- Installing: /home/mechax/zyb/radar_station_all/radar_station_fixed_class/install/my_msgss/include/my_msgss/my_msgss/msg/point.hpp
[4.170s] -- Installing: /home/mechax/zyb/radar_station_all/radar_station_fixed_class/install/my_msgss/include/my_msgss/my_msgss/msg/points.hpp
[4.170s] -- Up-to-date: /home/mechax/zyb/radar_station_all/radar_station_fixed_class/install/my_msgss/include/my_msgss/my_msgss
[4.170s] -- Up-to-date: /home/mechax/zyb/radar_station_all/radar_station_fixed_class/install/my_msgss/include/my_msgss/my_msgss/msg
[4.170s] -- Up-to-date: /home/mechax/zyb/radar_station_all/radar_station_fixed_class/install/my_msgss/include/my_msgss/my_msgss/msg/detail
[4.170s] -- Installing: /home/mechax/zyb/radar_station_all/radar_station_fixed_class/install/my_msgss/include/my_msgss/my_msgss/msg/detail/point__rosidl_typesupport_fastrtps_cpp.hpp
[4.170s] -- Installing: /home/mechax/zyb/radar_station_all/radar_station_fixed_class/install/my_msgss/include/my_msgss/my_msgss/msg/detail/yolopoints__rosidl_typesupport_fastrtps_cpp.hpp
[4.171s] -- Installing: /home/mechax/zyb/radar_station_all/radar_station_fixed_class/install/my_msgss/include/my_msgss/my_msgss/msg/detail/distpoint__rosidl_typesupport_fastrtps_cpp.hpp
[4.171s] -- Installing: /home/mechax/zyb/radar_station_all/radar_station_fixed_class/install/my_msgss/include/my_msgss/my_msgss/msg/detail/points__rosidl_typesupport_fastrtps_cpp.hpp
[4.171s] -- Installing: /home/mechax/zyb/radar_station_all/radar_station_fixed_class/install/my_msgss/include/my_msgss/my_msgss/msg/detail/distpoints__rosidl_typesupport_fastrtps_cpp.hpp
[4.171s] -- Installing: /home/mechax/zyb/radar_station_all/radar_station_fixed_class/install/my_msgss/include/my_msgss/my_msgss/msg/detail/yolopoint__rosidl_typesupport_fastrtps_cpp.hpp
[4.171s] -- Installing: /home/mechax/zyb/radar_station_all/radar_station_fixed_class/install/my_msgss/include/my_msgss/my_msgss/msg/detail/dds_fastrtps
[4.171s] -- Installing: /home/mechax/zyb/radar_station_all/radar_station_fixed_class/install/my_msgss/include/my_msgss/my_msgss/msg/rosidl_typesupport_fastrtps_cpp__visibility_control.h
[4.171s] -- Installing: /home/mechax/zyb/radar_station_all/radar_station_fixed_class/install/my_msgss/lib/libmy_msgss__rosidl_typesupport_fastrtps_cpp.so
[4.171s] -- Set runtime path of "/home/mechax/zyb/radar_station_all/radar_station_fixed_class/install/my_msgss/lib/libmy_msgss__rosidl_typesupport_fastrtps_cpp.so" to ""
[4.171s] -- Up-to-date: /home/mechax/zyb/radar_station_all/radar_station_fixed_class/install/my_msgss/include/my_msgss/my_msgss
[4.171s] -- Up-to-date: /home/mechax/zyb/radar_station_all/radar_station_fixed_class/install/my_msgss/include/my_msgss/my_msgss/msg
[4.171s] -- Up-to-date: /home/mechax/zyb/radar_station_all/radar_station_fixed_class/install/my_msgss/include/my_msgss/my_msgss/msg/detail
[4.171s] -- Installing: /home/mechax/zyb/radar_station_all/radar_station_fixed_class/install/my_msgss/include/my_msgss/my_msgss/msg/detail/distpoints__rosidl_typesupport_introspection_cpp.hpp
[4.171s] -- Installing: /home/mechax/zyb/radar_station_all/radar_station_fixed_class/install/my_msgss/include/my_msgss/my_msgss/msg/detail/distpoint__type_support.cpp
[4.171s] -- Installing: /home/mechax/zyb/radar_station_all/radar_station_fixed_class/install/my_msgss/include/my_msgss/my_msgss/msg/detail/yolopoints__type_support.cpp
[4.171s] -- Installing: /home/mechax/zyb/radar_station_all/radar_station_fixed_class/install/my_msgss/include/my_msgss/my_msgss/msg/detail/distpoint__rosidl_typesupport_introspection_cpp.hpp
[4.171s] -- Installing: /home/mechax/zyb/radar_station_all/radar_station_fixed_class/install/my_msgss/include/my_msgss/my_msgss/msg/detail/yolopoint__type_support.cpp
[4.172s] -- Installing: /home/mechax/zyb/radar_station_all/radar_station_fixed_class/install/my_msgss/include/my_msgss/my_msgss/msg/detail/yolopoints__rosidl_typesupport_introspection_cpp.hpp
[4.172s] -- Installing: /home/mechax/zyb/radar_station_all/radar_station_fixed_class/install/my_msgss/include/my_msgss/my_msgss/msg/detail/point__type_support.cpp
[4.172s] -- Installing: /home/mechax/zyb/radar_station_all/radar_station_fixed_class/install/my_msgss/include/my_msgss/my_msgss/msg/detail/point__rosidl_typesupport_introspection_cpp.hpp
[4.172s] -- Installing: /home/mechax/zyb/radar_station_all/radar_station_fixed_class/install/my_msgss/include/my_msgss/my_msgss/msg/detail/yolopoint__rosidl_typesupport_introspection_cpp.hpp
[4.172s] -- Installing: /home/mechax/zyb/radar_station_all/radar_station_fixed_class/install/my_msgss/include/my_msgss/my_msgss/msg/detail/points__rosidl_typesupport_introspection_cpp.hpp
[4.172s] -- Installing: /home/mechax/zyb/radar_station_all/radar_station_fixed_class/install/my_msgss/include/my_msgss/my_msgss/msg/detail/points__type_support.cpp
[4.172s] -- Installing: /home/mechax/zyb/radar_station_all/radar_station_fixed_class/install/my_msgss/include/my_msgss/my_msgss/msg/detail/distpoints__type_support.cpp
[4.172s] -- Installing: /home/mechax/zyb/radar_station_all/radar_station_fixed_class/install/my_msgss/lib/libmy_msgss__rosidl_typesupport_introspection_cpp.so
[4.172s] -- Set runtime path of "/home/mechax/zyb/radar_station_all/radar_station_fixed_class/install/my_msgss/lib/libmy_msgss__rosidl_typesupport_introspection_cpp.so" to ""
[4.172s] -- Installing: /home/mechax/zyb/radar_station_all/radar_station_fixed_class/install/my_msgss/lib/libmy_msgss__rosidl_typesupport_cpp.so
[4.172s] -- Set runtime path of "/home/mechax/zyb/radar_station_all/radar_station_fixed_class/install/my_msgss/lib/libmy_msgss__rosidl_typesupport_cpp.so" to ""
[4.172s] -- Installing: /home/mechax/zyb/radar_station_all/radar_station_fixed_class/install/my_msgss/share/my_msgss/environment/pythonpath.sh
[4.172s] -- Installing: /home/mechax/zyb/radar_station_all/radar_station_fixed_class/install/my_msgss/share/my_msgss/environment/pythonpath.dsv
[4.172s] -- Installing: /home/mechax/zyb/radar_station_all/radar_station_fixed_class/install/my_msgss/local/lib/python3.10/dist-packages/my_msgss-0.0.0-py3.10.egg-info
[4.172s] -- Installing: /home/mechax/zyb/radar_station_all/radar_station_fixed_class/install/my_msgss/local/lib/python3.10/dist-packages/my_msgss-0.0.0-py3.10.egg-info/SOURCES.txt
[4.172s] -- Installing: /home/mechax/zyb/radar_station_all/radar_station_fixed_class/install/my_msgss/local/lib/python3.10/dist-packages/my_msgss-0.0.0-py3.10.egg-info/top_level.txt
[4.173s] -- Installing: /home/mechax/zyb/radar_station_all/radar_station_fixed_class/install/my_msgss/local/lib/python3.10/dist-packages/my_msgss-0.0.0-py3.10.egg-info/PKG-INFO
[4.173s] -- Installing: /home/mechax/zyb/radar_station_all/radar_station_fixed_class/install/my_msgss/local/lib/python3.10/dist-packages/my_msgss-0.0.0-py3.10.egg-info/dependency_links.txt
[4.173s] -- Installing: /home/mechax/zyb/radar_station_all/radar_station_fixed_class/install/my_msgss/local/lib/python3.10/dist-packages/my_msgss
[4.173s] -- Installing: /home/mechax/zyb/radar_station_all/radar_station_fixed_class/install/my_msgss/local/lib/python3.10/dist-packages/my_msgss/msg
[4.173s] -- Installing: /home/mechax/zyb/radar_station_all/radar_station_fixed_class/install/my_msgss/local/lib/python3.10/dist-packages/my_msgss/msg/_yolopoints.py
[4.173s] -- Installing: /home/mechax/zyb/radar_station_all/radar_station_fixed_class/install/my_msgss/local/lib/python3.10/dist-packages/my_msgss/msg/_yolopoint_s.c
[4.173s] -- Installing: /home/mechax/zyb/radar_station_all/radar_station_fixed_class/install/my_msgss/local/lib/python3.10/dist-packages/my_msgss/msg/_distpoints.py
[4.173s] -- Installing: /home/mechax/zyb/radar_station_all/radar_station_fixed_class/install/my_msgss/local/lib/python3.10/dist-packages/my_msgss/msg/_point_s.c
[4.173s] -- Installing: /home/mechax/zyb/radar_station_all/radar_station_fixed_class/install/my_msgss/local/lib/python3.10/dist-packages/my_msgss/msg/_yolopoint.py
[4.173s] -- Installing: /home/mechax/zyb/radar_station_all/radar_station_fixed_class/install/my_msgss/local/lib/python3.10/dist-packages/my_msgss/msg/_distpoint.py
[4.173s] -- Installing: /home/mechax/zyb/radar_station_all/radar_station_fixed_class/install/my_msgss/local/lib/python3.10/dist-packages/my_msgss/msg/_yolopoints_s.c
[4.173s] -- Installing: /home/mechax/zyb/radar_station_all/radar_station_fixed_class/install/my_msgss/local/lib/python3.10/dist-packages/my_msgss/msg/_point.py
[4.173s] -- Installing: /home/mechax/zyb/radar_station_all/radar_station_fixed_class/install/my_msgss/local/lib/python3.10/dist-packages/my_msgss/msg/_points.py
[4.173s] -- Installing: /home/mechax/zyb/radar_station_all/radar_station_fixed_class/install/my_msgss/local/lib/python3.10/dist-packages/my_msgss/msg/_points_s.c
[4.173s] -- Installing: /home/mechax/zyb/radar_station_all/radar_station_fixed_class/install/my_msgss/local/lib/python3.10/dist-packages/my_msgss/msg/_distpoint_s.c
[4.174s] -- Installing: /home/mechax/zyb/radar_station_all/radar_station_fixed_class/install/my_msgss/local/lib/python3.10/dist-packages/my_msgss/msg/__init__.py
[4.174s] -- Installing: /home/mechax/zyb/radar_station_all/radar_station_fixed_class/install/my_msgss/local/lib/python3.10/dist-packages/my_msgss/msg/_distpoints_s.c
[4.174s] -- Installing: /home/mechax/zyb/radar_station_all/radar_station_fixed_class/install/my_msgss/local/lib/python3.10/dist-packages/my_msgss/_my_msgss_s.ep.rosidl_typesupport_c.c
[4.174s] -- Installing: /home/mechax/zyb/radar_station_all/radar_station_fixed_class/install/my_msgss/local/lib/python3.10/dist-packages/my_msgss/my_msgss_s__rosidl_typesupport_fastrtps_c.cpython-310-x86_64-linux-gnu.so
[4.174s] -- Installing: /home/mechax/zyb/radar_station_all/radar_station_fixed_class/install/my_msgss/local/lib/python3.10/dist-packages/my_msgss/_my_msgss_s.ep.rosidl_typesupport_introspection_c.c
[4.174s] -- Installing: /home/mechax/zyb/radar_station_all/radar_station_fixed_class/install/my_msgss/local/lib/python3.10/dist-packages/my_msgss/_my_msgss_s.ep.rosidl_typesupport_fastrtps_c.c
[4.174s] -- Installing: /home/mechax/zyb/radar_station_all/radar_station_fixed_class/install/my_msgss/local/lib/python3.10/dist-packages/my_msgss/my_msgss_s__rosidl_typesupport_c.cpython-310-x86_64-linux-gnu.so
[4.174s] -- Installing: /home/mechax/zyb/radar_station_all/radar_station_fixed_class/install/my_msgss/local/lib/python3.10/dist-packages/my_msgss/libmy_msgss__rosidl_generator_py.so
[4.174s] -- Installing: /home/mechax/zyb/radar_station_all/radar_station_fixed_class/install/my_msgss/local/lib/python3.10/dist-packages/my_msgss/my_msgss_s__rosidl_typesupport_introspection_c.cpython-310-x86_64-linux-gnu.so
[4.174s] -- Installing: /home/mechax/zyb/radar_station_all/radar_station_fixed_class/install/my_msgss/local/lib/python3.10/dist-packages/my_msgss/__init__.py
[4.194s] Listing '/home/mechax/zyb/radar_station_all/radar_station_fixed_class/install/my_msgss/local/lib/python3.10/dist-packages/my_msgss'...
[4.194s] Compiling '/home/mechax/zyb/radar_station_all/radar_station_fixed_class/install/my_msgss/local/lib/python3.10/dist-packages/my_msgss/__init__.py'...
[4.194s] Listing '/home/mechax/zyb/radar_station_all/radar_station_fixed_class/install/my_msgss/local/lib/python3.10/dist-packages/my_msgss/msg'...
[4.194s] Compiling '/home/mechax/zyb/radar_station_all/radar_station_fixed_class/install/my_msgss/local/lib/python3.10/dist-packages/my_msgss/msg/__init__.py'...
[4.194s] Compiling '/home/mechax/zyb/radar_station_all/radar_station_fixed_class/install/my_msgss/local/lib/python3.10/dist-packages/my_msgss/msg/_distpoint.py'...
[4.194s] Compiling '/home/mechax/zyb/radar_station_all/radar_station_fixed_class/install/my_msgss/local/lib/python3.10/dist-packages/my_msgss/msg/_distpoints.py'...
[4.194s] Compiling '/home/mechax/zyb/radar_station_all/radar_station_fixed_class/install/my_msgss/local/lib/python3.10/dist-packages/my_msgss/msg/_point.py'...
[4.194s] Compiling '/home/mechax/zyb/radar_station_all/radar_station_fixed_class/install/my_msgss/local/lib/python3.10/dist-packages/my_msgss/msg/_points.py'...
[4.194s] Compiling '/home/mechax/zyb/radar_station_all/radar_station_fixed_class/install/my_msgss/local/lib/python3.10/dist-packages/my_msgss/msg/_yolopoint.py'...
[4.195s] Compiling '/home/mechax/zyb/radar_station_all/radar_station_fixed_class/install/my_msgss/local/lib/python3.10/dist-packages/my_msgss/msg/_yolopoints.py'...
[4.197s] -- Installing: /home/mechax/zyb/radar_station_all/radar_station_fixed_class/install/my_msgss/local/lib/python3.10/dist-packages/my_msgss/my_msgss_s__rosidl_typesupport_fastrtps_c.cpython-310-x86_64-linux-gnu.so
[4.198s] -- Set runtime path of "/home/mechax/zyb/radar_station_all/radar_station_fixed_class/install/my_msgss/local/lib/python3.10/dist-packages/my_msgss/my_msgss_s__rosidl_typesupport_fastrtps_c.cpython-310-x86_64-linux-gnu.so" to ""
[4.198s] -- Installing: /home/mechax/zyb/radar_station_all/radar_station_fixed_class/install/my_msgss/local/lib/python3.10/dist-packages/my_msgss/my_msgss_s__rosidl_typesupport_introspection_c.cpython-310-x86_64-linux-gnu.so
[4.198s] -- Set runtime path of "/home/mechax/zyb/radar_station_all/radar_station_fixed_class/install/my_msgss/local/lib/python3.10/dist-packages/my_msgss/my_msgss_s__rosidl_typesupport_introspection_c.cpython-310-x86_64-linux-gnu.so" to ""
[4.198s] -- Installing: /home/mechax/zyb/radar_station_all/radar_station_fixed_class/install/my_msgss/local/lib/python3.10/dist-packages/my_msgss/my_msgss_s__rosidl_typesupport_c.cpython-310-x86_64-linux-gnu.so
[4.198s] -- Set runtime path of "/home/mechax/zyb/radar_station_all/radar_station_fixed_class/install/my_msgss/local/lib/python3.10/dist-packages/my_msgss/my_msgss_s__rosidl_typesupport_c.cpython-310-x86_64-linux-gnu.so" to ""
[4.198s] -- Installing: /home/mechax/zyb/radar_station_all/radar_station_fixed_class/install/my_msgss/lib/libmy_msgss__rosidl_generator_py.so
[4.199s] -- Set runtime path of "/home/mechax/zyb/radar_station_all/radar_station_fixed_class/install/my_msgss/lib/libmy_msgss__rosidl_generator_py.so" to ""
[4.199s] -- Installing: /home/mechax/zyb/radar_station_all/radar_station_fixed_class/install/my_msgss/share/my_msgss/msg/Yolopoint.idl
[4.199s] -- Installing: /home/mechax/zyb/radar_station_all/radar_station_fixed_class/install/my_msgss/share/my_msgss/msg/Yolopoints.idl
[4.199s] -- Installing: /home/mechax/zyb/radar_station_all/radar_station_fixed_class/install/my_msgss/share/my_msgss/msg/Distpoint.idl
[4.199s] -- Installing: /home/mechax/zyb/radar_station_all/radar_station_fixed_class/install/my_msgss/share/my_msgss/msg/Distpoints.idl
[4.199s] -- Installing: /home/mechax/zyb/radar_station_all/radar_station_fixed_class/install/my_msgss/share/my_msgss/msg/Point.idl
[4.199s] -- Installing: /home/mechax/zyb/radar_station_all/radar_station_fixed_class/install/my_msgss/share/my_msgss/msg/Points.idl
[4.199s] -- Installing: /home/mechax/zyb/radar_station_all/radar_station_fixed_class/install/my_msgss/share/my_msgss/msg/Yolopoint.msg
[4.199s] -- Installing: /home/mechax/zyb/radar_station_all/radar_station_fixed_class/install/my_msgss/share/my_msgss/msg/Yolopoints.msg
[4.199s] -- Installing: /home/mechax/zyb/radar_station_all/radar_station_fixed_class/install/my_msgss/share/my_msgss/msg/Distpoint.msg
[4.199s] -- Installing: /home/mechax/zyb/radar_station_all/radar_station_fixed_class/install/my_msgss/share/my_msgss/msg/Distpoints.msg
[4.199s] -- Installing: /home/mechax/zyb/radar_station_all/radar_station_fixed_class/install/my_msgss/share/my_msgss/msg/Point.msg
[4.199s] -- Installing: /home/mechax/zyb/radar_station_all/radar_station_fixed_class/install/my_msgss/share/my_msgss/msg/Points.msg
[4.199s] -- Installing: /home/mechax/zyb/radar_station_all/radar_station_fixed_class/install/my_msgss/share/my_msgss/launch
[4.200s] -- Installing: /home/mechax/zyb/radar_station_all/radar_station_fixed_class/install/my_msgss/share/my_msgss/launch/radar_station_launch.py
[4.200s] -- Installing: /home/mechax/zyb/radar_station_all/radar_station_fixed_class/install/my_msgss/share/ament_index/resource_index/package_run_dependencies/my_msgss
[4.200s] -- Installing: /home/mechax/zyb/radar_station_all/radar_station_fixed_class/install/my_msgss/share/ament_index/resource_index/parent_prefix_path/my_msgss
[4.200s] -- Installing: /home/mechax/zyb/radar_station_all/radar_station_fixed_class/install/my_msgss/share/my_msgss/environment/ament_prefix_path.sh
[4.200s] -- Installing: /home/mechax/zyb/radar_station_all/radar_station_fixed_class/install/my_msgss/share/my_msgss/environment/ament_prefix_path.dsv
[4.200s] -- Installing: /home/mechax/zyb/radar_station_all/radar_station_fixed_class/install/my_msgss/share/my_msgss/environment/path.sh
[4.200s] -- Installing: /home/mechax/zyb/radar_station_all/radar_station_fixed_class/install/my_msgss/share/my_msgss/environment/path.dsv
[4.200s] -- Installing: /home/mechax/zyb/radar_station_all/radar_station_fixed_class/install/my_msgss/share/my_msgss/local_setup.bash
[4.200s] -- Installing: /home/mechax/zyb/radar_station_all/radar_station_fixed_class/install/my_msgss/share/my_msgss/local_setup.sh
[4.200s] -- Installing: /home/mechax/zyb/radar_station_all/radar_station_fixed_class/install/my_msgss/share/my_msgss/local_setup.zsh
[4.200s] -- Installing: /home/mechax/zyb/radar_station_all/radar_station_fixed_class/install/my_msgss/share/my_msgss/local_setup.dsv
[4.200s] -- Installing: /home/mechax/zyb/radar_station_all/radar_station_fixed_class/install/my_msgss/share/my_msgss/package.dsv
[4.200s] -- Installing: /home/mechax/zyb/radar_station_all/radar_station_fixed_class/install/my_msgss/share/ament_index/resource_index/packages/my_msgss
[4.200s] -- Installing: /home/mechax/zyb/radar_station_all/radar_station_fixed_class/install/my_msgss/share/my_msgss/cmake/export_my_msgss__rosidl_generator_cExport.cmake
[4.201s] -- Installing: /home/mechax/zyb/radar_station_all/radar_station_fixed_class/install/my_msgss/share/my_msgss/cmake/export_my_msgss__rosidl_generator_cExport-noconfig.cmake
[4.201s] -- Installing: /home/mechax/zyb/radar_station_all/radar_station_fixed_class/install/my_msgss/share/my_msgss/cmake/export_my_msgss__rosidl_typesupport_fastrtps_cExport.cmake
[4.201s] -- Installing: /home/mechax/zyb/radar_station_all/radar_station_fixed_class/install/my_msgss/share/my_msgss/cmake/export_my_msgss__rosidl_typesupport_fastrtps_cExport-noconfig.cmake
[4.201s] -- Installing: /home/mechax/zyb/radar_station_all/radar_station_fixed_class/install/my_msgss/share/my_msgss/cmake/my_msgss__rosidl_typesupport_introspection_cExport.cmake
[4.201s] -- Installing: /home/mechax/zyb/radar_station_all/radar_station_fixed_class/install/my_msgss/share/my_msgss/cmake/my_msgss__rosidl_typesupport_introspection_cExport-noconfig.cmake
[4.201s] -- Installing: /home/mechax/zyb/radar_station_all/radar_station_fixed_class/install/my_msgss/share/my_msgss/cmake/my_msgss__rosidl_typesupport_cExport.cmake
[4.201s] -- Installing: /home/mechax/zyb/radar_station_all/radar_station_fixed_class/install/my_msgss/share/my_msgss/cmake/my_msgss__rosidl_typesupport_cExport-noconfig.cmake
[4.201s] -- Installing: /home/mechax/zyb/radar_station_all/radar_station_fixed_class/install/my_msgss/share/my_msgss/cmake/export_my_msgss__rosidl_generator_cppExport.cmake
[4.201s] -- Installing: /home/mechax/zyb/radar_station_all/radar_station_fixed_class/install/my_msgss/share/my_msgss/cmake/export_my_msgss__rosidl_typesupport_fastrtps_cppExport.cmake
[4.201s] -- Installing: /home/mechax/zyb/radar_station_all/radar_station_fixed_class/install/my_msgss/share/my_msgss/cmake/export_my_msgss__rosidl_typesupport_fastrtps_cppExport-noconfig.cmake
[4.201s] -- Installing: /home/mechax/zyb/radar_station_all/radar_station_fixed_class/install/my_msgss/share/my_msgss/cmake/my_msgss__rosidl_typesupport_introspection_cppExport.cmake
[4.201s] -- Installing: /home/mechax/zyb/radar_station_all/radar_station_fixed_class/install/my_msgss/share/my_msgss/cmake/my_msgss__rosidl_typesupport_introspection_cppExport-noconfig.cmake
[4.201s] -- Installing: /home/mechax/zyb/radar_station_all/radar_station_fixed_class/install/my_msgss/share/my_msgss/cmake/my_msgss__rosidl_typesupport_cppExport.cmake
[4.202s] -- Installing: /home/mechax/zyb/radar_station_all/radar_station_fixed_class/install/my_msgss/share/my_msgss/cmake/my_msgss__rosidl_typesupport_cppExport-noconfig.cmake
[4.202s] -- Installing: /home/mechax/zyb/radar_station_all/radar_station_fixed_class/install/my_msgss/share/my_msgss/cmake/export_my_msgss__rosidl_generator_pyExport.cmake
[4.202s] -- Installing: /home/mechax/zyb/radar_station_all/radar_station_fixed_class/install/my_msgss/share/my_msgss/cmake/export_my_msgss__rosidl_generator_pyExport-noconfig.cmake
[4.202s] -- Installing: /home/mechax/zyb/radar_station_all/radar_station_fixed_class/install/my_msgss/share/my_msgss/cmake/rosidl_cmake-extras.cmake
[4.202s] -- Installing: /home/mechax/zyb/radar_station_all/radar_station_fixed_class/install/my_msgss/share/my_msgss/cmake/ament_cmake_export_include_directories-extras.cmake
[4.202s] -- Installing: /home/mechax/zyb/radar_station_all/radar_station_fixed_class/install/my_msgss/share/my_msgss/cmake/ament_cmake_export_libraries-extras.cmake
[4.202s] -- Installing: /home/mechax/zyb/radar_station_all/radar_station_fixed_class/install/my_msgss/share/my_msgss/cmake/ament_cmake_export_targets-extras.cmake
[4.202s] -- Installing: /home/mechax/zyb/radar_station_all/radar_station_fixed_class/install/my_msgss/share/my_msgss/cmake/rosidl_cmake_export_typesupport_targets-extras.cmake
[4.202s] -- Installing: /home/mechax/zyb/radar_station_all/radar_station_fixed_class/install/my_msgss/share/my_msgss/cmake/ament_cmake_export_dependencies-extras.cmake
[4.202s] -- Installing: /home/mechax/zyb/radar_station_all/radar_station_fixed_class/install/my_msgss/share/my_msgss/cmake/rosidl_cmake_export_typesupport_libraries-extras.cmake
[4.202s] -- Installing: /home/mechax/zyb/radar_station_all/radar_station_fixed_class/install/my_msgss/share/my_msgss/cmake/my_msgssConfig.cmake
[4.202s] -- Installing: /home/mechax/zyb/radar_station_all/radar_station_fixed_class/install/my_msgss/share/my_msgss/cmake/my_msgssConfig-version.cmake
[4.202s] -- Installing: /home/mechax/zyb/radar_station_all/radar_station_fixed_class/install/my_msgss/share/my_msgss/package.xml
[4.203s] Invoked command in '/home/mechax/zyb/radar_station_all/radar_station_fixed_class/build/my_msgss' returned '0': CMAKE_PREFIX_PATH=${CMAKE_PREFIX_PATH}:/opt/ros/humble /usr/bin/cmake --install /home/mechax/zyb/radar_station_all/radar_station_fixed_class/build/my_msgss
