[0.075s] Invoking command in '/home/qianli/zyb/radar_station/build/Yolo_Handle': CMAKE_PREFIX_PATH=${CMAKE_PREFIX_PATH}:/opt/ros/humble /usr/bin/cmake --build /home/qianli/zyb/radar_station/build/Yolo_Handle -- -j16 -l16
[0.105s] Invoked command in '/home/qianli/zyb/radar_station/build/Yolo_Handle' returned '0': CMAKE_PREFIX_PATH=${CMAKE_PREFIX_PATH}:/opt/ros/humble /usr/bin/cmake --build /home/qianli/zyb/radar_station/build/Yolo_Handle -- -j16 -l16
[0.133s] Invoking command in '/home/qianli/zyb/radar_station/build/Yolo_Handle': CMAKE_PREFIX_PATH=${CMAKE_PREFIX_PATH}:/opt/ros/humble /usr/bin/cmake --install /home/qianli/zyb/radar_station/build/Yolo_Handle
[0.139s] -- Install configuration: ""
[0.140s] -- Up-to-date: /home/qianli/zyb/radar_station/install/Yolo_Handle/share/ament_index/resource_index/package_run_dependencies/Yolo_Handle
[0.140s] -- Up-to-date: /home/qianli/zyb/radar_station/install/Yolo_Handle/share/ament_index/resource_index/parent_prefix_path/Yolo_Handle
[0.141s] -- Up-to-date: /home/qianli/zyb/radar_station/install/Yolo_Handle/share/Yolo_Handle/environment/ament_prefix_path.sh
[0.141s] -- Up-to-date: /home/qianli/zyb/radar_station/install/Yolo_Handle/share/Yolo_Handle/environment/ament_prefix_path.dsv
[0.141s] -- Up-to-date: /home/qianli/zyb/radar_station/install/Yolo_Handle/share/Yolo_Handle/environment/path.sh
[0.141s] -- Up-to-date: /home/qianli/zyb/radar_station/install/Yolo_Handle/share/Yolo_Handle/environment/path.dsv
[0.142s] -- Up-to-date: /home/qianli/zyb/radar_station/install/Yolo_Handle/share/Yolo_Handle/local_setup.bash
[0.142s] -- Up-to-date: /home/qianli/zyb/radar_station/install/Yolo_Handle/share/Yolo_Handle/local_setup.sh
[0.142s] -- Up-to-date: /home/qianli/zyb/radar_station/install/Yolo_Handle/share/Yolo_Handle/local_setup.zsh
[0.142s] -- Up-to-date: /home/qianli/zyb/radar_station/install/Yolo_Handle/share/Yolo_Handle/local_setup.dsv
[0.142s] -- Installing: /home/qianli/zyb/radar_station/install/Yolo_Handle/share/Yolo_Handle/package.dsv
[0.142s] -- Up-to-date: /home/qianli/zyb/radar_station/install/Yolo_Handle/share/ament_index/resource_index/packages/Yolo_Handle
[0.142s] -- Up-to-date: /home/qianli/zyb/radar_station/install/Yolo_Handle/share/Yolo_Handle/cmake/Yolo_HandleConfig.cmake
[0.143s] -- Up-to-date: /home/qianli/zyb/radar_station/install/Yolo_Handle/share/Yolo_Handle/cmake/Yolo_HandleConfig-version.cmake
[0.143s] -- Up-to-date: /home/qianli/zyb/radar_station/install/Yolo_Handle/share/Yolo_Handle/package.xml
[0.143s] Invoked command in '/home/qianli/zyb/radar_station/build/Yolo_Handle' returned '0': CMAKE_PREFIX_PATH=${CMAKE_PREFIX_PATH}:/opt/ros/humble /usr/bin/cmake --install /home/qianli/zyb/radar_station/build/Yolo_Handle
