-- The C compiler identification is GNU 11.4.0
-- The CXX compiler identification is GNU 11.4.0
-- Detecting C compiler ABI info
-- Detecting C compiler ABI info - done
-- Check for working C compiler: /usr/bin/cc - skipped
-- Detecting C compile features
-- Detecting C compile features - done
-- Detecting CXX compiler ABI info
-- Detecting CXX compiler ABI info - done
-- Check for working CXX compiler: /usr/bin/c++ - skipped
-- Detecting CXX compile features
-- Detecting CXX compile features - done
-- Found ament_cmake: 1.3.8 (/opt/ros/humble/share/ament_cmake/cmake)
-- Found Python3: /usr/bin/python3 (found version "3.10.12") found components: Interpreter 
-- Found rclcpp: 16.0.8 (/opt/ros/humble/share/rclcpp/cmake)
-- Found rosidl_generator_c: 3.1.5 (/opt/ros/humble/share/rosidl_generator_c/cmake)
-- Found rosidl_adapter: 3.1.5 (/opt/ros/humble/share/rosidl_adapter/cmake)
-- Found rosidl_generator_cpp: 3.1.5 (/opt/ros/humble/share/rosidl_generator_cpp/cmake)
-- Using all available rosidl_typesupport_c: rosidl_typesupport_fastrtps_c;rosidl_typesupport_introspection_c
-- Using all available rosidl_typesupport_cpp: rosidl_typesupport_fastrtps_cpp;rosidl_typesupport_introspection_cpp
-- Found rmw_implementation_cmake: 6.1.1 (/opt/ros/humble/share/rmw_implementation_cmake/cmake)
-- Found rmw_fastrtps_cpp: 6.2.6 (/opt/ros/humble/share/rmw_fastrtps_cpp/cmake)
-- Found OpenSSL: /usr/lib/x86_64-linux-gnu/libcrypto.so (found version "3.0.2")  
-- Found FastRTPS: /opt/ros/humble/include  
-- Using RMW implementation 'rmw_fastrtps_cpp' as default
-- Looking for pthread.h
-- Looking for pthread.h - found
-- Performing Test CMAKE_HAVE_LIBC_PTHREAD
-- Performing Test CMAKE_HAVE_LIBC_PTHREAD - Success
-- Found Threads: TRUE  
-- Found sensor_msgs: 4.2.3 (/opt/ros/humble/share/sensor_msgs/cmake)
-- Found OpenCV: /usr/local (found version "4.8.0") 
-- Found cv_bridge: 3.2.1 (/opt/ros/humble/share/cv_bridge/cmake)
-- Found my_msgss: 0.0.0 (/home/mechax/zyb/radar_station_all/radar_station_fixed_class/install/my_msgss/share/my_msgss/cmake)
-- Configuring done
-- Generating done
-- Build files have been written to: /home/mechax/zyb/radar_station_all/radar_station_fixed_class/build/Img_Handle
[ 66%] [32mBuilding CXX object CMakeFiles/Img_Sub.dir/src/inference.cpp.o[0m
[ 66%] [32mBuilding CXX object CMakeFiles/main.dir/src/main.cpp.o[0m
[ 66%] [32mBuilding CXX object CMakeFiles/Img_Sub.dir/src/img_sub.cpp.o[0m
[ 66%] [32mBuilding CXX object CMakeFiles/Img_Sub.dir/src/number_classifier.cpp.o[0m
[ 66%] [32mBuilding CXX object CMakeFiles/main.dir/src/inference.cpp.o[0m
[ 66%] [32mBuilding CXX object CMakeFiles/Img_Pub.dir/src/img_pub.cpp.o[0m
[ 77%] [32m[1mLinking CXX executable main[0m
[ 77%] Built target main
[ 88%] [32m[1mLinking CXX executable Img_Pub[0m
[ 88%] Built target Img_Pub
[100%] [32m[1mLinking CXX executable Img_Sub[0m
[100%] Built target Img_Sub
-- Install configuration: ""
-- Installing: /home/mechax/zyb/radar_station_all/radar_station_fixed_class/install/Img_Handle/lib/Img_Handle/Img_Pub
-- Set runtime path of "/home/mechax/zyb/radar_station_all/radar_station_fixed_class/install/Img_Handle/lib/Img_Handle/Img_Pub" to ""
-- Installing: /home/mechax/zyb/radar_station_all/radar_station_fixed_class/install/Img_Handle/lib/Img_Handle/Img_Sub
-- Set runtime path of "/home/mechax/zyb/radar_station_all/radar_station_fixed_class/install/Img_Handle/lib/Img_Handle/Img_Sub" to ""
-- Installing: /home/mechax/zyb/radar_station_all/radar_station_fixed_class/install/Img_Handle/lib/Img_Handle/main
-- Set runtime path of "/home/mechax/zyb/radar_station_all/radar_station_fixed_class/install/Img_Handle/lib/Img_Handle/main" to ""
-- Installing: /home/mechax/zyb/radar_station_all/radar_station_fixed_class/install/Img_Handle/share/Img_Handle/launch
-- Installing: /home/mechax/zyb/radar_station_all/radar_station_fixed_class/install/Img_Handle/share/Img_Handle/launch/img_handle_launch.py
-- Installing: /home/mechax/zyb/radar_station_all/radar_station_fixed_class/install/Img_Handle/share/Img_Handle/Yolov8_weight
-- Installing: /home/mechax/zyb/radar_station_all/radar_station_fixed_class/install/Img_Handle/share/Img_Handle/Yolov8_weight/new_armor
-- Installing: /home/mechax/zyb/radar_station_all/radar_station_fixed_class/install/Img_Handle/share/Img_Handle/Yolov8_weight/new_armor/mlp.onnx
-- Installing: /home/mechax/zyb/radar_station_all/radar_station_fixed_class/install/Img_Handle/share/Img_Handle/Yolov8_weight/new_armor/label.txt
-- Installing: /home/mechax/zyb/radar_station_all/radar_station_fixed_class/install/Img_Handle/share/Img_Handle/Yolov8_weight/robot
-- Installing: /home/mechax/zyb/radar_station_all/radar_station_fixed_class/install/Img_Handle/share/Img_Handle/Yolov8_weight/robot/labels_correlogram.jpg
-- Installing: /home/mechax/zyb/radar_station_all/radar_station_fixed_class/install/Img_Handle/share/Img_Handle/Yolov8_weight/robot/train_batch2.jpg
-- Installing: /home/mechax/zyb/radar_station_all/radar_station_fixed_class/install/Img_Handle/share/Img_Handle/Yolov8_weight/robot/train_batch0.jpg
-- Installing: /home/mechax/zyb/radar_station_all/radar_station_fixed_class/install/Img_Handle/share/Img_Handle/Yolov8_weight/robot/events.out.tfevents.1702546832.LAPTOP-62RB8H0R.113476.0
-- Installing: /home/mechax/zyb/radar_station_all/radar_station_fixed_class/install/Img_Handle/share/Img_Handle/Yolov8_weight/robot/args.yaml
-- Installing: /home/mechax/zyb/radar_station_all/radar_station_fixed_class/install/Img_Handle/share/Img_Handle/Yolov8_weight/robot/train_batch1.jpg
-- Installing: /home/mechax/zyb/radar_station_all/radar_station_fixed_class/install/Img_Handle/share/Img_Handle/Yolov8_weight/robot/class
-- Installing: /home/mechax/zyb/radar_station_all/radar_station_fixed_class/install/Img_Handle/share/Img_Handle/Yolov8_weight/robot/class/class.txt
-- Installing: /home/mechax/zyb/radar_station_all/radar_station_fixed_class/install/Img_Handle/share/Img_Handle/Yolov8_weight/robot/labels.jpg
-- Installing: /home/mechax/zyb/radar_station_all/radar_station_fixed_class/install/Img_Handle/share/Img_Handle/Yolov8_weight/robot/results.csv
-- Installing: /home/mechax/zyb/radar_station_all/radar_station_fixed_class/install/Img_Handle/share/Img_Handle/Yolov8_weight/robot/weights
-- Installing: /home/mechax/zyb/radar_station_all/radar_station_fixed_class/install/Img_Handle/share/Img_Handle/Yolov8_weight/robot/weights/best.onnx
-- Installing: /home/mechax/zyb/radar_station_all/radar_station_fixed_class/install/Img_Handle/share/Img_Handle/Yolov8_weight/armor
-- Installing: /home/mechax/zyb/radar_station_all/radar_station_fixed_class/install/Img_Handle/share/Img_Handle/Yolov8_weight/armor/labels_correlogram.jpg
-- Installing: /home/mechax/zyb/radar_station_all/radar_station_fixed_class/install/Img_Handle/share/Img_Handle/Yolov8_weight/armor/val_batch1_pred.jpg
-- Installing: /home/mechax/zyb/radar_station_all/radar_station_fixed_class/install/Img_Handle/share/Img_Handle/Yolov8_weight/armor/val_batch2_pred.jpg
-- Installing: /home/mechax/zyb/radar_station_all/radar_station_fixed_class/install/Img_Handle/share/Img_Handle/Yolov8_weight/armor/train_batch27521.jpg
-- Installing: /home/mechax/zyb/radar_station_all/radar_station_fixed_class/install/Img_Handle/share/Img_Handle/Yolov8_weight/armor/P_curve.png
-- Installing: /home/mechax/zyb/radar_station_all/radar_station_fixed_class/install/Img_Handle/share/Img_Handle/Yolov8_weight/armor/val_batch0_pred.jpg
-- Installing: /home/mechax/zyb/radar_station_all/radar_station_fixed_class/install/Img_Handle/share/Img_Handle/Yolov8_weight/armor/confusion_matrix_normalized.png
-- Installing: /home/mechax/zyb/radar_station_all/radar_station_fixed_class/install/Img_Handle/share/Img_Handle/Yolov8_weight/armor/results.png
-- Installing: /home/mechax/zyb/radar_station_all/radar_station_fixed_class/install/Img_Handle/share/Img_Handle/Yolov8_weight/armor/train_batch2.jpg
-- Installing: /home/mechax/zyb/radar_station_all/radar_station_fixed_class/install/Img_Handle/share/Img_Handle/Yolov8_weight/armor/val_batch1_labels.jpg
-- Installing: /home/mechax/zyb/radar_station_all/radar_station_fixed_class/install/Img_Handle/share/Img_Handle/Yolov8_weight/armor/R_curve.png
-- Installing: /home/mechax/zyb/radar_station_all/radar_station_fixed_class/install/Img_Handle/share/Img_Handle/Yolov8_weight/armor/train_batch0.jpg
-- Installing: /home/mechax/zyb/radar_station_all/radar_station_fixed_class/install/Img_Handle/share/Img_Handle/Yolov8_weight/armor/args.yaml
-- Installing: /home/mechax/zyb/radar_station_all/radar_station_fixed_class/install/Img_Handle/share/Img_Handle/Yolov8_weight/armor/train_batch1.jpg
-- Installing: /home/mechax/zyb/radar_station_all/radar_station_fixed_class/install/Img_Handle/share/Img_Handle/Yolov8_weight/armor/F1_curve.png
-- Installing: /home/mechax/zyb/radar_station_all/radar_station_fixed_class/install/Img_Handle/share/Img_Handle/Yolov8_weight/armor/PR_curve.png
-- Installing: /home/mechax/zyb/radar_station_all/radar_station_fixed_class/install/Img_Handle/share/Img_Handle/Yolov8_weight/armor/class
-- Installing: /home/mechax/zyb/radar_station_all/radar_station_fixed_class/install/Img_Handle/share/Img_Handle/Yolov8_weight/armor/class/class.txt
-- Installing: /home/mechax/zyb/radar_station_all/radar_station_fixed_class/install/Img_Handle/share/Img_Handle/Yolov8_weight/armor/events.out.tfevents.1702358543.LAPTOP-62RB8H0R.96524.0
-- Installing: /home/mechax/zyb/radar_station_all/radar_station_fixed_class/install/Img_Handle/share/Img_Handle/Yolov8_weight/armor/val_batch2_labels.jpg
-- Installing: /home/mechax/zyb/radar_station_all/radar_station_fixed_class/install/Img_Handle/share/Img_Handle/Yolov8_weight/armor/confusion_matrix.png
-- Installing: /home/mechax/zyb/radar_station_all/radar_station_fixed_class/install/Img_Handle/share/Img_Handle/Yolov8_weight/armor/train_batch27520.jpg
-- Installing: /home/mechax/zyb/radar_station_all/radar_station_fixed_class/install/Img_Handle/share/Img_Handle/Yolov8_weight/armor/labels.jpg
-- Installing: /home/mechax/zyb/radar_station_all/radar_station_fixed_class/install/Img_Handle/share/Img_Handle/Yolov8_weight/armor/results.csv
-- Installing: /home/mechax/zyb/radar_station_all/radar_station_fixed_class/install/Img_Handle/share/Img_Handle/Yolov8_weight/armor/weights
-- Installing: /home/mechax/zyb/radar_station_all/radar_station_fixed_class/install/Img_Handle/share/Img_Handle/Yolov8_weight/armor/weights/best.pt
-- Installing: /home/mechax/zyb/radar_station_all/radar_station_fixed_class/install/Img_Handle/share/Img_Handle/Yolov8_weight/armor/weights/best.onnx
-- Installing: /home/mechax/zyb/radar_station_all/radar_station_fixed_class/install/Img_Handle/share/Img_Handle/Yolov8_weight/armor/weights/last.pt
-- Installing: /home/mechax/zyb/radar_station_all/radar_station_fixed_class/install/Img_Handle/share/Img_Handle/Yolov8_weight/armor/val_batch0_labels.jpg
-- Installing: /home/mechax/zyb/radar_station_all/radar_station_fixed_class/install/Img_Handle/share/Img_Handle/Yolov8_weight/armor/train_batch27522.jpg
-- Installing: /home/mechax/zyb/radar_station_all/radar_station_fixed_class/install/Img_Handle/share/ament_index/resource_index/package_run_dependencies/Img_Handle
-- Installing: /home/mechax/zyb/radar_station_all/radar_station_fixed_class/install/Img_Handle/share/ament_index/resource_index/parent_prefix_path/Img_Handle
-- Installing: /home/mechax/zyb/radar_station_all/radar_station_fixed_class/install/Img_Handle/share/Img_Handle/environment/ament_prefix_path.sh
-- Installing: /home/mechax/zyb/radar_station_all/radar_station_fixed_class/install/Img_Handle/share/Img_Handle/environment/ament_prefix_path.dsv
-- Installing: /home/mechax/zyb/radar_station_all/radar_station_fixed_class/install/Img_Handle/share/Img_Handle/environment/path.sh
-- Installing: /home/mechax/zyb/radar_station_all/radar_station_fixed_class/install/Img_Handle/share/Img_Handle/environment/path.dsv
-- Installing: /home/mechax/zyb/radar_station_all/radar_station_fixed_class/install/Img_Handle/share/Img_Handle/local_setup.bash
-- Installing: /home/mechax/zyb/radar_station_all/radar_station_fixed_class/install/Img_Handle/share/Img_Handle/local_setup.sh
-- Installing: /home/mechax/zyb/radar_station_all/radar_station_fixed_class/install/Img_Handle/share/Img_Handle/local_setup.zsh
-- Installing: /home/mechax/zyb/radar_station_all/radar_station_fixed_class/install/Img_Handle/share/Img_Handle/local_setup.dsv
-- Installing: /home/mechax/zyb/radar_station_all/radar_station_fixed_class/install/Img_Handle/share/Img_Handle/package.dsv
-- Installing: /home/mechax/zyb/radar_station_all/radar_station_fixed_class/install/Img_Handle/share/ament_index/resource_index/packages/Img_Handle
-- Installing: /home/mechax/zyb/radar_station_all/radar_station_fixed_class/install/Img_Handle/share/Img_Handle/cmake/Img_HandleConfig.cmake
-- Installing: /home/mechax/zyb/radar_station_all/radar_station_fixed_class/install/Img_Handle/share/Img_Handle/cmake/Img_HandleConfig-version.cmake
-- Installing: /home/mechax/zyb/radar_station_all/radar_station_fixed_class/install/Img_Handle/share/Img_Handle/package.xml
