[ 50%] Built target hik_camera
[100%] Built target hik_camera_node
-- Install configuration: ""
-- Up-to-date: /home/mechax/zyb/radar_station_all/radar_station_fixed_class/install/hik_camera/lib
-- Up-to-date: /home/mechax/zyb/radar_station_all/radar_station_fixed_class/install/hik_camera/lib/libFormatConversion.so
-- Up-to-date: /home/mechax/zyb/radar_station_all/radar_station_fixed_class/install/hik_camera/lib/libMvCameraControl.so
-- Up-to-date: /home/mechax/zyb/radar_station_all/radar_station_fixed_class/install/hik_camera/lib/libMvUsb3vTL.so
-- Up-to-date: /home/mechax/zyb/radar_station_all/radar_station_fixed_class/install/hik_camera/lib/libMVRender.so
-- Up-to-date: /home/mechax/zyb/radar_station_all/radar_station_fixed_class/install/hik_camera/lib/libMediaProcess.so
-- Up-to-date: /home/mechax/zyb/radar_station_all/radar_station_fixed_class/install/hik_camera/lib/hik_camera/hik_camera_node
-- Up-to-date: /home/mechax/zyb/radar_station_all/radar_station_fixed_class/install/hik_camera/share/hik_camera/environment/library_path.sh
-- Up-to-date: /home/mechax/zyb/radar_station_all/radar_station_fixed_class/install/hik_camera/share/hik_camera/environment/library_path.dsv
-- Up-to-date: /home/mechax/zyb/radar_station_all/radar_station_fixed_class/install/hik_camera/lib/libhik_camera.so
-- Up-to-date: /home/mechax/zyb/radar_station_all/radar_station_fixed_class/install/hik_camera/share/hik_camera/config
-- Installing: /home/mechax/zyb/radar_station_all/radar_station_fixed_class/install/hik_camera/share/hik_camera/config/camera_params.yaml
-- Up-to-date: /home/mechax/zyb/radar_station_all/radar_station_fixed_class/install/hik_camera/share/hik_camera/config/right_camera_info.yaml
-- Up-to-date: /home/mechax/zyb/radar_station_all/radar_station_fixed_class/install/hik_camera/share/hik_camera/config/left_camera_info.yaml
-- Up-to-date: /home/mechax/zyb/radar_station_all/radar_station_fixed_class/install/hik_camera/share/hik_camera/launch
-- Up-to-date: /home/mechax/zyb/radar_station_all/radar_station_fixed_class/install/hik_camera/share/hik_camera/launch/hik_camera.launch.py
-- Up-to-date: /home/mechax/zyb/radar_station_all/radar_station_fixed_class/install/hik_camera/share/ament_index/resource_index/package_run_dependencies/hik_camera
-- Up-to-date: /home/mechax/zyb/radar_station_all/radar_station_fixed_class/install/hik_camera/share/ament_index/resource_index/parent_prefix_path/hik_camera
-- Up-to-date: /home/mechax/zyb/radar_station_all/radar_station_fixed_class/install/hik_camera/share/hik_camera/environment/ament_prefix_path.sh
-- Up-to-date: /home/mechax/zyb/radar_station_all/radar_station_fixed_class/install/hik_camera/share/hik_camera/environment/ament_prefix_path.dsv
-- Up-to-date: /home/mechax/zyb/radar_station_all/radar_station_fixed_class/install/hik_camera/share/hik_camera/environment/path.sh
-- Up-to-date: /home/mechax/zyb/radar_station_all/radar_station_fixed_class/install/hik_camera/share/hik_camera/environment/path.dsv
-- Up-to-date: /home/mechax/zyb/radar_station_all/radar_station_fixed_class/install/hik_camera/share/hik_camera/local_setup.bash
-- Up-to-date: /home/mechax/zyb/radar_station_all/radar_station_fixed_class/install/hik_camera/share/hik_camera/local_setup.sh
-- Up-to-date: /home/mechax/zyb/radar_station_all/radar_station_fixed_class/install/hik_camera/share/hik_camera/local_setup.zsh
-- Up-to-date: /home/mechax/zyb/radar_station_all/radar_station_fixed_class/install/hik_camera/share/hik_camera/local_setup.dsv
-- Installing: /home/mechax/zyb/radar_station_all/radar_station_fixed_class/install/hik_camera/share/hik_camera/package.dsv
-- Up-to-date: /home/mechax/zyb/radar_station_all/radar_station_fixed_class/install/hik_camera/share/ament_index/resource_index/packages/hik_camera
-- Up-to-date: /home/mechax/zyb/radar_station_all/radar_station_fixed_class/install/hik_camera/share/ament_index/resource_index/rclcpp_components/hik_camera
-- Up-to-date: /home/mechax/zyb/radar_station_all/radar_station_fixed_class/install/hik_camera/share/hik_camera/cmake/ament_cmake_export_dependencies-extras.cmake
-- Up-to-date: /home/mechax/zyb/radar_station_all/radar_station_fixed_class/install/hik_camera/share/hik_camera/cmake/ament_cmake_export_libraries-extras.cmake
-- Up-to-date: /home/mechax/zyb/radar_station_all/radar_station_fixed_class/install/hik_camera/share/hik_camera/cmake/hik_cameraConfig.cmake
-- Up-to-date: /home/mechax/zyb/radar_station_all/radar_station_fixed_class/install/hik_camera/share/hik_camera/cmake/hik_cameraConfig-version.cmake
-- Up-to-date: /home/mechax/zyb/radar_station_all/radar_station_fixed_class/install/hik_camera/share/hik_camera/package.xml
