[0.054s] Invoking command in '/home/qianli/zyb/radar_station/build/Yolo_Handle': CMAKE_PREFIX_PATH=/opt/ros/humble /usr/bin/cmake /home/qianli/zyb/radar_station/src/Yolo_Handle -DCMAKE_INSTALL_PREFIX=/home/qianli/zyb/radar_station/install/Yolo_Handle
[0.092s] -- The C compiler identification is GNU 11.4.0
[0.134s] -- The CXX compiler identification is GNU 11.4.0
[0.139s] -- Detecting C compiler ABI info
[0.178s] -- Detecting C compiler ABI info - done
[0.184s] -- Check for working C compiler: /usr/bin/cc - skipped
[0.184s] -- Detecting C compile features
[0.185s] -- Detecting C compile features - done
[0.187s] -- Detecting CXX compiler ABI info
[0.236s] -- Detecting CXX compiler ABI info - done
[0.242s] -- Check for working CXX compiler: /usr/bin/c++ - skipped
[0.242s] -- Detecting CXX compile features
[0.243s] -- Detecting CXX compile features - done
[0.244s] -- Found ament_cmake: 1.3.8 (/opt/ros/humble/share/ament_cmake/cmake)
[0.348s] -- Found Python3: /usr/bin/python3 (found version "3.10.12") found components: Interpreter 
[0.412s] -- Found ament_lint_auto: 0.12.10 (/opt/ros/humble/share/ament_lint_auto/cmake)
[0.451s] WARNING: Package name "Yolo_Handle" does not follow the naming conventions. It should start with a lower case letter and only contain lower case letters, digits, underscores, and dashes.
[0.471s] -- Added test 'cppcheck' to perform static code analysis on C / C++ code
[0.471s] -- Configured cppcheck include dirs: 
[0.472s] -- Configured cppcheck exclude dirs and/or files: 
[0.472s] -- Added test 'lint_cmake' to check CMake code style
[0.472s] -- Added test 'uncrustify' to check C / C++ code style
[0.472s] -- Configured uncrustify additional arguments: 
[0.473s] -- Added test 'xmllint' to check XML markup files
[0.473s] -- Configuring done
[0.475s] -- Generating done
[0.475s] -- Build files have been written to: /home/qianli/zyb/radar_station/build/Yolo_Handle
[0.479s] Invoked command in '/home/qianli/zyb/radar_station/build/Yolo_Handle' returned '0': CMAKE_PREFIX_PATH=/opt/ros/humble /usr/bin/cmake /home/qianli/zyb/radar_station/src/Yolo_Handle -DCMAKE_INSTALL_PREFIX=/home/qianli/zyb/radar_station/install/Yolo_Handle
[0.480s] Invoking command in '/home/qianli/zyb/radar_station/build/Yolo_Handle': CMAKE_PREFIX_PATH=/opt/ros/humble /usr/bin/cmake --build /home/qianli/zyb/radar_station/build/Yolo_Handle -- -j16 -l16
[0.507s] Invoked command in '/home/qianli/zyb/radar_station/build/Yolo_Handle' returned '0': CMAKE_PREFIX_PATH=/opt/ros/humble /usr/bin/cmake --build /home/qianli/zyb/radar_station/build/Yolo_Handle -- -j16 -l16
[0.525s] Invoking command in '/home/qianli/zyb/radar_station/build/Yolo_Handle': CMAKE_PREFIX_PATH=/opt/ros/humble /usr/bin/cmake --install /home/qianli/zyb/radar_station/build/Yolo_Handle
[0.529s] -- Install configuration: ""
[0.529s] -- Installing: /home/qianli/zyb/radar_station/install/Yolo_Handle/share/ament_index/resource_index/package_run_dependencies/Yolo_Handle
[0.530s] -- Installing: /home/qianli/zyb/radar_station/install/Yolo_Handle/share/ament_index/resource_index/parent_prefix_path/Yolo_Handle
[0.530s] -- Installing: /home/qianli/zyb/radar_station/install/Yolo_Handle/share/Yolo_Handle/environment/ament_prefix_path.sh
[0.530s] -- Installing: /home/qianli/zyb/radar_station/install/Yolo_Handle/share/Yolo_Handle/environment/ament_prefix_path.dsv
[0.530s] -- Installing: /home/qianli/zyb/radar_station/install/Yolo_Handle/share/Yolo_Handle/environment/path.sh
[0.530s] -- Installing: /home/qianli/zyb/radar_station/install/Yolo_Handle/share/Yolo_Handle/environment/path.dsv
[0.530s] -- Installing: /home/qianli/zyb/radar_station/install/Yolo_Handle/share/Yolo_Handle/local_setup.bash
[0.530s] -- Installing: /home/qianli/zyb/radar_station/install/Yolo_Handle/share/Yolo_Handle/local_setup.sh
[0.530s] -- Installing: /home/qianli/zyb/radar_station/install/Yolo_Handle/share/Yolo_Handle/local_setup.zsh
[0.530s] -- Installing: /home/qianli/zyb/radar_station/install/Yolo_Handle/share/Yolo_Handle/local_setup.dsv
[0.531s] -- Installing: /home/qianli/zyb/radar_station/install/Yolo_Handle/share/Yolo_Handle/package.dsv
[0.531s] -- Installing: /home/qianli/zyb/radar_station/install/Yolo_Handle/share/ament_index/resource_index/packages/Yolo_Handle
[0.531s] -- Installing: /home/qianli/zyb/radar_station/install/Yolo_Handle/share/Yolo_Handle/cmake/Yolo_HandleConfig.cmake
[0.531s] -- Installing: /home/qianli/zyb/radar_station/install/Yolo_Handle/share/Yolo_Handle/cmake/Yolo_HandleConfig-version.cmake
[0.531s] -- Installing: /home/qianli/zyb/radar_station/install/Yolo_Handle/share/Yolo_Handle/package.xml
[0.532s] Invoked command in '/home/qianli/zyb/radar_station/build/Yolo_Handle' returned '0': CMAKE_PREFIX_PATH=/opt/ros/humble /usr/bin/cmake --install /home/qianli/zyb/radar_station/build/Yolo_Handle
