[0.546s] DEBUG:colcon:Command line arguments: ['/usr/bin/colcon', 'build']
[0.546s] DEBUG:colcon:Parsed command line arguments: Namespace(log_base=None, log_level=None, verb_name='build', build_base='build', install_base='install', merge_install=False, symlink_install=False, test_result_base=None, continue_on_error=False, executor='parallel', parallel_workers=16, event_handlers=None, ignore_user_meta=False, metas=['./colcon.meta'], base_paths=['.'], packages_ignore=None, packages_ignore_regex=None, paths=None, packages_up_to=None, packages_up_to_regex=None, packages_above=None, packages_above_and_dependencies=None, packages_above_depth=None, packages_select_by_dep=None, packages_skip_by_dep=None, packages_skip_up_to=None, packages_select_build_failed=False, packages_skip_build_finished=False, packages_select_test_failures=False, packages_skip_test_passed=False, packages_select=None, packages_skip=None, packages_select_regex=None, packages_skip_regex=None, packages_start=None, packages_end=None, allow_overriding=[], cmake_args=None, cmake_target=None, cmake_target_skip_unavailable=False, cmake_clean_cache=False, cmake_clean_first=False, cmake_force_configure=False, ament_cmake_args=None, catkin_cmake_args=None, catkin_skip_building_tests=False, verb_parser=<colcon_defaults.argument_parser.defaults.DefaultArgumentsDecorator object at 0x7fd117446350>, verb_extension=<colcon_core.verb.build.BuildVerb object at 0x7fd117868eb0>, main=<bound method BuildVerb.main of <colcon_core.verb.build.BuildVerb object at 0x7fd117868eb0>>)
[0.579s] Level 1:colcon.colcon_core.package_discovery:discover_packages(colcon_meta) check parameters
[0.579s] Level 1:colcon.colcon_core.package_discovery:discover_packages(recursive) check parameters
[0.579s] Level 1:colcon.colcon_core.package_discovery:discover_packages(ignore) check parameters
[0.579s] Level 1:colcon.colcon_core.package_discovery:discover_packages(path) check parameters
[0.579s] Level 1:colcon.colcon_core.package_discovery:discover_packages(colcon_meta) discover
[0.579s] Level 1:colcon.colcon_core.package_discovery:discover_packages(recursive) discover
[0.579s] INFO:colcon.colcon_core.package_discovery:Crawling recursively for packages in '/home/qianli/zyb/radar_station'
[0.579s] Level 1:colcon.colcon_core.package_identification:_identify(.) by extensions ['ignore', 'ignore_ament_install']
[0.580s] Level 1:colcon.colcon_core.package_identification:_identify(.) by extension 'ignore'
[0.580s] Level 1:colcon.colcon_core.package_identification:_identify(.) by extension 'ignore_ament_install'
[0.580s] Level 1:colcon.colcon_core.package_identification:_identify(.) by extensions ['colcon_pkg']
[0.580s] Level 1:colcon.colcon_core.package_identification:_identify(.) by extension 'colcon_pkg'
[0.580s] Level 1:colcon.colcon_core.package_identification:_identify(.) by extensions ['colcon_meta']
[0.580s] Level 1:colcon.colcon_core.package_identification:_identify(.) by extension 'colcon_meta'
[0.580s] Level 1:colcon.colcon_core.package_identification:_identify(.) by extensions ['ros']
[0.580s] Level 1:colcon.colcon_core.package_identification:_identify(.) by extension 'ros'
[0.587s] Level 1:colcon.colcon_core.package_identification:_identify(.) by extensions ['cmake', 'python']
[0.587s] Level 1:colcon.colcon_core.package_identification:_identify(.) by extension 'cmake'
[0.587s] Level 1:colcon.colcon_core.package_identification:_identify(.) by extension 'python'
[0.587s] Level 1:colcon.colcon_core.package_identification:_identify(.) by extensions ['python_setup_py']
[0.587s] Level 1:colcon.colcon_core.package_identification:_identify(.) by extension 'python_setup_py'
[0.588s] Level 1:colcon.colcon_core.package_identification:_identify(Camera) by extensions ['ignore', 'ignore_ament_install']
[0.588s] Level 1:colcon.colcon_core.package_identification:_identify(Camera) by extension 'ignore'
[0.588s] Level 1:colcon.colcon_core.package_identification:_identify(Camera) by extension 'ignore_ament_install'
[0.588s] Level 1:colcon.colcon_core.package_identification:_identify(Camera) by extensions ['colcon_pkg']
[0.588s] Level 1:colcon.colcon_core.package_identification:_identify(Camera) by extension 'colcon_pkg'
[0.588s] Level 1:colcon.colcon_core.package_identification:_identify(Camera) by extensions ['colcon_meta']
[0.588s] Level 1:colcon.colcon_core.package_identification:_identify(Camera) by extension 'colcon_meta'
[0.588s] Level 1:colcon.colcon_core.package_identification:_identify(Camera) by extensions ['ros']
[0.588s] Level 1:colcon.colcon_core.package_identification:_identify(Camera) by extension 'ros'
[0.588s] Level 1:colcon.colcon_core.package_identification:_identify(Camera) by extensions ['cmake', 'python']
[0.588s] Level 1:colcon.colcon_core.package_identification:_identify(Camera) by extension 'cmake'
[0.588s] Level 1:colcon.colcon_core.package_identification:_identify(Camera) by extension 'python'
[0.588s] Level 1:colcon.colcon_core.package_identification:_identify(Camera) by extensions ['python_setup_py']
[0.588s] Level 1:colcon.colcon_core.package_identification:_identify(Camera) by extension 'python_setup_py'
[0.588s] Level 1:colcon.colcon_core.package_identification:_identify(Camera/Data) by extensions ['ignore', 'ignore_ament_install']
[0.588s] Level 1:colcon.colcon_core.package_identification:_identify(Camera/Data) by extension 'ignore'
[0.588s] Level 1:colcon.colcon_core.package_identification:_identify(Camera/Data) by extension 'ignore_ament_install'
[0.588s] Level 1:colcon.colcon_core.package_identification:_identify(Camera/Data) by extensions ['colcon_pkg']
[0.588s] Level 1:colcon.colcon_core.package_identification:_identify(Camera/Data) by extension 'colcon_pkg'
[0.588s] Level 1:colcon.colcon_core.package_identification:_identify(Camera/Data) by extensions ['colcon_meta']
[0.588s] Level 1:colcon.colcon_core.package_identification:_identify(Camera/Data) by extension 'colcon_meta'
[0.588s] Level 1:colcon.colcon_core.package_identification:_identify(Camera/Data) by extensions ['ros']
[0.588s] Level 1:colcon.colcon_core.package_identification:_identify(Camera/Data) by extension 'ros'
[0.588s] Level 1:colcon.colcon_core.package_identification:_identify(Camera/Data) by extensions ['cmake', 'python']
[0.588s] Level 1:colcon.colcon_core.package_identification:_identify(Camera/Data) by extension 'cmake'
[0.588s] Level 1:colcon.colcon_core.package_identification:_identify(Camera/Data) by extension 'python'
[0.588s] Level 1:colcon.colcon_core.package_identification:_identify(Camera/Data) by extensions ['python_setup_py']
[0.588s] Level 1:colcon.colcon_core.package_identification:_identify(Camera/Data) by extension 'python_setup_py'
[0.588s] Level 1:colcon.colcon_core.package_identification:_identify(Camera/log) by extensions ['ignore', 'ignore_ament_install']
[0.588s] Level 1:colcon.colcon_core.package_identification:_identify(Camera/log) by extension 'ignore'
[0.588s] Level 1:colcon.colcon_core.package_identification:_identify(Camera/log) by extension 'ignore_ament_install'
[0.588s] Level 1:colcon.colcon_core.package_identification:_identify(Camera/log) by extensions ['colcon_pkg']
[0.588s] Level 1:colcon.colcon_core.package_identification:_identify(Camera/log) by extension 'colcon_pkg'
[0.588s] Level 1:colcon.colcon_core.package_identification:_identify(Camera/log) by extensions ['colcon_meta']
[0.588s] Level 1:colcon.colcon_core.package_identification:_identify(Camera/log) by extension 'colcon_meta'
[0.588s] Level 1:colcon.colcon_core.package_identification:_identify(Camera/log) by extensions ['ros']
[0.588s] Level 1:colcon.colcon_core.package_identification:_identify(Camera/log) by extension 'ros'
[0.588s] Level 1:colcon.colcon_core.package_identification:_identify(Camera/log) by extensions ['cmake', 'python']
[0.589s] Level 1:colcon.colcon_core.package_identification:_identify(Camera/log) by extension 'cmake'
[0.589s] Level 1:colcon.colcon_core.package_identification:_identify(Camera/log) by extension 'python'
[0.589s] Level 1:colcon.colcon_core.package_identification:_identify(Camera/log) by extensions ['python_setup_py']
[0.589s] Level 1:colcon.colcon_core.package_identification:_identify(Camera/log) by extension 'python_setup_py'
[0.589s] Level 1:colcon.colcon_core.package_identification:_identify(build) by extensions ['ignore', 'ignore_ament_install']
[0.589s] Level 1:colcon.colcon_core.package_identification:_identify(build) by extension 'ignore'
[0.589s] Level 1:colcon.colcon_core.package_identification:_identify(build) ignored
[0.589s] Level 1:colcon.colcon_core.package_identification:_identify(install) by extensions ['ignore', 'ignore_ament_install']
[0.589s] Level 1:colcon.colcon_core.package_identification:_identify(install) by extension 'ignore'
[0.589s] Level 1:colcon.colcon_core.package_identification:_identify(install) ignored
[0.589s] Level 1:colcon.colcon_core.package_identification:_identify(log) by extensions ['ignore', 'ignore_ament_install']
[0.589s] Level 1:colcon.colcon_core.package_identification:_identify(log) by extension 'ignore'
[0.589s] Level 1:colcon.colcon_core.package_identification:_identify(log) ignored
[0.589s] Level 1:colcon.colcon_core.package_identification:_identify(src) by extensions ['ignore', 'ignore_ament_install']
[0.589s] Level 1:colcon.colcon_core.package_identification:_identify(src) by extension 'ignore'
[0.589s] Level 1:colcon.colcon_core.package_identification:_identify(src) by extension 'ignore_ament_install'
[0.589s] Level 1:colcon.colcon_core.package_identification:_identify(src) by extensions ['colcon_pkg']
[0.589s] Level 1:colcon.colcon_core.package_identification:_identify(src) by extension 'colcon_pkg'
[0.589s] Level 1:colcon.colcon_core.package_identification:_identify(src) by extensions ['colcon_meta']
[0.589s] Level 1:colcon.colcon_core.package_identification:_identify(src) by extension 'colcon_meta'
[0.589s] Level 1:colcon.colcon_core.package_identification:_identify(src) by extensions ['ros']
[0.589s] Level 1:colcon.colcon_core.package_identification:_identify(src) by extension 'ros'
[0.589s] Level 1:colcon.colcon_core.package_identification:_identify(src) by extensions ['cmake', 'python']
[0.589s] Level 1:colcon.colcon_core.package_identification:_identify(src) by extension 'cmake'
[0.589s] Level 1:colcon.colcon_core.package_identification:_identify(src) by extension 'python'
[0.589s] Level 1:colcon.colcon_core.package_identification:_identify(src) by extensions ['python_setup_py']
[0.589s] Level 1:colcon.colcon_core.package_identification:_identify(src) by extension 'python_setup_py'
[0.589s] Level 1:colcon.colcon_core.package_identification:_identify(src/All_Topic) by extensions ['ignore', 'ignore_ament_install']
[0.589s] Level 1:colcon.colcon_core.package_identification:_identify(src/All_Topic) by extension 'ignore'
[0.589s] Level 1:colcon.colcon_core.package_identification:_identify(src/All_Topic) by extension 'ignore_ament_install'
[0.589s] Level 1:colcon.colcon_core.package_identification:_identify(src/All_Topic) by extensions ['colcon_pkg']
[0.589s] Level 1:colcon.colcon_core.package_identification:_identify(src/All_Topic) by extension 'colcon_pkg'
[0.589s] Level 1:colcon.colcon_core.package_identification:_identify(src/All_Topic) by extensions ['colcon_meta']
[0.589s] Level 1:colcon.colcon_core.package_identification:_identify(src/All_Topic) by extension 'colcon_meta'
[0.589s] Level 1:colcon.colcon_core.package_identification:_identify(src/All_Topic) by extensions ['ros']
[0.590s] Level 1:colcon.colcon_core.package_identification:_identify(src/All_Topic) by extension 'ros'
[0.590s] Level 1:colcon.colcon_core.package_identification:_identify(src/All_Topic) by extensions ['cmake', 'python']
[0.590s] Level 1:colcon.colcon_core.package_identification:_identify(src/All_Topic) by extension 'cmake'
[0.590s] Level 1:colcon.colcon_core.package_identification:_identify(src/All_Topic) by extension 'python'
[0.590s] Level 1:colcon.colcon_core.package_identification:_identify(src/All_Topic) by extensions ['python_setup_py']
[0.590s] Level 1:colcon.colcon_core.package_identification:_identify(src/All_Topic) by extension 'python_setup_py'
[0.590s] Level 1:colcon.colcon_core.package_identification:_identify(src/Game_Map) by extensions ['ignore', 'ignore_ament_install']
[0.590s] Level 1:colcon.colcon_core.package_identification:_identify(src/Game_Map) by extension 'ignore'
[0.590s] Level 1:colcon.colcon_core.package_identification:_identify(src/Game_Map) by extension 'ignore_ament_install'
[0.590s] Level 1:colcon.colcon_core.package_identification:_identify(src/Game_Map) by extensions ['colcon_pkg']
[0.590s] Level 1:colcon.colcon_core.package_identification:_identify(src/Game_Map) by extension 'colcon_pkg'
[0.590s] Level 1:colcon.colcon_core.package_identification:_identify(src/Game_Map) by extensions ['colcon_meta']
[0.590s] Level 1:colcon.colcon_core.package_identification:_identify(src/Game_Map) by extension 'colcon_meta'
[0.590s] Level 1:colcon.colcon_core.package_identification:_identify(src/Game_Map) by extensions ['ros']
[0.590s] Level 1:colcon.colcon_core.package_identification:_identify(src/Game_Map) by extension 'ros'
[0.592s] DEBUG:colcon.colcon_core.package_identification:Package 'src/Game_Map' with type 'ros.ament_cmake' and name 'Game_Map'
[0.592s] Level 1:colcon.colcon_core.package_identification:_identify(src/Img_Handle) by extensions ['ignore', 'ignore_ament_install']
[0.592s] Level 1:colcon.colcon_core.package_identification:_identify(src/Img_Handle) by extension 'ignore'
[0.592s] Level 1:colcon.colcon_core.package_identification:_identify(src/Img_Handle) by extension 'ignore_ament_install'
[0.592s] Level 1:colcon.colcon_core.package_identification:_identify(src/Img_Handle) by extensions ['colcon_pkg']
[0.592s] Level 1:colcon.colcon_core.package_identification:_identify(src/Img_Handle) by extension 'colcon_pkg'
[0.592s] Level 1:colcon.colcon_core.package_identification:_identify(src/Img_Handle) by extensions ['colcon_meta']
[0.592s] Level 1:colcon.colcon_core.package_identification:_identify(src/Img_Handle) by extension 'colcon_meta'
[0.592s] Level 1:colcon.colcon_core.package_identification:_identify(src/Img_Handle) by extensions ['ros']
[0.592s] Level 1:colcon.colcon_core.package_identification:_identify(src/Img_Handle) by extension 'ros'
[0.593s] DEBUG:colcon.colcon_core.package_identification:Package 'src/Img_Handle' with type 'ros.ament_cmake' and name 'Img_Handle'
[0.593s] Level 1:colcon.colcon_core.package_identification:_identify(src/Qt5_displayer) by extensions ['ignore', 'ignore_ament_install']
[0.593s] Level 1:colcon.colcon_core.package_identification:_identify(src/Qt5_displayer) by extension 'ignore'
[0.593s] Level 1:colcon.colcon_core.package_identification:_identify(src/Qt5_displayer) by extension 'ignore_ament_install'
[0.593s] Level 1:colcon.colcon_core.package_identification:_identify(src/Qt5_displayer) by extensions ['colcon_pkg']
[0.593s] Level 1:colcon.colcon_core.package_identification:_identify(src/Qt5_displayer) by extension 'colcon_pkg'
[0.593s] Level 1:colcon.colcon_core.package_identification:_identify(src/Qt5_displayer) by extensions ['colcon_meta']
[0.593s] Level 1:colcon.colcon_core.package_identification:_identify(src/Qt5_displayer) by extension 'colcon_meta'
[0.593s] Level 1:colcon.colcon_core.package_identification:_identify(src/Qt5_displayer) by extensions ['ros']
[0.593s] Level 1:colcon.colcon_core.package_identification:_identify(src/Qt5_displayer) by extension 'ros'
[0.594s] DEBUG:colcon.colcon_core.package_identification:Package 'src/Qt5_displayer' with type 'ros.ament_cmake' and name 'Qt5_displayer'
[0.594s] Level 1:colcon.colcon_core.package_identification:_identify(src/Yolo_Handle) by extensions ['ignore', 'ignore_ament_install']
[0.594s] Level 1:colcon.colcon_core.package_identification:_identify(src/Yolo_Handle) by extension 'ignore'
[0.594s] Level 1:colcon.colcon_core.package_identification:_identify(src/Yolo_Handle) by extension 'ignore_ament_install'
[0.594s] Level 1:colcon.colcon_core.package_identification:_identify(src/Yolo_Handle) by extensions ['colcon_pkg']
[0.594s] Level 1:colcon.colcon_core.package_identification:_identify(src/Yolo_Handle) by extension 'colcon_pkg'
[0.594s] Level 1:colcon.colcon_core.package_identification:_identify(src/Yolo_Handle) by extensions ['colcon_meta']
[0.594s] Level 1:colcon.colcon_core.package_identification:_identify(src/Yolo_Handle) by extension 'colcon_meta'
[0.594s] Level 1:colcon.colcon_core.package_identification:_identify(src/Yolo_Handle) by extensions ['ros']
[0.594s] Level 1:colcon.colcon_core.package_identification:_identify(src/Yolo_Handle) by extension 'ros'
[0.594s] DEBUG:colcon.colcon_core.package_identification:Package 'src/Yolo_Handle' with type 'ros.ament_cmake' and name 'Yolo_Handle'
[0.595s] Level 1:colcon.colcon_core.package_identification:_identify(src/get_depth) by extensions ['ignore', 'ignore_ament_install']
[0.595s] Level 1:colcon.colcon_core.package_identification:_identify(src/get_depth) by extension 'ignore'
[0.595s] Level 1:colcon.colcon_core.package_identification:_identify(src/get_depth) by extension 'ignore_ament_install'
[0.595s] Level 1:colcon.colcon_core.package_identification:_identify(src/get_depth) by extensions ['colcon_pkg']
[0.595s] Level 1:colcon.colcon_core.package_identification:_identify(src/get_depth) by extension 'colcon_pkg'
[0.595s] Level 1:colcon.colcon_core.package_identification:_identify(src/get_depth) by extensions ['colcon_meta']
[0.595s] Level 1:colcon.colcon_core.package_identification:_identify(src/get_depth) by extension 'colcon_meta'
[0.595s] Level 1:colcon.colcon_core.package_identification:_identify(src/get_depth) by extensions ['ros']
[0.595s] Level 1:colcon.colcon_core.package_identification:_identify(src/get_depth) by extension 'ros'
[0.595s] DEBUG:colcon.colcon_core.package_identification:Package 'src/get_depth' with type 'ros.ament_cmake' and name 'get_depth'
[0.595s] Level 1:colcon.colcon_core.package_identification:_identify(src/map_test) by extensions ['ignore', 'ignore_ament_install']
[0.596s] Level 1:colcon.colcon_core.package_identification:_identify(src/map_test) by extension 'ignore'
[0.596s] Level 1:colcon.colcon_core.package_identification:_identify(src/map_test) by extension 'ignore_ament_install'
[0.596s] Level 1:colcon.colcon_core.package_identification:_identify(src/map_test) by extensions ['colcon_pkg']
[0.596s] Level 1:colcon.colcon_core.package_identification:_identify(src/map_test) by extension 'colcon_pkg'
[0.596s] Level 1:colcon.colcon_core.package_identification:_identify(src/map_test) by extensions ['colcon_meta']
[0.596s] Level 1:colcon.colcon_core.package_identification:_identify(src/map_test) by extension 'colcon_meta'
[0.596s] Level 1:colcon.colcon_core.package_identification:_identify(src/map_test) by extensions ['ros']
[0.596s] Level 1:colcon.colcon_core.package_identification:_identify(src/map_test) by extension 'ros'
[0.596s] DEBUG:colcon.colcon_core.package_identification:Package 'src/map_test' with type 'ros.ament_cmake' and name 'map_test'
[0.596s] Level 1:colcon.colcon_core.package_identification:_identify(src/my_msgss) by extensions ['ignore', 'ignore_ament_install']
[0.596s] Level 1:colcon.colcon_core.package_identification:_identify(src/my_msgss) by extension 'ignore'
[0.596s] Level 1:colcon.colcon_core.package_identification:_identify(src/my_msgss) by extension 'ignore_ament_install'
[0.596s] Level 1:colcon.colcon_core.package_identification:_identify(src/my_msgss) by extensions ['colcon_pkg']
[0.596s] Level 1:colcon.colcon_core.package_identification:_identify(src/my_msgss) by extension 'colcon_pkg'
[0.596s] Level 1:colcon.colcon_core.package_identification:_identify(src/my_msgss) by extensions ['colcon_meta']
[0.596s] Level 1:colcon.colcon_core.package_identification:_identify(src/my_msgss) by extension 'colcon_meta'
[0.596s] Level 1:colcon.colcon_core.package_identification:_identify(src/my_msgss) by extensions ['ros']
[0.596s] Level 1:colcon.colcon_core.package_identification:_identify(src/my_msgss) by extension 'ros'
[0.597s] DEBUG:colcon.colcon_core.package_identification:Package 'src/my_msgss' with type 'ros.ament_cmake' and name 'my_msgss'
[0.597s] Level 1:colcon.colcon_core.package_identification:_identify(src/ros2_mindvision_mutiple_camera) by extensions ['ignore', 'ignore_ament_install']
[0.597s] Level 1:colcon.colcon_core.package_identification:_identify(src/ros2_mindvision_mutiple_camera) by extension 'ignore'
[0.597s] Level 1:colcon.colcon_core.package_identification:_identify(src/ros2_mindvision_mutiple_camera) by extension 'ignore_ament_install'
[0.597s] Level 1:colcon.colcon_core.package_identification:_identify(src/ros2_mindvision_mutiple_camera) by extensions ['colcon_pkg']
[0.597s] Level 1:colcon.colcon_core.package_identification:_identify(src/ros2_mindvision_mutiple_camera) by extension 'colcon_pkg'
[0.597s] Level 1:colcon.colcon_core.package_identification:_identify(src/ros2_mindvision_mutiple_camera) by extensions ['colcon_meta']
[0.597s] Level 1:colcon.colcon_core.package_identification:_identify(src/ros2_mindvision_mutiple_camera) by extension 'colcon_meta'
[0.597s] Level 1:colcon.colcon_core.package_identification:_identify(src/ros2_mindvision_mutiple_camera) by extensions ['ros']
[0.597s] Level 1:colcon.colcon_core.package_identification:_identify(src/ros2_mindvision_mutiple_camera) by extension 'ros'
[0.598s] DEBUG:colcon.colcon_core.package_identification:Package 'src/ros2_mindvision_mutiple_camera' with type 'ros.ament_cmake' and name 'mindvision_camera'
[0.598s] Level 1:colcon.colcon_core.package_discovery:discover_packages(recursive) using defaults
[0.598s] Level 1:colcon.colcon_core.package_discovery:discover_packages(ignore) discover
[0.598s] Level 1:colcon.colcon_core.package_discovery:discover_packages(ignore) using defaults
[0.598s] Level 1:colcon.colcon_core.package_discovery:discover_packages(path) discover
[0.598s] Level 1:colcon.colcon_core.package_discovery:discover_packages(path) using defaults
[0.651s] Level 1:colcon.colcon_core.package_discovery:discover_packages(prefix_path) check parameters
[0.651s] Level 1:colcon.colcon_core.package_discovery:discover_packages(prefix_path) discover
[0.668s] DEBUG:colcon.colcon_installed_package_information.package_discovery:Found 8 installed packages in /home/qianli/zyb/radar_station/install
[0.676s] DEBUG:colcon.colcon_installed_package_information.package_discovery:Found 289 installed packages in /opt/ros/humble
[0.676s] Level 1:colcon.colcon_core.package_discovery:discover_packages(prefix_path) using defaults
[0.730s] Level 5:colcon.colcon_core.verb:set package 'Yolo_Handle' build argument 'cmake_args' from command line to 'None'
[0.730s] Level 5:colcon.colcon_core.verb:set package 'Yolo_Handle' build argument 'cmake_target' from command line to 'None'
[0.730s] Level 5:colcon.colcon_core.verb:set package 'Yolo_Handle' build argument 'cmake_target_skip_unavailable' from command line to 'False'
[0.730s] Level 5:colcon.colcon_core.verb:set package 'Yolo_Handle' build argument 'cmake_clean_cache' from command line to 'False'
[0.730s] Level 5:colcon.colcon_core.verb:set package 'Yolo_Handle' build argument 'cmake_clean_first' from command line to 'False'
[0.730s] Level 5:colcon.colcon_core.verb:set package 'Yolo_Handle' build argument 'cmake_force_configure' from command line to 'False'
[0.730s] Level 5:colcon.colcon_core.verb:set package 'Yolo_Handle' build argument 'ament_cmake_args' from command line to 'None'
[0.730s] Level 5:colcon.colcon_core.verb:set package 'Yolo_Handle' build argument 'catkin_cmake_args' from command line to 'None'
[0.730s] Level 5:colcon.colcon_core.verb:set package 'Yolo_Handle' build argument 'catkin_skip_building_tests' from command line to 'False'
[0.730s] DEBUG:colcon.colcon_core.verb:Building package 'Yolo_Handle' with the following arguments: {'ament_cmake_args': None, 'build_base': '/home/qianli/zyb/radar_station/build/Yolo_Handle', 'catkin_cmake_args': None, 'catkin_skip_building_tests': False, 'cmake_args': None, 'cmake_clean_cache': False, 'cmake_clean_first': False, 'cmake_force_configure': False, 'cmake_target': None, 'cmake_target_skip_unavailable': False, 'install_base': '/home/qianli/zyb/radar_station/install/Yolo_Handle', 'merge_install': False, 'path': '/home/qianli/zyb/radar_station/src/Yolo_Handle', 'symlink_install': False, 'test_result_base': None}
[0.737s] Level 5:colcon.colcon_core.verb:set package 'mindvision_camera' build argument 'cmake_args' from command line to 'None'
[0.737s] Level 5:colcon.colcon_core.verb:set package 'mindvision_camera' build argument 'cmake_target' from command line to 'None'
[0.737s] Level 5:colcon.colcon_core.verb:set package 'mindvision_camera' build argument 'cmake_target_skip_unavailable' from command line to 'False'
[0.737s] Level 5:colcon.colcon_core.verb:set package 'mindvision_camera' build argument 'cmake_clean_cache' from command line to 'False'
[0.737s] Level 5:colcon.colcon_core.verb:set package 'mindvision_camera' build argument 'cmake_clean_first' from command line to 'False'
[0.737s] Level 5:colcon.colcon_core.verb:set package 'mindvision_camera' build argument 'cmake_force_configure' from command line to 'False'
[0.737s] Level 5:colcon.colcon_core.verb:set package 'mindvision_camera' build argument 'ament_cmake_args' from command line to 'None'
[0.737s] Level 5:colcon.colcon_core.verb:set package 'mindvision_camera' build argument 'catkin_cmake_args' from command line to 'None'
[0.737s] Level 5:colcon.colcon_core.verb:set package 'mindvision_camera' build argument 'catkin_skip_building_tests' from command line to 'False'
[0.737s] DEBUG:colcon.colcon_core.verb:Building package 'mindvision_camera' with the following arguments: {'ament_cmake_args': None, 'build_base': '/home/qianli/zyb/radar_station/build/mindvision_camera', 'catkin_cmake_args': None, 'catkin_skip_building_tests': False, 'cmake_args': None, 'cmake_clean_cache': False, 'cmake_clean_first': False, 'cmake_force_configure': False, 'cmake_target': None, 'cmake_target_skip_unavailable': False, 'install_base': '/home/qianli/zyb/radar_station/install/mindvision_camera', 'merge_install': False, 'path': '/home/qianli/zyb/radar_station/src/ros2_mindvision_mutiple_camera', 'symlink_install': False, 'test_result_base': None}
[0.744s] Level 5:colcon.colcon_core.verb:set package 'my_msgss' build argument 'cmake_args' from command line to 'None'
[0.744s] Level 5:colcon.colcon_core.verb:set package 'my_msgss' build argument 'cmake_target' from command line to 'None'
[0.744s] Level 5:colcon.colcon_core.verb:set package 'my_msgss' build argument 'cmake_target_skip_unavailable' from command line to 'False'
[0.744s] Level 5:colcon.colcon_core.verb:set package 'my_msgss' build argument 'cmake_clean_cache' from command line to 'False'
[0.745s] Level 5:colcon.colcon_core.verb:set package 'my_msgss' build argument 'cmake_clean_first' from command line to 'False'
[0.745s] Level 5:colcon.colcon_core.verb:set package 'my_msgss' build argument 'cmake_force_configure' from command line to 'False'
[0.745s] Level 5:colcon.colcon_core.verb:set package 'my_msgss' build argument 'ament_cmake_args' from command line to 'None'
[0.745s] Level 5:colcon.colcon_core.verb:set package 'my_msgss' build argument 'catkin_cmake_args' from command line to 'None'
[0.745s] Level 5:colcon.colcon_core.verb:set package 'my_msgss' build argument 'catkin_skip_building_tests' from command line to 'False'
[0.745s] DEBUG:colcon.colcon_core.verb:Building package 'my_msgss' with the following arguments: {'ament_cmake_args': None, 'build_base': '/home/qianli/zyb/radar_station/build/my_msgss', 'catkin_cmake_args': None, 'catkin_skip_building_tests': False, 'cmake_args': None, 'cmake_clean_cache': False, 'cmake_clean_first': False, 'cmake_force_configure': False, 'cmake_target': None, 'cmake_target_skip_unavailable': False, 'install_base': '/home/qianli/zyb/radar_station/install/my_msgss', 'merge_install': False, 'path': '/home/qianli/zyb/radar_station/src/my_msgss', 'symlink_install': False, 'test_result_base': None}
[0.752s] Level 5:colcon.colcon_core.verb:set package 'Game_Map' build argument 'cmake_args' from command line to 'None'
[0.752s] Level 5:colcon.colcon_core.verb:set package 'Game_Map' build argument 'cmake_target' from command line to 'None'
[0.752s] Level 5:colcon.colcon_core.verb:set package 'Game_Map' build argument 'cmake_target_skip_unavailable' from command line to 'False'
[0.752s] Level 5:colcon.colcon_core.verb:set package 'Game_Map' build argument 'cmake_clean_cache' from command line to 'False'
[0.752s] Level 5:colcon.colcon_core.verb:set package 'Game_Map' build argument 'cmake_clean_first' from command line to 'False'
[0.752s] Level 5:colcon.colcon_core.verb:set package 'Game_Map' build argument 'cmake_force_configure' from command line to 'False'
[0.752s] Level 5:colcon.colcon_core.verb:set package 'Game_Map' build argument 'ament_cmake_args' from command line to 'None'
[0.752s] Level 5:colcon.colcon_core.verb:set package 'Game_Map' build argument 'catkin_cmake_args' from command line to 'None'
[0.752s] Level 5:colcon.colcon_core.verb:set package 'Game_Map' build argument 'catkin_skip_building_tests' from command line to 'False'
[0.752s] DEBUG:colcon.colcon_core.verb:Building package 'Game_Map' with the following arguments: {'ament_cmake_args': None, 'build_base': '/home/qianli/zyb/radar_station/build/Game_Map', 'catkin_cmake_args': None, 'catkin_skip_building_tests': False, 'cmake_args': None, 'cmake_clean_cache': False, 'cmake_clean_first': False, 'cmake_force_configure': False, 'cmake_target': None, 'cmake_target_skip_unavailable': False, 'install_base': '/home/qianli/zyb/radar_station/install/Game_Map', 'merge_install': False, 'path': '/home/qianli/zyb/radar_station/src/Game_Map', 'symlink_install': False, 'test_result_base': None}
[0.759s] Level 5:colcon.colcon_core.verb:set package 'Img_Handle' build argument 'cmake_args' from command line to 'None'
[0.759s] Level 5:colcon.colcon_core.verb:set package 'Img_Handle' build argument 'cmake_target' from command line to 'None'
[0.759s] Level 5:colcon.colcon_core.verb:set package 'Img_Handle' build argument 'cmake_target_skip_unavailable' from command line to 'False'
[0.759s] Level 5:colcon.colcon_core.verb:set package 'Img_Handle' build argument 'cmake_clean_cache' from command line to 'False'
[0.759s] Level 5:colcon.colcon_core.verb:set package 'Img_Handle' build argument 'cmake_clean_first' from command line to 'False'
[0.759s] Level 5:colcon.colcon_core.verb:set package 'Img_Handle' build argument 'cmake_force_configure' from command line to 'False'
[0.759s] Level 5:colcon.colcon_core.verb:set package 'Img_Handle' build argument 'ament_cmake_args' from command line to 'None'
[0.759s] Level 5:colcon.colcon_core.verb:set package 'Img_Handle' build argument 'catkin_cmake_args' from command line to 'None'
[0.759s] Level 5:colcon.colcon_core.verb:set package 'Img_Handle' build argument 'catkin_skip_building_tests' from command line to 'False'
[0.759s] DEBUG:colcon.colcon_core.verb:Building package 'Img_Handle' with the following arguments: {'ament_cmake_args': None, 'build_base': '/home/qianli/zyb/radar_station/build/Img_Handle', 'catkin_cmake_args': None, 'catkin_skip_building_tests': False, 'cmake_args': None, 'cmake_clean_cache': False, 'cmake_clean_first': False, 'cmake_force_configure': False, 'cmake_target': None, 'cmake_target_skip_unavailable': False, 'install_base': '/home/qianli/zyb/radar_station/install/Img_Handle', 'merge_install': False, 'path': '/home/qianli/zyb/radar_station/src/Img_Handle', 'symlink_install': False, 'test_result_base': None}
[0.766s] Level 5:colcon.colcon_core.verb:set package 'Qt5_displayer' build argument 'cmake_args' from command line to 'None'
[0.766s] Level 5:colcon.colcon_core.verb:set package 'Qt5_displayer' build argument 'cmake_target' from command line to 'None'
[0.766s] Level 5:colcon.colcon_core.verb:set package 'Qt5_displayer' build argument 'cmake_target_skip_unavailable' from command line to 'False'
[0.766s] Level 5:colcon.colcon_core.verb:set package 'Qt5_displayer' build argument 'cmake_clean_cache' from command line to 'False'
[0.766s] Level 5:colcon.colcon_core.verb:set package 'Qt5_displayer' build argument 'cmake_clean_first' from command line to 'False'
[0.766s] Level 5:colcon.colcon_core.verb:set package 'Qt5_displayer' build argument 'cmake_force_configure' from command line to 'False'
[0.766s] Level 5:colcon.colcon_core.verb:set package 'Qt5_displayer' build argument 'ament_cmake_args' from command line to 'None'
[0.766s] Level 5:colcon.colcon_core.verb:set package 'Qt5_displayer' build argument 'catkin_cmake_args' from command line to 'None'
[0.766s] Level 5:colcon.colcon_core.verb:set package 'Qt5_displayer' build argument 'catkin_skip_building_tests' from command line to 'False'
[0.766s] DEBUG:colcon.colcon_core.verb:Building package 'Qt5_displayer' with the following arguments: {'ament_cmake_args': None, 'build_base': '/home/qianli/zyb/radar_station/build/Qt5_displayer', 'catkin_cmake_args': None, 'catkin_skip_building_tests': False, 'cmake_args': None, 'cmake_clean_cache': False, 'cmake_clean_first': False, 'cmake_force_configure': False, 'cmake_target': None, 'cmake_target_skip_unavailable': False, 'install_base': '/home/qianli/zyb/radar_station/install/Qt5_displayer', 'merge_install': False, 'path': '/home/qianli/zyb/radar_station/src/Qt5_displayer', 'symlink_install': False, 'test_result_base': None}
[0.773s] Level 5:colcon.colcon_core.verb:set package 'get_depth' build argument 'cmake_args' from command line to 'None'
[0.773s] Level 5:colcon.colcon_core.verb:set package 'get_depth' build argument 'cmake_target' from command line to 'None'
[0.773s] Level 5:colcon.colcon_core.verb:set package 'get_depth' build argument 'cmake_target_skip_unavailable' from command line to 'False'
[0.773s] Level 5:colcon.colcon_core.verb:set package 'get_depth' build argument 'cmake_clean_cache' from command line to 'False'
[0.773s] Level 5:colcon.colcon_core.verb:set package 'get_depth' build argument 'cmake_clean_first' from command line to 'False'
[0.773s] Level 5:colcon.colcon_core.verb:set package 'get_depth' build argument 'cmake_force_configure' from command line to 'False'
[0.774s] Level 5:colcon.colcon_core.verb:set package 'get_depth' build argument 'ament_cmake_args' from command line to 'None'
[0.774s] Level 5:colcon.colcon_core.verb:set package 'get_depth' build argument 'catkin_cmake_args' from command line to 'None'
[0.774s] Level 5:colcon.colcon_core.verb:set package 'get_depth' build argument 'catkin_skip_building_tests' from command line to 'False'
[0.774s] DEBUG:colcon.colcon_core.verb:Building package 'get_depth' with the following arguments: {'ament_cmake_args': None, 'build_base': '/home/qianli/zyb/radar_station/build/get_depth', 'catkin_cmake_args': None, 'catkin_skip_building_tests': False, 'cmake_args': None, 'cmake_clean_cache': False, 'cmake_clean_first': False, 'cmake_force_configure': False, 'cmake_target': None, 'cmake_target_skip_unavailable': False, 'install_base': '/home/qianli/zyb/radar_station/install/get_depth', 'merge_install': False, 'path': '/home/qianli/zyb/radar_station/src/get_depth', 'symlink_install': False, 'test_result_base': None}
[0.780s] Level 5:colcon.colcon_core.verb:set package 'map_test' build argument 'cmake_args' from command line to 'None'
[0.780s] Level 5:colcon.colcon_core.verb:set package 'map_test' build argument 'cmake_target' from command line to 'None'
[0.780s] Level 5:colcon.colcon_core.verb:set package 'map_test' build argument 'cmake_target_skip_unavailable' from command line to 'False'
[0.780s] Level 5:colcon.colcon_core.verb:set package 'map_test' build argument 'cmake_clean_cache' from command line to 'False'
[0.780s] Level 5:colcon.colcon_core.verb:set package 'map_test' build argument 'cmake_clean_first' from command line to 'False'
[0.780s] Level 5:colcon.colcon_core.verb:set package 'map_test' build argument 'cmake_force_configure' from command line to 'False'
[0.780s] Level 5:colcon.colcon_core.verb:set package 'map_test' build argument 'ament_cmake_args' from command line to 'None'
[0.780s] Level 5:colcon.colcon_core.verb:set package 'map_test' build argument 'catkin_cmake_args' from command line to 'None'
[0.780s] Level 5:colcon.colcon_core.verb:set package 'map_test' build argument 'catkin_skip_building_tests' from command line to 'False'
[0.781s] DEBUG:colcon.colcon_core.verb:Building package 'map_test' with the following arguments: {'ament_cmake_args': None, 'build_base': '/home/qianli/zyb/radar_station/build/map_test', 'catkin_cmake_args': None, 'catkin_skip_building_tests': False, 'cmake_args': None, 'cmake_clean_cache': False, 'cmake_clean_first': False, 'cmake_force_configure': False, 'cmake_target': None, 'cmake_target_skip_unavailable': False, 'install_base': '/home/qianli/zyb/radar_station/install/map_test', 'merge_install': False, 'path': '/home/qianli/zyb/radar_station/src/map_test', 'symlink_install': False, 'test_result_base': None}
[0.787s] INFO:colcon.colcon_core.executor:Executing jobs using 'parallel' executor
[0.795s] DEBUG:colcon.colcon_parallel_executor.executor.parallel:run_until_complete
[0.796s] INFO:colcon.colcon_ros.task.ament_cmake.build:Building ROS package in '/home/qianli/zyb/radar_station/src/my_msgss' with build type 'ament_cmake'
[0.796s] INFO:colcon.colcon_cmake.task.cmake.build:Building CMake package in '/home/qianli/zyb/radar_station/src/my_msgss'
[0.806s] INFO:colcon.colcon_core.plugin_system:Skipping extension 'colcon_core.shell.bat': Not used on non-Windows systems
[0.806s] INFO:colcon.colcon_core.shell:Skip shell extension 'powershell' for command environment: Not usable outside of PowerShell
[0.806s] DEBUG:colcon.colcon_core.shell:Skip shell extension 'dsv' for command environment
[0.830s] INFO:colcon.colcon_ros.task.ament_cmake.build:Building ROS package in '/home/qianli/zyb/radar_station/src/Yolo_Handle' with build type 'ament_cmake'
[0.830s] INFO:colcon.colcon_cmake.task.cmake.build:Building CMake package in '/home/qianli/zyb/radar_station/src/Yolo_Handle'
[0.838s] INFO:colcon.colcon_core.shell:Skip shell extension 'powershell' for command environment: Not usable outside of PowerShell
[0.838s] DEBUG:colcon.colcon_core.shell:Skip shell extension 'dsv' for command environment
[0.862s] INFO:colcon.colcon_ros.task.ament_cmake.build:Building ROS package in '/home/qianli/zyb/radar_station/src/ros2_mindvision_mutiple_camera' with build type 'ament_cmake'
[0.862s] INFO:colcon.colcon_cmake.task.cmake.build:Building CMake package in '/home/qianli/zyb/radar_station/src/ros2_mindvision_mutiple_camera'
[0.870s] INFO:colcon.colcon_core.shell:Skip shell extension 'powershell' for command environment: Not usable outside of PowerShell
[0.870s] DEBUG:colcon.colcon_core.shell:Skip shell extension 'dsv' for command environment
[0.898s] DEBUG:colcon.colcon_core.event_handler.log_command:Invoking command in '/home/qianli/zyb/radar_station/build/my_msgss': CMAKE_PREFIX_PATH=${CMAKE_PREFIX_PATH}:/opt/ros/humble /usr/bin/cmake --build /home/qianli/zyb/radar_station/build/my_msgss -- -j16 -l16
[0.903s] DEBUG:colcon.colcon_core.event_handler.log_command:Invoking command in '/home/qianli/zyb/radar_station/build/Yolo_Handle': CMAKE_PREFIX_PATH=${CMAKE_PREFIX_PATH}:/opt/ros/humble /usr/bin/cmake --build /home/qianli/zyb/radar_station/build/Yolo_Handle -- -j16 -l16
[0.908s] DEBUG:colcon.colcon_core.event_handler.log_command:Invoking command in '/home/qianli/zyb/radar_station/build/mindvision_camera': CMAKE_PREFIX_PATH=${CMAKE_PREFIX_PATH}:/opt/ros/humble /usr/bin/cmake --build /home/qianli/zyb/radar_station/build/mindvision_camera -- -j16 -l16
[0.930s] DEBUG:colcon.colcon_core.event_handler.log_command:Invoked command in '/home/qianli/zyb/radar_station/build/Yolo_Handle' returned '0': CMAKE_PREFIX_PATH=${CMAKE_PREFIX_PATH}:/opt/ros/humble /usr/bin/cmake --build /home/qianli/zyb/radar_station/build/Yolo_Handle -- -j16 -l16
[0.959s] DEBUG:colcon.colcon_core.event_handler.log_command:Invoking command in '/home/qianli/zyb/radar_station/build/Yolo_Handle': CMAKE_PREFIX_PATH=${CMAKE_PREFIX_PATH}:/opt/ros/humble /usr/bin/cmake --install /home/qianli/zyb/radar_station/build/Yolo_Handle
[0.962s] DEBUG:colcon.colcon_core.event_handler.log_command:Invoked command in '/home/qianli/zyb/radar_station/build/mindvision_camera' returned '0': CMAKE_PREFIX_PATH=${CMAKE_PREFIX_PATH}:/opt/ros/humble /usr/bin/cmake --build /home/qianli/zyb/radar_station/build/mindvision_camera -- -j16 -l16
[0.964s] Level 1:colcon.colcon_core.environment:create_environment_scripts_only(Yolo_Handle)
[0.965s] DEBUG:colcon.colcon_core.event_handler.log_command:Invoked command in '/home/qianli/zyb/radar_station/build/Yolo_Handle' returned '0': CMAKE_PREFIX_PATH=${CMAKE_PREFIX_PATH}:/opt/ros/humble /usr/bin/cmake --install /home/qianli/zyb/radar_station/build/Yolo_Handle
[0.976s] Level 1:colcon.colcon_core.environment:checking '/home/qianli/zyb/radar_station/install/Yolo_Handle' for CMake module files
[0.976s] Level 1:colcon.colcon_core.environment:checking '/home/qianli/zyb/radar_station/install/Yolo_Handle' for CMake config files
[0.976s] Level 1:colcon.colcon_core.shell:create_environment_hook('Yolo_Handle', 'cmake_prefix_path')
[0.992s] INFO:colcon.colcon_core.shell:Creating environment hook '/home/qianli/zyb/radar_station/install/Yolo_Handle/share/Yolo_Handle/hook/cmake_prefix_path.ps1'
[0.993s] INFO:colcon.colcon_core.shell:Creating environment descriptor '/home/qianli/zyb/radar_station/install/Yolo_Handle/share/Yolo_Handle/hook/cmake_prefix_path.dsv'
[0.993s] INFO:colcon.colcon_core.shell:Creating environment hook '/home/qianli/zyb/radar_station/install/Yolo_Handle/share/Yolo_Handle/hook/cmake_prefix_path.sh'
[0.994s] Level 1:colcon.colcon_core.environment:checking '/home/qianli/zyb/radar_station/install/Yolo_Handle/bin'
[0.994s] Level 1:colcon.colcon_core.environment:checking '/home/qianli/zyb/radar_station/install/Yolo_Handle/lib/pkgconfig/Yolo_Handle.pc'
[0.994s] Level 1:colcon.colcon_core.environment:checking '/home/qianli/zyb/radar_station/install/Yolo_Handle/lib/python3.10/site-packages'
[0.994s] Level 1:colcon.colcon_core.environment:checking '/home/qianli/zyb/radar_station/install/Yolo_Handle/bin'
[1.003s] INFO:colcon.colcon_core.shell:Creating package script '/home/qianli/zyb/radar_station/install/Yolo_Handle/share/Yolo_Handle/package.ps1'
[1.004s] INFO:colcon.colcon_core.shell:Creating package descriptor '/home/qianli/zyb/radar_station/install/Yolo_Handle/share/Yolo_Handle/package.dsv'
[1.004s] INFO:colcon.colcon_core.shell:Creating package script '/home/qianli/zyb/radar_station/install/Yolo_Handle/share/Yolo_Handle/package.sh'
[1.004s] INFO:colcon.colcon_core.shell:Creating package script '/home/qianli/zyb/radar_station/install/Yolo_Handle/share/Yolo_Handle/package.bash'
[1.005s] INFO:colcon.colcon_core.shell:Creating package script '/home/qianli/zyb/radar_station/install/Yolo_Handle/share/Yolo_Handle/package.zsh'
[1.005s] Level 1:colcon.colcon_core.environment:create_file_with_runtime_dependencies(/home/qianli/zyb/radar_station/install/Yolo_Handle/share/colcon-core/packages/Yolo_Handle)
[1.008s] DEBUG:colcon.colcon_core.event_handler.log_command:Invoking command in '/home/qianli/zyb/radar_station/build/mindvision_camera': CMAKE_PREFIX_PATH=${CMAKE_PREFIX_PATH}:/opt/ros/humble /usr/bin/cmake --install /home/qianli/zyb/radar_station/build/mindvision_camera
[1.013s] Level 1:colcon.colcon_core.environment:create_environment_scripts_only(mindvision_camera)
[1.021s] DEBUG:colcon.colcon_core.event_handler.log_command:Invoked command in '/home/qianli/zyb/radar_station/build/mindvision_camera' returned '0': CMAKE_PREFIX_PATH=${CMAKE_PREFIX_PATH}:/opt/ros/humble /usr/bin/cmake --install /home/qianli/zyb/radar_station/build/mindvision_camera
[1.025s] Level 1:colcon.colcon_core.environment:checking '/home/qianli/zyb/radar_station/install/mindvision_camera' for CMake module files
[1.025s] Level 1:colcon.colcon_core.environment:checking '/home/qianli/zyb/radar_station/install/mindvision_camera' for CMake config files
[1.025s] Level 1:colcon.colcon_core.shell:create_environment_hook('mindvision_camera', 'cmake_prefix_path')
[1.032s] INFO:colcon.colcon_core.shell:Creating environment hook '/home/qianli/zyb/radar_station/install/mindvision_camera/share/mindvision_camera/hook/cmake_prefix_path.ps1'
[1.033s] INFO:colcon.colcon_core.shell:Creating environment descriptor '/home/qianli/zyb/radar_station/install/mindvision_camera/share/mindvision_camera/hook/cmake_prefix_path.dsv'
[1.033s] INFO:colcon.colcon_core.shell:Creating environment hook '/home/qianli/zyb/radar_station/install/mindvision_camera/share/mindvision_camera/hook/cmake_prefix_path.sh'
[1.033s] Level 1:colcon.colcon_core.environment:checking '/home/qianli/zyb/radar_station/install/mindvision_camera/lib'
[1.033s] Level 1:colcon.colcon_core.shell:create_environment_hook('mindvision_camera', 'ld_library_path_lib')
[1.041s] INFO:colcon.colcon_core.shell:Creating environment hook '/home/qianli/zyb/radar_station/install/mindvision_camera/share/mindvision_camera/hook/ld_library_path_lib.ps1'
[1.041s] INFO:colcon.colcon_core.shell:Creating environment descriptor '/home/qianli/zyb/radar_station/install/mindvision_camera/share/mindvision_camera/hook/ld_library_path_lib.dsv'
[1.041s] INFO:colcon.colcon_core.shell:Creating environment hook '/home/qianli/zyb/radar_station/install/mindvision_camera/share/mindvision_camera/hook/ld_library_path_lib.sh'
[1.042s] Level 1:colcon.colcon_core.environment:checking '/home/qianli/zyb/radar_station/install/mindvision_camera/bin'
[1.042s] Level 1:colcon.colcon_core.environment:checking '/home/qianli/zyb/radar_station/install/mindvision_camera/lib/pkgconfig/mindvision_camera.pc'
[1.042s] Level 1:colcon.colcon_core.environment:checking '/home/qianli/zyb/radar_station/install/mindvision_camera/lib/python3.10/site-packages'
[1.042s] Level 1:colcon.colcon_core.environment:checking '/home/qianli/zyb/radar_station/install/mindvision_camera/bin'
[1.049s] INFO:colcon.colcon_core.shell:Creating package script '/home/qianli/zyb/radar_station/install/mindvision_camera/share/mindvision_camera/package.ps1'
[1.049s] INFO:colcon.colcon_core.shell:Creating package descriptor '/home/qianli/zyb/radar_station/install/mindvision_camera/share/mindvision_camera/package.dsv'
[1.049s] INFO:colcon.colcon_core.shell:Creating package script '/home/qianli/zyb/radar_station/install/mindvision_camera/share/mindvision_camera/package.sh'
[1.050s] INFO:colcon.colcon_core.shell:Creating package script '/home/qianli/zyb/radar_station/install/mindvision_camera/share/mindvision_camera/package.bash'
[1.050s] INFO:colcon.colcon_core.shell:Creating package script '/home/qianli/zyb/radar_station/install/mindvision_camera/share/mindvision_camera/package.zsh'
[1.050s] Level 1:colcon.colcon_core.environment:create_file_with_runtime_dependencies(/home/qianli/zyb/radar_station/install/mindvision_camera/share/colcon-core/packages/mindvision_camera)
[1.059s] Level 1:colcon.colcon_core.environment:create_environment_scripts_only(Yolo_Handle)
[1.068s] Level 1:colcon.colcon_core.environment:checking '/home/qianli/zyb/radar_station/install/Yolo_Handle' for CMake module files
[1.068s] Level 1:colcon.colcon_core.environment:checking '/home/qianli/zyb/radar_station/install/Yolo_Handle' for CMake config files
[1.068s] Level 1:colcon.colcon_core.shell:create_environment_hook('Yolo_Handle', 'cmake_prefix_path')
[1.075s] INFO:colcon.colcon_core.shell:Creating environment hook '/home/qianli/zyb/radar_station/install/Yolo_Handle/share/Yolo_Handle/hook/cmake_prefix_path.ps1'
[1.076s] INFO:colcon.colcon_core.shell:Creating environment descriptor '/home/qianli/zyb/radar_station/install/Yolo_Handle/share/Yolo_Handle/hook/cmake_prefix_path.dsv'
[1.076s] INFO:colcon.colcon_core.shell:Creating environment hook '/home/qianli/zyb/radar_station/install/Yolo_Handle/share/Yolo_Handle/hook/cmake_prefix_path.sh'
[1.076s] Level 1:colcon.colcon_core.environment:checking '/home/qianli/zyb/radar_station/install/Yolo_Handle/bin'
[1.076s] Level 1:colcon.colcon_core.environment:checking '/home/qianli/zyb/radar_station/install/Yolo_Handle/lib/pkgconfig/Yolo_Handle.pc'
[1.076s] Level 1:colcon.colcon_core.environment:checking '/home/qianli/zyb/radar_station/install/Yolo_Handle/lib/python3.10/site-packages'
[1.076s] Level 1:colcon.colcon_core.environment:checking '/home/qianli/zyb/radar_station/install/Yolo_Handle/bin'
[1.084s] INFO:colcon.colcon_core.shell:Creating package script '/home/qianli/zyb/radar_station/install/Yolo_Handle/share/Yolo_Handle/package.ps1'
[1.084s] INFO:colcon.colcon_core.shell:Creating package descriptor '/home/qianli/zyb/radar_station/install/Yolo_Handle/share/Yolo_Handle/package.dsv'
[1.084s] INFO:colcon.colcon_core.shell:Creating package script '/home/qianli/zyb/radar_station/install/Yolo_Handle/share/Yolo_Handle/package.sh'
[1.084s] INFO:colcon.colcon_core.shell:Creating package script '/home/qianli/zyb/radar_station/install/Yolo_Handle/share/Yolo_Handle/package.bash'
[1.085s] INFO:colcon.colcon_core.shell:Creating package script '/home/qianli/zyb/radar_station/install/Yolo_Handle/share/Yolo_Handle/package.zsh'
[1.085s] Level 1:colcon.colcon_core.environment:create_file_with_runtime_dependencies(/home/qianli/zyb/radar_station/install/Yolo_Handle/share/colcon-core/packages/Yolo_Handle)
[1.093s] Level 1:colcon.colcon_core.environment:create_environment_scripts_only(mindvision_camera)
[1.101s] Level 1:colcon.colcon_core.environment:checking '/home/qianli/zyb/radar_station/install/mindvision_camera' for CMake module files
[1.102s] Level 1:colcon.colcon_core.environment:checking '/home/qianli/zyb/radar_station/install/mindvision_camera' for CMake config files
[1.102s] Level 1:colcon.colcon_core.shell:create_environment_hook('mindvision_camera', 'cmake_prefix_path')
[1.109s] INFO:colcon.colcon_core.shell:Creating environment hook '/home/qianli/zyb/radar_station/install/mindvision_camera/share/mindvision_camera/hook/cmake_prefix_path.ps1'
[1.110s] INFO:colcon.colcon_core.shell:Creating environment descriptor '/home/qianli/zyb/radar_station/install/mindvision_camera/share/mindvision_camera/hook/cmake_prefix_path.dsv'
[1.110s] INFO:colcon.colcon_core.shell:Creating environment hook '/home/qianli/zyb/radar_station/install/mindvision_camera/share/mindvision_camera/hook/cmake_prefix_path.sh'
[1.110s] Level 1:colcon.colcon_core.environment:checking '/home/qianli/zyb/radar_station/install/mindvision_camera/lib'
[1.110s] Level 1:colcon.colcon_core.shell:create_environment_hook('mindvision_camera', 'ld_library_path_lib')
[1.118s] INFO:colcon.colcon_core.shell:Creating environment hook '/home/qianli/zyb/radar_station/install/mindvision_camera/share/mindvision_camera/hook/ld_library_path_lib.ps1'
[1.119s] INFO:colcon.colcon_core.shell:Creating environment descriptor '/home/qianli/zyb/radar_station/install/mindvision_camera/share/mindvision_camera/hook/ld_library_path_lib.dsv'
[1.119s] INFO:colcon.colcon_core.shell:Creating environment hook '/home/qianli/zyb/radar_station/install/mindvision_camera/share/mindvision_camera/hook/ld_library_path_lib.sh'
[1.119s] Level 1:colcon.colcon_core.environment:checking '/home/qianli/zyb/radar_station/install/mindvision_camera/bin'
[1.119s] Level 1:colcon.colcon_core.environment:checking '/home/qianli/zyb/radar_station/install/mindvision_camera/lib/pkgconfig/mindvision_camera.pc'
[1.119s] Level 1:colcon.colcon_core.environment:checking '/home/qianli/zyb/radar_station/install/mindvision_camera/lib/python3.10/site-packages'
[1.119s] Level 1:colcon.colcon_core.environment:checking '/home/qianli/zyb/radar_station/install/mindvision_camera/bin'
[1.127s] INFO:colcon.colcon_core.shell:Creating package script '/home/qianli/zyb/radar_station/install/mindvision_camera/share/mindvision_camera/package.ps1'
[1.128s] INFO:colcon.colcon_core.shell:Creating package descriptor '/home/qianli/zyb/radar_station/install/mindvision_camera/share/mindvision_camera/package.dsv'
[1.128s] INFO:colcon.colcon_core.shell:Creating package script '/home/qianli/zyb/radar_station/install/mindvision_camera/share/mindvision_camera/package.sh'
[1.128s] INFO:colcon.colcon_core.shell:Creating package script '/home/qianli/zyb/radar_station/install/mindvision_camera/share/mindvision_camera/package.bash'
[1.129s] INFO:colcon.colcon_core.shell:Creating package script '/home/qianli/zyb/radar_station/install/mindvision_camera/share/mindvision_camera/package.zsh'
[1.129s] Level 1:colcon.colcon_core.environment:create_file_with_runtime_dependencies(/home/qianli/zyb/radar_station/install/mindvision_camera/share/colcon-core/packages/mindvision_camera)
[1.131s] DEBUG:colcon.colcon_core.event_handler.log_command:Invoked command in '/home/qianli/zyb/radar_station/build/my_msgss' returned '0': CMAKE_PREFIX_PATH=${CMAKE_PREFIX_PATH}:/opt/ros/humble /usr/bin/cmake --build /home/qianli/zyb/radar_station/build/my_msgss -- -j16 -l16
[1.204s] DEBUG:colcon.colcon_core.event_handler.log_command:Invoking command in '/home/qianli/zyb/radar_station/build/my_msgss': CMAKE_PREFIX_PATH=${CMAKE_PREFIX_PATH}:/opt/ros/humble /usr/bin/cmake --install /home/qianli/zyb/radar_station/build/my_msgss
[1.240s] Level 1:colcon.colcon_core.environment:create_environment_scripts_only(my_msgss)
[1.240s] DEBUG:colcon.colcon_core.event_handler.log_command:Invoked command in '/home/qianli/zyb/radar_station/build/my_msgss' returned '0': CMAKE_PREFIX_PATH=${CMAKE_PREFIX_PATH}:/opt/ros/humble /usr/bin/cmake --install /home/qianli/zyb/radar_station/build/my_msgss
[1.248s] Level 1:colcon.colcon_core.environment:checking '/home/qianli/zyb/radar_station/install/my_msgss' for CMake module files
[1.248s] Level 1:colcon.colcon_core.environment:checking '/home/qianli/zyb/radar_station/install/my_msgss' for CMake config files
[1.249s] Level 1:colcon.colcon_core.shell:create_environment_hook('my_msgss', 'cmake_prefix_path')
[1.256s] INFO:colcon.colcon_core.shell:Creating environment hook '/home/qianli/zyb/radar_station/install/my_msgss/share/my_msgss/hook/cmake_prefix_path.ps1'
[1.256s] INFO:colcon.colcon_core.shell:Creating environment descriptor '/home/qianli/zyb/radar_station/install/my_msgss/share/my_msgss/hook/cmake_prefix_path.dsv'
[1.256s] INFO:colcon.colcon_core.shell:Creating environment hook '/home/qianli/zyb/radar_station/install/my_msgss/share/my_msgss/hook/cmake_prefix_path.sh'
[1.257s] Level 1:colcon.colcon_core.environment:checking '/home/qianli/zyb/radar_station/install/my_msgss/lib'
[1.257s] Level 1:colcon.colcon_core.shell:create_environment_hook('my_msgss', 'ld_library_path_lib')
[1.264s] INFO:colcon.colcon_core.shell:Creating environment hook '/home/qianli/zyb/radar_station/install/my_msgss/share/my_msgss/hook/ld_library_path_lib.ps1'
[1.264s] INFO:colcon.colcon_core.shell:Creating environment descriptor '/home/qianli/zyb/radar_station/install/my_msgss/share/my_msgss/hook/ld_library_path_lib.dsv'
[1.264s] INFO:colcon.colcon_core.shell:Creating environment hook '/home/qianli/zyb/radar_station/install/my_msgss/share/my_msgss/hook/ld_library_path_lib.sh'
[1.265s] Level 1:colcon.colcon_core.environment:checking '/home/qianli/zyb/radar_station/install/my_msgss/bin'
[1.265s] Level 1:colcon.colcon_core.environment:checking '/home/qianli/zyb/radar_station/install/my_msgss/lib/pkgconfig/my_msgss.pc'
[1.265s] Level 1:colcon.colcon_core.environment:checking '/home/qianli/zyb/radar_station/install/my_msgss/lib/python3.10/site-packages'
[1.265s] Level 1:colcon.colcon_core.environment:checking '/home/qianli/zyb/radar_station/install/my_msgss/bin'
[1.272s] INFO:colcon.colcon_core.shell:Creating package script '/home/qianli/zyb/radar_station/install/my_msgss/share/my_msgss/package.ps1'
[1.273s] INFO:colcon.colcon_core.shell:Creating package descriptor '/home/qianli/zyb/radar_station/install/my_msgss/share/my_msgss/package.dsv'
[1.273s] INFO:colcon.colcon_core.shell:Creating package script '/home/qianli/zyb/radar_station/install/my_msgss/share/my_msgss/package.sh'
[1.273s] INFO:colcon.colcon_core.shell:Creating package script '/home/qianli/zyb/radar_station/install/my_msgss/share/my_msgss/package.bash'
[1.273s] INFO:colcon.colcon_core.shell:Creating package script '/home/qianli/zyb/radar_station/install/my_msgss/share/my_msgss/package.zsh'
[1.273s] Level 1:colcon.colcon_core.environment:create_file_with_runtime_dependencies(/home/qianli/zyb/radar_station/install/my_msgss/share/colcon-core/packages/my_msgss)
[1.354s] Level 1:colcon.colcon_core.environment:create_environment_scripts_only(my_msgss)
[1.361s] Level 1:colcon.colcon_core.environment:checking '/home/qianli/zyb/radar_station/install/my_msgss' for CMake module files
[1.361s] Level 1:colcon.colcon_core.environment:checking '/home/qianli/zyb/radar_station/install/my_msgss' for CMake config files
[1.362s] Level 1:colcon.colcon_core.shell:create_environment_hook('my_msgss', 'cmake_prefix_path')
[1.369s] INFO:colcon.colcon_core.shell:Creating environment hook '/home/qianli/zyb/radar_station/install/my_msgss/share/my_msgss/hook/cmake_prefix_path.ps1'
[1.369s] INFO:colcon.colcon_core.shell:Creating environment descriptor '/home/qianli/zyb/radar_station/install/my_msgss/share/my_msgss/hook/cmake_prefix_path.dsv'
[1.369s] INFO:colcon.colcon_core.shell:Creating environment hook '/home/qianli/zyb/radar_station/install/my_msgss/share/my_msgss/hook/cmake_prefix_path.sh'
[1.370s] Level 1:colcon.colcon_core.environment:checking '/home/qianli/zyb/radar_station/install/my_msgss/lib'
[1.370s] Level 1:colcon.colcon_core.shell:create_environment_hook('my_msgss', 'ld_library_path_lib')
[1.377s] INFO:colcon.colcon_core.shell:Creating environment hook '/home/qianli/zyb/radar_station/install/my_msgss/share/my_msgss/hook/ld_library_path_lib.ps1'
[1.377s] INFO:colcon.colcon_core.shell:Creating environment descriptor '/home/qianli/zyb/radar_station/install/my_msgss/share/my_msgss/hook/ld_library_path_lib.dsv'
[1.377s] INFO:colcon.colcon_core.shell:Creating environment hook '/home/qianli/zyb/radar_station/install/my_msgss/share/my_msgss/hook/ld_library_path_lib.sh'
[1.377s] Level 1:colcon.colcon_core.environment:checking '/home/qianli/zyb/radar_station/install/my_msgss/bin'
[1.377s] Level 1:colcon.colcon_core.environment:checking '/home/qianli/zyb/radar_station/install/my_msgss/lib/pkgconfig/my_msgss.pc'
[1.377s] Level 1:colcon.colcon_core.environment:checking '/home/qianli/zyb/radar_station/install/my_msgss/lib/python3.10/site-packages'
[1.378s] Level 1:colcon.colcon_core.environment:checking '/home/qianli/zyb/radar_station/install/my_msgss/bin'
[1.385s] INFO:colcon.colcon_core.shell:Creating package script '/home/qianli/zyb/radar_station/install/my_msgss/share/my_msgss/package.ps1'
[1.385s] INFO:colcon.colcon_core.shell:Creating package descriptor '/home/qianli/zyb/radar_station/install/my_msgss/share/my_msgss/package.dsv'
[1.385s] INFO:colcon.colcon_core.shell:Creating package script '/home/qianli/zyb/radar_station/install/my_msgss/share/my_msgss/package.sh'
[1.385s] INFO:colcon.colcon_core.shell:Creating package script '/home/qianli/zyb/radar_station/install/my_msgss/share/my_msgss/package.bash'
[1.386s] INFO:colcon.colcon_core.shell:Creating package script '/home/qianli/zyb/radar_station/install/my_msgss/share/my_msgss/package.zsh'
[1.386s] Level 1:colcon.colcon_core.environment:create_file_with_runtime_dependencies(/home/qianli/zyb/radar_station/install/my_msgss/share/colcon-core/packages/my_msgss)
[1.386s] INFO:colcon.colcon_ros.task.ament_cmake.build:Building ROS package in '/home/qianli/zyb/radar_station/src/Game_Map' with build type 'ament_cmake'
[1.386s] INFO:colcon.colcon_cmake.task.cmake.build:Building CMake package in '/home/qianli/zyb/radar_station/src/Game_Map'
[1.394s] INFO:colcon.colcon_core.shell:Skip shell extension 'powershell' for command environment: Not usable outside of PowerShell
[1.394s] DEBUG:colcon.colcon_core.shell:Skip shell extension 'dsv' for command environment
[1.418s] INFO:colcon.colcon_ros.task.ament_cmake.build:Building ROS package in '/home/qianli/zyb/radar_station/src/Img_Handle' with build type 'ament_cmake'
[1.418s] INFO:colcon.colcon_cmake.task.cmake.build:Building CMake package in '/home/qianli/zyb/radar_station/src/Img_Handle'
[1.426s] INFO:colcon.colcon_core.shell:Skip shell extension 'powershell' for command environment: Not usable outside of PowerShell
[1.426s] DEBUG:colcon.colcon_core.shell:Skip shell extension 'dsv' for command environment
[1.450s] INFO:colcon.colcon_ros.task.ament_cmake.build:Building ROS package in '/home/qianli/zyb/radar_station/src/Qt5_displayer' with build type 'ament_cmake'
[1.450s] INFO:colcon.colcon_cmake.task.cmake.build:Building CMake package in '/home/qianli/zyb/radar_station/src/Qt5_displayer'
[1.458s] INFO:colcon.colcon_core.shell:Skip shell extension 'powershell' for command environment: Not usable outside of PowerShell
[1.458s] DEBUG:colcon.colcon_core.shell:Skip shell extension 'dsv' for command environment
[1.483s] INFO:colcon.colcon_ros.task.ament_cmake.build:Building ROS package in '/home/qianli/zyb/radar_station/src/get_depth' with build type 'ament_cmake'
[1.483s] INFO:colcon.colcon_cmake.task.cmake.build:Building CMake package in '/home/qianli/zyb/radar_station/src/get_depth'
[1.491s] INFO:colcon.colcon_core.shell:Skip shell extension 'powershell' for command environment: Not usable outside of PowerShell
[1.491s] DEBUG:colcon.colcon_core.shell:Skip shell extension 'dsv' for command environment
[1.515s] INFO:colcon.colcon_ros.task.ament_cmake.build:Building ROS package in '/home/qianli/zyb/radar_station/src/map_test' with build type 'ament_cmake'
[1.515s] INFO:colcon.colcon_cmake.task.cmake.build:Building CMake package in '/home/qianli/zyb/radar_station/src/map_test'
[1.523s] INFO:colcon.colcon_core.shell:Skip shell extension 'powershell' for command environment: Not usable outside of PowerShell
[1.523s] DEBUG:colcon.colcon_core.shell:Skip shell extension 'dsv' for command environment
[1.551s] DEBUG:colcon.colcon_core.event_handler.log_command:Invoking command in '/home/qianli/zyb/radar_station/build/Game_Map': CMAKE_PREFIX_PATH=/home/qianli/zyb/radar_station/install/my_msgss:/home/qianli/zyb/radar_station/install/map_test:/home/qianli/zyb/radar_station/install/get_depth:/home/qianli/zyb/radar_station/install/Qt5_displayer:/home/qianli/zyb/radar_station/install/Img_Handle:/home/qianli/zyb/radar_station/install/Game_Map:/home/qianli/zyb/radar_station/install/mindvision_camera:/home/qianli/zyb/radar_station/install/Yolo_Handle:/opt/ros/humble /usr/bin/cmake --build /home/qianli/zyb/radar_station/build/Game_Map -- -j16 -l16
[1.553s] DEBUG:colcon.colcon_core.event_handler.log_command:Invoking command in '/home/qianli/zyb/radar_station/build/Img_Handle': CMAKE_PREFIX_PATH=/home/qianli/zyb/radar_station/install/my_msgss:/home/qianli/zyb/radar_station/install/map_test:/home/qianli/zyb/radar_station/install/get_depth:/home/qianli/zyb/radar_station/install/Qt5_displayer:/home/qianli/zyb/radar_station/install/Img_Handle:/home/qianli/zyb/radar_station/install/Game_Map:/home/qianli/zyb/radar_station/install/mindvision_camera:/home/qianli/zyb/radar_station/install/Yolo_Handle:/opt/ros/humble /usr/bin/cmake --build /home/qianli/zyb/radar_station/build/Img_Handle -- -j16 -l16
[1.556s] DEBUG:colcon.colcon_core.event_handler.log_command:Invoking command in '/home/qianli/zyb/radar_station/build/Qt5_displayer': CMAKE_PREFIX_PATH=/home/qianli/zyb/radar_station/install/my_msgss:/home/qianli/zyb/radar_station/install/map_test:/home/qianli/zyb/radar_station/install/get_depth:/home/qianli/zyb/radar_station/install/Qt5_displayer:/home/qianli/zyb/radar_station/install/Img_Handle:/home/qianli/zyb/radar_station/install/Game_Map:/home/qianli/zyb/radar_station/install/mindvision_camera:/home/qianli/zyb/radar_station/install/Yolo_Handle:/opt/ros/humble /usr/bin/cmake --build /home/qianli/zyb/radar_station/build/Qt5_displayer -- -j16 -l16
[1.561s] DEBUG:colcon.colcon_core.event_handler.log_command:Invoking command in '/home/qianli/zyb/radar_station/build/get_depth': CMAKE_PREFIX_PATH=/home/qianli/zyb/radar_station/install/my_msgss:/home/qianli/zyb/radar_station/install/map_test:/home/qianli/zyb/radar_station/install/get_depth:/home/qianli/zyb/radar_station/install/Qt5_displayer:/home/qianli/zyb/radar_station/install/Img_Handle:/home/qianli/zyb/radar_station/install/Game_Map:/home/qianli/zyb/radar_station/install/mindvision_camera:/home/qianli/zyb/radar_station/install/Yolo_Handle:/opt/ros/humble /usr/bin/cmake --build /home/qianli/zyb/radar_station/build/get_depth -- -j16 -l16
[1.566s] DEBUG:colcon.colcon_core.event_handler.log_command:Invoking command in '/home/qianli/zyb/radar_station/build/map_test': CMAKE_PREFIX_PATH=/home/qianli/zyb/radar_station/install/my_msgss:/home/qianli/zyb/radar_station/install/map_test:/home/qianli/zyb/radar_station/install/get_depth:/home/qianli/zyb/radar_station/install/Qt5_displayer:/home/qianli/zyb/radar_station/install/Img_Handle:/home/qianli/zyb/radar_station/install/Game_Map:/home/qianli/zyb/radar_station/install/mindvision_camera:/home/qianli/zyb/radar_station/install/Yolo_Handle:/opt/ros/humble /usr/bin/cmake --build /home/qianli/zyb/radar_station/build/map_test -- -j16 -l16
[1.594s] DEBUG:colcon.colcon_core.event_handler.log_command:Invoked command in '/home/qianli/zyb/radar_station/build/Game_Map' returned '0': CMAKE_PREFIX_PATH=/home/qianli/zyb/radar_station/install/my_msgss:/home/qianli/zyb/radar_station/install/map_test:/home/qianli/zyb/radar_station/install/get_depth:/home/qianli/zyb/radar_station/install/Qt5_displayer:/home/qianli/zyb/radar_station/install/Img_Handle:/home/qianli/zyb/radar_station/install/Game_Map:/home/qianli/zyb/radar_station/install/mindvision_camera:/home/qianli/zyb/radar_station/install/Yolo_Handle:/opt/ros/humble /usr/bin/cmake --build /home/qianli/zyb/radar_station/build/Game_Map -- -j16 -l16
[1.603s] DEBUG:colcon.colcon_core.event_handler.log_command:Invoked command in '/home/qianli/zyb/radar_station/build/map_test' returned '0': CMAKE_PREFIX_PATH=/home/qianli/zyb/radar_station/install/my_msgss:/home/qianli/zyb/radar_station/install/map_test:/home/qianli/zyb/radar_station/install/get_depth:/home/qianli/zyb/radar_station/install/Qt5_displayer:/home/qianli/zyb/radar_station/install/Img_Handle:/home/qianli/zyb/radar_station/install/Game_Map:/home/qianli/zyb/radar_station/install/mindvision_camera:/home/qianli/zyb/radar_station/install/Yolo_Handle:/opt/ros/humble /usr/bin/cmake --build /home/qianli/zyb/radar_station/build/map_test -- -j16 -l16
[1.609s] DEBUG:colcon.colcon_core.event_handler.log_command:Invoking command in '/home/qianli/zyb/radar_station/build/Game_Map': CMAKE_PREFIX_PATH=/home/qianli/zyb/radar_station/install/my_msgss:/home/qianli/zyb/radar_station/install/map_test:/home/qianli/zyb/radar_station/install/get_depth:/home/qianli/zyb/radar_station/install/Qt5_displayer:/home/qianli/zyb/radar_station/install/Img_Handle:/home/qianli/zyb/radar_station/install/Game_Map:/home/qianli/zyb/radar_station/install/mindvision_camera:/home/qianli/zyb/radar_station/install/Yolo_Handle:/opt/ros/humble /usr/bin/cmake --install /home/qianli/zyb/radar_station/build/Game_Map
[1.610s] DEBUG:colcon.colcon_core.event_handler.log_command:Invoked command in '/home/qianli/zyb/radar_station/build/get_depth' returned '0': CMAKE_PREFIX_PATH=/home/qianli/zyb/radar_station/install/my_msgss:/home/qianli/zyb/radar_station/install/map_test:/home/qianli/zyb/radar_station/install/get_depth:/home/qianli/zyb/radar_station/install/Qt5_displayer:/home/qianli/zyb/radar_station/install/Img_Handle:/home/qianli/zyb/radar_station/install/Game_Map:/home/qianli/zyb/radar_station/install/mindvision_camera:/home/qianli/zyb/radar_station/install/Yolo_Handle:/opt/ros/humble /usr/bin/cmake --build /home/qianli/zyb/radar_station/build/get_depth -- -j16 -l16
[1.615s] Level 1:colcon.colcon_core.environment:create_environment_scripts_only(Game_Map)
[1.618s] DEBUG:colcon.colcon_core.event_handler.log_command:Invoked command in '/home/qianli/zyb/radar_station/build/Game_Map' returned '0': CMAKE_PREFIX_PATH=/home/qianli/zyb/radar_station/install/my_msgss:/home/qianli/zyb/radar_station/install/map_test:/home/qianli/zyb/radar_station/install/get_depth:/home/qianli/zyb/radar_station/install/Qt5_displayer:/home/qianli/zyb/radar_station/install/Img_Handle:/home/qianli/zyb/radar_station/install/Game_Map:/home/qianli/zyb/radar_station/install/mindvision_camera:/home/qianli/zyb/radar_station/install/Yolo_Handle:/opt/ros/humble /usr/bin/cmake --install /home/qianli/zyb/radar_station/build/Game_Map
[1.631s] Level 1:colcon.colcon_core.environment:checking '/home/qianli/zyb/radar_station/install/Game_Map' for CMake module files
[1.631s] Level 1:colcon.colcon_core.environment:checking '/home/qianli/zyb/radar_station/install/Game_Map' for CMake config files
[1.631s] Level 1:colcon.colcon_core.shell:create_environment_hook('Game_Map', 'cmake_prefix_path')
[1.639s] INFO:colcon.colcon_core.shell:Creating environment hook '/home/qianli/zyb/radar_station/install/Game_Map/share/Game_Map/hook/cmake_prefix_path.ps1'
[1.639s] INFO:colcon.colcon_core.shell:Creating environment descriptor '/home/qianli/zyb/radar_station/install/Game_Map/share/Game_Map/hook/cmake_prefix_path.dsv'
[1.639s] INFO:colcon.colcon_core.shell:Creating environment hook '/home/qianli/zyb/radar_station/install/Game_Map/share/Game_Map/hook/cmake_prefix_path.sh'
[1.640s] Level 1:colcon.colcon_core.environment:checking '/home/qianli/zyb/radar_station/install/Game_Map/lib'
[1.640s] Level 1:colcon.colcon_core.environment:checking '/home/qianli/zyb/radar_station/install/Game_Map/bin'
[1.640s] Level 1:colcon.colcon_core.environment:checking '/home/qianli/zyb/radar_station/install/Game_Map/lib/pkgconfig/Game_Map.pc'
[1.640s] Level 1:colcon.colcon_core.environment:checking '/home/qianli/zyb/radar_station/install/Game_Map/lib/python3.10/site-packages'
[1.640s] Level 1:colcon.colcon_core.environment:checking '/home/qianli/zyb/radar_station/install/Game_Map/bin'
[1.647s] INFO:colcon.colcon_core.shell:Creating package script '/home/qianli/zyb/radar_station/install/Game_Map/share/Game_Map/package.ps1'
[1.648s] INFO:colcon.colcon_core.shell:Creating package descriptor '/home/qianli/zyb/radar_station/install/Game_Map/share/Game_Map/package.dsv'
[1.648s] INFO:colcon.colcon_core.shell:Creating package script '/home/qianli/zyb/radar_station/install/Game_Map/share/Game_Map/package.sh'
[1.648s] INFO:colcon.colcon_core.shell:Creating package script '/home/qianli/zyb/radar_station/install/Game_Map/share/Game_Map/package.bash'
[1.648s] INFO:colcon.colcon_core.shell:Creating package script '/home/qianli/zyb/radar_station/install/Game_Map/share/Game_Map/package.zsh'
[1.649s] Level 1:colcon.colcon_core.environment:create_file_with_runtime_dependencies(/home/qianli/zyb/radar_station/install/Game_Map/share/colcon-core/packages/Game_Map)
[1.651s] DEBUG:colcon.colcon_core.event_handler.log_command:Invoking command in '/home/qianli/zyb/radar_station/build/map_test': CMAKE_PREFIX_PATH=/home/qianli/zyb/radar_station/install/my_msgss:/home/qianli/zyb/radar_station/install/map_test:/home/qianli/zyb/radar_station/install/get_depth:/home/qianli/zyb/radar_station/install/Qt5_displayer:/home/qianli/zyb/radar_station/install/Img_Handle:/home/qianli/zyb/radar_station/install/Game_Map:/home/qianli/zyb/radar_station/install/mindvision_camera:/home/qianli/zyb/radar_station/install/Yolo_Handle:/opt/ros/humble /usr/bin/cmake --install /home/qianli/zyb/radar_station/build/map_test
[1.653s] DEBUG:colcon.colcon_core.event_handler.log_command:Invoking command in '/home/qianli/zyb/radar_station/build/get_depth': CMAKE_PREFIX_PATH=/home/qianli/zyb/radar_station/install/my_msgss:/home/qianli/zyb/radar_station/install/map_test:/home/qianli/zyb/radar_station/install/get_depth:/home/qianli/zyb/radar_station/install/Qt5_displayer:/home/qianli/zyb/radar_station/install/Img_Handle:/home/qianli/zyb/radar_station/install/Game_Map:/home/qianli/zyb/radar_station/install/mindvision_camera:/home/qianli/zyb/radar_station/install/Yolo_Handle:/opt/ros/humble /usr/bin/cmake --install /home/qianli/zyb/radar_station/build/get_depth
[1.655s] DEBUG:colcon.colcon_core.event_handler.log_command:Invoked command in '/home/qianli/zyb/radar_station/build/Qt5_displayer' returned '0': CMAKE_PREFIX_PATH=/home/qianli/zyb/radar_station/install/my_msgss:/home/qianli/zyb/radar_station/install/map_test:/home/qianli/zyb/radar_station/install/get_depth:/home/qianli/zyb/radar_station/install/Qt5_displayer:/home/qianli/zyb/radar_station/install/Img_Handle:/home/qianli/zyb/radar_station/install/Game_Map:/home/qianli/zyb/radar_station/install/mindvision_camera:/home/qianli/zyb/radar_station/install/Yolo_Handle:/opt/ros/humble /usr/bin/cmake --build /home/qianli/zyb/radar_station/build/Qt5_displayer -- -j16 -l16
[1.657s] Level 1:colcon.colcon_core.environment:create_environment_scripts_only(map_test)
[1.661s] DEBUG:colcon.colcon_core.event_handler.log_command:Invoked command in '/home/qianli/zyb/radar_station/build/map_test' returned '0': CMAKE_PREFIX_PATH=/home/qianli/zyb/radar_station/install/my_msgss:/home/qianli/zyb/radar_station/install/map_test:/home/qianli/zyb/radar_station/install/get_depth:/home/qianli/zyb/radar_station/install/Qt5_displayer:/home/qianli/zyb/radar_station/install/Img_Handle:/home/qianli/zyb/radar_station/install/Game_Map:/home/qianli/zyb/radar_station/install/mindvision_camera:/home/qianli/zyb/radar_station/install/Yolo_Handle:/opt/ros/humble /usr/bin/cmake --install /home/qianli/zyb/radar_station/build/map_test
[1.671s] Level 1:colcon.colcon_core.environment:checking '/home/qianli/zyb/radar_station/install/map_test' for CMake module files
[1.672s] Level 1:colcon.colcon_core.environment:checking '/home/qianli/zyb/radar_station/install/map_test' for CMake config files
[1.672s] Level 1:colcon.colcon_core.shell:create_environment_hook('map_test', 'cmake_prefix_path')
[1.679s] INFO:colcon.colcon_core.shell:Creating environment hook '/home/qianli/zyb/radar_station/install/map_test/share/map_test/hook/cmake_prefix_path.ps1'
[1.679s] INFO:colcon.colcon_core.shell:Creating environment descriptor '/home/qianli/zyb/radar_station/install/map_test/share/map_test/hook/cmake_prefix_path.dsv'
[1.679s] INFO:colcon.colcon_core.shell:Creating environment hook '/home/qianli/zyb/radar_station/install/map_test/share/map_test/hook/cmake_prefix_path.sh'
[1.680s] Level 1:colcon.colcon_core.environment:checking '/home/qianli/zyb/radar_station/install/map_test/lib'
[1.680s] Level 1:colcon.colcon_core.environment:checking '/home/qianli/zyb/radar_station/install/map_test/bin'
[1.680s] Level 1:colcon.colcon_core.environment:checking '/home/qianli/zyb/radar_station/install/map_test/lib/pkgconfig/map_test.pc'
[1.680s] Level 1:colcon.colcon_core.environment:checking '/home/qianli/zyb/radar_station/install/map_test/lib/python3.10/site-packages'
[1.680s] Level 1:colcon.colcon_core.environment:checking '/home/qianli/zyb/radar_station/install/map_test/bin'
[1.687s] INFO:colcon.colcon_core.shell:Creating package script '/home/qianli/zyb/radar_station/install/map_test/share/map_test/package.ps1'
[1.687s] INFO:colcon.colcon_core.shell:Creating package descriptor '/home/qianli/zyb/radar_station/install/map_test/share/map_test/package.dsv'
[1.687s] INFO:colcon.colcon_core.shell:Creating package script '/home/qianli/zyb/radar_station/install/map_test/share/map_test/package.sh'
[1.688s] INFO:colcon.colcon_core.shell:Creating package script '/home/qianli/zyb/radar_station/install/map_test/share/map_test/package.bash'
[1.688s] INFO:colcon.colcon_core.shell:Creating package script '/home/qianli/zyb/radar_station/install/map_test/share/map_test/package.zsh'
[1.688s] Level 1:colcon.colcon_core.environment:create_file_with_runtime_dependencies(/home/qianli/zyb/radar_station/install/map_test/share/colcon-core/packages/map_test)
[1.697s] Level 1:colcon.colcon_core.environment:create_environment_scripts_only(Game_Map)
[1.704s] Level 1:colcon.colcon_core.environment:checking '/home/qianli/zyb/radar_station/install/Game_Map' for CMake module files
[1.705s] Level 1:colcon.colcon_core.environment:checking '/home/qianli/zyb/radar_station/install/Game_Map' for CMake config files
[1.705s] Level 1:colcon.colcon_core.shell:create_environment_hook('Game_Map', 'cmake_prefix_path')
[1.712s] INFO:colcon.colcon_core.shell:Creating environment hook '/home/qianli/zyb/radar_station/install/Game_Map/share/Game_Map/hook/cmake_prefix_path.ps1'
[1.712s] INFO:colcon.colcon_core.shell:Creating environment descriptor '/home/qianli/zyb/radar_station/install/Game_Map/share/Game_Map/hook/cmake_prefix_path.dsv'
[1.712s] INFO:colcon.colcon_core.shell:Creating environment hook '/home/qianli/zyb/radar_station/install/Game_Map/share/Game_Map/hook/cmake_prefix_path.sh'
[1.713s] Level 1:colcon.colcon_core.environment:checking '/home/qianli/zyb/radar_station/install/Game_Map/lib'
[1.713s] Level 1:colcon.colcon_core.environment:checking '/home/qianli/zyb/radar_station/install/Game_Map/bin'
[1.713s] Level 1:colcon.colcon_core.environment:checking '/home/qianli/zyb/radar_station/install/Game_Map/lib/pkgconfig/Game_Map.pc'
[1.713s] Level 1:colcon.colcon_core.environment:checking '/home/qianli/zyb/radar_station/install/Game_Map/lib/python3.10/site-packages'
[1.713s] Level 1:colcon.colcon_core.environment:checking '/home/qianli/zyb/radar_station/install/Game_Map/bin'
[1.720s] INFO:colcon.colcon_core.shell:Creating package script '/home/qianli/zyb/radar_station/install/Game_Map/share/Game_Map/package.ps1'
[1.720s] INFO:colcon.colcon_core.shell:Creating package descriptor '/home/qianli/zyb/radar_station/install/Game_Map/share/Game_Map/package.dsv'
[1.721s] INFO:colcon.colcon_core.shell:Creating package script '/home/qianli/zyb/radar_station/install/Game_Map/share/Game_Map/package.sh'
[1.721s] INFO:colcon.colcon_core.shell:Creating package script '/home/qianli/zyb/radar_station/install/Game_Map/share/Game_Map/package.bash'
[1.721s] INFO:colcon.colcon_core.shell:Creating package script '/home/qianli/zyb/radar_station/install/Game_Map/share/Game_Map/package.zsh'
[1.721s] Level 1:colcon.colcon_core.environment:create_file_with_runtime_dependencies(/home/qianli/zyb/radar_station/install/Game_Map/share/colcon-core/packages/Game_Map)
[1.723s] Level 1:colcon.colcon_core.environment:create_environment_scripts_only(get_depth)
[1.724s] DEBUG:colcon.colcon_core.event_handler.log_command:Invoking command in '/home/qianli/zyb/radar_station/build/Qt5_displayer': CMAKE_PREFIX_PATH=/home/qianli/zyb/radar_station/install/my_msgss:/home/qianli/zyb/radar_station/install/map_test:/home/qianli/zyb/radar_station/install/get_depth:/home/qianli/zyb/radar_station/install/Qt5_displayer:/home/qianli/zyb/radar_station/install/Img_Handle:/home/qianli/zyb/radar_station/install/Game_Map:/home/qianli/zyb/radar_station/install/mindvision_camera:/home/qianli/zyb/radar_station/install/Yolo_Handle:/opt/ros/humble /usr/bin/cmake --install /home/qianli/zyb/radar_station/build/Qt5_displayer
[1.724s] DEBUG:colcon.colcon_core.event_handler.log_command:Invoked command in '/home/qianli/zyb/radar_station/build/get_depth' returned '0': CMAKE_PREFIX_PATH=/home/qianli/zyb/radar_station/install/my_msgss:/home/qianli/zyb/radar_station/install/map_test:/home/qianli/zyb/radar_station/install/get_depth:/home/qianli/zyb/radar_station/install/Qt5_displayer:/home/qianli/zyb/radar_station/install/Img_Handle:/home/qianli/zyb/radar_station/install/Game_Map:/home/qianli/zyb/radar_station/install/mindvision_camera:/home/qianli/zyb/radar_station/install/Yolo_Handle:/opt/ros/humble /usr/bin/cmake --install /home/qianli/zyb/radar_station/build/get_depth
[1.734s] Level 1:colcon.colcon_core.environment:checking '/home/qianli/zyb/radar_station/install/get_depth' for CMake module files
[1.734s] Level 1:colcon.colcon_core.environment:checking '/home/qianli/zyb/radar_station/install/get_depth' for CMake config files
[1.734s] Level 1:colcon.colcon_core.shell:create_environment_hook('get_depth', 'cmake_prefix_path')
[1.742s] INFO:colcon.colcon_core.shell:Creating environment hook '/home/qianli/zyb/radar_station/install/get_depth/share/get_depth/hook/cmake_prefix_path.ps1'
[1.742s] INFO:colcon.colcon_core.shell:Creating environment descriptor '/home/qianli/zyb/radar_station/install/get_depth/share/get_depth/hook/cmake_prefix_path.dsv'
[1.742s] INFO:colcon.colcon_core.shell:Creating environment hook '/home/qianli/zyb/radar_station/install/get_depth/share/get_depth/hook/cmake_prefix_path.sh'
[1.743s] Level 1:colcon.colcon_core.environment:checking '/home/qianli/zyb/radar_station/install/get_depth/lib'
[1.743s] Level 1:colcon.colcon_core.environment:checking '/home/qianli/zyb/radar_station/install/get_depth/bin'
[1.743s] Level 1:colcon.colcon_core.environment:checking '/home/qianli/zyb/radar_station/install/get_depth/lib/pkgconfig/get_depth.pc'
[1.743s] Level 1:colcon.colcon_core.environment:checking '/home/qianli/zyb/radar_station/install/get_depth/lib/python3.10/site-packages'
[1.743s] Level 1:colcon.colcon_core.environment:checking '/home/qianli/zyb/radar_station/install/get_depth/bin'
[1.751s] INFO:colcon.colcon_core.shell:Creating package script '/home/qianli/zyb/radar_station/install/get_depth/share/get_depth/package.ps1'
[1.751s] INFO:colcon.colcon_core.shell:Creating package descriptor '/home/qianli/zyb/radar_station/install/get_depth/share/get_depth/package.dsv'
[1.751s] INFO:colcon.colcon_core.shell:Creating package script '/home/qianli/zyb/radar_station/install/get_depth/share/get_depth/package.sh'
[1.752s] INFO:colcon.colcon_core.shell:Creating package script '/home/qianli/zyb/radar_station/install/get_depth/share/get_depth/package.bash'
[1.752s] INFO:colcon.colcon_core.shell:Creating package script '/home/qianli/zyb/radar_station/install/get_depth/share/get_depth/package.zsh'
[1.752s] Level 1:colcon.colcon_core.environment:create_file_with_runtime_dependencies(/home/qianli/zyb/radar_station/install/get_depth/share/colcon-core/packages/get_depth)
[1.762s] Level 1:colcon.colcon_core.environment:create_environment_scripts_only(map_test)
[1.769s] Level 1:colcon.colcon_core.environment:checking '/home/qianli/zyb/radar_station/install/map_test' for CMake module files
[1.769s] Level 1:colcon.colcon_core.environment:checking '/home/qianli/zyb/radar_station/install/map_test' for CMake config files
[1.770s] Level 1:colcon.colcon_core.shell:create_environment_hook('map_test', 'cmake_prefix_path')
[1.777s] INFO:colcon.colcon_core.shell:Creating environment hook '/home/qianli/zyb/radar_station/install/map_test/share/map_test/hook/cmake_prefix_path.ps1'
[1.777s] INFO:colcon.colcon_core.shell:Creating environment descriptor '/home/qianli/zyb/radar_station/install/map_test/share/map_test/hook/cmake_prefix_path.dsv'
[1.778s] INFO:colcon.colcon_core.shell:Creating environment hook '/home/qianli/zyb/radar_station/install/map_test/share/map_test/hook/cmake_prefix_path.sh'
[1.778s] Level 1:colcon.colcon_core.environment:checking '/home/qianli/zyb/radar_station/install/map_test/lib'
[1.778s] Level 1:colcon.colcon_core.environment:checking '/home/qianli/zyb/radar_station/install/map_test/bin'
[1.778s] Level 1:colcon.colcon_core.environment:checking '/home/qianli/zyb/radar_station/install/map_test/lib/pkgconfig/map_test.pc'
[1.778s] Level 1:colcon.colcon_core.environment:checking '/home/qianli/zyb/radar_station/install/map_test/lib/python3.10/site-packages'
[1.778s] Level 1:colcon.colcon_core.environment:checking '/home/qianli/zyb/radar_station/install/map_test/bin'
[1.786s] INFO:colcon.colcon_core.shell:Creating package script '/home/qianli/zyb/radar_station/install/map_test/share/map_test/package.ps1'
[1.786s] INFO:colcon.colcon_core.shell:Creating package descriptor '/home/qianli/zyb/radar_station/install/map_test/share/map_test/package.dsv'
[1.786s] INFO:colcon.colcon_core.shell:Creating package script '/home/qianli/zyb/radar_station/install/map_test/share/map_test/package.sh'
[1.787s] INFO:colcon.colcon_core.shell:Creating package script '/home/qianli/zyb/radar_station/install/map_test/share/map_test/package.bash'
[1.787s] INFO:colcon.colcon_core.shell:Creating package script '/home/qianli/zyb/radar_station/install/map_test/share/map_test/package.zsh'
[1.787s] Level 1:colcon.colcon_core.environment:create_file_with_runtime_dependencies(/home/qianli/zyb/radar_station/install/map_test/share/colcon-core/packages/map_test)
[1.788s] Level 1:colcon.colcon_core.environment:create_environment_scripts_only(Qt5_displayer)
[1.788s] DEBUG:colcon.colcon_core.event_handler.log_command:Invoked command in '/home/qianli/zyb/radar_station/build/Qt5_displayer' returned '0': CMAKE_PREFIX_PATH=/home/qianli/zyb/radar_station/install/my_msgss:/home/qianli/zyb/radar_station/install/map_test:/home/qianli/zyb/radar_station/install/get_depth:/home/qianli/zyb/radar_station/install/Qt5_displayer:/home/qianli/zyb/radar_station/install/Img_Handle:/home/qianli/zyb/radar_station/install/Game_Map:/home/qianli/zyb/radar_station/install/mindvision_camera:/home/qianli/zyb/radar_station/install/Yolo_Handle:/opt/ros/humble /usr/bin/cmake --install /home/qianli/zyb/radar_station/build/Qt5_displayer
[1.796s] Level 1:colcon.colcon_core.environment:checking '/home/qianli/zyb/radar_station/install/Qt5_displayer' for CMake module files
[1.796s] Level 1:colcon.colcon_core.environment:checking '/home/qianli/zyb/radar_station/install/Qt5_displayer' for CMake config files
[1.796s] Level 1:colcon.colcon_core.shell:create_environment_hook('Qt5_displayer', 'cmake_prefix_path')
[1.804s] INFO:colcon.colcon_core.shell:Creating environment hook '/home/qianli/zyb/radar_station/install/Qt5_displayer/share/Qt5_displayer/hook/cmake_prefix_path.ps1'
[1.804s] INFO:colcon.colcon_core.shell:Creating environment descriptor '/home/qianli/zyb/radar_station/install/Qt5_displayer/share/Qt5_displayer/hook/cmake_prefix_path.dsv'
[1.804s] INFO:colcon.colcon_core.shell:Creating environment hook '/home/qianli/zyb/radar_station/install/Qt5_displayer/share/Qt5_displayer/hook/cmake_prefix_path.sh'
[1.805s] Level 1:colcon.colcon_core.environment:checking '/home/qianli/zyb/radar_station/install/Qt5_displayer/lib'
[1.805s] Level 1:colcon.colcon_core.environment:checking '/home/qianli/zyb/radar_station/install/Qt5_displayer/bin'
[1.805s] Level 1:colcon.colcon_core.environment:checking '/home/qianli/zyb/radar_station/install/Qt5_displayer/lib/pkgconfig/Qt5_displayer.pc'
[1.805s] Level 1:colcon.colcon_core.environment:checking '/home/qianli/zyb/radar_station/install/Qt5_displayer/lib/python3.10/site-packages'
[1.805s] Level 1:colcon.colcon_core.environment:checking '/home/qianli/zyb/radar_station/install/Qt5_displayer/bin'
[1.812s] INFO:colcon.colcon_core.shell:Creating package script '/home/qianli/zyb/radar_station/install/Qt5_displayer/share/Qt5_displayer/package.ps1'
[1.813s] INFO:colcon.colcon_core.shell:Creating package descriptor '/home/qianli/zyb/radar_station/install/Qt5_displayer/share/Qt5_displayer/package.dsv'
[1.813s] INFO:colcon.colcon_core.shell:Creating package script '/home/qianli/zyb/radar_station/install/Qt5_displayer/share/Qt5_displayer/package.sh'
[1.813s] INFO:colcon.colcon_core.shell:Creating package script '/home/qianli/zyb/radar_station/install/Qt5_displayer/share/Qt5_displayer/package.bash'
[1.813s] INFO:colcon.colcon_core.shell:Creating package script '/home/qianli/zyb/radar_station/install/Qt5_displayer/share/Qt5_displayer/package.zsh'
[1.814s] Level 1:colcon.colcon_core.environment:create_file_with_runtime_dependencies(/home/qianli/zyb/radar_station/install/Qt5_displayer/share/colcon-core/packages/Qt5_displayer)
[1.822s] Level 1:colcon.colcon_core.environment:create_environment_scripts_only(get_depth)
[1.829s] Level 1:colcon.colcon_core.environment:checking '/home/qianli/zyb/radar_station/install/get_depth' for CMake module files
[1.830s] Level 1:colcon.colcon_core.environment:checking '/home/qianli/zyb/radar_station/install/get_depth' for CMake config files
[1.830s] Level 1:colcon.colcon_core.shell:create_environment_hook('get_depth', 'cmake_prefix_path')
[1.837s] INFO:colcon.colcon_core.shell:Creating environment hook '/home/qianli/zyb/radar_station/install/get_depth/share/get_depth/hook/cmake_prefix_path.ps1'
[1.838s] INFO:colcon.colcon_core.shell:Creating environment descriptor '/home/qianli/zyb/radar_station/install/get_depth/share/get_depth/hook/cmake_prefix_path.dsv'
[1.838s] INFO:colcon.colcon_core.shell:Creating environment hook '/home/qianli/zyb/radar_station/install/get_depth/share/get_depth/hook/cmake_prefix_path.sh'
[1.838s] Level 1:colcon.colcon_core.environment:checking '/home/qianli/zyb/radar_station/install/get_depth/lib'
[1.838s] Level 1:colcon.colcon_core.environment:checking '/home/qianli/zyb/radar_station/install/get_depth/bin'
[1.838s] Level 1:colcon.colcon_core.environment:checking '/home/qianli/zyb/radar_station/install/get_depth/lib/pkgconfig/get_depth.pc'
[1.838s] Level 1:colcon.colcon_core.environment:checking '/home/qianli/zyb/radar_station/install/get_depth/lib/python3.10/site-packages'
[1.839s] Level 1:colcon.colcon_core.environment:checking '/home/qianli/zyb/radar_station/install/get_depth/bin'
[1.846s] INFO:colcon.colcon_core.shell:Creating package script '/home/qianli/zyb/radar_station/install/get_depth/share/get_depth/package.ps1'
[1.846s] INFO:colcon.colcon_core.shell:Creating package descriptor '/home/qianli/zyb/radar_station/install/get_depth/share/get_depth/package.dsv'
[1.847s] INFO:colcon.colcon_core.shell:Creating package script '/home/qianli/zyb/radar_station/install/get_depth/share/get_depth/package.sh'
[1.847s] INFO:colcon.colcon_core.shell:Creating package script '/home/qianli/zyb/radar_station/install/get_depth/share/get_depth/package.bash'
[1.847s] INFO:colcon.colcon_core.shell:Creating package script '/home/qianli/zyb/radar_station/install/get_depth/share/get_depth/package.zsh'
[1.847s] Level 1:colcon.colcon_core.environment:create_file_with_runtime_dependencies(/home/qianli/zyb/radar_station/install/get_depth/share/colcon-core/packages/get_depth)
[1.856s] Level 1:colcon.colcon_core.environment:create_environment_scripts_only(Qt5_displayer)
[1.863s] Level 1:colcon.colcon_core.environment:checking '/home/qianli/zyb/radar_station/install/Qt5_displayer' for CMake module files
[1.863s] Level 1:colcon.colcon_core.environment:checking '/home/qianli/zyb/radar_station/install/Qt5_displayer' for CMake config files
[1.863s] Level 1:colcon.colcon_core.shell:create_environment_hook('Qt5_displayer', 'cmake_prefix_path')
[1.870s] INFO:colcon.colcon_core.shell:Creating environment hook '/home/qianli/zyb/radar_station/install/Qt5_displayer/share/Qt5_displayer/hook/cmake_prefix_path.ps1'
[1.871s] INFO:colcon.colcon_core.shell:Creating environment descriptor '/home/qianli/zyb/radar_station/install/Qt5_displayer/share/Qt5_displayer/hook/cmake_prefix_path.dsv'
[1.871s] INFO:colcon.colcon_core.shell:Creating environment hook '/home/qianli/zyb/radar_station/install/Qt5_displayer/share/Qt5_displayer/hook/cmake_prefix_path.sh'
[1.872s] Level 1:colcon.colcon_core.environment:checking '/home/qianli/zyb/radar_station/install/Qt5_displayer/lib'
[1.872s] Level 1:colcon.colcon_core.environment:checking '/home/qianli/zyb/radar_station/install/Qt5_displayer/bin'
[1.872s] Level 1:colcon.colcon_core.environment:checking '/home/qianli/zyb/radar_station/install/Qt5_displayer/lib/pkgconfig/Qt5_displayer.pc'
[1.872s] Level 1:colcon.colcon_core.environment:checking '/home/qianli/zyb/radar_station/install/Qt5_displayer/lib/python3.10/site-packages'
[1.872s] Level 1:colcon.colcon_core.environment:checking '/home/qianli/zyb/radar_station/install/Qt5_displayer/bin'
[1.879s] INFO:colcon.colcon_core.shell:Creating package script '/home/qianli/zyb/radar_station/install/Qt5_displayer/share/Qt5_displayer/package.ps1'
[1.880s] INFO:colcon.colcon_core.shell:Creating package descriptor '/home/qianli/zyb/radar_station/install/Qt5_displayer/share/Qt5_displayer/package.dsv'
[1.880s] INFO:colcon.colcon_core.shell:Creating package script '/home/qianli/zyb/radar_station/install/Qt5_displayer/share/Qt5_displayer/package.sh'
[1.880s] INFO:colcon.colcon_core.shell:Creating package script '/home/qianli/zyb/radar_station/install/Qt5_displayer/share/Qt5_displayer/package.bash'
[1.880s] INFO:colcon.colcon_core.shell:Creating package script '/home/qianli/zyb/radar_station/install/Qt5_displayer/share/Qt5_displayer/package.zsh'
[1.881s] Level 1:colcon.colcon_core.environment:create_file_with_runtime_dependencies(/home/qianli/zyb/radar_station/install/Qt5_displayer/share/colcon-core/packages/Qt5_displayer)
[5.702s] DEBUG:colcon.colcon_core.event_handler.log_command:Invoked command in '/home/qianli/zyb/radar_station/build/Img_Handle' returned '2': CMAKE_PREFIX_PATH=/home/qianli/zyb/radar_station/install/my_msgss:/home/qianli/zyb/radar_station/install/map_test:/home/qianli/zyb/radar_station/install/get_depth:/home/qianli/zyb/radar_station/install/Qt5_displayer:/home/qianli/zyb/radar_station/install/Img_Handle:/home/qianli/zyb/radar_station/install/Game_Map:/home/qianli/zyb/radar_station/install/mindvision_camera:/home/qianli/zyb/radar_station/install/Yolo_Handle:/opt/ros/humble /usr/bin/cmake --build /home/qianli/zyb/radar_station/build/Img_Handle -- -j16 -l16
[5.734s] Level 1:colcon.colcon_core.environment:create_environment_scripts_only(Img_Handle)
[5.743s] Level 1:colcon.colcon_core.environment:checking '/home/qianli/zyb/radar_station/install/Img_Handle' for CMake module files
[5.744s] Level 1:colcon.colcon_core.environment:checking '/home/qianli/zyb/radar_station/install/Img_Handle' for CMake config files
[5.744s] Level 1:colcon.colcon_core.shell:create_environment_hook('Img_Handle', 'cmake_prefix_path')
[5.751s] INFO:colcon.colcon_core.shell:Creating environment hook '/home/qianli/zyb/radar_station/install/Img_Handle/share/Img_Handle/hook/cmake_prefix_path.ps1'
[5.751s] INFO:colcon.colcon_core.shell:Creating environment descriptor '/home/qianli/zyb/radar_station/install/Img_Handle/share/Img_Handle/hook/cmake_prefix_path.dsv'
[5.752s] INFO:colcon.colcon_core.shell:Creating environment hook '/home/qianli/zyb/radar_station/install/Img_Handle/share/Img_Handle/hook/cmake_prefix_path.sh'
[5.752s] Level 1:colcon.colcon_core.environment:checking '/home/qianli/zyb/radar_station/install/Img_Handle/lib'
[5.752s] Level 1:colcon.colcon_core.environment:checking '/home/qianli/zyb/radar_station/install/Img_Handle/bin'
[5.752s] Level 1:colcon.colcon_core.environment:checking '/home/qianli/zyb/radar_station/install/Img_Handle/lib/pkgconfig/Img_Handle.pc'
[5.752s] Level 1:colcon.colcon_core.environment:checking '/home/qianli/zyb/radar_station/install/Img_Handle/lib/python3.10/site-packages'
[5.752s] Level 1:colcon.colcon_core.environment:checking '/home/qianli/zyb/radar_station/install/Img_Handle/bin'
[5.760s] INFO:colcon.colcon_core.shell:Creating package script '/home/qianli/zyb/radar_station/install/Img_Handle/share/Img_Handle/package.ps1'
[5.760s] INFO:colcon.colcon_core.shell:Creating package descriptor '/home/qianli/zyb/radar_station/install/Img_Handle/share/Img_Handle/package.dsv'
[5.760s] INFO:colcon.colcon_core.shell:Creating package script '/home/qianli/zyb/radar_station/install/Img_Handle/share/Img_Handle/package.sh'
[5.761s] INFO:colcon.colcon_core.shell:Creating package script '/home/qianli/zyb/radar_station/install/Img_Handle/share/Img_Handle/package.bash'
[5.761s] INFO:colcon.colcon_core.shell:Creating package script '/home/qianli/zyb/radar_station/install/Img_Handle/share/Img_Handle/package.zsh'
[5.761s] Level 1:colcon.colcon_core.environment:create_file_with_runtime_dependencies(/home/qianli/zyb/radar_station/install/Img_Handle/share/colcon-core/packages/Img_Handle)
[5.771s] DEBUG:colcon.colcon_parallel_executor.executor.parallel:closing loop
[5.772s] DEBUG:colcon.colcon_parallel_executor.executor.parallel:loop closed
[5.772s] DEBUG:colcon.colcon_parallel_executor.executor.parallel:run_until_complete finished with '2'
[5.772s] DEBUG:colcon.colcon_core.event_reactor:joining thread
[5.790s] INFO:colcon.colcon_core.plugin_system:Skipping extension 'colcon_notification.desktop_notification.terminal_notifier': Not used on non-Darwin systems
[5.790s] INFO:colcon.colcon_core.plugin_system:Skipping extension 'colcon_notification.desktop_notification.win32': Not used on non-Windows systems
[5.790s] INFO:colcon.colcon_notification.desktop_notification:Sending desktop notification using 'notify2'
[5.804s] DEBUG:colcon.colcon_core.event_reactor:joined thread
[5.819s] INFO:colcon.colcon_core.shell:Creating prefix script '/home/qianli/zyb/radar_station/install/local_setup.ps1'
[5.820s] INFO:colcon.colcon_core.shell:Creating prefix util module '/home/qianli/zyb/radar_station/install/_local_setup_util_ps1.py'
[5.821s] INFO:colcon.colcon_core.shell:Creating prefix chain script '/home/qianli/zyb/radar_station/install/setup.ps1'
[5.831s] INFO:colcon.colcon_core.shell:Creating prefix script '/home/qianli/zyb/radar_station/install/local_setup.sh'
[5.831s] INFO:colcon.colcon_core.shell:Creating prefix util module '/home/qianli/zyb/radar_station/install/_local_setup_util_sh.py'
[5.831s] INFO:colcon.colcon_core.shell:Creating prefix chain script '/home/qianli/zyb/radar_station/install/setup.sh'
[5.840s] INFO:colcon.colcon_core.shell:Creating prefix script '/home/qianli/zyb/radar_station/install/local_setup.bash'
[5.840s] INFO:colcon.colcon_core.shell:Creating prefix chain script '/home/qianli/zyb/radar_station/install/setup.bash'
[5.848s] INFO:colcon.colcon_core.shell:Creating prefix script '/home/qianli/zyb/radar_station/install/local_setup.zsh'
[5.848s] INFO:colcon.colcon_core.shell:Creating prefix chain script '/home/qianli/zyb/radar_station/install/setup.zsh'
