[0.096s] Invoking command in '/home/mechax/zyb/radar_station_all/radar_station_fixed_class/build/Qt5_displayer': AMENT_PREFIX_PATH=/home/mechax/zyb/radar_station_all/radar_station_fixed_class/install/my_msgss:${AMENT_PREFIX_PATH} CMAKE_PREFIX_PATH=/home/mechax/zyb/radar_station_all/radar_station_fixed_class/install/my_msgss:/home/mechax/ws_livox/install/livox_ros2_driver:/home/mechax/ws_livox/install/livox_sdk_vendor:/home/mechax/ws_livox/install/livox_interfaces:/opt/ros/humble LD_LIBRARY_PATH=/home/mechax/zyb/radar_station_all/radar_station_fixed_class/install/my_msgss/lib:/opt/MVS/lib/64:/opt/MVS/lib/32:/opt/MVS/lib/64:/opt/MVS/lib/32:/home/mechax/ws_livox/install/livox_ros2_driver/lib:/home/mechax/ws_livox/install/livox_interfaces/lib:/usr/lib/x86_64-linux-gnu/gazebo-11/plugins:/opt/ros/humble/opt/rviz_ogre_vendor/lib:/opt/ros/humble/lib/x86_64-linux-gnu:/opt/ros/humble/lib:/opt/MVS/lib/64:/opt/MVS/lib/32:/opt/MVS/lib/64:/opt/MVS/lib/32 PYTHONPATH=/home/mechax/zyb/radar_station_all/radar_station_fixed_class/install/my_msgss/local/lib/python3.10/dist-packages:${PYTHONPATH} /usr/bin/cmake --build /home/mechax/zyb/radar_station_all/radar_station_fixed_class/build/Qt5_displayer -- -j16 -l16
[0.126s] [ 12%] [34m[1mAutomatic MOC and UIC for target Qt5_displayer[0m
[0.141s] [ 12%] Built target Qt5_displayer_autogen
[0.152s] [35m[1mConsolidate compiler generated dependencies of target Qt5_displayer[0m
[0.175s] [ 25%] [32mBuilding CXX object CMakeFiles/Qt5_displayer.dir/src/radarstation.cpp.o[0m
[2.831s] [01m[K/home/mechax/zyb/radar_station_all/radar_station_fixed_class/src/Qt5_displayer/src/radarstation.cpp:[m[K In member function ‘[01m[Kvoid radarStation::farImageUpdate()[m[K’:
[2.831s] [01m[K/home/mechax/zyb/radar_station_all/radar_station_fixed_class/src/Qt5_displayer/src/radarstation.cpp:150:13:[m[K [01;31m[Kerror: [m[K‘[01m[Kclass Ui::radarStation[m[K’ has no member named ‘[01m[KsolveMapWidget[m[K’; did you mean ‘[01m[KsolvePnpWidget[m[K’?
[2.831s]   150 |         ui->[01;31m[KsolveMapWidget[m[K->farimage = QPixmap::fromImage(qtnode.far_qimage);
[2.831s]       |             [01;31m[K^~~~~~~~~~~~~~[m[K
[2.831s]       |             [32m[KsolvePnpWidget[m[K
[2.831s] [01m[K/home/mechax/zyb/radar_station_all/radar_station_fixed_class/src/Qt5_displayer/src/radarstation.cpp:151:13:[m[K [01;31m[Kerror: [m[K‘[01m[Kclass Ui::radarStation[m[K’ has no member named ‘[01m[KsolveMapWidget[m[K’; did you mean ‘[01m[KsolvePnpWidget[m[K’?
[2.831s]   151 |         ui->[01;31m[KsolveMapWidget[m[K->ui->farImg->update();
[2.831s]       |             [01;31m[K^~~~~~~~~~~~~~[m[K
[2.831s]       |             [32m[KsolvePnpWidget[m[K
[2.831s] [01m[K/home/mechax/zyb/radar_station_all/radar_station_fixed_class/src/Qt5_displayer/src/radarstation.cpp:[m[K In member function ‘[01m[Kvoid radarStation::closeImageUpdate()[m[K’:
[2.831s] [01m[K/home/mechax/zyb/radar_station_all/radar_station_fixed_class/src/Qt5_displayer/src/radarstation.cpp:169:13:[m[K [01;31m[Kerror: [m[K‘[01m[Kclass Ui::radarStation[m[K’ has no member named ‘[01m[KsolveMapWidget[m[K’; did you mean ‘[01m[KsolvePnpWidget[m[K’?
[2.831s]   169 |         ui->[01;31m[KsolveMapWidget[m[K->closeimage = QPixmap::fromImage(qtnode.close_qimage);
[2.831s]       |             [01;31m[K^~~~~~~~~~~~~~[m[K
[2.831s]       |             [32m[KsolvePnpWidget[m[K
[2.831s] [01m[K/home/mechax/zyb/radar_station_all/radar_station_fixed_class/src/Qt5_displayer/src/radarstation.cpp:170:13:[m[K [01;31m[Kerror: [m[K‘[01m[Kclass Ui::radarStation[m[K’ has no member named ‘[01m[KsolveMapWidget[m[K’; did you mean ‘[01m[KsolvePnpWidget[m[K’?
[2.831s]   170 |         ui->[01;31m[KsolveMapWidget[m[K->ui->closeImg->update();
[2.831s]       |             [01;31m[K^~~~~~~~~~~~~~[m[K
[2.831s]       |             [32m[KsolvePnpWidget[m[K
[2.832s] [01m[K/home/mechax/zyb/radar_station_all/radar_station_fixed_class/src/Qt5_displayer/src/radarstation.cpp:[m[K In member function ‘[01m[Kvoid radarStation::farPointsUpdate()[m[K’:
[2.832s] [01m[K/home/mechax/zyb/radar_station_all/radar_station_fixed_class/src/Qt5_displayer/src/radarstation.cpp:233:22:[m[K [01;35m[Kwarning: [m[Kcomparison of integer expressions of different signedness: ‘[01m[Kint[m[K’ and ‘[01m[Kstd::vector<Robot>::size_type[m[K’ {aka ‘[01m[Klong unsigned int[m[K’} [[01;35m[K]8;;https://gcc.gnu.org/onlinedocs/gcc/Warning-Options.html#index-Wsign-compare-Wsign-compare]8;;[m[K]
[2.832s]   233 |     for(int i = 1; [01;35m[Ki < ui->map->far_robots.size()[m[K;i++)
[2.832s]       |                    [01;35m[K~~^~~~~~~~~~~~~~~~~~~~~~~~~~~~[m[K
[2.833s] [01m[K/home/mechax/zyb/radar_station_all/radar_station_fixed_class/src/Qt5_displayer/src/radarstation.cpp:[m[K In member function ‘[01m[Kvoid radarStation::closePointsUpdate()[m[K’:
[2.833s] [01m[K/home/mechax/zyb/radar_station_all/radar_station_fixed_class/src/Qt5_displayer/src/radarstation.cpp:264:22:[m[K [01;35m[Kwarning: [m[Kcomparison of integer expressions of different signedness: ‘[01m[Kint[m[K’ and ‘[01m[Kstd::vector<Robot>::size_type[m[K’ {aka ‘[01m[Klong unsigned int[m[K’} [[01;35m[K]8;;https://gcc.gnu.org/onlinedocs/gcc/Warning-Options.html#index-Wsign-compare-Wsign-compare]8;;[m[K]
[2.833s]   264 |     for(int i = 1; [01;35m[Ki < ui->map->close_robots.size()[m[K;i++)
[2.833s]       |                    [01;35m[K~~^~~~~~~~~~~~~~~~~~~~~~~~~~~~~~[m[K
[3.507s] gmake[2]: *** [CMakeFiles/Qt5_displayer.dir/build.make:132: CMakeFiles/Qt5_displayer.dir/src/radarstation.cpp.o] Error 1
[3.507s] gmake[1]: *** [CMakeFiles/Makefile2:138: CMakeFiles/Qt5_displayer.dir/all] Error 2
[3.507s] gmake: *** [Makefile:146: all] Error 2
[3.509s] Invoked command in '/home/mechax/zyb/radar_station_all/radar_station_fixed_class/build/Qt5_displayer' returned '2': AMENT_PREFIX_PATH=/home/mechax/zyb/radar_station_all/radar_station_fixed_class/install/my_msgss:${AMENT_PREFIX_PATH} CMAKE_PREFIX_PATH=/home/mechax/zyb/radar_station_all/radar_station_fixed_class/install/my_msgss:/home/mechax/ws_livox/install/livox_ros2_driver:/home/mechax/ws_livox/install/livox_sdk_vendor:/home/mechax/ws_livox/install/livox_interfaces:/opt/ros/humble LD_LIBRARY_PATH=/home/mechax/zyb/radar_station_all/radar_station_fixed_class/install/my_msgss/lib:/opt/MVS/lib/64:/opt/MVS/lib/32:/opt/MVS/lib/64:/opt/MVS/lib/32:/home/mechax/ws_livox/install/livox_ros2_driver/lib:/home/mechax/ws_livox/install/livox_interfaces/lib:/usr/lib/x86_64-linux-gnu/gazebo-11/plugins:/opt/ros/humble/opt/rviz_ogre_vendor/lib:/opt/ros/humble/lib/x86_64-linux-gnu:/opt/ros/humble/lib:/opt/MVS/lib/64:/opt/MVS/lib/32:/opt/MVS/lib/64:/opt/MVS/lib/32 PYTHONPATH=/home/mechax/zyb/radar_station_all/radar_station_fixed_class/install/my_msgss/local/lib/python3.10/dist-packages:${PYTHONPATH} /usr/bin/cmake --build /home/mechax/zyb/radar_station_all/radar_station_fixed_class/build/Qt5_displayer -- -j16 -l16
