-- The C compiler identification is GNU 11.4.0
-- The CXX compiler identification is GNU 11.4.0
-- Detecting C compiler ABI info
-- Detecting C compiler ABI info - done
-- Check for working C compiler: /usr/bin/cc - skipped
-- Detecting C compile features
-- Detecting C compile features - done
-- Detecting CXX compiler ABI info
-- Detecting CXX compiler ABI info - done
-- Check for working CXX compiler: /usr/bin/c++ - skipped
-- Detecting CXX compile features
-- Detecting CXX compile features - done
-- Found ament_cmake_auto: 1.3.8 (/opt/ros/humble/share/ament_cmake_auto/cmake)
-- Found Python3: /usr/bin/python3 (found version "3.10.12") found components: Interpreter 
-- Found rosidl_generator_c: 3.1.5 (/opt/ros/humble/share/rosidl_generator_c/cmake)
-- Found rosidl_adapter: 3.1.5 (/opt/ros/humble/share/rosidl_adapter/cmake)
-- Found rosidl_generator_cpp: 3.1.5 (/opt/ros/humble/share/rosidl_generator_cpp/cmake)
-- Using all available rosidl_typesupport_c: rosidl_typesupport_fastrtps_c;rosidl_typesupport_introspection_c
-- Using all available rosidl_typesupport_cpp: rosidl_typesupport_fastrtps_cpp;rosidl_typesupport_introspection_cpp
-- Found rmw_implementation_cmake: 6.1.1 (/opt/ros/humble/share/rmw_implementation_cmake/cmake)
-- Found rmw_fastrtps_cpp: 6.2.6 (/opt/ros/humble/share/rmw_fastrtps_cpp/cmake)
-- Found OpenSSL: /usr/lib/x86_64-linux-gnu/libcrypto.so (found version "3.0.2")  
-- Found FastRTPS: /opt/ros/humble/include  
-- Using RMW implementation 'rmw_fastrtps_cpp' as default
-- Looking for pthread.h
-- Looking for pthread.h - found
-- Performing Test CMAKE_HAVE_LIBC_PTHREAD
-- Performing Test CMAKE_HAVE_LIBC_PTHREAD - Success
-- Found Threads: TRUE  
-- Found ament_lint_auto: 0.12.10 (/opt/ros/humble/share/ament_lint_auto/cmake)
-- Added test 'cppcheck' to perform static code analysis on C / C++ code
-- Configured cppcheck include dirs: /home/mechax/zyb/radar_station_all/radar_station_fixed_class/src/ros2-hik-mutiple-camera/hikSDK/include
-- Configured cppcheck exclude dirs and/or files: 
-- Added test 'flake8' to check Python code syntax and style conventions
-- Added test 'lint_cmake' to check CMake code style
-- Added test 'pep257' to check Python code against some of the docstring style conventions in PEP 257
-- Added test 'xmllint' to check XML markup files
-- Configuring done
-- Generating done
-- Build files have been written to: /home/mechax/zyb/radar_station_all/radar_station_fixed_class/build/hik_camera
[ 25%] [32mBuilding CXX object CMakeFiles/hik_camera.dir/src/hik_camera_node.cpp.o[0m
[ 50%] [32mBuilding CXX object CMakeFiles/hik_camera_node.dir/rclcpp_components/node_main_hik_camera_node.cpp.o[0m
[ 75%] [32m[1mLinking CXX executable hik_camera_node[0m
[ 75%] Built target hik_camera_node
[100%] [32m[1mLinking CXX shared library libhik_camera.so[0m
[100%] Built target hik_camera
-- Install configuration: ""
-- Installing: /home/mechax/zyb/radar_station_all/radar_station_fixed_class/install/hik_camera/lib
-- Installing: /home/mechax/zyb/radar_station_all/radar_station_fixed_class/install/hik_camera/lib/libFormatConversion.so
-- Installing: /home/mechax/zyb/radar_station_all/radar_station_fixed_class/install/hik_camera/lib/libMvCameraControl.so
-- Installing: /home/mechax/zyb/radar_station_all/radar_station_fixed_class/install/hik_camera/lib/libMvUsb3vTL.so
-- Installing: /home/mechax/zyb/radar_station_all/radar_station_fixed_class/install/hik_camera/lib/libMVRender.so
-- Installing: /home/mechax/zyb/radar_station_all/radar_station_fixed_class/install/hik_camera/lib/libMediaProcess.so
-- Installing: /home/mechax/zyb/radar_station_all/radar_station_fixed_class/install/hik_camera/lib/hik_camera/hik_camera_node
-- Set runtime path of "/home/mechax/zyb/radar_station_all/radar_station_fixed_class/install/hik_camera/lib/hik_camera/hik_camera_node" to ""
-- Installing: /home/mechax/zyb/radar_station_all/radar_station_fixed_class/install/hik_camera/share/hik_camera/environment/library_path.sh
-- Installing: /home/mechax/zyb/radar_station_all/radar_station_fixed_class/install/hik_camera/share/hik_camera/environment/library_path.dsv
-- Installing: /home/mechax/zyb/radar_station_all/radar_station_fixed_class/install/hik_camera/lib/libhik_camera.so
-- Set runtime path of "/home/mechax/zyb/radar_station_all/radar_station_fixed_class/install/hik_camera/lib/libhik_camera.so" to ""
-- Installing: /home/mechax/zyb/radar_station_all/radar_station_fixed_class/install/hik_camera/share/hik_camera/config
-- Installing: /home/mechax/zyb/radar_station_all/radar_station_fixed_class/install/hik_camera/share/hik_camera/config/camera_params.yaml
-- Installing: /home/mechax/zyb/radar_station_all/radar_station_fixed_class/install/hik_camera/share/hik_camera/config/right_camera_info.yaml
-- Installing: /home/mechax/zyb/radar_station_all/radar_station_fixed_class/install/hik_camera/share/hik_camera/config/left_camera_info.yaml
-- Installing: /home/mechax/zyb/radar_station_all/radar_station_fixed_class/install/hik_camera/share/hik_camera/launch
-- Installing: /home/mechax/zyb/radar_station_all/radar_station_fixed_class/install/hik_camera/share/hik_camera/launch/hik_camera.launch.py
-- Installing: /home/mechax/zyb/radar_station_all/radar_station_fixed_class/install/hik_camera/share/ament_index/resource_index/package_run_dependencies/hik_camera
-- Installing: /home/mechax/zyb/radar_station_all/radar_station_fixed_class/install/hik_camera/share/ament_index/resource_index/parent_prefix_path/hik_camera
-- Installing: /home/mechax/zyb/radar_station_all/radar_station_fixed_class/install/hik_camera/share/hik_camera/environment/ament_prefix_path.sh
-- Installing: /home/mechax/zyb/radar_station_all/radar_station_fixed_class/install/hik_camera/share/hik_camera/environment/ament_prefix_path.dsv
-- Installing: /home/mechax/zyb/radar_station_all/radar_station_fixed_class/install/hik_camera/share/hik_camera/environment/path.sh
-- Installing: /home/mechax/zyb/radar_station_all/radar_station_fixed_class/install/hik_camera/share/hik_camera/environment/path.dsv
-- Installing: /home/mechax/zyb/radar_station_all/radar_station_fixed_class/install/hik_camera/share/hik_camera/local_setup.bash
-- Installing: /home/mechax/zyb/radar_station_all/radar_station_fixed_class/install/hik_camera/share/hik_camera/local_setup.sh
-- Installing: /home/mechax/zyb/radar_station_all/radar_station_fixed_class/install/hik_camera/share/hik_camera/local_setup.zsh
-- Installing: /home/mechax/zyb/radar_station_all/radar_station_fixed_class/install/hik_camera/share/hik_camera/local_setup.dsv
-- Installing: /home/mechax/zyb/radar_station_all/radar_station_fixed_class/install/hik_camera/share/hik_camera/package.dsv
-- Installing: /home/mechax/zyb/radar_station_all/radar_station_fixed_class/install/hik_camera/share/ament_index/resource_index/packages/hik_camera
-- Installing: /home/mechax/zyb/radar_station_all/radar_station_fixed_class/install/hik_camera/share/ament_index/resource_index/rclcpp_components/hik_camera
-- Installing: /home/mechax/zyb/radar_station_all/radar_station_fixed_class/install/hik_camera/share/hik_camera/cmake/ament_cmake_export_dependencies-extras.cmake
-- Installing: /home/mechax/zyb/radar_station_all/radar_station_fixed_class/install/hik_camera/share/hik_camera/cmake/ament_cmake_export_libraries-extras.cmake
-- Installing: /home/mechax/zyb/radar_station_all/radar_station_fixed_class/install/hik_camera/share/hik_camera/cmake/hik_cameraConfig.cmake
-- Installing: /home/mechax/zyb/radar_station_all/radar_station_fixed_class/install/hik_camera/share/hik_camera/cmake/hik_cameraConfig-version.cmake
-- Installing: /home/mechax/zyb/radar_station_all/radar_station_fixed_class/install/hik_camera/share/hik_camera/package.xml
