[0.074s] Invoking command in '/home/mechax/zyb/radar_station_all/radar_station_fixed_class/build/hik_camera': CMAKE_PREFIX_PATH=${CMAKE_PREFIX_PATH}:/opt/ros/humble /usr/bin/cmake /home/mechax/zyb/radar_station_all/radar_station_fixed_class/src/ros2-hik-mutiple-camera -DCMAKE_INSTALL_PREFIX=/home/mechax/zyb/radar_station_all/radar_station_fixed_class/install/hik_camera
[0.115s] -- The C compiler identification is GNU 11.4.0
[0.161s] -- The CXX compiler identification is GNU 11.4.0
[0.166s] -- Detecting C compiler ABI info
[0.216s] -- Detecting C compiler ABI info - done
[0.221s] -- Check for working C compiler: /usr/bin/cc - skipped
[0.221s] -- Detecting C compile features
[0.222s] -- Detecting C compile features - done
[0.225s] -- Detecting CXX compiler ABI info
[0.281s] -- Detecting CXX compiler ABI info - done
[0.286s] -- Check for working CXX compiler: /usr/bin/c++ - skipped
[0.286s] -- Detecting CXX compile features
[0.286s] -- Detecting CXX compile features - done
[0.288s] -- Found ament_cmake_auto: 1.3.8 (/opt/ros/humble/share/ament_cmake_auto/cmake)
[0.395s] -- Found Python3: /usr/bin/python3 (found version "3.10.12") found components: Interpreter 
[0.554s] -- Found rosidl_generator_c: 3.1.5 (/opt/ros/humble/share/rosidl_generator_c/cmake)
[0.557s] -- Found rosidl_adapter: 3.1.5 (/opt/ros/humble/share/rosidl_adapter/cmake)
[0.562s] -- Found rosidl_generator_cpp: 3.1.5 (/opt/ros/humble/share/rosidl_generator_cpp/cmake)
[0.572s] -- Using all available rosidl_typesupport_c: rosidl_typesupport_fastrtps_c;rosidl_typesupport_introspection_c
[0.584s] -- Using all available rosidl_typesupport_cpp: rosidl_typesupport_fastrtps_cpp;rosidl_typesupport_introspection_cpp
[0.627s] -- Found rmw_implementation_cmake: 6.1.1 (/opt/ros/humble/share/rmw_implementation_cmake/cmake)
[0.628s] -- Found rmw_fastrtps_cpp: 6.2.6 (/opt/ros/humble/share/rmw_fastrtps_cpp/cmake)
[0.693s] -- Found OpenSSL: /usr/lib/x86_64-linux-gnu/libcrypto.so (found version "3.0.2")  
[0.711s] -- Found FastRTPS: /opt/ros/humble/include  
[0.741s] -- Using RMW implementation 'rmw_fastrtps_cpp' as default
[0.746s] -- Looking for pthread.h
[0.790s] -- Looking for pthread.h - found
[0.791s] -- Performing Test CMAKE_HAVE_LIBC_PTHREAD
[0.835s] -- Performing Test CMAKE_HAVE_LIBC_PTHREAD - Success
[0.835s] -- Found Threads: TRUE  
[1.102s] -- Found ament_lint_auto: 0.12.10 (/opt/ros/humble/share/ament_lint_auto/cmake)
[1.115s] -- Added test 'cppcheck' to perform static code analysis on C / C++ code
[1.116s] -- Configured cppcheck include dirs: /home/mechax/zyb/radar_station_all/radar_station_fixed_class/src/ros2-hik-mutiple-camera/hikSDK/include
[1.116s] -- Configured cppcheck exclude dirs and/or files: 
[1.116s] -- Added test 'flake8' to check Python code syntax and style conventions
[1.116s] -- Added test 'lint_cmake' to check CMake code style
[1.117s] -- Added test 'pep257' to check Python code against some of the docstring style conventions in PEP 257
[1.117s] -- Added test 'xmllint' to check XML markup files
[1.118s] -- Configuring done
[1.127s] -- Generating done
[1.128s] -- Build files have been written to: /home/mechax/zyb/radar_station_all/radar_station_fixed_class/build/hik_camera
[1.138s] Invoked command in '/home/mechax/zyb/radar_station_all/radar_station_fixed_class/build/hik_camera' returned '0': CMAKE_PREFIX_PATH=${CMAKE_PREFIX_PATH}:/opt/ros/humble /usr/bin/cmake /home/mechax/zyb/radar_station_all/radar_station_fixed_class/src/ros2-hik-mutiple-camera -DCMAKE_INSTALL_PREFIX=/home/mechax/zyb/radar_station_all/radar_station_fixed_class/install/hik_camera
[1.139s] Invoking command in '/home/mechax/zyb/radar_station_all/radar_station_fixed_class/build/hik_camera': CMAKE_PREFIX_PATH=${CMAKE_PREFIX_PATH}:/opt/ros/humble /usr/bin/cmake --build /home/mechax/zyb/radar_station_all/radar_station_fixed_class/build/hik_camera -- -j16 -l16
[1.177s] [ 25%] [32mBuilding CXX object CMakeFiles/hik_camera.dir/src/hik_camera_node.cpp.o[0m
[1.182s] [ 50%] [32mBuilding CXX object CMakeFiles/hik_camera_node.dir/rclcpp_components/node_main_hik_camera_node.cpp.o[0m
[4.025s] [ 75%] [32m[1mLinking CXX executable hik_camera_node[0m
[4.117s] [ 75%] Built target hik_camera_node
[4.600s] [100%] [32m[1mLinking CXX shared library libhik_camera.so[0m
[4.727s] [100%] Built target hik_camera
[4.737s] Invoked command in '/home/mechax/zyb/radar_station_all/radar_station_fixed_class/build/hik_camera' returned '0': CMAKE_PREFIX_PATH=${CMAKE_PREFIX_PATH}:/opt/ros/humble /usr/bin/cmake --build /home/mechax/zyb/radar_station_all/radar_station_fixed_class/build/hik_camera -- -j16 -l16
[4.757s] Invoking command in '/home/mechax/zyb/radar_station_all/radar_station_fixed_class/build/hik_camera': CMAKE_PREFIX_PATH=${CMAKE_PREFIX_PATH}:/opt/ros/humble /usr/bin/cmake --install /home/mechax/zyb/radar_station_all/radar_station_fixed_class/build/hik_camera
[4.763s] -- Install configuration: ""
[4.763s] -- Installing: /home/mechax/zyb/radar_station_all/radar_station_fixed_class/install/hik_camera/lib
[4.763s] -- Installing: /home/mechax/zyb/radar_station_all/radar_station_fixed_class/install/hik_camera/lib/libFormatConversion.so
[4.763s] -- Installing: /home/mechax/zyb/radar_station_all/radar_station_fixed_class/install/hik_camera/lib/libMvCameraControl.so
[4.767s] -- Installing: /home/mechax/zyb/radar_station_all/radar_station_fixed_class/install/hik_camera/lib/libMvUsb3vTL.so
[4.771s] -- Installing: /home/mechax/zyb/radar_station_all/radar_station_fixed_class/install/hik_camera/lib/libMVRender.so
[4.772s] -- Installing: /home/mechax/zyb/radar_station_all/radar_station_fixed_class/install/hik_camera/lib/libMediaProcess.so
[4.773s] -- Installing: /home/mechax/zyb/radar_station_all/radar_station_fixed_class/install/hik_camera/lib/hik_camera/hik_camera_node
[4.774s] -- Set runtime path of "/home/mechax/zyb/radar_station_all/radar_station_fixed_class/install/hik_camera/lib/hik_camera/hik_camera_node" to ""
[4.774s] -- Installing: /home/mechax/zyb/radar_station_all/radar_station_fixed_class/install/hik_camera/share/hik_camera/environment/library_path.sh
[4.774s] -- Installing: /home/mechax/zyb/radar_station_all/radar_station_fixed_class/install/hik_camera/share/hik_camera/environment/library_path.dsv
[4.774s] -- Installing: /home/mechax/zyb/radar_station_all/radar_station_fixed_class/install/hik_camera/lib/libhik_camera.so
[4.774s] -- Set runtime path of "/home/mechax/zyb/radar_station_all/radar_station_fixed_class/install/hik_camera/lib/libhik_camera.so" to ""
[4.774s] -- Installing: /home/mechax/zyb/radar_station_all/radar_station_fixed_class/install/hik_camera/share/hik_camera/config
[4.774s] -- Installing: /home/mechax/zyb/radar_station_all/radar_station_fixed_class/install/hik_camera/share/hik_camera/config/camera_params.yaml
[4.774s] -- Installing: /home/mechax/zyb/radar_station_all/radar_station_fixed_class/install/hik_camera/share/hik_camera/config/right_camera_info.yaml
[4.774s] -- Installing: /home/mechax/zyb/radar_station_all/radar_station_fixed_class/install/hik_camera/share/hik_camera/config/left_camera_info.yaml
[4.775s] -- Installing: /home/mechax/zyb/radar_station_all/radar_station_fixed_class/install/hik_camera/share/hik_camera/launch
[4.775s] -- Installing: /home/mechax/zyb/radar_station_all/radar_station_fixed_class/install/hik_camera/share/hik_camera/launch/hik_camera.launch.py
[4.775s] -- Installing: /home/mechax/zyb/radar_station_all/radar_station_fixed_class/install/hik_camera/share/ament_index/resource_index/package_run_dependencies/hik_camera
[4.775s] -- Installing: /home/mechax/zyb/radar_station_all/radar_station_fixed_class/install/hik_camera/share/ament_index/resource_index/parent_prefix_path/hik_camera
[4.775s] -- Installing: /home/mechax/zyb/radar_station_all/radar_station_fixed_class/install/hik_camera/share/hik_camera/environment/ament_prefix_path.sh
[4.775s] -- Installing: /home/mechax/zyb/radar_station_all/radar_station_fixed_class/install/hik_camera/share/hik_camera/environment/ament_prefix_path.dsv
[4.775s] -- Installing: /home/mechax/zyb/radar_station_all/radar_station_fixed_class/install/hik_camera/share/hik_camera/environment/path.sh
[4.775s] -- Installing: /home/mechax/zyb/radar_station_all/radar_station_fixed_class/install/hik_camera/share/hik_camera/environment/path.dsv
[4.775s] -- Installing: /home/mechax/zyb/radar_station_all/radar_station_fixed_class/install/hik_camera/share/hik_camera/local_setup.bash
[4.775s] -- Installing: /home/mechax/zyb/radar_station_all/radar_station_fixed_class/install/hik_camera/share/hik_camera/local_setup.sh
[4.775s] -- Installing: /home/mechax/zyb/radar_station_all/radar_station_fixed_class/install/hik_camera/share/hik_camera/local_setup.zsh
[4.775s] -- Installing: /home/mechax/zyb/radar_station_all/radar_station_fixed_class/install/hik_camera/share/hik_camera/local_setup.dsv
[4.775s] -- Installing: /home/mechax/zyb/radar_station_all/radar_station_fixed_class/install/hik_camera/share/hik_camera/package.dsv
[4.775s] -- Installing: /home/mechax/zyb/radar_station_all/radar_station_fixed_class/install/hik_camera/share/ament_index/resource_index/packages/hik_camera
[4.775s] -- Installing: /home/mechax/zyb/radar_station_all/radar_station_fixed_class/install/hik_camera/share/ament_index/resource_index/rclcpp_components/hik_camera
[4.775s] -- Installing: /home/mechax/zyb/radar_station_all/radar_station_fixed_class/install/hik_camera/share/hik_camera/cmake/ament_cmake_export_dependencies-extras.cmake
[4.775s] -- Installing: /home/mechax/zyb/radar_station_all/radar_station_fixed_class/install/hik_camera/share/hik_camera/cmake/ament_cmake_export_libraries-extras.cmake
[4.775s] -- Installing: /home/mechax/zyb/radar_station_all/radar_station_fixed_class/install/hik_camera/share/hik_camera/cmake/hik_cameraConfig.cmake
[4.775s] -- Installing: /home/mechax/zyb/radar_station_all/radar_station_fixed_class/install/hik_camera/share/hik_camera/cmake/hik_cameraConfig-version.cmake
[4.775s] -- Installing: /home/mechax/zyb/radar_station_all/radar_station_fixed_class/install/hik_camera/share/hik_camera/package.xml
[4.800s] Invoked command in '/home/mechax/zyb/radar_station_all/radar_station_fixed_class/build/hik_camera' returned '0': CMAKE_PREFIX_PATH=${CMAKE_PREFIX_PATH}:/opt/ros/humble /usr/bin/cmake --install /home/mechax/zyb/radar_station_all/radar_station_fixed_class/build/hik_camera
