[0.099s] Invoking command in '/home/mechax/zyb/radar_station_all/radar_station_fixed_class/build/Qt5_displayer': AMENT_PREFIX_PATH=/home/mechax/zyb/radar_station_all/radar_station_fixed_class/install/my_msgss:${AMENT_PREFIX_PATH} CMAKE_PREFIX_PATH=/home/mechax/zyb/radar_station_all/radar_station_fixed_class/install/my_msgss:/home/mechax/ws_livox/install/livox_ros2_driver:/home/mechax/ws_livox/install/livox_sdk_vendor:/home/mechax/ws_livox/install/livox_interfaces:/opt/ros/humble LD_LIBRARY_PATH=/home/mechax/zyb/radar_station_all/radar_station_fixed_class/install/my_msgss/lib:/opt/MVS/lib/64:/opt/MVS/lib/32:/opt/MVS/lib/64:/opt/MVS/lib/32:/home/mechax/ws_livox/install/livox_ros2_driver/lib:/home/mechax/ws_livox/install/livox_interfaces/lib:/usr/lib/x86_64-linux-gnu/gazebo-11/plugins:/opt/ros/humble/opt/rviz_ogre_vendor/lib:/opt/ros/humble/lib/x86_64-linux-gnu:/opt/ros/humble/lib:/opt/MVS/lib/64:/opt/MVS/lib/32:/opt/MVS/lib/64:/opt/MVS/lib/32 PYTHONPATH=/home/mechax/zyb/radar_station_all/radar_station_fixed_class/install/my_msgss/local/lib/python3.10/dist-packages:${PYTHONPATH} /usr/bin/cmake --build /home/mechax/zyb/radar_station_all/radar_station_fixed_class/build/Qt5_displayer -- -j16 -l16
[0.134s] [ 12%] [34m[1mAutomatic MOC and UIC for target Qt5_displayer[0m
[0.152s] [ 12%] Built target Qt5_displayer_autogen
[0.164s] [35m[1mConsolidate compiler generated dependencies of target Qt5_displayer[0m
[0.189s] [ 25%] [32mBuilding CXX object CMakeFiles/Qt5_displayer.dir/src/qtnode.cpp.o[0m
[8.199s] [ 37%] [32m[1mLinking CXX executable Qt5_displayer[0m
[8.843s] /usr/bin/ld: warning: libopencv_imgcodecs.so.4.5d, needed by /opt/ros/humble/lib/libcv_bridge.so, may conflict with libopencv_imgcodecs.so.408
[8.843s] /usr/bin/ld: warning: libopencv_imgproc.so.4.5d, needed by /opt/ros/humble/lib/libcv_bridge.so, may conflict with libopencv_imgproc.so.408
[8.843s] /usr/bin/ld: warning: libopencv_core.so.4.5d, needed by /opt/ros/humble/lib/libcv_bridge.so, may conflict with libopencv_core.so.408
[9.301s] [100%] Built target Qt5_displayer
[9.308s] Invoked command in '/home/mechax/zyb/radar_station_all/radar_station_fixed_class/build/Qt5_displayer' returned '0': AMENT_PREFIX_PATH=/home/mechax/zyb/radar_station_all/radar_station_fixed_class/install/my_msgss:${AMENT_PREFIX_PATH} CMAKE_PREFIX_PATH=/home/mechax/zyb/radar_station_all/radar_station_fixed_class/install/my_msgss:/home/mechax/ws_livox/install/livox_ros2_driver:/home/mechax/ws_livox/install/livox_sdk_vendor:/home/mechax/ws_livox/install/livox_interfaces:/opt/ros/humble LD_LIBRARY_PATH=/home/mechax/zyb/radar_station_all/radar_station_fixed_class/install/my_msgss/lib:/opt/MVS/lib/64:/opt/MVS/lib/32:/opt/MVS/lib/64:/opt/MVS/lib/32:/home/mechax/ws_livox/install/livox_ros2_driver/lib:/home/mechax/ws_livox/install/livox_interfaces/lib:/usr/lib/x86_64-linux-gnu/gazebo-11/plugins:/opt/ros/humble/opt/rviz_ogre_vendor/lib:/opt/ros/humble/lib/x86_64-linux-gnu:/opt/ros/humble/lib:/opt/MVS/lib/64:/opt/MVS/lib/32:/opt/MVS/lib/64:/opt/MVS/lib/32 PYTHONPATH=/home/mechax/zyb/radar_station_all/radar_station_fixed_class/install/my_msgss/local/lib/python3.10/dist-packages:${PYTHONPATH} /usr/bin/cmake --build /home/mechax/zyb/radar_station_all/radar_station_fixed_class/build/Qt5_displayer -- -j16 -l16
[9.334s] Invoking command in '/home/mechax/zyb/radar_station_all/radar_station_fixed_class/build/Qt5_displayer': AMENT_PREFIX_PATH=/home/mechax/zyb/radar_station_all/radar_station_fixed_class/install/my_msgss:${AMENT_PREFIX_PATH} CMAKE_PREFIX_PATH=/home/mechax/zyb/radar_station_all/radar_station_fixed_class/install/my_msgss:/home/mechax/ws_livox/install/livox_ros2_driver:/home/mechax/ws_livox/install/livox_sdk_vendor:/home/mechax/ws_livox/install/livox_interfaces:/opt/ros/humble LD_LIBRARY_PATH=/home/mechax/zyb/radar_station_all/radar_station_fixed_class/install/my_msgss/lib:/opt/MVS/lib/64:/opt/MVS/lib/32:/opt/MVS/lib/64:/opt/MVS/lib/32:/home/mechax/ws_livox/install/livox_ros2_driver/lib:/home/mechax/ws_livox/install/livox_interfaces/lib:/usr/lib/x86_64-linux-gnu/gazebo-11/plugins:/opt/ros/humble/opt/rviz_ogre_vendor/lib:/opt/ros/humble/lib/x86_64-linux-gnu:/opt/ros/humble/lib:/opt/MVS/lib/64:/opt/MVS/lib/32:/opt/MVS/lib/64:/opt/MVS/lib/32 PYTHONPATH=/home/mechax/zyb/radar_station_all/radar_station_fixed_class/install/my_msgss/local/lib/python3.10/dist-packages:${PYTHONPATH} /usr/bin/cmake --install /home/mechax/zyb/radar_station_all/radar_station_fixed_class/build/Qt5_displayer
[9.339s] -- Install configuration: ""
[9.339s] -- Installing: /home/mechax/zyb/radar_station_all/radar_station_fixed_class/install/Qt5_displayer/lib/Qt5_displayer/Qt5_displayer
[9.343s] -- Set runtime path of "/home/mechax/zyb/radar_station_all/radar_station_fixed_class/install/Qt5_displayer/lib/Qt5_displayer/Qt5_displayer" to ""
[9.343s] -- Up-to-date: /home/mechax/zyb/radar_station_all/radar_station_fixed_class/install/Qt5_displayer/share/Qt5_displayer/launch
[9.343s] -- Up-to-date: /home/mechax/zyb/radar_station_all/radar_station_fixed_class/install/Qt5_displayer/share/Qt5_displayer/launch/qt5_display_launch.py
[9.343s] -- Up-to-date: /home/mechax/zyb/radar_station_all/radar_station_fixed_class/install/Qt5_displayer/share/Qt5_displayer/map
[9.343s] -- Up-to-date: /home/mechax/zyb/radar_station_all/radar_station_fixed_class/install/Qt5_displayer/share/Qt5_displayer/map/redmap.png
[9.343s] -- Up-to-date: /home/mechax/zyb/radar_station_all/radar_station_fixed_class/install/Qt5_displayer/share/Qt5_displayer/map/bluemap.png
[9.343s] -- Up-to-date: /home/mechax/zyb/radar_station_all/radar_station_fixed_class/install/Qt5_displayer/share/ament_index/resource_index/package_run_dependencies/Qt5_displayer
[9.343s] -- Up-to-date: /home/mechax/zyb/radar_station_all/radar_station_fixed_class/install/Qt5_displayer/share/ament_index/resource_index/parent_prefix_path/Qt5_displayer
[9.343s] -- Up-to-date: /home/mechax/zyb/radar_station_all/radar_station_fixed_class/install/Qt5_displayer/share/Qt5_displayer/environment/ament_prefix_path.sh
[9.343s] -- Up-to-date: /home/mechax/zyb/radar_station_all/radar_station_fixed_class/install/Qt5_displayer/share/Qt5_displayer/environment/ament_prefix_path.dsv
[9.343s] -- Up-to-date: /home/mechax/zyb/radar_station_all/radar_station_fixed_class/install/Qt5_displayer/share/Qt5_displayer/environment/path.sh
[9.343s] -- Up-to-date: /home/mechax/zyb/radar_station_all/radar_station_fixed_class/install/Qt5_displayer/share/Qt5_displayer/environment/path.dsv
[9.343s] -- Up-to-date: /home/mechax/zyb/radar_station_all/radar_station_fixed_class/install/Qt5_displayer/share/Qt5_displayer/local_setup.bash
[9.343s] -- Up-to-date: /home/mechax/zyb/radar_station_all/radar_station_fixed_class/install/Qt5_displayer/share/Qt5_displayer/local_setup.sh
[9.343s] -- Up-to-date: /home/mechax/zyb/radar_station_all/radar_station_fixed_class/install/Qt5_displayer/share/Qt5_displayer/local_setup.zsh
[9.343s] -- Up-to-date: /home/mechax/zyb/radar_station_all/radar_station_fixed_class/install/Qt5_displayer/share/Qt5_displayer/local_setup.dsv
[9.343s] -- Installing: /home/mechax/zyb/radar_station_all/radar_station_fixed_class/install/Qt5_displayer/share/Qt5_displayer/package.dsv
[9.343s] -- Up-to-date: /home/mechax/zyb/radar_station_all/radar_station_fixed_class/install/Qt5_displayer/share/ament_index/resource_index/packages/Qt5_displayer
[9.343s] -- Up-to-date: /home/mechax/zyb/radar_station_all/radar_station_fixed_class/install/Qt5_displayer/share/Qt5_displayer/cmake/Qt5_displayerConfig.cmake
[9.343s] -- Up-to-date: /home/mechax/zyb/radar_station_all/radar_station_fixed_class/install/Qt5_displayer/share/Qt5_displayer/cmake/Qt5_displayerConfig-version.cmake
[9.343s] -- Up-to-date: /home/mechax/zyb/radar_station_all/radar_station_fixed_class/install/Qt5_displayer/share/Qt5_displayer/package.xml
[9.346s] Invoked command in '/home/mechax/zyb/radar_station_all/radar_station_fixed_class/build/Qt5_displayer' returned '0': AMENT_PREFIX_PATH=/home/mechax/zyb/radar_station_all/radar_station_fixed_class/install/my_msgss:${AMENT_PREFIX_PATH} CMAKE_PREFIX_PATH=/home/mechax/zyb/radar_station_all/radar_station_fixed_class/install/my_msgss:/home/mechax/ws_livox/install/livox_ros2_driver:/home/mechax/ws_livox/install/livox_sdk_vendor:/home/mechax/ws_livox/install/livox_interfaces:/opt/ros/humble LD_LIBRARY_PATH=/home/mechax/zyb/radar_station_all/radar_station_fixed_class/install/my_msgss/lib:/opt/MVS/lib/64:/opt/MVS/lib/32:/opt/MVS/lib/64:/opt/MVS/lib/32:/home/mechax/ws_livox/install/livox_ros2_driver/lib:/home/mechax/ws_livox/install/livox_interfaces/lib:/usr/lib/x86_64-linux-gnu/gazebo-11/plugins:/opt/ros/humble/opt/rviz_ogre_vendor/lib:/opt/ros/humble/lib/x86_64-linux-gnu:/opt/ros/humble/lib:/opt/MVS/lib/64:/opt/MVS/lib/32:/opt/MVS/lib/64:/opt/MVS/lib/32 PYTHONPATH=/home/mechax/zyb/radar_station_all/radar_station_fixed_class/install/my_msgss/local/lib/python3.10/dist-packages:${PYTHONPATH} /usr/bin/cmake --install /home/mechax/zyb/radar_station_all/radar_station_fixed_class/build/Qt5_displayer
