[0.520s] DEBUG:colcon:Command line arguments: ['/usr/bin/colcon', 'build']
[0.520s] DEBUG:colcon:Parsed command line arguments: Namespace(log_base=None, log_level=None, verb_name='build', build_base='build', install_base='install', merge_install=False, symlink_install=False, test_result_base=None, continue_on_error=False, executor='parallel', parallel_workers=16, event_handlers=None, ignore_user_meta=False, metas=['./colcon.meta'], base_paths=['.'], packages_ignore=None, packages_ignore_regex=None, paths=None, packages_up_to=None, packages_up_to_regex=None, packages_above=None, packages_above_and_dependencies=None, packages_above_depth=None, packages_select_by_dep=None, packages_skip_by_dep=None, packages_skip_up_to=None, packages_select_build_failed=False, packages_skip_build_finished=False, packages_select_test_failures=False, packages_skip_test_passed=False, packages_select=None, packages_skip=None, packages_select_regex=None, packages_skip_regex=None, packages_start=None, packages_end=None, allow_overriding=[], cmake_args=None, cmake_target=None, cmake_target_skip_unavailable=False, cmake_clean_cache=False, cmake_clean_first=False, cmake_force_configure=False, ament_cmake_args=None, catkin_cmake_args=None, catkin_skip_building_tests=False, verb_parser=<colcon_defaults.argument_parser.defaults.DefaultArgumentsDecorator object at 0x7fa0c6badc30>, verb_extension=<colcon_core.verb.build.BuildVerb object at 0x7fa0c6fcbdf0>, main=<bound method BuildVerb.main of <colcon_core.verb.build.BuildVerb object at 0x7fa0c6fcbdf0>>)
[0.549s] Level 1:colcon.colcon_core.package_discovery:discover_packages(colcon_meta) check parameters
[0.549s] Level 1:colcon.colcon_core.package_discovery:discover_packages(recursive) check parameters
[0.549s] Level 1:colcon.colcon_core.package_discovery:discover_packages(ignore) check parameters
[0.549s] Level 1:colcon.colcon_core.package_discovery:discover_packages(path) check parameters
[0.549s] Level 1:colcon.colcon_core.package_discovery:discover_packages(colcon_meta) discover
[0.549s] Level 1:colcon.colcon_core.package_discovery:discover_packages(recursive) discover
[0.549s] INFO:colcon.colcon_core.package_discovery:Crawling recursively for packages in '/home/qianli/zyb/radar_station'
[0.549s] Level 1:colcon.colcon_core.package_identification:_identify(.) by extensions ['ignore', 'ignore_ament_install']
[0.549s] Level 1:colcon.colcon_core.package_identification:_identify(.) by extension 'ignore'
[0.549s] Level 1:colcon.colcon_core.package_identification:_identify(.) by extension 'ignore_ament_install'
[0.549s] Level 1:colcon.colcon_core.package_identification:_identify(.) by extensions ['colcon_pkg']
[0.549s] Level 1:colcon.colcon_core.package_identification:_identify(.) by extension 'colcon_pkg'
[0.549s] Level 1:colcon.colcon_core.package_identification:_identify(.) by extensions ['colcon_meta']
[0.549s] Level 1:colcon.colcon_core.package_identification:_identify(.) by extension 'colcon_meta'
[0.549s] Level 1:colcon.colcon_core.package_identification:_identify(.) by extensions ['ros']
[0.549s] Level 1:colcon.colcon_core.package_identification:_identify(.) by extension 'ros'
[0.556s] Level 1:colcon.colcon_core.package_identification:_identify(.) by extensions ['cmake', 'python']
[0.556s] Level 1:colcon.colcon_core.package_identification:_identify(.) by extension 'cmake'
[0.556s] Level 1:colcon.colcon_core.package_identification:_identify(.) by extension 'python'
[0.557s] Level 1:colcon.colcon_core.package_identification:_identify(.) by extensions ['python_setup_py']
[0.557s] Level 1:colcon.colcon_core.package_identification:_identify(.) by extension 'python_setup_py'
[0.557s] Level 1:colcon.colcon_core.package_identification:_identify(build) by extensions ['ignore', 'ignore_ament_install']
[0.557s] Level 1:colcon.colcon_core.package_identification:_identify(build) by extension 'ignore'
[0.557s] Level 1:colcon.colcon_core.package_identification:_identify(build) ignored
[0.557s] Level 1:colcon.colcon_core.package_identification:_identify(install) by extensions ['ignore', 'ignore_ament_install']
[0.557s] Level 1:colcon.colcon_core.package_identification:_identify(install) by extension 'ignore'
[0.557s] Level 1:colcon.colcon_core.package_identification:_identify(install) ignored
[0.557s] Level 1:colcon.colcon_core.package_identification:_identify(log) by extensions ['ignore', 'ignore_ament_install']
[0.557s] Level 1:colcon.colcon_core.package_identification:_identify(log) by extension 'ignore'
[0.557s] Level 1:colcon.colcon_core.package_identification:_identify(log) ignored
[0.557s] Level 1:colcon.colcon_core.package_identification:_identify(src) by extensions ['ignore', 'ignore_ament_install']
[0.557s] Level 1:colcon.colcon_core.package_identification:_identify(src) by extension 'ignore'
[0.557s] Level 1:colcon.colcon_core.package_identification:_identify(src) by extension 'ignore_ament_install'
[0.557s] Level 1:colcon.colcon_core.package_identification:_identify(src) by extensions ['colcon_pkg']
[0.557s] Level 1:colcon.colcon_core.package_identification:_identify(src) by extension 'colcon_pkg'
[0.557s] Level 1:colcon.colcon_core.package_identification:_identify(src) by extensions ['colcon_meta']
[0.557s] Level 1:colcon.colcon_core.package_identification:_identify(src) by extension 'colcon_meta'
[0.557s] Level 1:colcon.colcon_core.package_identification:_identify(src) by extensions ['ros']
[0.557s] Level 1:colcon.colcon_core.package_identification:_identify(src) by extension 'ros'
[0.557s] Level 1:colcon.colcon_core.package_identification:_identify(src) by extensions ['cmake', 'python']
[0.557s] Level 1:colcon.colcon_core.package_identification:_identify(src) by extension 'cmake'
[0.557s] Level 1:colcon.colcon_core.package_identification:_identify(src) by extension 'python'
[0.557s] Level 1:colcon.colcon_core.package_identification:_identify(src) by extensions ['python_setup_py']
[0.557s] Level 1:colcon.colcon_core.package_identification:_identify(src) by extension 'python_setup_py'
[0.557s] Level 1:colcon.colcon_core.package_identification:_identify(src/All_Topic) by extensions ['ignore', 'ignore_ament_install']
[0.557s] Level 1:colcon.colcon_core.package_identification:_identify(src/All_Topic) by extension 'ignore'
[0.557s] Level 1:colcon.colcon_core.package_identification:_identify(src/All_Topic) by extension 'ignore_ament_install'
[0.558s] Level 1:colcon.colcon_core.package_identification:_identify(src/All_Topic) by extensions ['colcon_pkg']
[0.558s] Level 1:colcon.colcon_core.package_identification:_identify(src/All_Topic) by extension 'colcon_pkg'
[0.558s] Level 1:colcon.colcon_core.package_identification:_identify(src/All_Topic) by extensions ['colcon_meta']
[0.558s] Level 1:colcon.colcon_core.package_identification:_identify(src/All_Topic) by extension 'colcon_meta'
[0.558s] Level 1:colcon.colcon_core.package_identification:_identify(src/All_Topic) by extensions ['ros']
[0.558s] Level 1:colcon.colcon_core.package_identification:_identify(src/All_Topic) by extension 'ros'
[0.558s] Level 1:colcon.colcon_core.package_identification:_identify(src/All_Topic) by extensions ['cmake', 'python']
[0.558s] Level 1:colcon.colcon_core.package_identification:_identify(src/All_Topic) by extension 'cmake'
[0.558s] Level 1:colcon.colcon_core.package_identification:_identify(src/All_Topic) by extension 'python'
[0.558s] Level 1:colcon.colcon_core.package_identification:_identify(src/All_Topic) by extensions ['python_setup_py']
[0.558s] Level 1:colcon.colcon_core.package_identification:_identify(src/All_Topic) by extension 'python_setup_py'
[0.558s] Level 1:colcon.colcon_core.package_identification:_identify(src/Game_Map) by extensions ['ignore', 'ignore_ament_install']
[0.558s] Level 1:colcon.colcon_core.package_identification:_identify(src/Game_Map) by extension 'ignore'
[0.558s] Level 1:colcon.colcon_core.package_identification:_identify(src/Game_Map) by extension 'ignore_ament_install'
[0.558s] Level 1:colcon.colcon_core.package_identification:_identify(src/Game_Map) by extensions ['colcon_pkg']
[0.558s] Level 1:colcon.colcon_core.package_identification:_identify(src/Game_Map) by extension 'colcon_pkg'
[0.558s] Level 1:colcon.colcon_core.package_identification:_identify(src/Game_Map) by extensions ['colcon_meta']
[0.558s] Level 1:colcon.colcon_core.package_identification:_identify(src/Game_Map) by extension 'colcon_meta'
[0.558s] Level 1:colcon.colcon_core.package_identification:_identify(src/Game_Map) by extensions ['ros']
[0.558s] Level 1:colcon.colcon_core.package_identification:_identify(src/Game_Map) by extension 'ros'
[0.560s] DEBUG:colcon.colcon_core.package_identification:Package 'src/Game_Map' with type 'ros.ament_cmake' and name 'Game_Map'
[0.560s] Level 1:colcon.colcon_core.package_identification:_identify(src/Img_Handle) by extensions ['ignore', 'ignore_ament_install']
[0.560s] Level 1:colcon.colcon_core.package_identification:_identify(src/Img_Handle) by extension 'ignore'
[0.560s] Level 1:colcon.colcon_core.package_identification:_identify(src/Img_Handle) by extension 'ignore_ament_install'
[0.560s] Level 1:colcon.colcon_core.package_identification:_identify(src/Img_Handle) by extensions ['colcon_pkg']
[0.561s] Level 1:colcon.colcon_core.package_identification:_identify(src/Img_Handle) by extension 'colcon_pkg'
[0.561s] Level 1:colcon.colcon_core.package_identification:_identify(src/Img_Handle) by extensions ['colcon_meta']
[0.561s] Level 1:colcon.colcon_core.package_identification:_identify(src/Img_Handle) by extension 'colcon_meta'
[0.561s] Level 1:colcon.colcon_core.package_identification:_identify(src/Img_Handle) by extensions ['ros']
[0.561s] Level 1:colcon.colcon_core.package_identification:_identify(src/Img_Handle) by extension 'ros'
[0.561s] DEBUG:colcon.colcon_core.package_identification:Package 'src/Img_Handle' with type 'ros.ament_cmake' and name 'Img_Handle'
[0.561s] Level 1:colcon.colcon_core.package_identification:_identify(src/Qt5_displayer) by extensions ['ignore', 'ignore_ament_install']
[0.561s] Level 1:colcon.colcon_core.package_identification:_identify(src/Qt5_displayer) by extension 'ignore'
[0.561s] Level 1:colcon.colcon_core.package_identification:_identify(src/Qt5_displayer) by extension 'ignore_ament_install'
[0.561s] Level 1:colcon.colcon_core.package_identification:_identify(src/Qt5_displayer) by extensions ['colcon_pkg']
[0.561s] Level 1:colcon.colcon_core.package_identification:_identify(src/Qt5_displayer) by extension 'colcon_pkg'
[0.561s] Level 1:colcon.colcon_core.package_identification:_identify(src/Qt5_displayer) by extensions ['colcon_meta']
[0.561s] Level 1:colcon.colcon_core.package_identification:_identify(src/Qt5_displayer) by extension 'colcon_meta'
[0.561s] Level 1:colcon.colcon_core.package_identification:_identify(src/Qt5_displayer) by extensions ['ros']
[0.561s] Level 1:colcon.colcon_core.package_identification:_identify(src/Qt5_displayer) by extension 'ros'
[0.562s] DEBUG:colcon.colcon_core.package_identification:Package 'src/Qt5_displayer' with type 'ros.ament_cmake' and name 'Qt5_displayer'
[0.562s] Level 1:colcon.colcon_core.package_identification:_identify(src/Yolo_Handle) by extensions ['ignore', 'ignore_ament_install']
[0.562s] Level 1:colcon.colcon_core.package_identification:_identify(src/Yolo_Handle) by extension 'ignore'
[0.562s] Level 1:colcon.colcon_core.package_identification:_identify(src/Yolo_Handle) by extension 'ignore_ament_install'
[0.562s] Level 1:colcon.colcon_core.package_identification:_identify(src/Yolo_Handle) by extensions ['colcon_pkg']
[0.562s] Level 1:colcon.colcon_core.package_identification:_identify(src/Yolo_Handle) by extension 'colcon_pkg'
[0.562s] Level 1:colcon.colcon_core.package_identification:_identify(src/Yolo_Handle) by extensions ['colcon_meta']
[0.562s] Level 1:colcon.colcon_core.package_identification:_identify(src/Yolo_Handle) by extension 'colcon_meta'
[0.562s] Level 1:colcon.colcon_core.package_identification:_identify(src/Yolo_Handle) by extensions ['ros']
[0.562s] Level 1:colcon.colcon_core.package_identification:_identify(src/Yolo_Handle) by extension 'ros'
[0.563s] DEBUG:colcon.colcon_core.package_identification:Package 'src/Yolo_Handle' with type 'ros.ament_cmake' and name 'Yolo_Handle'
[0.563s] Level 1:colcon.colcon_core.package_identification:_identify(src/get_depth) by extensions ['ignore', 'ignore_ament_install']
[0.563s] Level 1:colcon.colcon_core.package_identification:_identify(src/get_depth) by extension 'ignore'
[0.563s] Level 1:colcon.colcon_core.package_identification:_identify(src/get_depth) by extension 'ignore_ament_install'
[0.563s] Level 1:colcon.colcon_core.package_identification:_identify(src/get_depth) by extensions ['colcon_pkg']
[0.563s] Level 1:colcon.colcon_core.package_identification:_identify(src/get_depth) by extension 'colcon_pkg'
[0.563s] Level 1:colcon.colcon_core.package_identification:_identify(src/get_depth) by extensions ['colcon_meta']
[0.563s] Level 1:colcon.colcon_core.package_identification:_identify(src/get_depth) by extension 'colcon_meta'
[0.563s] Level 1:colcon.colcon_core.package_identification:_identify(src/get_depth) by extensions ['ros']
[0.563s] Level 1:colcon.colcon_core.package_identification:_identify(src/get_depth) by extension 'ros'
[0.564s] DEBUG:colcon.colcon_core.package_identification:Package 'src/get_depth' with type 'ros.ament_cmake' and name 'get_depth'
[0.564s] Level 1:colcon.colcon_core.package_identification:_identify(src/map_test) by extensions ['ignore', 'ignore_ament_install']
[0.564s] Level 1:colcon.colcon_core.package_identification:_identify(src/map_test) by extension 'ignore'
[0.564s] Level 1:colcon.colcon_core.package_identification:_identify(src/map_test) by extension 'ignore_ament_install'
[0.564s] Level 1:colcon.colcon_core.package_identification:_identify(src/map_test) by extensions ['colcon_pkg']
[0.564s] Level 1:colcon.colcon_core.package_identification:_identify(src/map_test) by extension 'colcon_pkg'
[0.564s] Level 1:colcon.colcon_core.package_identification:_identify(src/map_test) by extensions ['colcon_meta']
[0.564s] Level 1:colcon.colcon_core.package_identification:_identify(src/map_test) by extension 'colcon_meta'
[0.564s] Level 1:colcon.colcon_core.package_identification:_identify(src/map_test) by extensions ['ros']
[0.564s] Level 1:colcon.colcon_core.package_identification:_identify(src/map_test) by extension 'ros'
[0.564s] DEBUG:colcon.colcon_core.package_identification:Package 'src/map_test' with type 'ros.ament_cmake' and name 'map_test'
[0.564s] Level 1:colcon.colcon_core.package_identification:_identify(src/my_msgss) by extensions ['ignore', 'ignore_ament_install']
[0.564s] Level 1:colcon.colcon_core.package_identification:_identify(src/my_msgss) by extension 'ignore'
[0.564s] Level 1:colcon.colcon_core.package_identification:_identify(src/my_msgss) by extension 'ignore_ament_install'
[0.565s] Level 1:colcon.colcon_core.package_identification:_identify(src/my_msgss) by extensions ['colcon_pkg']
[0.565s] Level 1:colcon.colcon_core.package_identification:_identify(src/my_msgss) by extension 'colcon_pkg'
[0.565s] Level 1:colcon.colcon_core.package_identification:_identify(src/my_msgss) by extensions ['colcon_meta']
[0.565s] Level 1:colcon.colcon_core.package_identification:_identify(src/my_msgss) by extension 'colcon_meta'
[0.565s] Level 1:colcon.colcon_core.package_identification:_identify(src/my_msgss) by extensions ['ros']
[0.565s] Level 1:colcon.colcon_core.package_identification:_identify(src/my_msgss) by extension 'ros'
[0.565s] DEBUG:colcon.colcon_core.package_identification:Package 'src/my_msgss' with type 'ros.ament_cmake' and name 'my_msgss'
[0.565s] Level 1:colcon.colcon_core.package_identification:_identify(src/ros2_mindvision_mutiple_camera) by extensions ['ignore', 'ignore_ament_install']
[0.565s] Level 1:colcon.colcon_core.package_identification:_identify(src/ros2_mindvision_mutiple_camera) by extension 'ignore'
[0.565s] Level 1:colcon.colcon_core.package_identification:_identify(src/ros2_mindvision_mutiple_camera) by extension 'ignore_ament_install'
[0.565s] Level 1:colcon.colcon_core.package_identification:_identify(src/ros2_mindvision_mutiple_camera) by extensions ['colcon_pkg']
[0.565s] Level 1:colcon.colcon_core.package_identification:_identify(src/ros2_mindvision_mutiple_camera) by extension 'colcon_pkg'
[0.565s] Level 1:colcon.colcon_core.package_identification:_identify(src/ros2_mindvision_mutiple_camera) by extensions ['colcon_meta']
[0.565s] Level 1:colcon.colcon_core.package_identification:_identify(src/ros2_mindvision_mutiple_camera) by extension 'colcon_meta'
[0.565s] Level 1:colcon.colcon_core.package_identification:_identify(src/ros2_mindvision_mutiple_camera) by extensions ['ros']
[0.565s] Level 1:colcon.colcon_core.package_identification:_identify(src/ros2_mindvision_mutiple_camera) by extension 'ros'
[0.566s] DEBUG:colcon.colcon_core.package_identification:Package 'src/ros2_mindvision_mutiple_camera' with type 'ros.ament_cmake' and name 'mindvision_camera'
[0.566s] Level 1:colcon.colcon_core.package_discovery:discover_packages(recursive) using defaults
[0.566s] Level 1:colcon.colcon_core.package_discovery:discover_packages(ignore) discover
[0.566s] Level 1:colcon.colcon_core.package_discovery:discover_packages(ignore) using defaults
[0.566s] Level 1:colcon.colcon_core.package_discovery:discover_packages(path) discover
[0.566s] Level 1:colcon.colcon_core.package_discovery:discover_packages(path) using defaults
[0.617s] Level 1:colcon.colcon_core.package_discovery:discover_packages(prefix_path) check parameters
[0.618s] Level 1:colcon.colcon_core.package_discovery:discover_packages(prefix_path) discover
[0.633s] DEBUG:colcon.colcon_installed_package_information.package_discovery:Found 289 installed packages in /opt/ros/humble
[0.634s] Level 1:colcon.colcon_core.package_discovery:discover_packages(prefix_path) using defaults
[0.686s] Level 5:colcon.colcon_core.verb:set package 'Yolo_Handle' build argument 'cmake_args' from command line to 'None'
[0.686s] Level 5:colcon.colcon_core.verb:set package 'Yolo_Handle' build argument 'cmake_target' from command line to 'None'
[0.686s] Level 5:colcon.colcon_core.verb:set package 'Yolo_Handle' build argument 'cmake_target_skip_unavailable' from command line to 'False'
[0.686s] Level 5:colcon.colcon_core.verb:set package 'Yolo_Handle' build argument 'cmake_clean_cache' from command line to 'False'
[0.686s] Level 5:colcon.colcon_core.verb:set package 'Yolo_Handle' build argument 'cmake_clean_first' from command line to 'False'
[0.686s] Level 5:colcon.colcon_core.verb:set package 'Yolo_Handle' build argument 'cmake_force_configure' from command line to 'False'
[0.686s] Level 5:colcon.colcon_core.verb:set package 'Yolo_Handle' build argument 'ament_cmake_args' from command line to 'None'
[0.686s] Level 5:colcon.colcon_core.verb:set package 'Yolo_Handle' build argument 'catkin_cmake_args' from command line to 'None'
[0.686s] Level 5:colcon.colcon_core.verb:set package 'Yolo_Handle' build argument 'catkin_skip_building_tests' from command line to 'False'
[0.686s] DEBUG:colcon.colcon_core.verb:Building package 'Yolo_Handle' with the following arguments: {'ament_cmake_args': None, 'build_base': '/home/qianli/zyb/radar_station/build/Yolo_Handle', 'catkin_cmake_args': None, 'catkin_skip_building_tests': False, 'cmake_args': None, 'cmake_clean_cache': False, 'cmake_clean_first': False, 'cmake_force_configure': False, 'cmake_target': None, 'cmake_target_skip_unavailable': False, 'install_base': '/home/qianli/zyb/radar_station/install/Yolo_Handle', 'merge_install': False, 'path': '/home/qianli/zyb/radar_station/src/Yolo_Handle', 'symlink_install': False, 'test_result_base': None}
[0.693s] Level 5:colcon.colcon_core.verb:set package 'mindvision_camera' build argument 'cmake_args' from command line to 'None'
[0.693s] Level 5:colcon.colcon_core.verb:set package 'mindvision_camera' build argument 'cmake_target' from command line to 'None'
[0.693s] Level 5:colcon.colcon_core.verb:set package 'mindvision_camera' build argument 'cmake_target_skip_unavailable' from command line to 'False'
[0.693s] Level 5:colcon.colcon_core.verb:set package 'mindvision_camera' build argument 'cmake_clean_cache' from command line to 'False'
[0.693s] Level 5:colcon.colcon_core.verb:set package 'mindvision_camera' build argument 'cmake_clean_first' from command line to 'False'
[0.693s] Level 5:colcon.colcon_core.verb:set package 'mindvision_camera' build argument 'cmake_force_configure' from command line to 'False'
[0.693s] Level 5:colcon.colcon_core.verb:set package 'mindvision_camera' build argument 'ament_cmake_args' from command line to 'None'
[0.693s] Level 5:colcon.colcon_core.verb:set package 'mindvision_camera' build argument 'catkin_cmake_args' from command line to 'None'
[0.693s] Level 5:colcon.colcon_core.verb:set package 'mindvision_camera' build argument 'catkin_skip_building_tests' from command line to 'False'
[0.693s] DEBUG:colcon.colcon_core.verb:Building package 'mindvision_camera' with the following arguments: {'ament_cmake_args': None, 'build_base': '/home/qianli/zyb/radar_station/build/mindvision_camera', 'catkin_cmake_args': None, 'catkin_skip_building_tests': False, 'cmake_args': None, 'cmake_clean_cache': False, 'cmake_clean_first': False, 'cmake_force_configure': False, 'cmake_target': None, 'cmake_target_skip_unavailable': False, 'install_base': '/home/qianli/zyb/radar_station/install/mindvision_camera', 'merge_install': False, 'path': '/home/qianli/zyb/radar_station/src/ros2_mindvision_mutiple_camera', 'symlink_install': False, 'test_result_base': None}
[0.700s] Level 5:colcon.colcon_core.verb:set package 'my_msgss' build argument 'cmake_args' from command line to 'None'
[0.700s] Level 5:colcon.colcon_core.verb:set package 'my_msgss' build argument 'cmake_target' from command line to 'None'
[0.700s] Level 5:colcon.colcon_core.verb:set package 'my_msgss' build argument 'cmake_target_skip_unavailable' from command line to 'False'
[0.700s] Level 5:colcon.colcon_core.verb:set package 'my_msgss' build argument 'cmake_clean_cache' from command line to 'False'
[0.700s] Level 5:colcon.colcon_core.verb:set package 'my_msgss' build argument 'cmake_clean_first' from command line to 'False'
[0.700s] Level 5:colcon.colcon_core.verb:set package 'my_msgss' build argument 'cmake_force_configure' from command line to 'False'
[0.700s] Level 5:colcon.colcon_core.verb:set package 'my_msgss' build argument 'ament_cmake_args' from command line to 'None'
[0.700s] Level 5:colcon.colcon_core.verb:set package 'my_msgss' build argument 'catkin_cmake_args' from command line to 'None'
[0.700s] Level 5:colcon.colcon_core.verb:set package 'my_msgss' build argument 'catkin_skip_building_tests' from command line to 'False'
[0.700s] DEBUG:colcon.colcon_core.verb:Building package 'my_msgss' with the following arguments: {'ament_cmake_args': None, 'build_base': '/home/qianli/zyb/radar_station/build/my_msgss', 'catkin_cmake_args': None, 'catkin_skip_building_tests': False, 'cmake_args': None, 'cmake_clean_cache': False, 'cmake_clean_first': False, 'cmake_force_configure': False, 'cmake_target': None, 'cmake_target_skip_unavailable': False, 'install_base': '/home/qianli/zyb/radar_station/install/my_msgss', 'merge_install': False, 'path': '/home/qianli/zyb/radar_station/src/my_msgss', 'symlink_install': False, 'test_result_base': None}
[0.707s] Level 5:colcon.colcon_core.verb:set package 'Game_Map' build argument 'cmake_args' from command line to 'None'
[0.707s] Level 5:colcon.colcon_core.verb:set package 'Game_Map' build argument 'cmake_target' from command line to 'None'
[0.707s] Level 5:colcon.colcon_core.verb:set package 'Game_Map' build argument 'cmake_target_skip_unavailable' from command line to 'False'
[0.707s] Level 5:colcon.colcon_core.verb:set package 'Game_Map' build argument 'cmake_clean_cache' from command line to 'False'
[0.707s] Level 5:colcon.colcon_core.verb:set package 'Game_Map' build argument 'cmake_clean_first' from command line to 'False'
[0.707s] Level 5:colcon.colcon_core.verb:set package 'Game_Map' build argument 'cmake_force_configure' from command line to 'False'
[0.708s] Level 5:colcon.colcon_core.verb:set package 'Game_Map' build argument 'ament_cmake_args' from command line to 'None'
[0.708s] Level 5:colcon.colcon_core.verb:set package 'Game_Map' build argument 'catkin_cmake_args' from command line to 'None'
[0.708s] Level 5:colcon.colcon_core.verb:set package 'Game_Map' build argument 'catkin_skip_building_tests' from command line to 'False'
[0.708s] DEBUG:colcon.colcon_core.verb:Building package 'Game_Map' with the following arguments: {'ament_cmake_args': None, 'build_base': '/home/qianli/zyb/radar_station/build/Game_Map', 'catkin_cmake_args': None, 'catkin_skip_building_tests': False, 'cmake_args': None, 'cmake_clean_cache': False, 'cmake_clean_first': False, 'cmake_force_configure': False, 'cmake_target': None, 'cmake_target_skip_unavailable': False, 'install_base': '/home/qianli/zyb/radar_station/install/Game_Map', 'merge_install': False, 'path': '/home/qianli/zyb/radar_station/src/Game_Map', 'symlink_install': False, 'test_result_base': None}
[0.715s] Level 5:colcon.colcon_core.verb:set package 'Img_Handle' build argument 'cmake_args' from command line to 'None'
[0.715s] Level 5:colcon.colcon_core.verb:set package 'Img_Handle' build argument 'cmake_target' from command line to 'None'
[0.715s] Level 5:colcon.colcon_core.verb:set package 'Img_Handle' build argument 'cmake_target_skip_unavailable' from command line to 'False'
[0.715s] Level 5:colcon.colcon_core.verb:set package 'Img_Handle' build argument 'cmake_clean_cache' from command line to 'False'
[0.715s] Level 5:colcon.colcon_core.verb:set package 'Img_Handle' build argument 'cmake_clean_first' from command line to 'False'
[0.715s] Level 5:colcon.colcon_core.verb:set package 'Img_Handle' build argument 'cmake_force_configure' from command line to 'False'
[0.715s] Level 5:colcon.colcon_core.verb:set package 'Img_Handle' build argument 'ament_cmake_args' from command line to 'None'
[0.715s] Level 5:colcon.colcon_core.verb:set package 'Img_Handle' build argument 'catkin_cmake_args' from command line to 'None'
[0.715s] Level 5:colcon.colcon_core.verb:set package 'Img_Handle' build argument 'catkin_skip_building_tests' from command line to 'False'
[0.715s] DEBUG:colcon.colcon_core.verb:Building package 'Img_Handle' with the following arguments: {'ament_cmake_args': None, 'build_base': '/home/qianli/zyb/radar_station/build/Img_Handle', 'catkin_cmake_args': None, 'catkin_skip_building_tests': False, 'cmake_args': None, 'cmake_clean_cache': False, 'cmake_clean_first': False, 'cmake_force_configure': False, 'cmake_target': None, 'cmake_target_skip_unavailable': False, 'install_base': '/home/qianli/zyb/radar_station/install/Img_Handle', 'merge_install': False, 'path': '/home/qianli/zyb/radar_station/src/Img_Handle', 'symlink_install': False, 'test_result_base': None}
[0.722s] Level 5:colcon.colcon_core.verb:set package 'Qt5_displayer' build argument 'cmake_args' from command line to 'None'
[0.722s] Level 5:colcon.colcon_core.verb:set package 'Qt5_displayer' build argument 'cmake_target' from command line to 'None'
[0.722s] Level 5:colcon.colcon_core.verb:set package 'Qt5_displayer' build argument 'cmake_target_skip_unavailable' from command line to 'False'
[0.722s] Level 5:colcon.colcon_core.verb:set package 'Qt5_displayer' build argument 'cmake_clean_cache' from command line to 'False'
[0.722s] Level 5:colcon.colcon_core.verb:set package 'Qt5_displayer' build argument 'cmake_clean_first' from command line to 'False'
[0.722s] Level 5:colcon.colcon_core.verb:set package 'Qt5_displayer' build argument 'cmake_force_configure' from command line to 'False'
[0.722s] Level 5:colcon.colcon_core.verb:set package 'Qt5_displayer' build argument 'ament_cmake_args' from command line to 'None'
[0.722s] Level 5:colcon.colcon_core.verb:set package 'Qt5_displayer' build argument 'catkin_cmake_args' from command line to 'None'
[0.722s] Level 5:colcon.colcon_core.verb:set package 'Qt5_displayer' build argument 'catkin_skip_building_tests' from command line to 'False'
[0.722s] DEBUG:colcon.colcon_core.verb:Building package 'Qt5_displayer' with the following arguments: {'ament_cmake_args': None, 'build_base': '/home/qianli/zyb/radar_station/build/Qt5_displayer', 'catkin_cmake_args': None, 'catkin_skip_building_tests': False, 'cmake_args': None, 'cmake_clean_cache': False, 'cmake_clean_first': False, 'cmake_force_configure': False, 'cmake_target': None, 'cmake_target_skip_unavailable': False, 'install_base': '/home/qianli/zyb/radar_station/install/Qt5_displayer', 'merge_install': False, 'path': '/home/qianli/zyb/radar_station/src/Qt5_displayer', 'symlink_install': False, 'test_result_base': None}
[0.729s] Level 5:colcon.colcon_core.verb:set package 'get_depth' build argument 'cmake_args' from command line to 'None'
[0.729s] Level 5:colcon.colcon_core.verb:set package 'get_depth' build argument 'cmake_target' from command line to 'None'
[0.729s] Level 5:colcon.colcon_core.verb:set package 'get_depth' build argument 'cmake_target_skip_unavailable' from command line to 'False'
[0.729s] Level 5:colcon.colcon_core.verb:set package 'get_depth' build argument 'cmake_clean_cache' from command line to 'False'
[0.729s] Level 5:colcon.colcon_core.verb:set package 'get_depth' build argument 'cmake_clean_first' from command line to 'False'
[0.729s] Level 5:colcon.colcon_core.verb:set package 'get_depth' build argument 'cmake_force_configure' from command line to 'False'
[0.729s] Level 5:colcon.colcon_core.verb:set package 'get_depth' build argument 'ament_cmake_args' from command line to 'None'
[0.729s] Level 5:colcon.colcon_core.verb:set package 'get_depth' build argument 'catkin_cmake_args' from command line to 'None'
[0.729s] Level 5:colcon.colcon_core.verb:set package 'get_depth' build argument 'catkin_skip_building_tests' from command line to 'False'
[0.729s] DEBUG:colcon.colcon_core.verb:Building package 'get_depth' with the following arguments: {'ament_cmake_args': None, 'build_base': '/home/qianli/zyb/radar_station/build/get_depth', 'catkin_cmake_args': None, 'catkin_skip_building_tests': False, 'cmake_args': None, 'cmake_clean_cache': False, 'cmake_clean_first': False, 'cmake_force_configure': False, 'cmake_target': None, 'cmake_target_skip_unavailable': False, 'install_base': '/home/qianli/zyb/radar_station/install/get_depth', 'merge_install': False, 'path': '/home/qianli/zyb/radar_station/src/get_depth', 'symlink_install': False, 'test_result_base': None}
[0.735s] Level 5:colcon.colcon_core.verb:set package 'map_test' build argument 'cmake_args' from command line to 'None'
[0.735s] Level 5:colcon.colcon_core.verb:set package 'map_test' build argument 'cmake_target' from command line to 'None'
[0.735s] Level 5:colcon.colcon_core.verb:set package 'map_test' build argument 'cmake_target_skip_unavailable' from command line to 'False'
[0.735s] Level 5:colcon.colcon_core.verb:set package 'map_test' build argument 'cmake_clean_cache' from command line to 'False'
[0.735s] Level 5:colcon.colcon_core.verb:set package 'map_test' build argument 'cmake_clean_first' from command line to 'False'
[0.735s] Level 5:colcon.colcon_core.verb:set package 'map_test' build argument 'cmake_force_configure' from command line to 'False'
[0.736s] Level 5:colcon.colcon_core.verb:set package 'map_test' build argument 'ament_cmake_args' from command line to 'None'
[0.736s] Level 5:colcon.colcon_core.verb:set package 'map_test' build argument 'catkin_cmake_args' from command line to 'None'
[0.736s] Level 5:colcon.colcon_core.verb:set package 'map_test' build argument 'catkin_skip_building_tests' from command line to 'False'
[0.736s] DEBUG:colcon.colcon_core.verb:Building package 'map_test' with the following arguments: {'ament_cmake_args': None, 'build_base': '/home/qianli/zyb/radar_station/build/map_test', 'catkin_cmake_args': None, 'catkin_skip_building_tests': False, 'cmake_args': None, 'cmake_clean_cache': False, 'cmake_clean_first': False, 'cmake_force_configure': False, 'cmake_target': None, 'cmake_target_skip_unavailable': False, 'install_base': '/home/qianli/zyb/radar_station/install/map_test', 'merge_install': False, 'path': '/home/qianli/zyb/radar_station/src/map_test', 'symlink_install': False, 'test_result_base': None}
[0.742s] INFO:colcon.colcon_core.executor:Executing jobs using 'parallel' executor
[0.749s] DEBUG:colcon.colcon_parallel_executor.executor.parallel:run_until_complete
[0.749s] INFO:colcon.colcon_ros.task.ament_cmake.build:Building ROS package in '/home/qianli/zyb/radar_station/src/my_msgss' with build type 'ament_cmake'
[0.749s] INFO:colcon.colcon_cmake.task.cmake.build:Building CMake package in '/home/qianli/zyb/radar_station/src/my_msgss'
[0.759s] INFO:colcon.colcon_core.plugin_system:Skipping extension 'colcon_core.shell.bat': Not used on non-Windows systems
[0.760s] INFO:colcon.colcon_core.shell:Skip shell extension 'powershell' for command environment: Not usable outside of PowerShell
[0.760s] DEBUG:colcon.colcon_core.shell:Skip shell extension 'dsv' for command environment
[0.775s] INFO:colcon.colcon_ros.task.ament_cmake.build:Building ROS package in '/home/qianli/zyb/radar_station/src/Yolo_Handle' with build type 'ament_cmake'
[0.775s] INFO:colcon.colcon_cmake.task.cmake.build:Building CMake package in '/home/qianli/zyb/radar_station/src/Yolo_Handle'
[0.783s] INFO:colcon.colcon_core.shell:Skip shell extension 'powershell' for command environment: Not usable outside of PowerShell
[0.783s] DEBUG:colcon.colcon_core.shell:Skip shell extension 'dsv' for command environment
[0.798s] INFO:colcon.colcon_ros.task.ament_cmake.build:Building ROS package in '/home/qianli/zyb/radar_station/src/ros2_mindvision_mutiple_camera' with build type 'ament_cmake'
[0.799s] INFO:colcon.colcon_cmake.task.cmake.build:Building CMake package in '/home/qianli/zyb/radar_station/src/ros2_mindvision_mutiple_camera'
[0.806s] INFO:colcon.colcon_core.shell:Skip shell extension 'powershell' for command environment: Not usable outside of PowerShell
[0.806s] DEBUG:colcon.colcon_core.shell:Skip shell extension 'dsv' for command environment
[0.825s] DEBUG:colcon.colcon_core.event_handler.log_command:Invoking command in '/home/qianli/zyb/radar_station/build/my_msgss': CMAKE_PREFIX_PATH=/opt/ros/humble /usr/bin/cmake --build /home/qianli/zyb/radar_station/build/my_msgss -- -j16 -l16
[0.828s] DEBUG:colcon.colcon_core.event_handler.log_command:Invoking command in '/home/qianli/zyb/radar_station/build/Yolo_Handle': CMAKE_PREFIX_PATH=/opt/ros/humble /usr/bin/cmake --build /home/qianli/zyb/radar_station/build/Yolo_Handle -- -j16 -l16
[0.831s] DEBUG:colcon.colcon_core.event_handler.log_command:Invoking command in '/home/qianli/zyb/radar_station/build/mindvision_camera': CMAKE_PREFIX_PATH=/opt/ros/humble /usr/bin/cmake --build /home/qianli/zyb/radar_station/build/mindvision_camera -- -j16 -l16
[0.847s] DEBUG:colcon.colcon_core.event_handler.log_command:Invoked command in '/home/qianli/zyb/radar_station/build/Yolo_Handle' returned '0': CMAKE_PREFIX_PATH=/opt/ros/humble /usr/bin/cmake --build /home/qianli/zyb/radar_station/build/Yolo_Handle -- -j16 -l16
[0.873s] DEBUG:colcon.colcon_core.event_handler.log_command:Invoking command in '/home/qianli/zyb/radar_station/build/Yolo_Handle': CMAKE_PREFIX_PATH=/opt/ros/humble /usr/bin/cmake --install /home/qianli/zyb/radar_station/build/Yolo_Handle
[0.880s] Level 1:colcon.colcon_core.environment:create_environment_scripts_only(Yolo_Handle)
[0.880s] DEBUG:colcon.colcon_core.event_handler.log_command:Invoked command in '/home/qianli/zyb/radar_station/build/Yolo_Handle' returned '0': CMAKE_PREFIX_PATH=/opt/ros/humble /usr/bin/cmake --install /home/qianli/zyb/radar_station/build/Yolo_Handle
[0.892s] Level 1:colcon.colcon_core.environment:checking '/home/qianli/zyb/radar_station/install/Yolo_Handle' for CMake module files
[0.892s] Level 1:colcon.colcon_core.environment:checking '/home/qianli/zyb/radar_station/install/Yolo_Handle' for CMake config files
[0.892s] Level 1:colcon.colcon_core.shell:create_environment_hook('Yolo_Handle', 'cmake_prefix_path')
[0.900s] INFO:colcon.colcon_core.shell:Creating environment hook '/home/qianli/zyb/radar_station/install/Yolo_Handle/share/Yolo_Handle/hook/cmake_prefix_path.ps1'
[0.900s] INFO:colcon.colcon_core.shell:Creating environment descriptor '/home/qianli/zyb/radar_station/install/Yolo_Handle/share/Yolo_Handle/hook/cmake_prefix_path.dsv'
[0.901s] INFO:colcon.colcon_core.shell:Creating environment hook '/home/qianli/zyb/radar_station/install/Yolo_Handle/share/Yolo_Handle/hook/cmake_prefix_path.sh'
[0.901s] Level 1:colcon.colcon_core.environment:checking '/home/qianli/zyb/radar_station/install/Yolo_Handle/bin'
[0.901s] Level 1:colcon.colcon_core.environment:checking '/home/qianli/zyb/radar_station/install/Yolo_Handle/lib/pkgconfig/Yolo_Handle.pc'
[0.901s] Level 1:colcon.colcon_core.environment:checking '/home/qianli/zyb/radar_station/install/Yolo_Handle/lib/python3.10/site-packages'
[0.902s] Level 1:colcon.colcon_core.environment:checking '/home/qianli/zyb/radar_station/install/Yolo_Handle/bin'
[0.909s] INFO:colcon.colcon_core.shell:Creating package script '/home/qianli/zyb/radar_station/install/Yolo_Handle/share/Yolo_Handle/package.ps1'
[0.909s] INFO:colcon.colcon_core.shell:Creating package descriptor '/home/qianli/zyb/radar_station/install/Yolo_Handle/share/Yolo_Handle/package.dsv'
[0.910s] INFO:colcon.colcon_core.shell:Creating package script '/home/qianli/zyb/radar_station/install/Yolo_Handle/share/Yolo_Handle/package.sh'
[0.910s] INFO:colcon.colcon_core.shell:Creating package script '/home/qianli/zyb/radar_station/install/Yolo_Handle/share/Yolo_Handle/package.bash'
[0.911s] INFO:colcon.colcon_core.shell:Creating package script '/home/qianli/zyb/radar_station/install/Yolo_Handle/share/Yolo_Handle/package.zsh'
[0.911s] Level 1:colcon.colcon_core.environment:create_file_with_runtime_dependencies(/home/qianli/zyb/radar_station/install/Yolo_Handle/share/colcon-core/packages/Yolo_Handle)
[0.913s] DEBUG:colcon.colcon_core.event_handler.log_command:Invoked command in '/home/qianli/zyb/radar_station/build/mindvision_camera' returned '0': CMAKE_PREFIX_PATH=/opt/ros/humble /usr/bin/cmake --build /home/qianli/zyb/radar_station/build/mindvision_camera -- -j16 -l16
[0.942s] Level 1:colcon.colcon_core.environment:create_environment_scripts_only(Yolo_Handle)
[0.962s] Level 1:colcon.colcon_core.environment:checking '/home/qianli/zyb/radar_station/install/Yolo_Handle' for CMake module files
[0.963s] Level 1:colcon.colcon_core.environment:checking '/home/qianli/zyb/radar_station/install/Yolo_Handle' for CMake config files
[0.963s] Level 1:colcon.colcon_core.shell:create_environment_hook('Yolo_Handle', 'cmake_prefix_path')
[0.970s] INFO:colcon.colcon_core.shell:Creating environment hook '/home/qianli/zyb/radar_station/install/Yolo_Handle/share/Yolo_Handle/hook/cmake_prefix_path.ps1'
[0.970s] INFO:colcon.colcon_core.shell:Creating environment descriptor '/home/qianli/zyb/radar_station/install/Yolo_Handle/share/Yolo_Handle/hook/cmake_prefix_path.dsv'
[0.970s] INFO:colcon.colcon_core.shell:Creating environment hook '/home/qianli/zyb/radar_station/install/Yolo_Handle/share/Yolo_Handle/hook/cmake_prefix_path.sh'
[0.971s] Level 1:colcon.colcon_core.environment:checking '/home/qianli/zyb/radar_station/install/Yolo_Handle/bin'
[0.971s] Level 1:colcon.colcon_core.environment:checking '/home/qianli/zyb/radar_station/install/Yolo_Handle/lib/pkgconfig/Yolo_Handle.pc'
[0.971s] Level 1:colcon.colcon_core.environment:checking '/home/qianli/zyb/radar_station/install/Yolo_Handle/lib/python3.10/site-packages'
[0.971s] Level 1:colcon.colcon_core.environment:checking '/home/qianli/zyb/radar_station/install/Yolo_Handle/bin'
[0.978s] INFO:colcon.colcon_core.shell:Creating package script '/home/qianli/zyb/radar_station/install/Yolo_Handle/share/Yolo_Handle/package.ps1'
[0.978s] INFO:colcon.colcon_core.shell:Creating package descriptor '/home/qianli/zyb/radar_station/install/Yolo_Handle/share/Yolo_Handle/package.dsv'
[0.978s] INFO:colcon.colcon_core.shell:Creating package script '/home/qianli/zyb/radar_station/install/Yolo_Handle/share/Yolo_Handle/package.sh'
[0.979s] INFO:colcon.colcon_core.shell:Creating package script '/home/qianli/zyb/radar_station/install/Yolo_Handle/share/Yolo_Handle/package.bash'
[0.979s] INFO:colcon.colcon_core.shell:Creating package script '/home/qianli/zyb/radar_station/install/Yolo_Handle/share/Yolo_Handle/package.zsh'
[0.979s] Level 1:colcon.colcon_core.environment:create_file_with_runtime_dependencies(/home/qianli/zyb/radar_station/install/Yolo_Handle/share/colcon-core/packages/Yolo_Handle)
[0.981s] DEBUG:colcon.colcon_core.event_handler.log_command:Invoking command in '/home/qianli/zyb/radar_station/build/mindvision_camera': CMAKE_PREFIX_PATH=/opt/ros/humble /usr/bin/cmake --install /home/qianli/zyb/radar_station/build/mindvision_camera
[0.987s] Level 1:colcon.colcon_core.environment:create_environment_scripts_only(mindvision_camera)
[0.993s] DEBUG:colcon.colcon_core.event_handler.log_command:Invoked command in '/home/qianli/zyb/radar_station/build/mindvision_camera' returned '0': CMAKE_PREFIX_PATH=/opt/ros/humble /usr/bin/cmake --install /home/qianli/zyb/radar_station/build/mindvision_camera
[0.998s] Level 1:colcon.colcon_core.environment:checking '/home/qianli/zyb/radar_station/install/mindvision_camera' for CMake module files
[0.998s] Level 1:colcon.colcon_core.environment:checking '/home/qianli/zyb/radar_station/install/mindvision_camera' for CMake config files
[0.998s] Level 1:colcon.colcon_core.shell:create_environment_hook('mindvision_camera', 'cmake_prefix_path')
[1.005s] INFO:colcon.colcon_core.shell:Creating environment hook '/home/qianli/zyb/radar_station/install/mindvision_camera/share/mindvision_camera/hook/cmake_prefix_path.ps1'
[1.006s] INFO:colcon.colcon_core.shell:Creating environment descriptor '/home/qianli/zyb/radar_station/install/mindvision_camera/share/mindvision_camera/hook/cmake_prefix_path.dsv'
[1.006s] INFO:colcon.colcon_core.shell:Creating environment hook '/home/qianli/zyb/radar_station/install/mindvision_camera/share/mindvision_camera/hook/cmake_prefix_path.sh'
[1.006s] Level 1:colcon.colcon_core.environment:checking '/home/qianli/zyb/radar_station/install/mindvision_camera/lib'
[1.007s] Level 1:colcon.colcon_core.shell:create_environment_hook('mindvision_camera', 'ld_library_path_lib')
[1.014s] INFO:colcon.colcon_core.shell:Creating environment hook '/home/qianli/zyb/radar_station/install/mindvision_camera/share/mindvision_camera/hook/ld_library_path_lib.ps1'
[1.014s] INFO:colcon.colcon_core.shell:Creating environment descriptor '/home/qianli/zyb/radar_station/install/mindvision_camera/share/mindvision_camera/hook/ld_library_path_lib.dsv'
[1.014s] INFO:colcon.colcon_core.shell:Creating environment hook '/home/qianli/zyb/radar_station/install/mindvision_camera/share/mindvision_camera/hook/ld_library_path_lib.sh'
[1.015s] Level 1:colcon.colcon_core.environment:checking '/home/qianli/zyb/radar_station/install/mindvision_camera/bin'
[1.015s] Level 1:colcon.colcon_core.environment:checking '/home/qianli/zyb/radar_station/install/mindvision_camera/lib/pkgconfig/mindvision_camera.pc'
[1.015s] Level 1:colcon.colcon_core.environment:checking '/home/qianli/zyb/radar_station/install/mindvision_camera/lib/python3.10/site-packages'
[1.015s] Level 1:colcon.colcon_core.environment:checking '/home/qianli/zyb/radar_station/install/mindvision_camera/bin'
[1.023s] INFO:colcon.colcon_core.shell:Creating package script '/home/qianli/zyb/radar_station/install/mindvision_camera/share/mindvision_camera/package.ps1'
[1.024s] INFO:colcon.colcon_core.shell:Creating package descriptor '/home/qianli/zyb/radar_station/install/mindvision_camera/share/mindvision_camera/package.dsv'
[1.024s] INFO:colcon.colcon_core.shell:Creating package script '/home/qianli/zyb/radar_station/install/mindvision_camera/share/mindvision_camera/package.sh'
[1.024s] INFO:colcon.colcon_core.shell:Creating package script '/home/qianli/zyb/radar_station/install/mindvision_camera/share/mindvision_camera/package.bash'
[1.024s] INFO:colcon.colcon_core.shell:Creating package script '/home/qianli/zyb/radar_station/install/mindvision_camera/share/mindvision_camera/package.zsh'
[1.025s] Level 1:colcon.colcon_core.environment:create_file_with_runtime_dependencies(/home/qianli/zyb/radar_station/install/mindvision_camera/share/colcon-core/packages/mindvision_camera)
[1.048s] Level 1:colcon.colcon_core.environment:create_environment_scripts_only(mindvision_camera)
[1.055s] Level 1:colcon.colcon_core.environment:checking '/home/qianli/zyb/radar_station/install/mindvision_camera' for CMake module files
[1.055s] Level 1:colcon.colcon_core.environment:checking '/home/qianli/zyb/radar_station/install/mindvision_camera' for CMake config files
[1.055s] Level 1:colcon.colcon_core.shell:create_environment_hook('mindvision_camera', 'cmake_prefix_path')
[1.063s] INFO:colcon.colcon_core.shell:Creating environment hook '/home/qianli/zyb/radar_station/install/mindvision_camera/share/mindvision_camera/hook/cmake_prefix_path.ps1'
[1.063s] INFO:colcon.colcon_core.shell:Creating environment descriptor '/home/qianli/zyb/radar_station/install/mindvision_camera/share/mindvision_camera/hook/cmake_prefix_path.dsv'
[1.064s] INFO:colcon.colcon_core.shell:Creating environment hook '/home/qianli/zyb/radar_station/install/mindvision_camera/share/mindvision_camera/hook/cmake_prefix_path.sh'
[1.064s] Level 1:colcon.colcon_core.environment:checking '/home/qianli/zyb/radar_station/install/mindvision_camera/lib'
[1.064s] Level 1:colcon.colcon_core.shell:create_environment_hook('mindvision_camera', 'ld_library_path_lib')
[1.071s] INFO:colcon.colcon_core.shell:Creating environment hook '/home/qianli/zyb/radar_station/install/mindvision_camera/share/mindvision_camera/hook/ld_library_path_lib.ps1'
[1.071s] INFO:colcon.colcon_core.shell:Creating environment descriptor '/home/qianli/zyb/radar_station/install/mindvision_camera/share/mindvision_camera/hook/ld_library_path_lib.dsv'
[1.071s] INFO:colcon.colcon_core.shell:Creating environment hook '/home/qianli/zyb/radar_station/install/mindvision_camera/share/mindvision_camera/hook/ld_library_path_lib.sh'
[1.072s] Level 1:colcon.colcon_core.environment:checking '/home/qianli/zyb/radar_station/install/mindvision_camera/bin'
[1.072s] Level 1:colcon.colcon_core.environment:checking '/home/qianli/zyb/radar_station/install/mindvision_camera/lib/pkgconfig/mindvision_camera.pc'
[1.072s] Level 1:colcon.colcon_core.environment:checking '/home/qianli/zyb/radar_station/install/mindvision_camera/lib/python3.10/site-packages'
[1.072s] Level 1:colcon.colcon_core.environment:checking '/home/qianli/zyb/radar_station/install/mindvision_camera/bin'
[1.079s] INFO:colcon.colcon_core.shell:Creating package script '/home/qianli/zyb/radar_station/install/mindvision_camera/share/mindvision_camera/package.ps1'
[1.079s] INFO:colcon.colcon_core.shell:Creating package descriptor '/home/qianli/zyb/radar_station/install/mindvision_camera/share/mindvision_camera/package.dsv'
[1.080s] INFO:colcon.colcon_core.shell:Creating package script '/home/qianli/zyb/radar_station/install/mindvision_camera/share/mindvision_camera/package.sh'
[1.080s] INFO:colcon.colcon_core.shell:Creating package script '/home/qianli/zyb/radar_station/install/mindvision_camera/share/mindvision_camera/package.bash'
[1.080s] INFO:colcon.colcon_core.shell:Creating package script '/home/qianli/zyb/radar_station/install/mindvision_camera/share/mindvision_camera/package.zsh'
[1.080s] Level 1:colcon.colcon_core.environment:create_file_with_runtime_dependencies(/home/qianli/zyb/radar_station/install/mindvision_camera/share/colcon-core/packages/mindvision_camera)
[1.083s] DEBUG:colcon.colcon_core.event_handler.log_command:Invoked command in '/home/qianli/zyb/radar_station/build/my_msgss' returned '0': CMAKE_PREFIX_PATH=/opt/ros/humble /usr/bin/cmake --build /home/qianli/zyb/radar_station/build/my_msgss -- -j16 -l16
[1.148s] DEBUG:colcon.colcon_core.event_handler.log_command:Invoking command in '/home/qianli/zyb/radar_station/build/my_msgss': CMAKE_PREFIX_PATH=/opt/ros/humble /usr/bin/cmake --install /home/qianli/zyb/radar_station/build/my_msgss
[1.182s] Level 1:colcon.colcon_core.environment:create_environment_scripts_only(my_msgss)
[1.187s] DEBUG:colcon.colcon_core.event_handler.log_command:Invoked command in '/home/qianli/zyb/radar_station/build/my_msgss' returned '0': CMAKE_PREFIX_PATH=/opt/ros/humble /usr/bin/cmake --install /home/qianli/zyb/radar_station/build/my_msgss
[1.193s] Level 1:colcon.colcon_core.environment:checking '/home/qianli/zyb/radar_station/install/my_msgss' for CMake module files
[1.193s] Level 1:colcon.colcon_core.environment:checking '/home/qianli/zyb/radar_station/install/my_msgss' for CMake config files
[1.194s] Level 1:colcon.colcon_core.shell:create_environment_hook('my_msgss', 'cmake_prefix_path')
[1.201s] INFO:colcon.colcon_core.shell:Creating environment hook '/home/qianli/zyb/radar_station/install/my_msgss/share/my_msgss/hook/cmake_prefix_path.ps1'
[1.201s] INFO:colcon.colcon_core.shell:Creating environment descriptor '/home/qianli/zyb/radar_station/install/my_msgss/share/my_msgss/hook/cmake_prefix_path.dsv'
[1.202s] INFO:colcon.colcon_core.shell:Creating environment hook '/home/qianli/zyb/radar_station/install/my_msgss/share/my_msgss/hook/cmake_prefix_path.sh'
[1.202s] Level 1:colcon.colcon_core.environment:checking '/home/qianli/zyb/radar_station/install/my_msgss/lib'
[1.202s] Level 1:colcon.colcon_core.shell:create_environment_hook('my_msgss', 'ld_library_path_lib')
[1.209s] INFO:colcon.colcon_core.shell:Creating environment hook '/home/qianli/zyb/radar_station/install/my_msgss/share/my_msgss/hook/ld_library_path_lib.ps1'
[1.209s] INFO:colcon.colcon_core.shell:Creating environment descriptor '/home/qianli/zyb/radar_station/install/my_msgss/share/my_msgss/hook/ld_library_path_lib.dsv'
[1.209s] INFO:colcon.colcon_core.shell:Creating environment hook '/home/qianli/zyb/radar_station/install/my_msgss/share/my_msgss/hook/ld_library_path_lib.sh'
[1.209s] Level 1:colcon.colcon_core.environment:checking '/home/qianli/zyb/radar_station/install/my_msgss/bin'
[1.209s] Level 1:colcon.colcon_core.environment:checking '/home/qianli/zyb/radar_station/install/my_msgss/lib/pkgconfig/my_msgss.pc'
[1.210s] Level 1:colcon.colcon_core.environment:checking '/home/qianli/zyb/radar_station/install/my_msgss/lib/python3.10/site-packages'
[1.210s] Level 1:colcon.colcon_core.environment:checking '/home/qianli/zyb/radar_station/install/my_msgss/bin'
[1.217s] INFO:colcon.colcon_core.shell:Creating package script '/home/qianli/zyb/radar_station/install/my_msgss/share/my_msgss/package.ps1'
[1.217s] INFO:colcon.colcon_core.shell:Creating package descriptor '/home/qianli/zyb/radar_station/install/my_msgss/share/my_msgss/package.dsv'
[1.217s] INFO:colcon.colcon_core.shell:Creating package script '/home/qianli/zyb/radar_station/install/my_msgss/share/my_msgss/package.sh'
[1.217s] INFO:colcon.colcon_core.shell:Creating package script '/home/qianli/zyb/radar_station/install/my_msgss/share/my_msgss/package.bash'
[1.218s] INFO:colcon.colcon_core.shell:Creating package script '/home/qianli/zyb/radar_station/install/my_msgss/share/my_msgss/package.zsh'
[1.218s] Level 1:colcon.colcon_core.environment:create_file_with_runtime_dependencies(/home/qianli/zyb/radar_station/install/my_msgss/share/colcon-core/packages/my_msgss)
[1.290s] Level 1:colcon.colcon_core.environment:create_environment_scripts_only(my_msgss)
[1.297s] Level 1:colcon.colcon_core.environment:checking '/home/qianli/zyb/radar_station/install/my_msgss' for CMake module files
[1.297s] Level 1:colcon.colcon_core.environment:checking '/home/qianli/zyb/radar_station/install/my_msgss' for CMake config files
[1.297s] Level 1:colcon.colcon_core.shell:create_environment_hook('my_msgss', 'cmake_prefix_path')
[1.304s] INFO:colcon.colcon_core.shell:Creating environment hook '/home/qianli/zyb/radar_station/install/my_msgss/share/my_msgss/hook/cmake_prefix_path.ps1'
[1.305s] INFO:colcon.colcon_core.shell:Creating environment descriptor '/home/qianli/zyb/radar_station/install/my_msgss/share/my_msgss/hook/cmake_prefix_path.dsv'
[1.305s] INFO:colcon.colcon_core.shell:Creating environment hook '/home/qianli/zyb/radar_station/install/my_msgss/share/my_msgss/hook/cmake_prefix_path.sh'
[1.305s] Level 1:colcon.colcon_core.environment:checking '/home/qianli/zyb/radar_station/install/my_msgss/lib'
[1.305s] Level 1:colcon.colcon_core.shell:create_environment_hook('my_msgss', 'ld_library_path_lib')
[1.312s] INFO:colcon.colcon_core.shell:Creating environment hook '/home/qianli/zyb/radar_station/install/my_msgss/share/my_msgss/hook/ld_library_path_lib.ps1'
[1.312s] INFO:colcon.colcon_core.shell:Creating environment descriptor '/home/qianli/zyb/radar_station/install/my_msgss/share/my_msgss/hook/ld_library_path_lib.dsv'
[1.313s] INFO:colcon.colcon_core.shell:Creating environment hook '/home/qianli/zyb/radar_station/install/my_msgss/share/my_msgss/hook/ld_library_path_lib.sh'
[1.313s] Level 1:colcon.colcon_core.environment:checking '/home/qianli/zyb/radar_station/install/my_msgss/bin'
[1.313s] Level 1:colcon.colcon_core.environment:checking '/home/qianli/zyb/radar_station/install/my_msgss/lib/pkgconfig/my_msgss.pc'
[1.313s] Level 1:colcon.colcon_core.environment:checking '/home/qianli/zyb/radar_station/install/my_msgss/lib/python3.10/site-packages'
[1.313s] Level 1:colcon.colcon_core.environment:checking '/home/qianli/zyb/radar_station/install/my_msgss/bin'
[1.320s] INFO:colcon.colcon_core.shell:Creating package script '/home/qianli/zyb/radar_station/install/my_msgss/share/my_msgss/package.ps1'
[1.320s] INFO:colcon.colcon_core.shell:Creating package descriptor '/home/qianli/zyb/radar_station/install/my_msgss/share/my_msgss/package.dsv'
[1.321s] INFO:colcon.colcon_core.shell:Creating package script '/home/qianli/zyb/radar_station/install/my_msgss/share/my_msgss/package.sh'
[1.321s] INFO:colcon.colcon_core.shell:Creating package script '/home/qianli/zyb/radar_station/install/my_msgss/share/my_msgss/package.bash'
[1.321s] INFO:colcon.colcon_core.shell:Creating package script '/home/qianli/zyb/radar_station/install/my_msgss/share/my_msgss/package.zsh'
[1.321s] Level 1:colcon.colcon_core.environment:create_file_with_runtime_dependencies(/home/qianli/zyb/radar_station/install/my_msgss/share/colcon-core/packages/my_msgss)
[1.321s] INFO:colcon.colcon_ros.task.ament_cmake.build:Building ROS package in '/home/qianli/zyb/radar_station/src/Game_Map' with build type 'ament_cmake'
[1.322s] INFO:colcon.colcon_cmake.task.cmake.build:Building CMake package in '/home/qianli/zyb/radar_station/src/Game_Map'
[1.329s] INFO:colcon.colcon_core.shell:Skip shell extension 'powershell' for command environment: Not usable outside of PowerShell
[1.329s] DEBUG:colcon.colcon_core.shell:Skip shell extension 'dsv' for command environment
[1.344s] INFO:colcon.colcon_ros.task.ament_cmake.build:Building ROS package in '/home/qianli/zyb/radar_station/src/Img_Handle' with build type 'ament_cmake'
[1.344s] INFO:colcon.colcon_cmake.task.cmake.build:Building CMake package in '/home/qianli/zyb/radar_station/src/Img_Handle'
[1.352s] INFO:colcon.colcon_core.shell:Skip shell extension 'powershell' for command environment: Not usable outside of PowerShell
[1.352s] DEBUG:colcon.colcon_core.shell:Skip shell extension 'dsv' for command environment
[1.368s] INFO:colcon.colcon_ros.task.ament_cmake.build:Building ROS package in '/home/qianli/zyb/radar_station/src/Qt5_displayer' with build type 'ament_cmake'
[1.368s] INFO:colcon.colcon_cmake.task.cmake.build:Building CMake package in '/home/qianli/zyb/radar_station/src/Qt5_displayer'
[1.377s] INFO:colcon.colcon_core.shell:Skip shell extension 'powershell' for command environment: Not usable outside of PowerShell
[1.377s] DEBUG:colcon.colcon_core.shell:Skip shell extension 'dsv' for command environment
[1.393s] INFO:colcon.colcon_ros.task.ament_cmake.build:Building ROS package in '/home/qianli/zyb/radar_station/src/get_depth' with build type 'ament_cmake'
[1.393s] INFO:colcon.colcon_cmake.task.cmake.build:Building CMake package in '/home/qianli/zyb/radar_station/src/get_depth'
[1.401s] INFO:colcon.colcon_core.shell:Skip shell extension 'powershell' for command environment: Not usable outside of PowerShell
[1.401s] DEBUG:colcon.colcon_core.shell:Skip shell extension 'dsv' for command environment
[1.417s] INFO:colcon.colcon_ros.task.ament_cmake.build:Building ROS package in '/home/qianli/zyb/radar_station/src/map_test' with build type 'ament_cmake'
[1.417s] INFO:colcon.colcon_cmake.task.cmake.build:Building CMake package in '/home/qianli/zyb/radar_station/src/map_test'
[1.425s] INFO:colcon.colcon_core.shell:Skip shell extension 'powershell' for command environment: Not usable outside of PowerShell
[1.425s] DEBUG:colcon.colcon_core.shell:Skip shell extension 'dsv' for command environment
[1.443s] DEBUG:colcon.colcon_core.event_handler.log_command:Invoking command in '/home/qianli/zyb/radar_station/build/Game_Map': AMENT_PREFIX_PATH=/home/qianli/zyb/radar_station/install/my_msgss:${AMENT_PREFIX_PATH} CMAKE_PREFIX_PATH=/home/qianli/zyb/radar_station/install/my_msgss:/opt/ros/humble LD_LIBRARY_PATH=/home/qianli/zyb/radar_station/install/my_msgss/lib:${LD_LIBRARY_PATH} PYTHONPATH=/home/qianli/zyb/radar_station/install/my_msgss/local/lib/python3.10/dist-packages:${PYTHONPATH} /usr/bin/cmake --build /home/qianli/zyb/radar_station/build/Game_Map -- -j16 -l16
[1.445s] DEBUG:colcon.colcon_core.event_handler.log_command:Invoking command in '/home/qianli/zyb/radar_station/build/Img_Handle': AMENT_PREFIX_PATH=/home/qianli/zyb/radar_station/install/my_msgss:${AMENT_PREFIX_PATH} CMAKE_PREFIX_PATH=/home/qianli/zyb/radar_station/install/my_msgss:/opt/ros/humble LD_LIBRARY_PATH=/home/qianli/zyb/radar_station/install/my_msgss/lib:${LD_LIBRARY_PATH} PYTHONPATH=/home/qianli/zyb/radar_station/install/my_msgss/local/lib/python3.10/dist-packages:${PYTHONPATH} /usr/bin/cmake --build /home/qianli/zyb/radar_station/build/Img_Handle -- -j16 -l16
[1.448s] DEBUG:colcon.colcon_core.event_handler.log_command:Invoking command in '/home/qianli/zyb/radar_station/build/Qt5_displayer': AMENT_PREFIX_PATH=/home/qianli/zyb/radar_station/install/my_msgss:${AMENT_PREFIX_PATH} CMAKE_PREFIX_PATH=/home/qianli/zyb/radar_station/install/my_msgss:/opt/ros/humble LD_LIBRARY_PATH=/home/qianli/zyb/radar_station/install/my_msgss/lib:${LD_LIBRARY_PATH} PYTHONPATH=/home/qianli/zyb/radar_station/install/my_msgss/local/lib/python3.10/dist-packages:${PYTHONPATH} /usr/bin/cmake --build /home/qianli/zyb/radar_station/build/Qt5_displayer -- -j16 -l16
[1.451s] DEBUG:colcon.colcon_core.event_handler.log_command:Invoking command in '/home/qianli/zyb/radar_station/build/get_depth': AMENT_PREFIX_PATH=/home/qianli/zyb/radar_station/install/my_msgss:${AMENT_PREFIX_PATH} CMAKE_PREFIX_PATH=/home/qianli/zyb/radar_station/install/my_msgss:/opt/ros/humble LD_LIBRARY_PATH=/home/qianli/zyb/radar_station/install/my_msgss/lib:${LD_LIBRARY_PATH} PYTHONPATH=/home/qianli/zyb/radar_station/install/my_msgss/local/lib/python3.10/dist-packages:${PYTHONPATH} /usr/bin/cmake --build /home/qianli/zyb/radar_station/build/get_depth -- -j16 -l16
[1.454s] DEBUG:colcon.colcon_core.event_handler.log_command:Invoking command in '/home/qianli/zyb/radar_station/build/map_test': AMENT_PREFIX_PATH=/home/qianli/zyb/radar_station/install/my_msgss:${AMENT_PREFIX_PATH} CMAKE_PREFIX_PATH=/home/qianli/zyb/radar_station/install/my_msgss:/opt/ros/humble LD_LIBRARY_PATH=/home/qianli/zyb/radar_station/install/my_msgss/lib:${LD_LIBRARY_PATH} PYTHONPATH=/home/qianli/zyb/radar_station/install/my_msgss/local/lib/python3.10/dist-packages:${PYTHONPATH} /usr/bin/cmake --build /home/qianli/zyb/radar_station/build/map_test -- -j16 -l16
[1.491s] DEBUG:colcon.colcon_core.event_handler.log_command:Invoked command in '/home/qianli/zyb/radar_station/build/Game_Map' returned '0': AMENT_PREFIX_PATH=/home/qianli/zyb/radar_station/install/my_msgss:${AMENT_PREFIX_PATH} CMAKE_PREFIX_PATH=/home/qianli/zyb/radar_station/install/my_msgss:/opt/ros/humble LD_LIBRARY_PATH=/home/qianli/zyb/radar_station/install/my_msgss/lib:${LD_LIBRARY_PATH} PYTHONPATH=/home/qianli/zyb/radar_station/install/my_msgss/local/lib/python3.10/dist-packages:${PYTHONPATH} /usr/bin/cmake --build /home/qianli/zyb/radar_station/build/Game_Map -- -j16 -l16
[1.500s] DEBUG:colcon.colcon_core.event_handler.log_command:Invoked command in '/home/qianli/zyb/radar_station/build/Img_Handle' returned '0': AMENT_PREFIX_PATH=/home/qianli/zyb/radar_station/install/my_msgss:${AMENT_PREFIX_PATH} CMAKE_PREFIX_PATH=/home/qianli/zyb/radar_station/install/my_msgss:/opt/ros/humble LD_LIBRARY_PATH=/home/qianli/zyb/radar_station/install/my_msgss/lib:${LD_LIBRARY_PATH} PYTHONPATH=/home/qianli/zyb/radar_station/install/my_msgss/local/lib/python3.10/dist-packages:${PYTHONPATH} /usr/bin/cmake --build /home/qianli/zyb/radar_station/build/Img_Handle -- -j16 -l16
[1.501s] DEBUG:colcon.colcon_core.event_handler.log_command:Invoked command in '/home/qianli/zyb/radar_station/build/get_depth' returned '0': AMENT_PREFIX_PATH=/home/qianli/zyb/radar_station/install/my_msgss:${AMENT_PREFIX_PATH} CMAKE_PREFIX_PATH=/home/qianli/zyb/radar_station/install/my_msgss:/opt/ros/humble LD_LIBRARY_PATH=/home/qianli/zyb/radar_station/install/my_msgss/lib:${LD_LIBRARY_PATH} PYTHONPATH=/home/qianli/zyb/radar_station/install/my_msgss/local/lib/python3.10/dist-packages:${PYTHONPATH} /usr/bin/cmake --build /home/qianli/zyb/radar_station/build/get_depth -- -j16 -l16
[1.506s] DEBUG:colcon.colcon_core.event_handler.log_command:Invoking command in '/home/qianli/zyb/radar_station/build/Game_Map': AMENT_PREFIX_PATH=/home/qianli/zyb/radar_station/install/my_msgss:${AMENT_PREFIX_PATH} CMAKE_PREFIX_PATH=/home/qianli/zyb/radar_station/install/my_msgss:/opt/ros/humble LD_LIBRARY_PATH=/home/qianli/zyb/radar_station/install/my_msgss/lib:${LD_LIBRARY_PATH} PYTHONPATH=/home/qianli/zyb/radar_station/install/my_msgss/local/lib/python3.10/dist-packages:${PYTHONPATH} /usr/bin/cmake --install /home/qianli/zyb/radar_station/build/Game_Map
[1.509s] DEBUG:colcon.colcon_core.event_handler.log_command:Invoked command in '/home/qianli/zyb/radar_station/build/map_test' returned '0': AMENT_PREFIX_PATH=/home/qianli/zyb/radar_station/install/my_msgss:${AMENT_PREFIX_PATH} CMAKE_PREFIX_PATH=/home/qianli/zyb/radar_station/install/my_msgss:/opt/ros/humble LD_LIBRARY_PATH=/home/qianli/zyb/radar_station/install/my_msgss/lib:${LD_LIBRARY_PATH} PYTHONPATH=/home/qianli/zyb/radar_station/install/my_msgss/local/lib/python3.10/dist-packages:${PYTHONPATH} /usr/bin/cmake --build /home/qianli/zyb/radar_station/build/map_test -- -j16 -l16
[1.517s] Level 1:colcon.colcon_core.environment:create_environment_scripts_only(Game_Map)
[1.521s] DEBUG:colcon.colcon_core.event_handler.log_command:Invoking command in '/home/qianli/zyb/radar_station/build/get_depth': AMENT_PREFIX_PATH=/home/qianli/zyb/radar_station/install/my_msgss:${AMENT_PREFIX_PATH} CMAKE_PREFIX_PATH=/home/qianli/zyb/radar_station/install/my_msgss:/opt/ros/humble LD_LIBRARY_PATH=/home/qianli/zyb/radar_station/install/my_msgss/lib:${LD_LIBRARY_PATH} PYTHONPATH=/home/qianli/zyb/radar_station/install/my_msgss/local/lib/python3.10/dist-packages:${PYTHONPATH} /usr/bin/cmake --install /home/qianli/zyb/radar_station/build/get_depth
[1.522s] DEBUG:colcon.colcon_core.event_handler.log_command:Invoking command in '/home/qianli/zyb/radar_station/build/Img_Handle': AMENT_PREFIX_PATH=/home/qianli/zyb/radar_station/install/my_msgss:${AMENT_PREFIX_PATH} CMAKE_PREFIX_PATH=/home/qianli/zyb/radar_station/install/my_msgss:/opt/ros/humble LD_LIBRARY_PATH=/home/qianli/zyb/radar_station/install/my_msgss/lib:${LD_LIBRARY_PATH} PYTHONPATH=/home/qianli/zyb/radar_station/install/my_msgss/local/lib/python3.10/dist-packages:${PYTHONPATH} /usr/bin/cmake --install /home/qianli/zyb/radar_station/build/Img_Handle
[1.523s] DEBUG:colcon.colcon_core.event_handler.log_command:Invoked command in '/home/qianli/zyb/radar_station/build/Game_Map' returned '0': AMENT_PREFIX_PATH=/home/qianli/zyb/radar_station/install/my_msgss:${AMENT_PREFIX_PATH} CMAKE_PREFIX_PATH=/home/qianli/zyb/radar_station/install/my_msgss:/opt/ros/humble LD_LIBRARY_PATH=/home/qianli/zyb/radar_station/install/my_msgss/lib:${LD_LIBRARY_PATH} PYTHONPATH=/home/qianli/zyb/radar_station/install/my_msgss/local/lib/python3.10/dist-packages:${PYTHONPATH} /usr/bin/cmake --install /home/qianli/zyb/radar_station/build/Game_Map
[1.536s] Level 1:colcon.colcon_core.environment:checking '/home/qianli/zyb/radar_station/install/Game_Map' for CMake module files
[1.536s] Level 1:colcon.colcon_core.environment:checking '/home/qianli/zyb/radar_station/install/Game_Map' for CMake config files
[1.536s] Level 1:colcon.colcon_core.shell:create_environment_hook('Game_Map', 'cmake_prefix_path')
[1.543s] INFO:colcon.colcon_core.shell:Creating environment hook '/home/qianli/zyb/radar_station/install/Game_Map/share/Game_Map/hook/cmake_prefix_path.ps1'
[1.544s] INFO:colcon.colcon_core.shell:Creating environment descriptor '/home/qianli/zyb/radar_station/install/Game_Map/share/Game_Map/hook/cmake_prefix_path.dsv'
[1.544s] INFO:colcon.colcon_core.shell:Creating environment hook '/home/qianli/zyb/radar_station/install/Game_Map/share/Game_Map/hook/cmake_prefix_path.sh'
[1.544s] Level 1:colcon.colcon_core.environment:checking '/home/qianli/zyb/radar_station/install/Game_Map/lib'
[1.544s] Level 1:colcon.colcon_core.environment:checking '/home/qianli/zyb/radar_station/install/Game_Map/bin'
[1.544s] Level 1:colcon.colcon_core.environment:checking '/home/qianli/zyb/radar_station/install/Game_Map/lib/pkgconfig/Game_Map.pc'
[1.544s] Level 1:colcon.colcon_core.environment:checking '/home/qianli/zyb/radar_station/install/Game_Map/lib/python3.10/site-packages'
[1.544s] Level 1:colcon.colcon_core.environment:checking '/home/qianli/zyb/radar_station/install/Game_Map/bin'
[1.552s] INFO:colcon.colcon_core.shell:Creating package script '/home/qianli/zyb/radar_station/install/Game_Map/share/Game_Map/package.ps1'
[1.553s] INFO:colcon.colcon_core.shell:Creating package descriptor '/home/qianli/zyb/radar_station/install/Game_Map/share/Game_Map/package.dsv'
[1.553s] INFO:colcon.colcon_core.shell:Creating package script '/home/qianli/zyb/radar_station/install/Game_Map/share/Game_Map/package.sh'
[1.553s] INFO:colcon.colcon_core.shell:Creating package script '/home/qianli/zyb/radar_station/install/Game_Map/share/Game_Map/package.bash'
[1.553s] INFO:colcon.colcon_core.shell:Creating package script '/home/qianli/zyb/radar_station/install/Game_Map/share/Game_Map/package.zsh'
[1.553s] Level 1:colcon.colcon_core.environment:create_file_with_runtime_dependencies(/home/qianli/zyb/radar_station/install/Game_Map/share/colcon-core/packages/Game_Map)
[1.556s] Level 1:colcon.colcon_core.environment:create_environment_scripts_only(Img_Handle)
[1.556s] DEBUG:colcon.colcon_core.event_handler.log_command:Invoking command in '/home/qianli/zyb/radar_station/build/map_test': AMENT_PREFIX_PATH=/home/qianli/zyb/radar_station/install/my_msgss:${AMENT_PREFIX_PATH} CMAKE_PREFIX_PATH=/home/qianli/zyb/radar_station/install/my_msgss:/opt/ros/humble LD_LIBRARY_PATH=/home/qianli/zyb/radar_station/install/my_msgss/lib:${LD_LIBRARY_PATH} PYTHONPATH=/home/qianli/zyb/radar_station/install/my_msgss/local/lib/python3.10/dist-packages:${PYTHONPATH} /usr/bin/cmake --install /home/qianli/zyb/radar_station/build/map_test
[1.557s] DEBUG:colcon.colcon_core.event_handler.log_command:Invoked command in '/home/qianli/zyb/radar_station/build/Img_Handle' returned '0': AMENT_PREFIX_PATH=/home/qianli/zyb/radar_station/install/my_msgss:${AMENT_PREFIX_PATH} CMAKE_PREFIX_PATH=/home/qianli/zyb/radar_station/install/my_msgss:/opt/ros/humble LD_LIBRARY_PATH=/home/qianli/zyb/radar_station/install/my_msgss/lib:${LD_LIBRARY_PATH} PYTHONPATH=/home/qianli/zyb/radar_station/install/my_msgss/local/lib/python3.10/dist-packages:${PYTHONPATH} /usr/bin/cmake --install /home/qianli/zyb/radar_station/build/Img_Handle
[1.568s] Level 1:colcon.colcon_core.environment:checking '/home/qianli/zyb/radar_station/install/Img_Handle' for CMake module files
[1.568s] Level 1:colcon.colcon_core.environment:checking '/home/qianli/zyb/radar_station/install/Img_Handle' for CMake config files
[1.568s] Level 1:colcon.colcon_core.shell:create_environment_hook('Img_Handle', 'cmake_prefix_path')
[1.575s] INFO:colcon.colcon_core.shell:Creating environment hook '/home/qianli/zyb/radar_station/install/Img_Handle/share/Img_Handle/hook/cmake_prefix_path.ps1'
[1.575s] INFO:colcon.colcon_core.shell:Creating environment descriptor '/home/qianli/zyb/radar_station/install/Img_Handle/share/Img_Handle/hook/cmake_prefix_path.dsv'
[1.576s] INFO:colcon.colcon_core.shell:Creating environment hook '/home/qianli/zyb/radar_station/install/Img_Handle/share/Img_Handle/hook/cmake_prefix_path.sh'
[1.576s] Level 1:colcon.colcon_core.environment:checking '/home/qianli/zyb/radar_station/install/Img_Handle/lib'
[1.576s] Level 1:colcon.colcon_core.environment:checking '/home/qianli/zyb/radar_station/install/Img_Handle/bin'
[1.576s] Level 1:colcon.colcon_core.environment:checking '/home/qianli/zyb/radar_station/install/Img_Handle/lib/pkgconfig/Img_Handle.pc'
[1.576s] Level 1:colcon.colcon_core.environment:checking '/home/qianli/zyb/radar_station/install/Img_Handle/lib/python3.10/site-packages'
[1.576s] Level 1:colcon.colcon_core.environment:checking '/home/qianli/zyb/radar_station/install/Img_Handle/bin'
[1.583s] INFO:colcon.colcon_core.shell:Creating package script '/home/qianli/zyb/radar_station/install/Img_Handle/share/Img_Handle/package.ps1'
[1.583s] INFO:colcon.colcon_core.shell:Creating package descriptor '/home/qianli/zyb/radar_station/install/Img_Handle/share/Img_Handle/package.dsv'
[1.584s] INFO:colcon.colcon_core.shell:Creating package script '/home/qianli/zyb/radar_station/install/Img_Handle/share/Img_Handle/package.sh'
[1.584s] INFO:colcon.colcon_core.shell:Creating package script '/home/qianli/zyb/radar_station/install/Img_Handle/share/Img_Handle/package.bash'
[1.584s] INFO:colcon.colcon_core.shell:Creating package script '/home/qianli/zyb/radar_station/install/Img_Handle/share/Img_Handle/package.zsh'
[1.584s] Level 1:colcon.colcon_core.environment:create_file_with_runtime_dependencies(/home/qianli/zyb/radar_station/install/Img_Handle/share/colcon-core/packages/Img_Handle)
[1.585s] Level 1:colcon.colcon_core.environment:create_environment_scripts_only(get_depth)
[1.585s] DEBUG:colcon.colcon_core.event_handler.log_command:Invoked command in '/home/qianli/zyb/radar_station/build/get_depth' returned '0': AMENT_PREFIX_PATH=/home/qianli/zyb/radar_station/install/my_msgss:${AMENT_PREFIX_PATH} CMAKE_PREFIX_PATH=/home/qianli/zyb/radar_station/install/my_msgss:/opt/ros/humble LD_LIBRARY_PATH=/home/qianli/zyb/radar_station/install/my_msgss/lib:${LD_LIBRARY_PATH} PYTHONPATH=/home/qianli/zyb/radar_station/install/my_msgss/local/lib/python3.10/dist-packages:${PYTHONPATH} /usr/bin/cmake --install /home/qianli/zyb/radar_station/build/get_depth
[1.592s] Level 1:colcon.colcon_core.environment:checking '/home/qianli/zyb/radar_station/install/get_depth' for CMake module files
[1.593s] Level 1:colcon.colcon_core.environment:checking '/home/qianli/zyb/radar_station/install/get_depth' for CMake config files
[1.593s] Level 1:colcon.colcon_core.shell:create_environment_hook('get_depth', 'cmake_prefix_path')
[1.600s] INFO:colcon.colcon_core.shell:Creating environment hook '/home/qianli/zyb/radar_station/install/get_depth/share/get_depth/hook/cmake_prefix_path.ps1'
[1.600s] INFO:colcon.colcon_core.shell:Creating environment descriptor '/home/qianli/zyb/radar_station/install/get_depth/share/get_depth/hook/cmake_prefix_path.dsv'
[1.601s] INFO:colcon.colcon_core.shell:Creating environment hook '/home/qianli/zyb/radar_station/install/get_depth/share/get_depth/hook/cmake_prefix_path.sh'
[1.601s] Level 1:colcon.colcon_core.environment:checking '/home/qianli/zyb/radar_station/install/get_depth/lib'
[1.601s] Level 1:colcon.colcon_core.environment:checking '/home/qianli/zyb/radar_station/install/get_depth/bin'
[1.601s] Level 1:colcon.colcon_core.environment:checking '/home/qianli/zyb/radar_station/install/get_depth/lib/pkgconfig/get_depth.pc'
[1.601s] Level 1:colcon.colcon_core.environment:checking '/home/qianli/zyb/radar_station/install/get_depth/lib/python3.10/site-packages'
[1.601s] Level 1:colcon.colcon_core.environment:checking '/home/qianli/zyb/radar_station/install/get_depth/bin'
[1.608s] INFO:colcon.colcon_core.shell:Creating package script '/home/qianli/zyb/radar_station/install/get_depth/share/get_depth/package.ps1'
[1.608s] INFO:colcon.colcon_core.shell:Creating package descriptor '/home/qianli/zyb/radar_station/install/get_depth/share/get_depth/package.dsv'
[1.609s] INFO:colcon.colcon_core.shell:Creating package script '/home/qianli/zyb/radar_station/install/get_depth/share/get_depth/package.sh'
[1.609s] INFO:colcon.colcon_core.shell:Creating package script '/home/qianli/zyb/radar_station/install/get_depth/share/get_depth/package.bash'
[1.609s] INFO:colcon.colcon_core.shell:Creating package script '/home/qianli/zyb/radar_station/install/get_depth/share/get_depth/package.zsh'
[1.609s] Level 1:colcon.colcon_core.environment:create_file_with_runtime_dependencies(/home/qianli/zyb/radar_station/install/get_depth/share/colcon-core/packages/get_depth)
[1.610s] DEBUG:colcon.colcon_core.event_handler.log_command:Invoked command in '/home/qianli/zyb/radar_station/build/Qt5_displayer' returned '0': AMENT_PREFIX_PATH=/home/qianli/zyb/radar_station/install/my_msgss:${AMENT_PREFIX_PATH} CMAKE_PREFIX_PATH=/home/qianli/zyb/radar_station/install/my_msgss:/opt/ros/humble LD_LIBRARY_PATH=/home/qianli/zyb/radar_station/install/my_msgss/lib:${LD_LIBRARY_PATH} PYTHONPATH=/home/qianli/zyb/radar_station/install/my_msgss/local/lib/python3.10/dist-packages:${PYTHONPATH} /usr/bin/cmake --build /home/qianli/zyb/radar_station/build/Qt5_displayer -- -j16 -l16
[1.619s] Level 1:colcon.colcon_core.environment:create_environment_scripts_only(Game_Map)
[1.626s] Level 1:colcon.colcon_core.environment:checking '/home/qianli/zyb/radar_station/install/Game_Map' for CMake module files
[1.626s] Level 1:colcon.colcon_core.environment:checking '/home/qianli/zyb/radar_station/install/Game_Map' for CMake config files
[1.626s] Level 1:colcon.colcon_core.shell:create_environment_hook('Game_Map', 'cmake_prefix_path')
[1.633s] INFO:colcon.colcon_core.shell:Creating environment hook '/home/qianli/zyb/radar_station/install/Game_Map/share/Game_Map/hook/cmake_prefix_path.ps1'
[1.634s] INFO:colcon.colcon_core.shell:Creating environment descriptor '/home/qianli/zyb/radar_station/install/Game_Map/share/Game_Map/hook/cmake_prefix_path.dsv'
[1.634s] INFO:colcon.colcon_core.shell:Creating environment hook '/home/qianli/zyb/radar_station/install/Game_Map/share/Game_Map/hook/cmake_prefix_path.sh'
[1.634s] Level 1:colcon.colcon_core.environment:checking '/home/qianli/zyb/radar_station/install/Game_Map/lib'
[1.634s] Level 1:colcon.colcon_core.environment:checking '/home/qianli/zyb/radar_station/install/Game_Map/bin'
[1.634s] Level 1:colcon.colcon_core.environment:checking '/home/qianli/zyb/radar_station/install/Game_Map/lib/pkgconfig/Game_Map.pc'
[1.634s] Level 1:colcon.colcon_core.environment:checking '/home/qianli/zyb/radar_station/install/Game_Map/lib/python3.10/site-packages'
[1.634s] Level 1:colcon.colcon_core.environment:checking '/home/qianli/zyb/radar_station/install/Game_Map/bin'
[1.641s] INFO:colcon.colcon_core.shell:Creating package script '/home/qianli/zyb/radar_station/install/Game_Map/share/Game_Map/package.ps1'
[1.642s] INFO:colcon.colcon_core.shell:Creating package descriptor '/home/qianli/zyb/radar_station/install/Game_Map/share/Game_Map/package.dsv'
[1.642s] INFO:colcon.colcon_core.shell:Creating package script '/home/qianli/zyb/radar_station/install/Game_Map/share/Game_Map/package.sh'
[1.642s] INFO:colcon.colcon_core.shell:Creating package script '/home/qianli/zyb/radar_station/install/Game_Map/share/Game_Map/package.bash'
[1.642s] INFO:colcon.colcon_core.shell:Creating package script '/home/qianli/zyb/radar_station/install/Game_Map/share/Game_Map/package.zsh'
[1.642s] Level 1:colcon.colcon_core.environment:create_file_with_runtime_dependencies(/home/qianli/zyb/radar_station/install/Game_Map/share/colcon-core/packages/Game_Map)
[1.650s] Level 1:colcon.colcon_core.environment:create_environment_scripts_only(Img_Handle)
[1.658s] Level 1:colcon.colcon_core.environment:checking '/home/qianli/zyb/radar_station/install/Img_Handle' for CMake module files
[1.658s] Level 1:colcon.colcon_core.environment:checking '/home/qianli/zyb/radar_station/install/Img_Handle' for CMake config files
[1.659s] Level 1:colcon.colcon_core.shell:create_environment_hook('Img_Handle', 'cmake_prefix_path')
[1.666s] INFO:colcon.colcon_core.shell:Creating environment hook '/home/qianli/zyb/radar_station/install/Img_Handle/share/Img_Handle/hook/cmake_prefix_path.ps1'
[1.666s] INFO:colcon.colcon_core.shell:Creating environment descriptor '/home/qianli/zyb/radar_station/install/Img_Handle/share/Img_Handle/hook/cmake_prefix_path.dsv'
[1.666s] INFO:colcon.colcon_core.shell:Creating environment hook '/home/qianli/zyb/radar_station/install/Img_Handle/share/Img_Handle/hook/cmake_prefix_path.sh'
[1.667s] Level 1:colcon.colcon_core.environment:checking '/home/qianli/zyb/radar_station/install/Img_Handle/lib'
[1.667s] Level 1:colcon.colcon_core.environment:checking '/home/qianli/zyb/radar_station/install/Img_Handle/bin'
[1.667s] Level 1:colcon.colcon_core.environment:checking '/home/qianli/zyb/radar_station/install/Img_Handle/lib/pkgconfig/Img_Handle.pc'
[1.667s] Level 1:colcon.colcon_core.environment:checking '/home/qianli/zyb/radar_station/install/Img_Handle/lib/python3.10/site-packages'
[1.667s] Level 1:colcon.colcon_core.environment:checking '/home/qianli/zyb/radar_station/install/Img_Handle/bin'
[1.674s] INFO:colcon.colcon_core.shell:Creating package script '/home/qianli/zyb/radar_station/install/Img_Handle/share/Img_Handle/package.ps1'
[1.675s] INFO:colcon.colcon_core.shell:Creating package descriptor '/home/qianli/zyb/radar_station/install/Img_Handle/share/Img_Handle/package.dsv'
[1.675s] INFO:colcon.colcon_core.shell:Creating package script '/home/qianli/zyb/radar_station/install/Img_Handle/share/Img_Handle/package.sh'
[1.675s] INFO:colcon.colcon_core.shell:Creating package script '/home/qianli/zyb/radar_station/install/Img_Handle/share/Img_Handle/package.bash'
[1.676s] INFO:colcon.colcon_core.shell:Creating package script '/home/qianli/zyb/radar_station/install/Img_Handle/share/Img_Handle/package.zsh'
[1.676s] Level 1:colcon.colcon_core.environment:create_file_with_runtime_dependencies(/home/qianli/zyb/radar_station/install/Img_Handle/share/colcon-core/packages/Img_Handle)
[1.676s] Level 1:colcon.colcon_core.environment:create_environment_scripts_only(map_test)
[1.677s] DEBUG:colcon.colcon_core.event_handler.log_command:Invoked command in '/home/qianli/zyb/radar_station/build/map_test' returned '0': AMENT_PREFIX_PATH=/home/qianli/zyb/radar_station/install/my_msgss:${AMENT_PREFIX_PATH} CMAKE_PREFIX_PATH=/home/qianli/zyb/radar_station/install/my_msgss:/opt/ros/humble LD_LIBRARY_PATH=/home/qianli/zyb/radar_station/install/my_msgss/lib:${LD_LIBRARY_PATH} PYTHONPATH=/home/qianli/zyb/radar_station/install/my_msgss/local/lib/python3.10/dist-packages:${PYTHONPATH} /usr/bin/cmake --install /home/qianli/zyb/radar_station/build/map_test
[1.684s] Level 1:colcon.colcon_core.environment:checking '/home/qianli/zyb/radar_station/install/map_test' for CMake module files
[1.684s] Level 1:colcon.colcon_core.environment:checking '/home/qianli/zyb/radar_station/install/map_test' for CMake config files
[1.684s] Level 1:colcon.colcon_core.shell:create_environment_hook('map_test', 'cmake_prefix_path')
[1.691s] INFO:colcon.colcon_core.shell:Creating environment hook '/home/qianli/zyb/radar_station/install/map_test/share/map_test/hook/cmake_prefix_path.ps1'
[1.691s] INFO:colcon.colcon_core.shell:Creating environment descriptor '/home/qianli/zyb/radar_station/install/map_test/share/map_test/hook/cmake_prefix_path.dsv'
[1.691s] INFO:colcon.colcon_core.shell:Creating environment hook '/home/qianli/zyb/radar_station/install/map_test/share/map_test/hook/cmake_prefix_path.sh'
[1.692s] Level 1:colcon.colcon_core.environment:checking '/home/qianli/zyb/radar_station/install/map_test/lib'
[1.692s] Level 1:colcon.colcon_core.environment:checking '/home/qianli/zyb/radar_station/install/map_test/bin'
[1.692s] Level 1:colcon.colcon_core.environment:checking '/home/qianli/zyb/radar_station/install/map_test/lib/pkgconfig/map_test.pc'
[1.692s] Level 1:colcon.colcon_core.environment:checking '/home/qianli/zyb/radar_station/install/map_test/lib/python3.10/site-packages'
[1.692s] Level 1:colcon.colcon_core.environment:checking '/home/qianli/zyb/radar_station/install/map_test/bin'
[1.699s] INFO:colcon.colcon_core.shell:Creating package script '/home/qianli/zyb/radar_station/install/map_test/share/map_test/package.ps1'
[1.699s] INFO:colcon.colcon_core.shell:Creating package descriptor '/home/qianli/zyb/radar_station/install/map_test/share/map_test/package.dsv'
[1.699s] INFO:colcon.colcon_core.shell:Creating package script '/home/qianli/zyb/radar_station/install/map_test/share/map_test/package.sh'
[1.699s] INFO:colcon.colcon_core.shell:Creating package script '/home/qianli/zyb/radar_station/install/map_test/share/map_test/package.bash'
[1.700s] INFO:colcon.colcon_core.shell:Creating package script '/home/qianli/zyb/radar_station/install/map_test/share/map_test/package.zsh'
[1.700s] Level 1:colcon.colcon_core.environment:create_file_with_runtime_dependencies(/home/qianli/zyb/radar_station/install/map_test/share/colcon-core/packages/map_test)
[1.701s] DEBUG:colcon.colcon_core.event_handler.log_command:Invoking command in '/home/qianli/zyb/radar_station/build/Qt5_displayer': AMENT_PREFIX_PATH=/home/qianli/zyb/radar_station/install/my_msgss:${AMENT_PREFIX_PATH} CMAKE_PREFIX_PATH=/home/qianli/zyb/radar_station/install/my_msgss:/opt/ros/humble LD_LIBRARY_PATH=/home/qianli/zyb/radar_station/install/my_msgss/lib:${LD_LIBRARY_PATH} PYTHONPATH=/home/qianli/zyb/radar_station/install/my_msgss/local/lib/python3.10/dist-packages:${PYTHONPATH} /usr/bin/cmake --install /home/qianli/zyb/radar_station/build/Qt5_displayer
[1.709s] Level 1:colcon.colcon_core.environment:create_environment_scripts_only(get_depth)
[1.717s] Level 1:colcon.colcon_core.environment:checking '/home/qianli/zyb/radar_station/install/get_depth' for CMake module files
[1.717s] Level 1:colcon.colcon_core.environment:checking '/home/qianli/zyb/radar_station/install/get_depth' for CMake config files
[1.717s] Level 1:colcon.colcon_core.shell:create_environment_hook('get_depth', 'cmake_prefix_path')
[1.724s] INFO:colcon.colcon_core.shell:Creating environment hook '/home/qianli/zyb/radar_station/install/get_depth/share/get_depth/hook/cmake_prefix_path.ps1'
[1.724s] INFO:colcon.colcon_core.shell:Creating environment descriptor '/home/qianli/zyb/radar_station/install/get_depth/share/get_depth/hook/cmake_prefix_path.dsv'
[1.725s] INFO:colcon.colcon_core.shell:Creating environment hook '/home/qianli/zyb/radar_station/install/get_depth/share/get_depth/hook/cmake_prefix_path.sh'
[1.725s] Level 1:colcon.colcon_core.environment:checking '/home/qianli/zyb/radar_station/install/get_depth/lib'
[1.725s] Level 1:colcon.colcon_core.environment:checking '/home/qianli/zyb/radar_station/install/get_depth/bin'
[1.725s] Level 1:colcon.colcon_core.environment:checking '/home/qianli/zyb/radar_station/install/get_depth/lib/pkgconfig/get_depth.pc'
[1.725s] Level 1:colcon.colcon_core.environment:checking '/home/qianli/zyb/radar_station/install/get_depth/lib/python3.10/site-packages'
[1.725s] Level 1:colcon.colcon_core.environment:checking '/home/qianli/zyb/radar_station/install/get_depth/bin'
[1.732s] INFO:colcon.colcon_core.shell:Creating package script '/home/qianli/zyb/radar_station/install/get_depth/share/get_depth/package.ps1'
[1.733s] INFO:colcon.colcon_core.shell:Creating package descriptor '/home/qianli/zyb/radar_station/install/get_depth/share/get_depth/package.dsv'
[1.733s] INFO:colcon.colcon_core.shell:Creating package script '/home/qianli/zyb/radar_station/install/get_depth/share/get_depth/package.sh'
[1.733s] INFO:colcon.colcon_core.shell:Creating package script '/home/qianli/zyb/radar_station/install/get_depth/share/get_depth/package.bash'
[1.733s] INFO:colcon.colcon_core.shell:Creating package script '/home/qianli/zyb/radar_station/install/get_depth/share/get_depth/package.zsh'
[1.733s] Level 1:colcon.colcon_core.environment:create_file_with_runtime_dependencies(/home/qianli/zyb/radar_station/install/get_depth/share/colcon-core/packages/get_depth)
[1.742s] Level 1:colcon.colcon_core.environment:create_environment_scripts_only(map_test)
[1.750s] Level 1:colcon.colcon_core.environment:checking '/home/qianli/zyb/radar_station/install/map_test' for CMake module files
[1.750s] Level 1:colcon.colcon_core.environment:checking '/home/qianli/zyb/radar_station/install/map_test' for CMake config files
[1.750s] Level 1:colcon.colcon_core.shell:create_environment_hook('map_test', 'cmake_prefix_path')
[1.757s] INFO:colcon.colcon_core.shell:Creating environment hook '/home/qianli/zyb/radar_station/install/map_test/share/map_test/hook/cmake_prefix_path.ps1'
[1.757s] INFO:colcon.colcon_core.shell:Creating environment descriptor '/home/qianli/zyb/radar_station/install/map_test/share/map_test/hook/cmake_prefix_path.dsv'
[1.758s] INFO:colcon.colcon_core.shell:Creating environment hook '/home/qianli/zyb/radar_station/install/map_test/share/map_test/hook/cmake_prefix_path.sh'
[1.758s] Level 1:colcon.colcon_core.environment:checking '/home/qianli/zyb/radar_station/install/map_test/lib'
[1.758s] Level 1:colcon.colcon_core.environment:checking '/home/qianli/zyb/radar_station/install/map_test/bin'
[1.758s] Level 1:colcon.colcon_core.environment:checking '/home/qianli/zyb/radar_station/install/map_test/lib/pkgconfig/map_test.pc'
[1.758s] Level 1:colcon.colcon_core.environment:checking '/home/qianli/zyb/radar_station/install/map_test/lib/python3.10/site-packages'
[1.758s] Level 1:colcon.colcon_core.environment:checking '/home/qianli/zyb/radar_station/install/map_test/bin'
[1.766s] INFO:colcon.colcon_core.shell:Creating package script '/home/qianli/zyb/radar_station/install/map_test/share/map_test/package.ps1'
[1.766s] INFO:colcon.colcon_core.shell:Creating package descriptor '/home/qianli/zyb/radar_station/install/map_test/share/map_test/package.dsv'
[1.766s] INFO:colcon.colcon_core.shell:Creating package script '/home/qianli/zyb/radar_station/install/map_test/share/map_test/package.sh'
[1.767s] INFO:colcon.colcon_core.shell:Creating package script '/home/qianli/zyb/radar_station/install/map_test/share/map_test/package.bash'
[1.767s] INFO:colcon.colcon_core.shell:Creating package script '/home/qianli/zyb/radar_station/install/map_test/share/map_test/package.zsh'
[1.767s] Level 1:colcon.colcon_core.environment:create_file_with_runtime_dependencies(/home/qianli/zyb/radar_station/install/map_test/share/colcon-core/packages/map_test)
[1.767s] Level 1:colcon.colcon_core.environment:create_environment_scripts_only(Qt5_displayer)
[1.768s] DEBUG:colcon.colcon_core.event_handler.log_command:Invoked command in '/home/qianli/zyb/radar_station/build/Qt5_displayer' returned '0': AMENT_PREFIX_PATH=/home/qianli/zyb/radar_station/install/my_msgss:${AMENT_PREFIX_PATH} CMAKE_PREFIX_PATH=/home/qianli/zyb/radar_station/install/my_msgss:/opt/ros/humble LD_LIBRARY_PATH=/home/qianli/zyb/radar_station/install/my_msgss/lib:${LD_LIBRARY_PATH} PYTHONPATH=/home/qianli/zyb/radar_station/install/my_msgss/local/lib/python3.10/dist-packages:${PYTHONPATH} /usr/bin/cmake --install /home/qianli/zyb/radar_station/build/Qt5_displayer
[1.775s] Level 1:colcon.colcon_core.environment:checking '/home/qianli/zyb/radar_station/install/Qt5_displayer' for CMake module files
[1.775s] Level 1:colcon.colcon_core.environment:checking '/home/qianli/zyb/radar_station/install/Qt5_displayer' for CMake config files
[1.775s] Level 1:colcon.colcon_core.shell:create_environment_hook('Qt5_displayer', 'cmake_prefix_path')
[1.782s] INFO:colcon.colcon_core.shell:Creating environment hook '/home/qianli/zyb/radar_station/install/Qt5_displayer/share/Qt5_displayer/hook/cmake_prefix_path.ps1'
[1.783s] INFO:colcon.colcon_core.shell:Creating environment descriptor '/home/qianli/zyb/radar_station/install/Qt5_displayer/share/Qt5_displayer/hook/cmake_prefix_path.dsv'
[1.783s] INFO:colcon.colcon_core.shell:Creating environment hook '/home/qianli/zyb/radar_station/install/Qt5_displayer/share/Qt5_displayer/hook/cmake_prefix_path.sh'
[1.783s] Level 1:colcon.colcon_core.environment:checking '/home/qianli/zyb/radar_station/install/Qt5_displayer/lib'
[1.783s] Level 1:colcon.colcon_core.environment:checking '/home/qianli/zyb/radar_station/install/Qt5_displayer/bin'
[1.783s] Level 1:colcon.colcon_core.environment:checking '/home/qianli/zyb/radar_station/install/Qt5_displayer/lib/pkgconfig/Qt5_displayer.pc'
[1.783s] Level 1:colcon.colcon_core.environment:checking '/home/qianli/zyb/radar_station/install/Qt5_displayer/lib/python3.10/site-packages'
[1.783s] Level 1:colcon.colcon_core.environment:checking '/home/qianli/zyb/radar_station/install/Qt5_displayer/bin'
[1.790s] INFO:colcon.colcon_core.shell:Creating package script '/home/qianli/zyb/radar_station/install/Qt5_displayer/share/Qt5_displayer/package.ps1'
[1.791s] INFO:colcon.colcon_core.shell:Creating package descriptor '/home/qianli/zyb/radar_station/install/Qt5_displayer/share/Qt5_displayer/package.dsv'
[1.791s] INFO:colcon.colcon_core.shell:Creating package script '/home/qianli/zyb/radar_station/install/Qt5_displayer/share/Qt5_displayer/package.sh'
[1.791s] INFO:colcon.colcon_core.shell:Creating package script '/home/qianli/zyb/radar_station/install/Qt5_displayer/share/Qt5_displayer/package.bash'
[1.791s] INFO:colcon.colcon_core.shell:Creating package script '/home/qianli/zyb/radar_station/install/Qt5_displayer/share/Qt5_displayer/package.zsh'
[1.791s] Level 1:colcon.colcon_core.environment:create_file_with_runtime_dependencies(/home/qianli/zyb/radar_station/install/Qt5_displayer/share/colcon-core/packages/Qt5_displayer)
[1.815s] Level 1:colcon.colcon_core.environment:create_environment_scripts_only(Qt5_displayer)
[1.821s] Level 1:colcon.colcon_core.environment:checking '/home/qianli/zyb/radar_station/install/Qt5_displayer' for CMake module files
[1.822s] Level 1:colcon.colcon_core.environment:checking '/home/qianli/zyb/radar_station/install/Qt5_displayer' for CMake config files
[1.822s] Level 1:colcon.colcon_core.shell:create_environment_hook('Qt5_displayer', 'cmake_prefix_path')
[1.828s] INFO:colcon.colcon_core.shell:Creating environment hook '/home/qianli/zyb/radar_station/install/Qt5_displayer/share/Qt5_displayer/hook/cmake_prefix_path.ps1'
[1.829s] INFO:colcon.colcon_core.shell:Creating environment descriptor '/home/qianli/zyb/radar_station/install/Qt5_displayer/share/Qt5_displayer/hook/cmake_prefix_path.dsv'
[1.829s] INFO:colcon.colcon_core.shell:Creating environment hook '/home/qianli/zyb/radar_station/install/Qt5_displayer/share/Qt5_displayer/hook/cmake_prefix_path.sh'
[1.829s] Level 1:colcon.colcon_core.environment:checking '/home/qianli/zyb/radar_station/install/Qt5_displayer/lib'
[1.829s] Level 1:colcon.colcon_core.environment:checking '/home/qianli/zyb/radar_station/install/Qt5_displayer/bin'
[1.829s] Level 1:colcon.colcon_core.environment:checking '/home/qianli/zyb/radar_station/install/Qt5_displayer/lib/pkgconfig/Qt5_displayer.pc'
[1.829s] Level 1:colcon.colcon_core.environment:checking '/home/qianli/zyb/radar_station/install/Qt5_displayer/lib/python3.10/site-packages'
[1.830s] Level 1:colcon.colcon_core.environment:checking '/home/qianli/zyb/radar_station/install/Qt5_displayer/bin'
[1.836s] INFO:colcon.colcon_core.shell:Creating package script '/home/qianli/zyb/radar_station/install/Qt5_displayer/share/Qt5_displayer/package.ps1'
[1.837s] INFO:colcon.colcon_core.shell:Creating package descriptor '/home/qianli/zyb/radar_station/install/Qt5_displayer/share/Qt5_displayer/package.dsv'
[1.837s] INFO:colcon.colcon_core.shell:Creating package script '/home/qianli/zyb/radar_station/install/Qt5_displayer/share/Qt5_displayer/package.sh'
[1.837s] INFO:colcon.colcon_core.shell:Creating package script '/home/qianli/zyb/radar_station/install/Qt5_displayer/share/Qt5_displayer/package.bash'
[1.837s] INFO:colcon.colcon_core.shell:Creating package script '/home/qianli/zyb/radar_station/install/Qt5_displayer/share/Qt5_displayer/package.zsh'
[1.837s] Level 1:colcon.colcon_core.environment:create_file_with_runtime_dependencies(/home/qianli/zyb/radar_station/install/Qt5_displayer/share/colcon-core/packages/Qt5_displayer)
[1.838s] DEBUG:colcon.colcon_parallel_executor.executor.parallel:closing loop
[1.838s] DEBUG:colcon.colcon_parallel_executor.executor.parallel:loop closed
[1.838s] DEBUG:colcon.colcon_parallel_executor.executor.parallel:run_until_complete finished with '0'
[1.838s] DEBUG:colcon.colcon_core.event_reactor:joining thread
[1.850s] INFO:colcon.colcon_core.plugin_system:Skipping extension 'colcon_notification.desktop_notification.terminal_notifier': Not used on non-Darwin systems
[1.850s] INFO:colcon.colcon_core.plugin_system:Skipping extension 'colcon_notification.desktop_notification.win32': Not used on non-Windows systems
[1.850s] INFO:colcon.colcon_notification.desktop_notification:Sending desktop notification using 'notify2'
[1.862s] DEBUG:colcon.colcon_core.event_reactor:joined thread
[1.871s] INFO:colcon.colcon_core.shell:Creating prefix script '/home/qianli/zyb/radar_station/install/local_setup.ps1'
[1.871s] INFO:colcon.colcon_core.shell:Creating prefix util module '/home/qianli/zyb/radar_station/install/_local_setup_util_ps1.py'
[1.872s] INFO:colcon.colcon_core.shell:Creating prefix chain script '/home/qianli/zyb/radar_station/install/setup.ps1'
[1.880s] INFO:colcon.colcon_core.shell:Creating prefix script '/home/qianli/zyb/radar_station/install/local_setup.sh'
[1.880s] INFO:colcon.colcon_core.shell:Creating prefix util module '/home/qianli/zyb/radar_station/install/_local_setup_util_sh.py'
[1.881s] INFO:colcon.colcon_core.shell:Creating prefix chain script '/home/qianli/zyb/radar_station/install/setup.sh'
[1.889s] INFO:colcon.colcon_core.shell:Creating prefix script '/home/qianli/zyb/radar_station/install/local_setup.bash'
[1.889s] INFO:colcon.colcon_core.shell:Creating prefix chain script '/home/qianli/zyb/radar_station/install/setup.bash'
[1.896s] INFO:colcon.colcon_core.shell:Creating prefix script '/home/qianli/zyb/radar_station/install/local_setup.zsh'
[1.896s] INFO:colcon.colcon_core.shell:Creating prefix chain script '/home/qianli/zyb/radar_station/install/setup.zsh'
