[0.110s] Invoking command in '/home/qianli/zyb/radar_station/build/Qt5_displayer': CMAKE_PREFIX_PATH=/home/qianli/zyb/radar_station/install/my_msgss:/home/qianli/zyb/radar_station/install/map_test:/home/qianli/zyb/radar_station/install/get_depth:/home/qianli/zyb/radar_station/install/Qt5_displayer:/home/qianli/zyb/radar_station/install/Img_Handle:/home/qianli/zyb/radar_station/install/Game_Map:/home/qianli/zyb/radar_station/install/mindvision_camera:/home/qianli/zyb/radar_station/install/Yolo_Handle:/opt/ros/humble /usr/bin/cmake --build /home/qianli/zyb/radar_station/build/Qt5_displayer -- -j16 -l16
[0.135s] [ 12%] [34m[1mAutomatic MOC and UIC for target Qt5_displayer[0m
[0.153s] [ 12%] Built target Qt5_displayer_autogen
[0.177s] [100%] Built target Qt5_displayer
[0.207s] Invoked command in '/home/qianli/zyb/radar_station/build/Qt5_displayer' returned '0': CMAKE_PREFIX_PATH=/home/qianli/zyb/radar_station/install/my_msgss:/home/qianli/zyb/radar_station/install/map_test:/home/qianli/zyb/radar_station/install/get_depth:/home/qianli/zyb/radar_station/install/Qt5_displayer:/home/qianli/zyb/radar_station/install/Img_Handle:/home/qianli/zyb/radar_station/install/Game_Map:/home/qianli/zyb/radar_station/install/mindvision_camera:/home/qianli/zyb/radar_station/install/Yolo_Handle:/opt/ros/humble /usr/bin/cmake --build /home/qianli/zyb/radar_station/build/Qt5_displayer -- -j16 -l16
[0.307s] Invoking command in '/home/qianli/zyb/radar_station/build/Qt5_displayer': CMAKE_PREFIX_PATH=/home/qianli/zyb/radar_station/install/my_msgss:/home/qianli/zyb/radar_station/install/map_test:/home/qianli/zyb/radar_station/install/get_depth:/home/qianli/zyb/radar_station/install/Qt5_displayer:/home/qianli/zyb/radar_station/install/Img_Handle:/home/qianli/zyb/radar_station/install/Game_Map:/home/qianli/zyb/radar_station/install/mindvision_camera:/home/qianli/zyb/radar_station/install/Yolo_Handle:/opt/ros/humble /usr/bin/cmake --install /home/qianli/zyb/radar_station/build/Qt5_displayer
[0.310s] -- Install configuration: ""
[0.311s] -- Up-to-date: /home/qianli/zyb/radar_station/install/Qt5_displayer/lib/Qt5_displayer/Qt5_displayer
[0.312s] -- Up-to-date: /home/qianli/zyb/radar_station/install/Qt5_displayer/share/Qt5_displayer/launch
[0.312s] -- Up-to-date: /home/qianli/zyb/radar_station/install/Qt5_displayer/share/Qt5_displayer/launch/qt5_display_launch.py
[0.313s] -- Up-to-date: /home/qianli/zyb/radar_station/install/Qt5_displayer/share/ament_index/resource_index/package_run_dependencies/Qt5_displayer
[0.313s] -- Up-to-date: /home/qianli/zyb/radar_station/install/Qt5_displayer/share/ament_index/resource_index/parent_prefix_path/Qt5_displayer
[0.314s] -- Up-to-date: /home/qianli/zyb/radar_station/install/Qt5_displayer/share/Qt5_displayer/environment/ament_prefix_path.sh
[0.314s] -- Up-to-date: /home/qianli/zyb/radar_station/install/Qt5_displayer/share/Qt5_displayer/environment/ament_prefix_path.dsv
[0.315s] -- Up-to-date: /home/qianli/zyb/radar_station/install/Qt5_displayer/share/Qt5_displayer/environment/path.sh
[0.315s] -- Up-to-date: /home/qianli/zyb/radar_station/install/Qt5_displayer/share/Qt5_displayer/environment/path.dsv
[0.315s] -- Up-to-date: /home/qianli/zyb/radar_station/install/Qt5_displayer/share/Qt5_displayer/local_setup.bash
[0.316s] -- Up-to-date: /home/qianli/zyb/radar_station/install/Qt5_displayer/share/Qt5_displayer/local_setup.sh
[0.317s] -- Up-to-date: /home/qianli/zyb/radar_station/install/Qt5_displayer/share/Qt5_displayer/local_setup.zsh
[0.317s] -- Up-to-date: /home/qianli/zyb/radar_station/install/Qt5_displayer/share/Qt5_displayer/local_setup.dsv
[0.317s] -- Installing: /home/qianli/zyb/radar_station/install/Qt5_displayer/share/Qt5_displayer/package.dsv
[0.317s] -- Up-to-date: /home/qianli/zyb/radar_station/install/Qt5_displayer/share/ament_index/resource_index/packages/Qt5_displayer
[0.317s] -- Up-to-date: /home/qianli/zyb/radar_station/install/Qt5_displayer/share/Qt5_displayer/cmake/Qt5_displayerConfig.cmake
[0.317s] -- Up-to-date: /home/qianli/zyb/radar_station/install/Qt5_displayer/share/Qt5_displayer/cmake/Qt5_displayerConfig-version.cmake
[0.317s] -- Up-to-date: /home/qianli/zyb/radar_station/install/Qt5_displayer/share/Qt5_displayer/package.xml
[0.381s] Invoked command in '/home/qianli/zyb/radar_station/build/Qt5_displayer' returned '0': CMAKE_PREFIX_PATH=/home/qianli/zyb/radar_station/install/my_msgss:/home/qianli/zyb/radar_station/install/map_test:/home/qianli/zyb/radar_station/install/get_depth:/home/qianli/zyb/radar_station/install/Qt5_displayer:/home/qianli/zyb/radar_station/install/Img_Handle:/home/qianli/zyb/radar_station/install/Game_Map:/home/qianli/zyb/radar_station/install/mindvision_camera:/home/qianli/zyb/radar_station/install/Yolo_Handle:/opt/ros/humble /usr/bin/cmake --install /home/qianli/zyb/radar_station/build/Qt5_displayer
