-- The C compiler identification is GNU 11.4.0
-- The CXX compiler identification is GNU 11.4.0
-- Detecting C compiler ABI info
-- Detecting C compiler ABI info - done
-- Check for working C compiler: /usr/bin/cc - skipped
-- Detecting C compile features
-- Detecting C compile features - done
-- Detecting CXX compiler ABI info
-- Detecting CXX compiler ABI info - done
-- Check for working CXX compiler: /usr/bin/c++ - skipped
-- Detecting CXX compile features
-- Detecting CXX compile features - done
-- Found ament_cmake: 1.3.8 (/opt/ros/humble/share/ament_cmake/cmake)
-- Found Python3: /usr/bin/python3 (found version "3.10.12") found components: Interpreter 
-- Found ament_lint_auto: 0.12.10 (/opt/ros/humble/share/ament_lint_auto/cmake)
WARNING: Package name "Yolo_Handle" does not follow the naming conventions. It should start with a lower case letter and only contain lower case letters, digits, underscores, and dashes.
-- Added test 'cppcheck' to perform static code analysis on C / C++ code
-- Configured cppcheck include dirs: 
-- Configured cppcheck exclude dirs and/or files: 
-- Added test 'lint_cmake' to check CMake code style
-- Added test 'uncrustify' to check C / C++ code style
-- Configured uncrustify additional arguments: 
-- Added test 'xmllint' to check XML markup files
-- Configuring done
-- Generating done
-- Build files have been written to: /home/mechax/zyb/radar_station_all/radar_station_fixed_class/build/Yolo_Handle
-- Install configuration: ""
-- Installing: /home/mechax/zyb/radar_station_all/radar_station_fixed_class/install/Yolo_Handle/share/ament_index/resource_index/package_run_dependencies/Yolo_Handle
-- Installing: /home/mechax/zyb/radar_station_all/radar_station_fixed_class/install/Yolo_Handle/share/ament_index/resource_index/parent_prefix_path/Yolo_Handle
-- Installing: /home/mechax/zyb/radar_station_all/radar_station_fixed_class/install/Yolo_Handle/share/Yolo_Handle/environment/ament_prefix_path.sh
-- Installing: /home/mechax/zyb/radar_station_all/radar_station_fixed_class/install/Yolo_Handle/share/Yolo_Handle/environment/ament_prefix_path.dsv
-- Installing: /home/mechax/zyb/radar_station_all/radar_station_fixed_class/install/Yolo_Handle/share/Yolo_Handle/environment/path.sh
-- Installing: /home/mechax/zyb/radar_station_all/radar_station_fixed_class/install/Yolo_Handle/share/Yolo_Handle/environment/path.dsv
-- Installing: /home/mechax/zyb/radar_station_all/radar_station_fixed_class/install/Yolo_Handle/share/Yolo_Handle/local_setup.bash
-- Installing: /home/mechax/zyb/radar_station_all/radar_station_fixed_class/install/Yolo_Handle/share/Yolo_Handle/local_setup.sh
-- Installing: /home/mechax/zyb/radar_station_all/radar_station_fixed_class/install/Yolo_Handle/share/Yolo_Handle/local_setup.zsh
-- Installing: /home/mechax/zyb/radar_station_all/radar_station_fixed_class/install/Yolo_Handle/share/Yolo_Handle/local_setup.dsv
-- Installing: /home/mechax/zyb/radar_station_all/radar_station_fixed_class/install/Yolo_Handle/share/Yolo_Handle/package.dsv
-- Installing: /home/mechax/zyb/radar_station_all/radar_station_fixed_class/install/Yolo_Handle/share/ament_index/resource_index/packages/Yolo_Handle
-- Installing: /home/mechax/zyb/radar_station_all/radar_station_fixed_class/install/Yolo_Handle/share/Yolo_Handle/cmake/Yolo_HandleConfig.cmake
-- Installing: /home/mechax/zyb/radar_station_all/radar_station_fixed_class/install/Yolo_Handle/share/Yolo_Handle/cmake/Yolo_HandleConfig-version.cmake
-- Installing: /home/mechax/zyb/radar_station_all/radar_station_fixed_class/install/Yolo_Handle/share/Yolo_Handle/package.xml
