[0.099s] Invoking command in '/home/mechax/zyb/radar_station_all/radar_station_fixed_class/build/Yolo_Handle': CMAKE_PREFIX_PATH=${CMAKE_PREFIX_PATH}:/opt/ros/humble /usr/bin/cmake /home/mechax/zyb/radar_station_all/radar_station_fixed_class/src/Yolo_Handle -DCMAKE_INSTALL_PREFIX=/home/mechax/zyb/radar_station_all/radar_station_fixed_class/install/Yolo_Handle
[0.137s] -- The C compiler identification is GNU 11.4.0
[0.174s] -- The CXX compiler identification is GNU 11.4.0
[0.179s] -- Detecting C compiler ABI info
[0.229s] -- Detecting C compiler ABI info - done
[0.234s] -- Check for working C compiler: /usr/bin/cc - skipped
[0.234s] -- Detecting C compile features
[0.234s] -- Detecting C compile features - done
[0.236s] -- Detecting CXX compiler ABI info
[0.295s] -- Detecting CXX compiler ABI info - done
[0.302s] -- Check for working CXX compiler: /usr/bin/c++ - skipped
[0.302s] -- Detecting CXX compile features
[0.302s] -- Detecting CXX compile features - done
[0.304s] -- Found ament_cmake: 1.3.8 (/opt/ros/humble/share/ament_cmake/cmake)
[0.421s] -- Found Python3: /usr/bin/python3 (found version "3.10.12") found components: Interpreter 
[0.479s] -- Found ament_lint_auto: 0.12.10 (/opt/ros/humble/share/ament_lint_auto/cmake)
[0.520s] WARNING: Package name "Yolo_Handle" does not follow the naming conventions. It should start with a lower case letter and only contain lower case letters, digits, underscores, and dashes.
[0.539s] -- Added test 'cppcheck' to perform static code analysis on C / C++ code
[0.539s] -- Configured cppcheck include dirs: 
[0.539s] -- Configured cppcheck exclude dirs and/or files: 
[0.540s] -- Added test 'lint_cmake' to check CMake code style
[0.541s] -- Added test 'uncrustify' to check C / C++ code style
[0.542s] -- Configured uncrustify additional arguments: 
[0.542s] -- Added test 'xmllint' to check XML markup files
[0.543s] -- Configuring done
[0.546s] -- Generating done
[0.546s] -- Build files have been written to: /home/mechax/zyb/radar_station_all/radar_station_fixed_class/build/Yolo_Handle
[0.551s] Invoked command in '/home/mechax/zyb/radar_station_all/radar_station_fixed_class/build/Yolo_Handle' returned '0': CMAKE_PREFIX_PATH=${CMAKE_PREFIX_PATH}:/opt/ros/humble /usr/bin/cmake /home/mechax/zyb/radar_station_all/radar_station_fixed_class/src/Yolo_Handle -DCMAKE_INSTALL_PREFIX=/home/mechax/zyb/radar_station_all/radar_station_fixed_class/install/Yolo_Handle
[0.552s] Invoking command in '/home/mechax/zyb/radar_station_all/radar_station_fixed_class/build/Yolo_Handle': CMAKE_PREFIX_PATH=${CMAKE_PREFIX_PATH}:/opt/ros/humble /usr/bin/cmake --build /home/mechax/zyb/radar_station_all/radar_station_fixed_class/build/Yolo_Handle -- -j16 -l16
[0.578s] Invoked command in '/home/mechax/zyb/radar_station_all/radar_station_fixed_class/build/Yolo_Handle' returned '0': CMAKE_PREFIX_PATH=${CMAKE_PREFIX_PATH}:/opt/ros/humble /usr/bin/cmake --build /home/mechax/zyb/radar_station_all/radar_station_fixed_class/build/Yolo_Handle -- -j16 -l16
[0.601s] Invoking command in '/home/mechax/zyb/radar_station_all/radar_station_fixed_class/build/Yolo_Handle': CMAKE_PREFIX_PATH=${CMAKE_PREFIX_PATH}:/opt/ros/humble /usr/bin/cmake --install /home/mechax/zyb/radar_station_all/radar_station_fixed_class/build/Yolo_Handle
[0.606s] -- Install configuration: ""
[0.606s] -- Installing: /home/mechax/zyb/radar_station_all/radar_station_fixed_class/install/Yolo_Handle/share/ament_index/resource_index/package_run_dependencies/Yolo_Handle
[0.606s] -- Installing: /home/mechax/zyb/radar_station_all/radar_station_fixed_class/install/Yolo_Handle/share/ament_index/resource_index/parent_prefix_path/Yolo_Handle
[0.606s] -- Installing: /home/mechax/zyb/radar_station_all/radar_station_fixed_class/install/Yolo_Handle/share/Yolo_Handle/environment/ament_prefix_path.sh
[0.606s] -- Installing: /home/mechax/zyb/radar_station_all/radar_station_fixed_class/install/Yolo_Handle/share/Yolo_Handle/environment/ament_prefix_path.dsv
[0.606s] -- Installing: /home/mechax/zyb/radar_station_all/radar_station_fixed_class/install/Yolo_Handle/share/Yolo_Handle/environment/path.sh
[0.607s] -- Installing: /home/mechax/zyb/radar_station_all/radar_station_fixed_class/install/Yolo_Handle/share/Yolo_Handle/environment/path.dsv
[0.607s] -- Installing: /home/mechax/zyb/radar_station_all/radar_station_fixed_class/install/Yolo_Handle/share/Yolo_Handle/local_setup.bash
[0.607s] -- Installing: /home/mechax/zyb/radar_station_all/radar_station_fixed_class/install/Yolo_Handle/share/Yolo_Handle/local_setup.sh
[0.607s] -- Installing: /home/mechax/zyb/radar_station_all/radar_station_fixed_class/install/Yolo_Handle/share/Yolo_Handle/local_setup.zsh
[0.607s] -- Installing: /home/mechax/zyb/radar_station_all/radar_station_fixed_class/install/Yolo_Handle/share/Yolo_Handle/local_setup.dsv
[0.607s] -- Installing: /home/mechax/zyb/radar_station_all/radar_station_fixed_class/install/Yolo_Handle/share/Yolo_Handle/package.dsv
[0.607s] -- Installing: /home/mechax/zyb/radar_station_all/radar_station_fixed_class/install/Yolo_Handle/share/ament_index/resource_index/packages/Yolo_Handle
[0.607s] -- Installing: /home/mechax/zyb/radar_station_all/radar_station_fixed_class/install/Yolo_Handle/share/Yolo_Handle/cmake/Yolo_HandleConfig.cmake
[0.607s] -- Installing: /home/mechax/zyb/radar_station_all/radar_station_fixed_class/install/Yolo_Handle/share/Yolo_Handle/cmake/Yolo_HandleConfig-version.cmake
[0.607s] -- Installing: /home/mechax/zyb/radar_station_all/radar_station_fixed_class/install/Yolo_Handle/share/Yolo_Handle/package.xml
[0.608s] Invoked command in '/home/mechax/zyb/radar_station_all/radar_station_fixed_class/build/Yolo_Handle' returned '0': CMAKE_PREFIX_PATH=${CMAKE_PREFIX_PATH}:/opt/ros/humble /usr/bin/cmake --install /home/mechax/zyb/radar_station_all/radar_station_fixed_class/build/Yolo_Handle
