[ 12%] [34m[1mAutomatic MOC and UIC for target Qt5_displayer[0m
[ 12%] Built target Qt5_displayer_autogen
[35m[1mConsolidate compiler generated dependencies of target Qt5_displayer[0m
[100%] Built target Qt5_displayer
-- Install configuration: ""
-- Up-to-date: /home/mechax/zyb/radar_station_all/radar_station_fixed_class/install/Qt5_displayer/lib/Qt5_displayer/Qt5_displayer
-- Up-to-date: /home/mechax/zyb/radar_station_all/radar_station_fixed_class/install/Qt5_displayer/share/Qt5_displayer/launch
-- Up-to-date: /home/mechax/zyb/radar_station_all/radar_station_fixed_class/install/Qt5_displayer/share/Qt5_displayer/launch/qt5_display_launch.py
-- Up-to-date: /home/mechax/zyb/radar_station_all/radar_station_fixed_class/install/Qt5_displayer/share/ament_index/resource_index/package_run_dependencies/Qt5_displayer
-- Up-to-date: /home/mechax/zyb/radar_station_all/radar_station_fixed_class/install/Qt5_displayer/share/ament_index/resource_index/parent_prefix_path/Qt5_displayer
-- Up-to-date: /home/mechax/zyb/radar_station_all/radar_station_fixed_class/install/Qt5_displayer/share/Qt5_displayer/environment/ament_prefix_path.sh
-- Up-to-date: /home/mechax/zyb/radar_station_all/radar_station_fixed_class/install/Qt5_displayer/share/Qt5_displayer/environment/ament_prefix_path.dsv
-- Up-to-date: /home/mechax/zyb/radar_station_all/radar_station_fixed_class/install/Qt5_displayer/share/Qt5_displayer/environment/path.sh
-- Up-to-date: /home/mechax/zyb/radar_station_all/radar_station_fixed_class/install/Qt5_displayer/share/Qt5_displayer/environment/path.dsv
-- Up-to-date: /home/mechax/zyb/radar_station_all/radar_station_fixed_class/install/Qt5_displayer/share/Qt5_displayer/local_setup.bash
-- Up-to-date: /home/mechax/zyb/radar_station_all/radar_station_fixed_class/install/Qt5_displayer/share/Qt5_displayer/local_setup.sh
-- Up-to-date: /home/mechax/zyb/radar_station_all/radar_station_fixed_class/install/Qt5_displayer/share/Qt5_displayer/local_setup.zsh
-- Up-to-date: /home/mechax/zyb/radar_station_all/radar_station_fixed_class/install/Qt5_displayer/share/Qt5_displayer/local_setup.dsv
-- Installing: /home/mechax/zyb/radar_station_all/radar_station_fixed_class/install/Qt5_displayer/share/Qt5_displayer/package.dsv
-- Up-to-date: /home/mechax/zyb/radar_station_all/radar_station_fixed_class/install/Qt5_displayer/share/ament_index/resource_index/packages/Qt5_displayer
-- Up-to-date: /home/mechax/zyb/radar_station_all/radar_station_fixed_class/install/Qt5_displayer/share/Qt5_displayer/cmake/Qt5_displayerConfig.cmake
-- Up-to-date: /home/mechax/zyb/radar_station_all/radar_station_fixed_class/install/Qt5_displayer/share/Qt5_displayer/cmake/Qt5_displayerConfig-version.cmake
-- Up-to-date: /home/mechax/zyb/radar_station_all/radar_station_fixed_class/install/Qt5_displayer/share/Qt5_displayer/package.xml
