[01m[K/home/qianli/zyb/radar_station/src/Img_Handle/src/img_sub.cpp:[m[K In member function ‘[01m[Kvoid Img_Sub::yolo_init()[m[K’:
[01m[K/home/qianli/zyb/radar_station/src/Img_Handle/src/img_sub.cpp:148:33:[m[K [01;31m[Kerror: [m[Kno matching function for call to ‘[01m[KInference::Inference(const char [84], const char [82], bool&)[m[K’
  148 |                         runOnGPU[01;31m[K)[m[K; // classes.txt 可以缺失
      |                                 [01;31m[K^[m[K
In file included from [01m[K/home/qianli/zyb/radar_station/src/Img_Handle/include/img_sub.hpp:7[m[K,
                 from [01m[K/home/qianli/zyb/radar_station/src/Img_Handle/src/img_sub.cpp:1[m[K:
[01m[K/home/qianli/zyb/radar_station/src/Img_Handle/include/inference.h:28:5:[m[K [01;36m[Knote: [m[Kcandidate: ‘[01m[KInference::Inference(const string&, const Size&, const string&, const bool&)[m[K’
   28 |     [01;36m[KInference[m[K(const std::string &onnxModelPath, const cv::Size &modelInputShape = {640, 640}, const std::string &classesTxtFile = "", const bool &runWithCuda = true);
      |     [01;36m[K^~~~~~~~~[m[K
[01m[K/home/qianli/zyb/radar_station/src/Img_Handle/include/inference.h:28:65:[m[K [01;36m[Knote: [m[K  no known conversion for argument 2 from ‘[01m[Kconst char [82][m[K’ to ‘[01m[Kconst Size&[m[K’ {aka ‘[01m[Kconst cv::Size_<int>&[m[K’}
   28 |     Inference(const std::string &onnxModelPath, [01;36m[Kconst cv::Size &modelInputShape = {640, 640}[m[K, const std::string &classesTxtFile = "", const bool &runWithCuda = true);
      |                                                 [01;36m[K~~~~~~~~~~~~~~~~^~~~~~~~~~~~~~~~~~~~~~~~~~~~[m[K
[01m[K/home/qianli/zyb/radar_station/src/Img_Handle/include/inference.h:27:5:[m[K [01;36m[Knote: [m[Kcandidate: ‘[01m[KInference::Inference()[m[K’
   27 |     [01;36m[KInference[m[K();
      |     [01;36m[K^~~~~~~~~[m[K
[01m[K/home/qianli/zyb/radar_station/src/Img_Handle/include/inference.h:27:5:[m[K [01;36m[Knote: [m[K  candidate expects 0 arguments, 3 provided
[01m[K/home/qianli/zyb/radar_station/src/Img_Handle/include/inference.h:24:7:[m[K [01;36m[Knote: [m[Kcandidate: ‘[01m[KInference::Inference(const Inference&)[m[K’
   24 | class [01;36m[KInference[m[K
      |       [01;36m[K^~~~~~~~~[m[K
[01m[K/home/qianli/zyb/radar_station/src/Img_Handle/include/inference.h:24:7:[m[K [01;36m[Knote: [m[K  candidate expects 1 argument, 3 provided
[01m[K/home/qianli/zyb/radar_station/src/Img_Handle/include/inference.h:24:7:[m[K [01;36m[Knote: [m[Kcandidate: ‘[01m[KInference::Inference(Inference&&)[m[K’
[01m[K/home/qianli/zyb/radar_station/src/Img_Handle/include/inference.h:24:7:[m[K [01;36m[Knote: [m[K  candidate expects 1 argument, 3 provided
[01m[K/home/qianli/zyb/radar_station/src/Img_Handle/src/img_sub.cpp:152:33:[m[K [01;31m[Kerror: [m[Kno matching function for call to ‘[01m[KInference::Inference(const char [84], const char [82], bool&)[m[K’
  152 |                         runOnGPU[01;31m[K)[m[K;
      |                                 [01;31m[K^[m[K
In file included from [01m[K/home/qianli/zyb/radar_station/src/Img_Handle/include/img_sub.hpp:7[m[K,
                 from [01m[K/home/qianli/zyb/radar_station/src/Img_Handle/src/img_sub.cpp:1[m[K:
[01m[K/home/qianli/zyb/radar_station/src/Img_Handle/include/inference.h:28:5:[m[K [01;36m[Knote: [m[Kcandidate: ‘[01m[KInference::Inference(const string&, const Size&, const string&, const bool&)[m[K’
   28 |     [01;36m[KInference[m[K(const std::string &onnxModelPath, const cv::Size &modelInputShape = {640, 640}, const std::string &classesTxtFile = "", const bool &runWithCuda = true);
      |     [01;36m[K^~~~~~~~~[m[K
[01m[K/home/qianli/zyb/radar_station/src/Img_Handle/include/inference.h:28:65:[m[K [01;36m[Knote: [m[K  no known conversion for argument 2 from ‘[01m[Kconst char [82][m[K’ to ‘[01m[Kconst Size&[m[K’ {aka ‘[01m[Kconst cv::Size_<int>&[m[K’}
   28 |     Inference(const std::string &onnxModelPath, [01;36m[Kconst cv::Size &modelInputShape = {640, 640}[m[K, const std::string &classesTxtFile = "", const bool &runWithCuda = true);
      |                                                 [01;36m[K~~~~~~~~~~~~~~~~^~~~~~~~~~~~~~~~~~~~~~~~~~~~[m[K
[01m[K/home/qianli/zyb/radar_station/src/Img_Handle/include/inference.h:27:5:[m[K [01;36m[Knote: [m[Kcandidate: ‘[01m[KInference::Inference()[m[K’
   27 |     [01;36m[KInference[m[K();
      |     [01;36m[K^~~~~~~~~[m[K
[01m[K/home/qianli/zyb/radar_station/src/Img_Handle/include/inference.h:27:5:[m[K [01;36m[Knote: [m[K  candidate expects 0 arguments, 3 provided
[01m[K/home/qianli/zyb/radar_station/src/Img_Handle/include/inference.h:24:7:[m[K [01;36m[Knote: [m[Kcandidate: ‘[01m[KInference::Inference(const Inference&)[m[K’
   24 | class [01;36m[KInference[m[K
      |       [01;36m[K^~~~~~~~~[m[K
[01m[K/home/qianli/zyb/radar_station/src/Img_Handle/include/inference.h:24:7:[m[K [01;36m[Knote: [m[K  candidate expects 1 argument, 3 provided
[01m[K/home/qianli/zyb/radar_station/src/Img_Handle/include/inference.h:24:7:[m[K [01;36m[Knote: [m[Kcandidate: ‘[01m[KInference::Inference(Inference&&)[m[K’
[01m[K/home/qianli/zyb/radar_station/src/Img_Handle/include/inference.h:24:7:[m[K [01;36m[Knote: [m[K  candidate expects 1 argument, 3 provided
[01m[K/home/qianli/zyb/radar_station/src/Img_Handle/src/img_sub.cpp:[m[K In member function ‘[01m[Kvoid Img_Sub::draw_img(cv::Mat&, my_msgss::msg::Yolopoints&)[m[K’:
[01m[K/home/qianli/zyb/radar_station/src/Img_Handle/src/img_sub.cpp:280:20:[m[K [01;35m[Kwarning: [m[Kcomparison of integer expressions of different signedness: ‘[01m[Kint[m[K’ and ‘[01m[Kstd::vector<my_msgss::msg::Yolopoint_<std::allocator<void> >, std::allocator<my_msgss::msg::Yolopoint_<std::allocator<void> > > >::size_type[m[K’ {aka ‘[01m[Klong unsigned int[m[K’} [[01;35m[K]8;;https://gcc.gnu.org/onlinedocs/gcc/Warning-Options.html#index-Wsign-compare-Wsign-compare]8;;[m[K]
  280 |     for(int i =0 ;[01;35m[Ki<robot_boxes.data.size()[m[K;i++)
      |                   [01;35m[K~^~~~~~~~~~~~~~~~~~~~~~~~[m[K
gmake[2]: *** [CMakeFiles/Img_Sub.dir/build.make:76：CMakeFiles/Img_Sub.dir/src/img_sub.cpp.o] 错误 1
gmake[1]: *** [CMakeFiles/Makefile2:167：CMakeFiles/Img_Sub.dir/all] 错误 2
gmake: *** [Makefile:146：all] 错误 2
