[0.079s] Invoking command in '/home/qianli/zyb/radar_station/build/my_msgss': CMAKE_PREFIX_PATH=/opt/ros/humble /usr/bin/cmake /home/qianli/zyb/radar_station/src/my_msgss -DCMAKE_INSTALL_PREFIX=/home/qianli/zyb/radar_station/install/my_msgss
[0.117s] -- The C compiler identification is GNU 11.4.0
[0.161s] -- The CXX compiler identification is GNU 11.4.0
[0.168s] -- Detecting C compiler ABI info
[0.207s] -- Detecting C compiler ABI info - done
[0.216s] -- Check for working C compiler: /usr/bin/cc - skipped
[0.217s] -- Detecting C compile features
[0.217s] -- Detecting C compile features - done
[0.220s] -- Detecting CXX compiler ABI info
[0.273s] -- Detecting CXX compiler ABI info - done
[0.282s] -- Check for working CXX compiler: /usr/bin/c++ - skipped
[0.282s] -- Detecting CXX compile features
[0.283s] -- Detecting CXX compile features - done
[0.284s] -- Found ament_cmake: 1.3.8 (/opt/ros/humble/share/ament_cmake/cmake)
[0.388s] -- Found Python3: /usr/bin/python3 (found version "3.10.12") found components: Interpreter 
[0.460s] -- Found rosidl_default_generators: 1.2.0 (/opt/ros/humble/share/rosidl_default_generators/cmake)
[0.462s] -- Using all available rosidl_typesupport_c: rosidl_typesupport_fastrtps_c;rosidl_typesupport_introspection_c
[0.469s] -- Found rosidl_adapter: 3.1.5 (/opt/ros/humble/share/rosidl_adapter/cmake)
[0.516s] -- Using all available rosidl_typesupport_cpp: rosidl_typesupport_fastrtps_cpp;rosidl_typesupport_introspection_cpp
[0.744s] -- Found ament_cmake_ros: 0.10.0 (/opt/ros/humble/share/ament_cmake_ros/cmake)
[0.875s] -- Using all available rosidl_typesupport_c: rosidl_typesupport_fastrtps_c;rosidl_typesupport_introspection_c
[1.056s] -- Using all available rosidl_typesupport_cpp: rosidl_typesupport_fastrtps_cpp;rosidl_typesupport_introspection_cpp
[1.072s] -- Found PythonInterp: /usr/bin/python3 (found suitable version "3.10.12", minimum required is "3.6") 
[1.073s] -- Found python_cmake_module: 0.10.0 (/opt/ros/humble/share/python_cmake_module/cmake)
[1.090s] -- Found PythonLibs: /usr/lib/x86_64-linux-gnu/libpython3.10.so (found suitable version "3.10.12", minimum required is "3.5") 
[1.090s] -- Using PYTHON_EXECUTABLE: /usr/bin/python3
[1.090s] -- Using PYTHON_INCLUDE_DIRS: /usr/include/python3.10
[1.090s] -- Using PYTHON_LIBRARIES: /usr/lib/x86_64-linux-gnu/libpython3.10.so
[1.104s] -- Found PythonExtra: .so  
[1.125s] -- Found ament_lint_auto: 0.12.10 (/opt/ros/humble/share/ament_lint_auto/cmake)
[1.135s] -- Added test 'flake8' to check Python code syntax and style conventions
[1.135s] -- Added test 'lint_cmake' to check CMake code style
[1.135s] -- Added test 'pep257' to check Python code against some of the docstring style conventions in PEP 257
[1.135s] -- Added test 'xmllint' to check XML markup files
[1.137s] -- Configuring done
[1.157s] -- Generating done
[1.158s] -- Build files have been written to: /home/qianli/zyb/radar_station/build/my_msgss
[1.163s] Invoked command in '/home/qianli/zyb/radar_station/build/my_msgss' returned '0': CMAKE_PREFIX_PATH=/opt/ros/humble /usr/bin/cmake /home/qianli/zyb/radar_station/src/my_msgss -DCMAKE_INSTALL_PREFIX=/home/qianli/zyb/radar_station/install/my_msgss
[1.164s] Invoking command in '/home/qianli/zyb/radar_station/build/my_msgss': CMAKE_PREFIX_PATH=/opt/ros/humble /usr/bin/cmake --build /home/qianli/zyb/radar_station/build/my_msgss -- -j16 -l16
[1.188s] [  1%] [34m[1mGenerating C code for ROS interfaces[0m
[1.193s] [  2%] [34m[1mGenerating C++ code for ROS interfaces[0m
[1.207s] [  2%] Built target ament_cmake_python_copy_my_msgss
[1.350s] running egg_info
[1.351s] creating my_msgss.egg-info
[1.351s] writing my_msgss.egg-info/PKG-INFO
[1.351s] writing dependency_links to my_msgss.egg-info/dependency_links.txt
[1.351s] writing top-level names to my_msgss.egg-info/top_level.txt
[1.351s] writing manifest file 'my_msgss.egg-info/SOURCES.txt'
[1.353s] reading manifest file 'my_msgss.egg-info/SOURCES.txt'
[1.353s] writing manifest file 'my_msgss.egg-info/SOURCES.txt'
[1.372s] [  2%] Built target ament_cmake_python_build_my_msgss_egg
[1.502s] [  2%] Built target my_msgss__cpp
[1.512s] [  4%] [34m[1mGenerating C++ type support dispatch for ROS interfaces[0m
[1.513s] [  7%] [34m[1mGenerating C++ type support for eProsima Fast-RTPS[0m
[1.513s] [  7%] [34m[1mGenerating C++ introspection for ROS interfaces[0m
[1.537s] [  9%] [32mBuilding C object CMakeFiles/my_msgss__rosidl_generator_c.dir/rosidl_generator_c/my_msgss/msg/detail/point__functions.c.o[0m
[1.538s] [ 11%] [32mBuilding C object CMakeFiles/my_msgss__rosidl_generator_c.dir/rosidl_generator_c/my_msgss/msg/detail/yolopoints__functions.c.o[0m
[1.538s] [ 11%] [32mBuilding C object CMakeFiles/my_msgss__rosidl_generator_c.dir/rosidl_generator_c/my_msgss/msg/detail/distpoint__functions.c.o[0m
[1.538s] [ 12%] [32mBuilding C object CMakeFiles/my_msgss__rosidl_generator_c.dir/rosidl_generator_c/my_msgss/msg/detail/yolopoint__functions.c.o[0m
[1.538s] [ 15%] [32mBuilding C object CMakeFiles/my_msgss__rosidl_generator_c.dir/rosidl_generator_c/my_msgss/msg/detail/points__functions.c.o[0m
[1.538s] [ 15%] [32mBuilding C object CMakeFiles/my_msgss__rosidl_generator_c.dir/rosidl_generator_c/my_msgss/msg/detail/distpoints__functions.c.o[0m
[1.605s] [ 16%] [32m[1mLinking C shared library libmy_msgss__rosidl_generator_c.so[0m
[1.645s] [ 16%] Built target my_msgss__rosidl_generator_c
[1.656s] [ 21%] [34m[1mGenerating C type support for eProsima Fast-RTPS[0m
[1.656s] [ 21%] [34m[1mGenerating C introspection for ROS interfaces[0m
[1.656s] [ 21%] [34m[1mGenerating C type support dispatch for ROS interfaces[0m
[1.748s] [ 23%] [32mBuilding CXX object CMakeFiles/my_msgss__rosidl_typesupport_cpp.dir/rosidl_typesupport_cpp/my_msgss/msg/point__type_support.cpp.o[0m
[1.748s] [ 25%] [32mBuilding CXX object CMakeFiles/my_msgss__rosidl_typesupport_cpp.dir/rosidl_typesupport_cpp/my_msgss/msg/yolopoints__type_support.cpp.o[0m
[1.748s] [ 25%] [32mBuilding CXX object CMakeFiles/my_msgss__rosidl_typesupport_cpp.dir/rosidl_typesupport_cpp/my_msgss/msg/distpoints__type_support.cpp.o[0m
[1.748s] [ 28%] [32mBuilding CXX object CMakeFiles/my_msgss__rosidl_typesupport_cpp.dir/rosidl_typesupport_cpp/my_msgss/msg/distpoint__type_support.cpp.o[0m
[1.749s] [ 28%] [32mBuilding CXX object CMakeFiles/my_msgss__rosidl_typesupport_cpp.dir/rosidl_typesupport_cpp/my_msgss/msg/yolopoint__type_support.cpp.o[0m
[1.749s] [ 29%] [32mBuilding CXX object CMakeFiles/my_msgss__rosidl_typesupport_cpp.dir/rosidl_typesupport_cpp/my_msgss/msg/points__type_support.cpp.o[0m
[2.074s] [ 30%] [32mBuilding CXX object CMakeFiles/my_msgss__rosidl_typesupport_introspection_cpp.dir/rosidl_typesupport_introspection_cpp/my_msgss/msg/detail/yolopoint__type_support.cpp.o[0m
[2.082s] [ 32%] [32mBuilding CXX object CMakeFiles/my_msgss__rosidl_typesupport_introspection_cpp.dir/rosidl_typesupport_introspection_cpp/my_msgss/msg/detail/distpoint__type_support.cpp.o[0m
[2.083s] [ 33%] [32mBuilding CXX object CMakeFiles/my_msgss__rosidl_typesupport_introspection_cpp.dir/rosidl_typesupport_introspection_cpp/my_msgss/msg/detail/yolopoints__type_support.cpp.o[0m
[2.091s] [ 35%] [32mBuilding CXX object CMakeFiles/my_msgss__rosidl_typesupport_introspection_cpp.dir/rosidl_typesupport_introspection_cpp/my_msgss/msg/detail/distpoints__type_support.cpp.o[0m
[2.103s] [ 36%] [32mBuilding CXX object CMakeFiles/my_msgss__rosidl_typesupport_introspection_cpp.dir/rosidl_typesupport_introspection_cpp/my_msgss/msg/detail/points__type_support.cpp.o[0m
[2.112s] [ 38%] [32m[1mLinking CXX shared library libmy_msgss__rosidl_typesupport_cpp.so[0m
[2.120s] [ 39%] [32mBuilding CXX object CMakeFiles/my_msgss__rosidl_typesupport_introspection_cpp.dir/rosidl_typesupport_introspection_cpp/my_msgss/msg/detail/point__type_support.cpp.o[0m
[2.129s] [ 40%] [32mBuilding CXX object CMakeFiles/my_msgss__rosidl_typesupport_fastrtps_cpp.dir/rosidl_typesupport_fastrtps_cpp/my_msgss/msg/detail/dds_fastrtps/yolopoint__type_support.cpp.o[0m
[2.147s] [ 42%] [32mBuilding CXX object CMakeFiles/my_msgss__rosidl_typesupport_fastrtps_cpp.dir/rosidl_typesupport_fastrtps_cpp/my_msgss/msg/detail/dds_fastrtps/distpoints__type_support.cpp.o[0m
[2.153s] [ 45%] [32mBuilding CXX object CMakeFiles/my_msgss__rosidl_typesupport_fastrtps_cpp.dir/rosidl_typesupport_fastrtps_cpp/my_msgss/msg/detail/dds_fastrtps/points__type_support.cpp.o[0m
[2.154s] [ 43%] [32mBuilding CXX object CMakeFiles/my_msgss__rosidl_typesupport_fastrtps_cpp.dir/rosidl_typesupport_fastrtps_cpp/my_msgss/msg/detail/dds_fastrtps/distpoint__type_support.cpp.o[0m
[2.157s] [ 46%] [32mBuilding CXX object CMakeFiles/my_msgss__rosidl_typesupport_fastrtps_cpp.dir/rosidl_typesupport_fastrtps_cpp/my_msgss/msg/detail/dds_fastrtps/yolopoints__type_support.cpp.o[0m
[2.161s] [ 49%] [32mBuilding CXX object CMakeFiles/my_msgss__rosidl_typesupport_fastrtps_cpp.dir/rosidl_typesupport_fastrtps_cpp/my_msgss/msg/detail/dds_fastrtps/point__type_support.cpp.o[0m
[2.161s] [ 49%] [32mBuilding CXX object CMakeFiles/my_msgss__rosidl_typesupport_c.dir/rosidl_typesupport_c/my_msgss/msg/yolopoint__type_support.cpp.o[0m
[2.162s] [ 49%] Built target my_msgss__rosidl_typesupport_cpp
[2.169s] [ 50%] [32mBuilding CXX object CMakeFiles/my_msgss__rosidl_typesupport_fastrtps_c.dir/rosidl_typesupport_fastrtps_c/my_msgss/msg/detail/yolopoint__type_support_c.cpp.o[0m
[2.175s] [ 52%] [32mBuilding CXX object CMakeFiles/my_msgss__rosidl_typesupport_c.dir/rosidl_typesupport_c/my_msgss/msg/yolopoints__type_support.cpp.o[0m
[2.218s] [ 53%] [32mBuilding CXX object CMakeFiles/my_msgss__rosidl_typesupport_fastrtps_c.dir/rosidl_typesupport_fastrtps_c/my_msgss/msg/detail/yolopoints__type_support_c.cpp.o[0m
[2.221s] [ 54%] [32mBuilding CXX object CMakeFiles/my_msgss__rosidl_typesupport_c.dir/rosidl_typesupport_c/my_msgss/msg/distpoint__type_support.cpp.o[0m
[2.237s] [ 56%] [32mBuilding C object CMakeFiles/my_msgss__rosidl_typesupport_introspection_c.dir/rosidl_typesupport_introspection_c/my_msgss/msg/detail/yolopoint__type_support.c.o[0m
[2.316s] [ 57%] [32mBuilding CXX object CMakeFiles/my_msgss__rosidl_typesupport_c.dir/rosidl_typesupport_c/my_msgss/msg/distpoints__type_support.cpp.o[0m
[2.377s] [ 59%] [32mBuilding C object CMakeFiles/my_msgss__rosidl_typesupport_introspection_c.dir/rosidl_typesupport_introspection_c/my_msgss/msg/detail/yolopoints__type_support.c.o[0m
[2.441s] [ 60%] [32mBuilding CXX object CMakeFiles/my_msgss__rosidl_typesupport_c.dir/rosidl_typesupport_c/my_msgss/msg/point__type_support.cpp.o[0m
[2.533s] [ 61%] [32mBuilding C object CMakeFiles/my_msgss__rosidl_typesupport_introspection_c.dir/rosidl_typesupport_introspection_c/my_msgss/msg/detail/distpoint__type_support.c.o[0m
[2.574s] [ 64%] [32mBuilding C object CMakeFiles/my_msgss__rosidl_typesupport_introspection_c.dir/rosidl_typesupport_introspection_c/my_msgss/msg/detail/distpoints__type_support.c.o[0m
[2.575s] [ 64%] [32mBuilding CXX object CMakeFiles/my_msgss__rosidl_typesupport_c.dir/rosidl_typesupport_c/my_msgss/msg/points__type_support.cpp.o[0m
[2.577s] [ 66%] [32mBuilding CXX object CMakeFiles/my_msgss__rosidl_typesupport_fastrtps_c.dir/rosidl_typesupport_fastrtps_c/my_msgss/msg/detail/distpoint__type_support_c.cpp.o[0m
[2.586s] [ 67%] [32mBuilding CXX object CMakeFiles/my_msgss__rosidl_typesupport_fastrtps_c.dir/rosidl_typesupport_fastrtps_c/my_msgss/msg/detail/distpoints__type_support_c.cpp.o[0m
[2.588s] [ 69%] [32mBuilding CXX object CMakeFiles/my_msgss__rosidl_typesupport_fastrtps_c.dir/rosidl_typesupport_fastrtps_c/my_msgss/msg/detail/point__type_support_c.cpp.o[0m
[2.593s] [ 70%] [32mBuilding C object CMakeFiles/my_msgss__rosidl_typesupport_introspection_c.dir/rosidl_typesupport_introspection_c/my_msgss/msg/detail/point__type_support.c.o[0m
[2.616s] [ 71%] [32mBuilding CXX object CMakeFiles/my_msgss__rosidl_typesupport_fastrtps_c.dir/rosidl_typesupport_fastrtps_c/my_msgss/msg/detail/points__type_support_c.cpp.o[0m
[2.624s] [ 73%] [32mBuilding C object CMakeFiles/my_msgss__rosidl_typesupport_introspection_c.dir/rosidl_typesupport_introspection_c/my_msgss/msg/detail/points__type_support.c.o[0m
[2.637s] [ 74%] [32m[1mLinking CXX shared library libmy_msgss__rosidl_typesupport_c.so[0m
[2.679s] [ 76%] [32m[1mLinking CXX shared library libmy_msgss__rosidl_typesupport_introspection_cpp.so[0m
[2.697s] [ 76%] Built target my_msgss__rosidl_typesupport_c
[2.698s] [ 77%] [32m[1mLinking C shared library libmy_msgss__rosidl_typesupport_introspection_c.so[0m
[2.761s] [ 77%] Built target my_msgss__rosidl_typesupport_introspection_c
[2.776s] [ 77%] Built target my_msgss__rosidl_typesupport_introspection_cpp
[2.993s] [ 78%] [32m[1mLinking CXX shared library libmy_msgss__rosidl_typesupport_fastrtps_cpp.so[0m
[3.054s] [ 80%] [32m[1mLinking CXX shared library libmy_msgss__rosidl_typesupport_fastrtps_c.so[0m
[3.059s] [ 80%] Built target my_msgss__rosidl_typesupport_fastrtps_cpp
[3.108s] [ 80%] Built target my_msgss__rosidl_typesupport_fastrtps_c
[3.121s] [ 80%] Built target my_msgss
[3.133s] [ 81%] [34m[1mGenerating Python code for ROS interfaces[0m
[3.588s] [ 81%] Built target my_msgss__py
[3.609s] [ 87%] [32mBuilding C object CMakeFiles/my_msgss__rosidl_generator_py.dir/rosidl_generator_py/my_msgss/msg/_yolopoint_s.c.o[0m
[3.610s] [ 87%] [32mBuilding C object CMakeFiles/my_msgss__rosidl_generator_py.dir/rosidl_generator_py/my_msgss/msg/_distpoints_s.c.o[0m
[3.610s] [ 87%] [32mBuilding C object CMakeFiles/my_msgss__rosidl_generator_py.dir/rosidl_generator_py/my_msgss/msg/_yolopoints_s.c.o[0m
[3.610s] [ 90%] [32mBuilding C object CMakeFiles/my_msgss__rosidl_generator_py.dir/rosidl_generator_py/my_msgss/msg/_points_s.c.o[0m
[3.610s] [ 90%] [32mBuilding C object CMakeFiles/my_msgss__rosidl_generator_py.dir/rosidl_generator_py/my_msgss/msg/_point_s.c.o[0m
[3.610s] [ 90%] [32mBuilding C object CMakeFiles/my_msgss__rosidl_generator_py.dir/rosidl_generator_py/my_msgss/msg/_distpoint_s.c.o[0m
[3.741s] [ 91%] [32m[1mLinking C shared library rosidl_generator_py/my_msgss/libmy_msgss__rosidl_generator_py.so[0m
[3.786s] [ 91%] Built target my_msgss__rosidl_generator_py
[3.807s] [ 95%] [32mBuilding C object CMakeFiles/my_msgss__rosidl_typesupport_c__pyext.dir/rosidl_generator_py/my_msgss/_my_msgss_s.ep.rosidl_typesupport_c.c.o[0m
[3.807s] [ 95%] [32mBuilding C object CMakeFiles/my_msgss__rosidl_typesupport_fastrtps_c__pyext.dir/rosidl_generator_py/my_msgss/_my_msgss_s.ep.rosidl_typesupport_fastrtps_c.c.o[0m
[3.807s] [ 95%] [32mBuilding C object CMakeFiles/my_msgss__rosidl_typesupport_introspection_c__pyext.dir/rosidl_generator_py/my_msgss/_my_msgss_s.ep.rosidl_typesupport_introspection_c.c.o[0m
[3.930s] [ 98%] [32m[1mLinking C shared library rosidl_generator_py/my_msgss/my_msgss_s__rosidl_typesupport_introspection_c.cpython-310-x86_64-linux-gnu.so[0m
[3.931s] [ 98%] [32m[1mLinking C shared library rosidl_generator_py/my_msgss/my_msgss_s__rosidl_typesupport_c.cpython-310-x86_64-linux-gnu.so[0m
[3.936s] [100%] [32m[1mLinking C shared library rosidl_generator_py/my_msgss/my_msgss_s__rosidl_typesupport_fastrtps_c.cpython-310-x86_64-linux-gnu.so[0m
[3.959s] [100%] Built target my_msgss__rosidl_typesupport_introspection_c__pyext
[3.965s] [100%] Built target my_msgss__rosidl_typesupport_c__pyext
[3.970s] [100%] Built target my_msgss__rosidl_typesupport_fastrtps_c__pyext
[3.978s] Invoked command in '/home/qianli/zyb/radar_station/build/my_msgss' returned '0': CMAKE_PREFIX_PATH=/opt/ros/humble /usr/bin/cmake --build /home/qianli/zyb/radar_station/build/my_msgss -- -j16 -l16
[4.042s] Invoking command in '/home/qianli/zyb/radar_station/build/my_msgss': CMAKE_PREFIX_PATH=/opt/ros/humble /usr/bin/cmake --install /home/qianli/zyb/radar_station/build/my_msgss
[4.047s] -- Install configuration: ""
[4.047s] -- Installing: /home/qianli/zyb/radar_station/install/my_msgss/share/ament_index/resource_index/rosidl_interfaces/my_msgss
[4.048s] -- Installing: /home/qianli/zyb/radar_station/install/my_msgss/include/my_msgss/my_msgss
[4.048s] -- Installing: /home/qianli/zyb/radar_station/install/my_msgss/include/my_msgss/my_msgss/msg
[4.048s] -- Installing: /home/qianli/zyb/radar_station/install/my_msgss/include/my_msgss/my_msgss/msg/distpoints.h
[4.048s] -- Installing: /home/qianli/zyb/radar_station/install/my_msgss/include/my_msgss/my_msgss/msg/point.h
[4.048s] -- Installing: /home/qianli/zyb/radar_station/install/my_msgss/include/my_msgss/my_msgss/msg/distpoint.h
[4.048s] -- Installing: /home/qianli/zyb/radar_station/install/my_msgss/include/my_msgss/my_msgss/msg/points.h
[4.048s] -- Installing: /home/qianli/zyb/radar_station/install/my_msgss/include/my_msgss/my_msgss/msg/detail
[4.048s] -- Installing: /home/qianli/zyb/radar_station/install/my_msgss/include/my_msgss/my_msgss/msg/detail/yolopoints__type_support.h
[4.049s] -- Installing: /home/qianli/zyb/radar_station/install/my_msgss/include/my_msgss/my_msgss/msg/detail/point__functions.h
[4.049s] -- Installing: /home/qianli/zyb/radar_station/install/my_msgss/include/my_msgss/my_msgss/msg/detail/yolopoints__functions.h
[4.049s] -- Installing: /home/qianli/zyb/radar_station/install/my_msgss/include/my_msgss/my_msgss/msg/detail/yolopoint__type_support.h
[4.049s] -- Installing: /home/qianli/zyb/radar_station/install/my_msgss/include/my_msgss/my_msgss/msg/detail/distpoint__functions.h
[4.049s] -- Installing: /home/qianli/zyb/radar_station/install/my_msgss/include/my_msgss/my_msgss/msg/detail/yolopoint__struct.h
[4.049s] -- Installing: /home/qianli/zyb/radar_station/install/my_msgss/include/my_msgss/my_msgss/msg/detail/yolopoints__functions.c
[4.049s] -- Installing: /home/qianli/zyb/radar_station/install/my_msgss/include/my_msgss/my_msgss/msg/detail/yolopoints__struct.h
[4.049s] -- Installing: /home/qianli/zyb/radar_station/install/my_msgss/include/my_msgss/my_msgss/msg/detail/distpoint__functions.c
[4.049s] -- Installing: /home/qianli/zyb/radar_station/install/my_msgss/include/my_msgss/my_msgss/msg/detail/points__functions.h
[4.049s] -- Installing: /home/qianli/zyb/radar_station/install/my_msgss/include/my_msgss/my_msgss/msg/detail/points__struct.h
[4.049s] -- Installing: /home/qianli/zyb/radar_station/install/my_msgss/include/my_msgss/my_msgss/msg/detail/point__functions.c
[4.050s] -- Installing: /home/qianli/zyb/radar_station/install/my_msgss/include/my_msgss/my_msgss/msg/detail/point__struct.h
[4.050s] -- Installing: /home/qianli/zyb/radar_station/install/my_msgss/include/my_msgss/my_msgss/msg/detail/point__type_support.h
[4.050s] -- Installing: /home/qianli/zyb/radar_station/install/my_msgss/include/my_msgss/my_msgss/msg/detail/distpoint__struct.h
[4.050s] -- Installing: /home/qianli/zyb/radar_station/install/my_msgss/include/my_msgss/my_msgss/msg/detail/points__functions.c
[4.050s] -- Installing: /home/qianli/zyb/radar_station/install/my_msgss/include/my_msgss/my_msgss/msg/detail/yolopoint__functions.c
[4.050s] -- Installing: /home/qianli/zyb/radar_station/install/my_msgss/include/my_msgss/my_msgss/msg/detail/yolopoint__functions.h
[4.050s] -- Installing: /home/qianli/zyb/radar_station/install/my_msgss/include/my_msgss/my_msgss/msg/detail/distpoints__type_support.h
[4.050s] -- Installing: /home/qianli/zyb/radar_station/install/my_msgss/include/my_msgss/my_msgss/msg/detail/distpoints__functions.h
[4.051s] -- Installing: /home/qianli/zyb/radar_station/install/my_msgss/include/my_msgss/my_msgss/msg/detail/points__type_support.h
[4.051s] -- Installing: /home/qianli/zyb/radar_station/install/my_msgss/include/my_msgss/my_msgss/msg/detail/distpoint__type_support.h
[4.051s] -- Installing: /home/qianli/zyb/radar_station/install/my_msgss/include/my_msgss/my_msgss/msg/detail/distpoints__struct.h
[4.051s] -- Installing: /home/qianli/zyb/radar_station/install/my_msgss/include/my_msgss/my_msgss/msg/detail/distpoints__functions.c
[4.051s] -- Installing: /home/qianli/zyb/radar_station/install/my_msgss/include/my_msgss/my_msgss/msg/yolopoint.h
[4.051s] -- Installing: /home/qianli/zyb/radar_station/install/my_msgss/include/my_msgss/my_msgss/msg/rosidl_generator_c__visibility_control.h
[4.051s] -- Installing: /home/qianli/zyb/radar_station/install/my_msgss/include/my_msgss/my_msgss/msg/yolopoints.h
[4.051s] -- Installing: /home/qianli/zyb/radar_station/install/my_msgss/share/my_msgss/environment/library_path.sh
[4.051s] -- Installing: /home/qianli/zyb/radar_station/install/my_msgss/share/my_msgss/environment/library_path.dsv
[4.052s] -- Installing: /home/qianli/zyb/radar_station/install/my_msgss/lib/libmy_msgss__rosidl_generator_c.so
[4.052s] -- Set runtime path of "/home/qianli/zyb/radar_station/install/my_msgss/lib/libmy_msgss__rosidl_generator_c.so" to ""
[4.052s] -- Up-to-date: /home/qianli/zyb/radar_station/install/my_msgss/include/my_msgss/my_msgss
[4.052s] -- Up-to-date: /home/qianli/zyb/radar_station/install/my_msgss/include/my_msgss/my_msgss/msg
[4.052s] -- Installing: /home/qianli/zyb/radar_station/install/my_msgss/include/my_msgss/my_msgss/msg/rosidl_typesupport_fastrtps_c__visibility_control.h
[4.052s] -- Up-to-date: /home/qianli/zyb/radar_station/install/my_msgss/include/my_msgss/my_msgss/msg/detail
[4.052s] -- Installing: /home/qianli/zyb/radar_station/install/my_msgss/include/my_msgss/my_msgss/msg/detail/distpoint__rosidl_typesupport_fastrtps_c.h
[4.052s] -- Installing: /home/qianli/zyb/radar_station/install/my_msgss/include/my_msgss/my_msgss/msg/detail/distpoints__rosidl_typesupport_fastrtps_c.h
[4.053s] -- Installing: /home/qianli/zyb/radar_station/install/my_msgss/include/my_msgss/my_msgss/msg/detail/yolopoint__rosidl_typesupport_fastrtps_c.h
[4.053s] -- Installing: /home/qianli/zyb/radar_station/install/my_msgss/include/my_msgss/my_msgss/msg/detail/point__rosidl_typesupport_fastrtps_c.h
[4.053s] -- Installing: /home/qianli/zyb/radar_station/install/my_msgss/include/my_msgss/my_msgss/msg/detail/points__rosidl_typesupport_fastrtps_c.h
[4.053s] -- Installing: /home/qianli/zyb/radar_station/install/my_msgss/include/my_msgss/my_msgss/msg/detail/yolopoints__rosidl_typesupport_fastrtps_c.h
[4.053s] -- Installing: /home/qianli/zyb/radar_station/install/my_msgss/lib/libmy_msgss__rosidl_typesupport_fastrtps_c.so
[4.053s] -- Set runtime path of "/home/qianli/zyb/radar_station/install/my_msgss/lib/libmy_msgss__rosidl_typesupport_fastrtps_c.so" to ""
[4.053s] -- Up-to-date: /home/qianli/zyb/radar_station/install/my_msgss/include/my_msgss/my_msgss
[4.053s] -- Up-to-date: /home/qianli/zyb/radar_station/install/my_msgss/include/my_msgss/my_msgss/msg
[4.053s] -- Up-to-date: /home/qianli/zyb/radar_station/install/my_msgss/include/my_msgss/my_msgss/msg/detail
[4.053s] -- Installing: /home/qianli/zyb/radar_station/install/my_msgss/include/my_msgss/my_msgss/msg/detail/distpoint__rosidl_typesupport_introspection_c.h
[4.054s] -- Installing: /home/qianli/zyb/radar_station/install/my_msgss/include/my_msgss/my_msgss/msg/detail/yolopoints__rosidl_typesupport_introspection_c.h
[4.054s] -- Installing: /home/qianli/zyb/radar_station/install/my_msgss/include/my_msgss/my_msgss/msg/detail/points__type_support.c
[4.054s] -- Installing: /home/qianli/zyb/radar_station/install/my_msgss/include/my_msgss/my_msgss/msg/detail/distpoints__rosidl_typesupport_introspection_c.h
[4.054s] -- Installing: /home/qianli/zyb/radar_station/install/my_msgss/include/my_msgss/my_msgss/msg/detail/point__rosidl_typesupport_introspection_c.h
[4.054s] -- Installing: /home/qianli/zyb/radar_station/install/my_msgss/include/my_msgss/my_msgss/msg/detail/yolopoint__rosidl_typesupport_introspection_c.h
[4.054s] -- Installing: /home/qianli/zyb/radar_station/install/my_msgss/include/my_msgss/my_msgss/msg/detail/points__rosidl_typesupport_introspection_c.h
[4.054s] -- Installing: /home/qianli/zyb/radar_station/install/my_msgss/include/my_msgss/my_msgss/msg/detail/yolopoints__type_support.c
[4.054s] -- Installing: /home/qianli/zyb/radar_station/install/my_msgss/include/my_msgss/my_msgss/msg/detail/point__type_support.c
[4.054s] -- Installing: /home/qianli/zyb/radar_station/install/my_msgss/include/my_msgss/my_msgss/msg/detail/distpoints__type_support.c
[4.054s] -- Installing: /home/qianli/zyb/radar_station/install/my_msgss/include/my_msgss/my_msgss/msg/detail/distpoint__type_support.c
[4.054s] -- Installing: /home/qianli/zyb/radar_station/install/my_msgss/include/my_msgss/my_msgss/msg/detail/yolopoint__type_support.c
[4.055s] -- Installing: /home/qianli/zyb/radar_station/install/my_msgss/include/my_msgss/my_msgss/msg/rosidl_typesupport_introspection_c__visibility_control.h
[4.055s] -- Installing: /home/qianli/zyb/radar_station/install/my_msgss/lib/libmy_msgss__rosidl_typesupport_introspection_c.so
[4.055s] -- Set runtime path of "/home/qianli/zyb/radar_station/install/my_msgss/lib/libmy_msgss__rosidl_typesupport_introspection_c.so" to ""
[4.055s] -- Installing: /home/qianli/zyb/radar_station/install/my_msgss/lib/libmy_msgss__rosidl_typesupport_c.so
[4.055s] -- Set runtime path of "/home/qianli/zyb/radar_station/install/my_msgss/lib/libmy_msgss__rosidl_typesupport_c.so" to ""
[4.055s] -- Up-to-date: /home/qianli/zyb/radar_station/install/my_msgss/include/my_msgss/my_msgss
[4.055s] -- Up-to-date: /home/qianli/zyb/radar_station/install/my_msgss/include/my_msgss/my_msgss/msg
[4.055s] -- Installing: /home/qianli/zyb/radar_station/install/my_msgss/include/my_msgss/my_msgss/msg/distpoint.hpp
[4.055s] -- Installing: /home/qianli/zyb/radar_station/install/my_msgss/include/my_msgss/my_msgss/msg/distpoints.hpp
[4.056s] -- Installing: /home/qianli/zyb/radar_station/install/my_msgss/include/my_msgss/my_msgss/msg/yolopoint.hpp
[4.056s] -- Installing: /home/qianli/zyb/radar_station/install/my_msgss/include/my_msgss/my_msgss/msg/point.hpp
[4.056s] -- Installing: /home/qianli/zyb/radar_station/install/my_msgss/include/my_msgss/my_msgss/msg/points.hpp
[4.056s] -- Up-to-date: /home/qianli/zyb/radar_station/install/my_msgss/include/my_msgss/my_msgss/msg/detail
[4.056s] -- Installing: /home/qianli/zyb/radar_station/install/my_msgss/include/my_msgss/my_msgss/msg/detail/distpoint__traits.hpp
[4.056s] -- Installing: /home/qianli/zyb/radar_station/install/my_msgss/include/my_msgss/my_msgss/msg/detail/yolopoint__struct.hpp
[4.056s] -- Installing: /home/qianli/zyb/radar_station/install/my_msgss/include/my_msgss/my_msgss/msg/detail/point__builder.hpp
[4.056s] -- Installing: /home/qianli/zyb/radar_station/install/my_msgss/include/my_msgss/my_msgss/msg/detail/distpoints__traits.hpp
[4.056s] -- Installing: /home/qianli/zyb/radar_station/install/my_msgss/include/my_msgss/my_msgss/msg/detail/yolopoints__builder.hpp
[4.056s] -- Installing: /home/qianli/zyb/radar_station/install/my_msgss/include/my_msgss/my_msgss/msg/detail/point__struct.hpp
[4.056s] -- Installing: /home/qianli/zyb/radar_station/install/my_msgss/include/my_msgss/my_msgss/msg/detail/distpoints__builder.hpp
[4.056s] -- Installing: /home/qianli/zyb/radar_station/install/my_msgss/include/my_msgss/my_msgss/msg/detail/points__traits.hpp
[4.057s] -- Installing: /home/qianli/zyb/radar_station/install/my_msgss/include/my_msgss/my_msgss/msg/detail/points__builder.hpp
[4.057s] -- Installing: /home/qianli/zyb/radar_station/install/my_msgss/include/my_msgss/my_msgss/msg/detail/yolopoints__traits.hpp
[4.057s] -- Installing: /home/qianli/zyb/radar_station/install/my_msgss/include/my_msgss/my_msgss/msg/detail/distpoints__struct.hpp
[4.057s] -- Installing: /home/qianli/zyb/radar_station/install/my_msgss/include/my_msgss/my_msgss/msg/detail/points__struct.hpp
[4.057s] -- Installing: /home/qianli/zyb/radar_station/install/my_msgss/include/my_msgss/my_msgss/msg/detail/point__traits.hpp
[4.057s] -- Installing: /home/qianli/zyb/radar_station/install/my_msgss/include/my_msgss/my_msgss/msg/detail/distpoint__struct.hpp
[4.057s] -- Installing: /home/qianli/zyb/radar_station/install/my_msgss/include/my_msgss/my_msgss/msg/detail/distpoint__builder.hpp
[4.057s] -- Installing: /home/qianli/zyb/radar_station/install/my_msgss/include/my_msgss/my_msgss/msg/detail/yolopoints__struct.hpp
[4.057s] -- Installing: /home/qianli/zyb/radar_station/install/my_msgss/include/my_msgss/my_msgss/msg/detail/yolopoint__builder.hpp
[4.057s] -- Installing: /home/qianli/zyb/radar_station/install/my_msgss/include/my_msgss/my_msgss/msg/detail/yolopoint__traits.hpp
[4.058s] -- Installing: /home/qianli/zyb/radar_station/install/my_msgss/include/my_msgss/my_msgss/msg/yolopoints.hpp
[4.058s] -- Up-to-date: /home/qianli/zyb/radar_station/install/my_msgss/include/my_msgss/my_msgss
[4.058s] -- Up-to-date: /home/qianli/zyb/radar_station/install/my_msgss/include/my_msgss/my_msgss/msg
[4.058s] -- Installing: /home/qianli/zyb/radar_station/install/my_msgss/include/my_msgss/my_msgss/msg/rosidl_typesupport_fastrtps_cpp__visibility_control.h
[4.058s] -- Up-to-date: /home/qianli/zyb/radar_station/install/my_msgss/include/my_msgss/my_msgss/msg/detail
[4.058s] -- Installing: /home/qianli/zyb/radar_station/install/my_msgss/include/my_msgss/my_msgss/msg/detail/distpoints__rosidl_typesupport_fastrtps_cpp.hpp
[4.058s] -- Installing: /home/qianli/zyb/radar_station/install/my_msgss/include/my_msgss/my_msgss/msg/detail/yolopoint__rosidl_typesupport_fastrtps_cpp.hpp
[4.058s] -- Installing: /home/qianli/zyb/radar_station/install/my_msgss/include/my_msgss/my_msgss/msg/detail/dds_fastrtps
[4.058s] -- Installing: /home/qianli/zyb/radar_station/install/my_msgss/include/my_msgss/my_msgss/msg/detail/point__rosidl_typesupport_fastrtps_cpp.hpp
[4.058s] -- Installing: /home/qianli/zyb/radar_station/install/my_msgss/include/my_msgss/my_msgss/msg/detail/points__rosidl_typesupport_fastrtps_cpp.hpp
[4.059s] -- Installing: /home/qianli/zyb/radar_station/install/my_msgss/include/my_msgss/my_msgss/msg/detail/yolopoints__rosidl_typesupport_fastrtps_cpp.hpp
[4.059s] -- Installing: /home/qianli/zyb/radar_station/install/my_msgss/include/my_msgss/my_msgss/msg/detail/distpoint__rosidl_typesupport_fastrtps_cpp.hpp
[4.059s] -- Installing: /home/qianli/zyb/radar_station/install/my_msgss/lib/libmy_msgss__rosidl_typesupport_fastrtps_cpp.so
[4.059s] -- Set runtime path of "/home/qianli/zyb/radar_station/install/my_msgss/lib/libmy_msgss__rosidl_typesupport_fastrtps_cpp.so" to ""
[4.059s] -- Up-to-date: /home/qianli/zyb/radar_station/install/my_msgss/include/my_msgss/my_msgss
[4.059s] -- Up-to-date: /home/qianli/zyb/radar_station/install/my_msgss/include/my_msgss/my_msgss/msg
[4.059s] -- Up-to-date: /home/qianli/zyb/radar_station/install/my_msgss/include/my_msgss/my_msgss/msg/detail
[4.059s] -- Installing: /home/qianli/zyb/radar_station/install/my_msgss/include/my_msgss/my_msgss/msg/detail/point__type_support.cpp
[4.059s] -- Installing: /home/qianli/zyb/radar_station/install/my_msgss/include/my_msgss/my_msgss/msg/detail/distpoint__rosidl_typesupport_introspection_cpp.hpp
[4.059s] -- Installing: /home/qianli/zyb/radar_station/install/my_msgss/include/my_msgss/my_msgss/msg/detail/distpoint__type_support.cpp
[4.059s] -- Installing: /home/qianli/zyb/radar_station/install/my_msgss/include/my_msgss/my_msgss/msg/detail/yolopoints__type_support.cpp
[4.059s] -- Installing: /home/qianli/zyb/radar_station/install/my_msgss/include/my_msgss/my_msgss/msg/detail/points__type_support.cpp
[4.059s] -- Installing: /home/qianli/zyb/radar_station/install/my_msgss/include/my_msgss/my_msgss/msg/detail/yolopoint__type_support.cpp
[4.060s] -- Installing: /home/qianli/zyb/radar_station/install/my_msgss/include/my_msgss/my_msgss/msg/detail/points__rosidl_typesupport_introspection_cpp.hpp
[4.060s] -- Installing: /home/qianli/zyb/radar_station/install/my_msgss/include/my_msgss/my_msgss/msg/detail/yolopoints__rosidl_typesupport_introspection_cpp.hpp
[4.060s] -- Installing: /home/qianli/zyb/radar_station/install/my_msgss/include/my_msgss/my_msgss/msg/detail/distpoints__rosidl_typesupport_introspection_cpp.hpp
[4.060s] -- Installing: /home/qianli/zyb/radar_station/install/my_msgss/include/my_msgss/my_msgss/msg/detail/point__rosidl_typesupport_introspection_cpp.hpp
[4.060s] -- Installing: /home/qianli/zyb/radar_station/install/my_msgss/include/my_msgss/my_msgss/msg/detail/distpoints__type_support.cpp
[4.060s] -- Installing: /home/qianli/zyb/radar_station/install/my_msgss/include/my_msgss/my_msgss/msg/detail/yolopoint__rosidl_typesupport_introspection_cpp.hpp
[4.060s] -- Installing: /home/qianli/zyb/radar_station/install/my_msgss/lib/libmy_msgss__rosidl_typesupport_introspection_cpp.so
[4.060s] -- Set runtime path of "/home/qianli/zyb/radar_station/install/my_msgss/lib/libmy_msgss__rosidl_typesupport_introspection_cpp.so" to ""
[4.060s] -- Installing: /home/qianli/zyb/radar_station/install/my_msgss/lib/libmy_msgss__rosidl_typesupport_cpp.so
[4.060s] -- Set runtime path of "/home/qianli/zyb/radar_station/install/my_msgss/lib/libmy_msgss__rosidl_typesupport_cpp.so" to ""
[4.060s] -- Installing: /home/qianli/zyb/radar_station/install/my_msgss/share/my_msgss/environment/pythonpath.sh
[4.061s] -- Installing: /home/qianli/zyb/radar_station/install/my_msgss/share/my_msgss/environment/pythonpath.dsv
[4.061s] -- Installing: /home/qianli/zyb/radar_station/install/my_msgss/local/lib/python3.10/dist-packages/my_msgss-0.0.0-py3.10.egg-info
[4.061s] -- Installing: /home/qianli/zyb/radar_station/install/my_msgss/local/lib/python3.10/dist-packages/my_msgss-0.0.0-py3.10.egg-info/top_level.txt
[4.061s] -- Installing: /home/qianli/zyb/radar_station/install/my_msgss/local/lib/python3.10/dist-packages/my_msgss-0.0.0-py3.10.egg-info/SOURCES.txt
[4.061s] -- Installing: /home/qianli/zyb/radar_station/install/my_msgss/local/lib/python3.10/dist-packages/my_msgss-0.0.0-py3.10.egg-info/dependency_links.txt
[4.061s] -- Installing: /home/qianli/zyb/radar_station/install/my_msgss/local/lib/python3.10/dist-packages/my_msgss-0.0.0-py3.10.egg-info/PKG-INFO
[4.061s] -- Installing: /home/qianli/zyb/radar_station/install/my_msgss/local/lib/python3.10/dist-packages/my_msgss
[4.061s] -- Installing: /home/qianli/zyb/radar_station/install/my_msgss/local/lib/python3.10/dist-packages/my_msgss/_my_msgss_s.ep.rosidl_typesupport_fastrtps_c.c
[4.061s] -- Installing: /home/qianli/zyb/radar_station/install/my_msgss/local/lib/python3.10/dist-packages/my_msgss/_my_msgss_s.ep.rosidl_typesupport_c.c
[4.061s] -- Installing: /home/qianli/zyb/radar_station/install/my_msgss/local/lib/python3.10/dist-packages/my_msgss/__init__.py
[4.061s] -- Installing: /home/qianli/zyb/radar_station/install/my_msgss/local/lib/python3.10/dist-packages/my_msgss/my_msgss_s__rosidl_typesupport_introspection_c.cpython-310-x86_64-linux-gnu.so
[4.061s] -- Installing: /home/qianli/zyb/radar_station/install/my_msgss/local/lib/python3.10/dist-packages/my_msgss/_my_msgss_s.ep.rosidl_typesupport_introspection_c.c
[4.061s] -- Installing: /home/qianli/zyb/radar_station/install/my_msgss/local/lib/python3.10/dist-packages/my_msgss/my_msgss_s__rosidl_typesupport_c.cpython-310-x86_64-linux-gnu.so
[4.062s] -- Installing: /home/qianli/zyb/radar_station/install/my_msgss/local/lib/python3.10/dist-packages/my_msgss/my_msgss_s__rosidl_typesupport_fastrtps_c.cpython-310-x86_64-linux-gnu.so
[4.062s] -- Installing: /home/qianli/zyb/radar_station/install/my_msgss/local/lib/python3.10/dist-packages/my_msgss/libmy_msgss__rosidl_generator_py.so
[4.062s] -- Installing: /home/qianli/zyb/radar_station/install/my_msgss/local/lib/python3.10/dist-packages/my_msgss/msg
[4.062s] -- Installing: /home/qianli/zyb/radar_station/install/my_msgss/local/lib/python3.10/dist-packages/my_msgss/msg/_yolopoint_s.c
[4.062s] -- Installing: /home/qianli/zyb/radar_station/install/my_msgss/local/lib/python3.10/dist-packages/my_msgss/msg/_point_s.c
[4.062s] -- Installing: /home/qianli/zyb/radar_station/install/my_msgss/local/lib/python3.10/dist-packages/my_msgss/msg/_yolopoint.py
[4.062s] -- Installing: /home/qianli/zyb/radar_station/install/my_msgss/local/lib/python3.10/dist-packages/my_msgss/msg/_distpoints_s.c
[4.062s] -- Installing: /home/qianli/zyb/radar_station/install/my_msgss/local/lib/python3.10/dist-packages/my_msgss/msg/_distpoint.py
[4.062s] -- Installing: /home/qianli/zyb/radar_station/install/my_msgss/local/lib/python3.10/dist-packages/my_msgss/msg/__init__.py
[4.062s] -- Installing: /home/qianli/zyb/radar_station/install/my_msgss/local/lib/python3.10/dist-packages/my_msgss/msg/_distpoints.py
[4.062s] -- Installing: /home/qianli/zyb/radar_station/install/my_msgss/local/lib/python3.10/dist-packages/my_msgss/msg/_yolopoints.py
[4.062s] -- Installing: /home/qianli/zyb/radar_station/install/my_msgss/local/lib/python3.10/dist-packages/my_msgss/msg/_yolopoints_s.c
[4.062s] -- Installing: /home/qianli/zyb/radar_station/install/my_msgss/local/lib/python3.10/dist-packages/my_msgss/msg/_points.py
[4.063s] -- Installing: /home/qianli/zyb/radar_station/install/my_msgss/local/lib/python3.10/dist-packages/my_msgss/msg/_distpoint_s.c
[4.063s] -- Installing: /home/qianli/zyb/radar_station/install/my_msgss/local/lib/python3.10/dist-packages/my_msgss/msg/_point.py
[4.063s] -- Installing: /home/qianli/zyb/radar_station/install/my_msgss/local/lib/python3.10/dist-packages/my_msgss/msg/_points_s.c
[4.085s] Listing '/home/qianli/zyb/radar_station/install/my_msgss/local/lib/python3.10/dist-packages/my_msgss'...
[4.085s] Compiling '/home/qianli/zyb/radar_station/install/my_msgss/local/lib/python3.10/dist-packages/my_msgss/__init__.py'...
[4.085s] Listing '/home/qianli/zyb/radar_station/install/my_msgss/local/lib/python3.10/dist-packages/my_msgss/msg'...
[4.085s] Compiling '/home/qianli/zyb/radar_station/install/my_msgss/local/lib/python3.10/dist-packages/my_msgss/msg/__init__.py'...
[4.085s] Compiling '/home/qianli/zyb/radar_station/install/my_msgss/local/lib/python3.10/dist-packages/my_msgss/msg/_distpoint.py'...
[4.086s] Compiling '/home/qianli/zyb/radar_station/install/my_msgss/local/lib/python3.10/dist-packages/my_msgss/msg/_distpoints.py'...
[4.086s] Compiling '/home/qianli/zyb/radar_station/install/my_msgss/local/lib/python3.10/dist-packages/my_msgss/msg/_point.py'...
[4.086s] Compiling '/home/qianli/zyb/radar_station/install/my_msgss/local/lib/python3.10/dist-packages/my_msgss/msg/_points.py'...
[4.086s] Compiling '/home/qianli/zyb/radar_station/install/my_msgss/local/lib/python3.10/dist-packages/my_msgss/msg/_yolopoint.py'...
[4.086s] Compiling '/home/qianli/zyb/radar_station/install/my_msgss/local/lib/python3.10/dist-packages/my_msgss/msg/_yolopoints.py'...
[4.089s] -- Installing: /home/qianli/zyb/radar_station/install/my_msgss/local/lib/python3.10/dist-packages/my_msgss/my_msgss_s__rosidl_typesupport_fastrtps_c.cpython-310-x86_64-linux-gnu.so
[4.089s] -- Set runtime path of "/home/qianli/zyb/radar_station/install/my_msgss/local/lib/python3.10/dist-packages/my_msgss/my_msgss_s__rosidl_typesupport_fastrtps_c.cpython-310-x86_64-linux-gnu.so" to ""
[4.089s] -- Installing: /home/qianli/zyb/radar_station/install/my_msgss/local/lib/python3.10/dist-packages/my_msgss/my_msgss_s__rosidl_typesupport_introspection_c.cpython-310-x86_64-linux-gnu.so
[4.089s] -- Set runtime path of "/home/qianli/zyb/radar_station/install/my_msgss/local/lib/python3.10/dist-packages/my_msgss/my_msgss_s__rosidl_typesupport_introspection_c.cpython-310-x86_64-linux-gnu.so" to ""
[4.090s] -- Installing: /home/qianli/zyb/radar_station/install/my_msgss/local/lib/python3.10/dist-packages/my_msgss/my_msgss_s__rosidl_typesupport_c.cpython-310-x86_64-linux-gnu.so
[4.090s] -- Set runtime path of "/home/qianli/zyb/radar_station/install/my_msgss/local/lib/python3.10/dist-packages/my_msgss/my_msgss_s__rosidl_typesupport_c.cpython-310-x86_64-linux-gnu.so" to ""
[4.090s] -- Installing: /home/qianli/zyb/radar_station/install/my_msgss/lib/libmy_msgss__rosidl_generator_py.so
[4.090s] -- Set runtime path of "/home/qianli/zyb/radar_station/install/my_msgss/lib/libmy_msgss__rosidl_generator_py.so" to ""
[4.091s] -- Installing: /home/qianli/zyb/radar_station/install/my_msgss/share/my_msgss/msg/Yolopoint.idl
[4.091s] -- Installing: /home/qianli/zyb/radar_station/install/my_msgss/share/my_msgss/msg/Yolopoints.idl
[4.091s] -- Installing: /home/qianli/zyb/radar_station/install/my_msgss/share/my_msgss/msg/Distpoint.idl
[4.091s] -- Installing: /home/qianli/zyb/radar_station/install/my_msgss/share/my_msgss/msg/Distpoints.idl
[4.091s] -- Installing: /home/qianli/zyb/radar_station/install/my_msgss/share/my_msgss/msg/Point.idl
[4.091s] -- Installing: /home/qianli/zyb/radar_station/install/my_msgss/share/my_msgss/msg/Points.idl
[4.091s] -- Installing: /home/qianli/zyb/radar_station/install/my_msgss/share/my_msgss/msg/Yolopoint.msg
[4.091s] -- Installing: /home/qianli/zyb/radar_station/install/my_msgss/share/my_msgss/msg/Yolopoints.msg
[4.092s] -- Installing: /home/qianli/zyb/radar_station/install/my_msgss/share/my_msgss/msg/Distpoint.msg
[4.092s] -- Installing: /home/qianli/zyb/radar_station/install/my_msgss/share/my_msgss/msg/Distpoints.msg
[4.092s] -- Installing: /home/qianli/zyb/radar_station/install/my_msgss/share/my_msgss/msg/Point.msg
[4.092s] -- Installing: /home/qianli/zyb/radar_station/install/my_msgss/share/my_msgss/msg/Points.msg
[4.092s] -- Installing: /home/qianli/zyb/radar_station/install/my_msgss/share/my_msgss/launch
[4.092s] -- Installing: /home/qianli/zyb/radar_station/install/my_msgss/share/my_msgss/launch/radar_station_launch.py
[4.092s] -- Installing: /home/qianli/zyb/radar_station/install/my_msgss/share/ament_index/resource_index/package_run_dependencies/my_msgss
[4.092s] -- Installing: /home/qianli/zyb/radar_station/install/my_msgss/share/ament_index/resource_index/parent_prefix_path/my_msgss
[4.092s] -- Installing: /home/qianli/zyb/radar_station/install/my_msgss/share/my_msgss/environment/ament_prefix_path.sh
[4.093s] -- Installing: /home/qianli/zyb/radar_station/install/my_msgss/share/my_msgss/environment/ament_prefix_path.dsv
[4.093s] -- Installing: /home/qianli/zyb/radar_station/install/my_msgss/share/my_msgss/environment/path.sh
[4.093s] -- Installing: /home/qianli/zyb/radar_station/install/my_msgss/share/my_msgss/environment/path.dsv
[4.093s] -- Installing: /home/qianli/zyb/radar_station/install/my_msgss/share/my_msgss/local_setup.bash
[4.093s] -- Installing: /home/qianli/zyb/radar_station/install/my_msgss/share/my_msgss/local_setup.sh
[4.093s] -- Installing: /home/qianli/zyb/radar_station/install/my_msgss/share/my_msgss/local_setup.zsh
[4.093s] -- Installing: /home/qianli/zyb/radar_station/install/my_msgss/share/my_msgss/local_setup.dsv
[4.093s] -- Installing: /home/qianli/zyb/radar_station/install/my_msgss/share/my_msgss/package.dsv
[4.094s] -- Installing: /home/qianli/zyb/radar_station/install/my_msgss/share/ament_index/resource_index/packages/my_msgss
[4.094s] -- Installing: /home/qianli/zyb/radar_station/install/my_msgss/share/my_msgss/cmake/export_my_msgss__rosidl_generator_cExport.cmake
[4.094s] -- Installing: /home/qianli/zyb/radar_station/install/my_msgss/share/my_msgss/cmake/export_my_msgss__rosidl_generator_cExport-noconfig.cmake
[4.094s] -- Installing: /home/qianli/zyb/radar_station/install/my_msgss/share/my_msgss/cmake/export_my_msgss__rosidl_typesupport_fastrtps_cExport.cmake
[4.094s] -- Installing: /home/qianli/zyb/radar_station/install/my_msgss/share/my_msgss/cmake/export_my_msgss__rosidl_typesupport_fastrtps_cExport-noconfig.cmake
[4.094s] -- Installing: /home/qianli/zyb/radar_station/install/my_msgss/share/my_msgss/cmake/my_msgss__rosidl_typesupport_introspection_cExport.cmake
[4.094s] -- Installing: /home/qianli/zyb/radar_station/install/my_msgss/share/my_msgss/cmake/my_msgss__rosidl_typesupport_introspection_cExport-noconfig.cmake
[4.095s] -- Installing: /home/qianli/zyb/radar_station/install/my_msgss/share/my_msgss/cmake/my_msgss__rosidl_typesupport_cExport.cmake
[4.095s] -- Installing: /home/qianli/zyb/radar_station/install/my_msgss/share/my_msgss/cmake/my_msgss__rosidl_typesupport_cExport-noconfig.cmake
[4.095s] -- Installing: /home/qianli/zyb/radar_station/install/my_msgss/share/my_msgss/cmake/export_my_msgss__rosidl_generator_cppExport.cmake
[4.095s] -- Installing: /home/qianli/zyb/radar_station/install/my_msgss/share/my_msgss/cmake/export_my_msgss__rosidl_typesupport_fastrtps_cppExport.cmake
[4.095s] -- Installing: /home/qianli/zyb/radar_station/install/my_msgss/share/my_msgss/cmake/export_my_msgss__rosidl_typesupport_fastrtps_cppExport-noconfig.cmake
[4.095s] -- Installing: /home/qianli/zyb/radar_station/install/my_msgss/share/my_msgss/cmake/my_msgss__rosidl_typesupport_introspection_cppExport.cmake
[4.095s] -- Installing: /home/qianli/zyb/radar_station/install/my_msgss/share/my_msgss/cmake/my_msgss__rosidl_typesupport_introspection_cppExport-noconfig.cmake
[4.096s] -- Installing: /home/qianli/zyb/radar_station/install/my_msgss/share/my_msgss/cmake/my_msgss__rosidl_typesupport_cppExport.cmake
[4.096s] -- Installing: /home/qianli/zyb/radar_station/install/my_msgss/share/my_msgss/cmake/my_msgss__rosidl_typesupport_cppExport-noconfig.cmake
[4.096s] -- Installing: /home/qianli/zyb/radar_station/install/my_msgss/share/my_msgss/cmake/export_my_msgss__rosidl_generator_pyExport.cmake
[4.096s] -- Installing: /home/qianli/zyb/radar_station/install/my_msgss/share/my_msgss/cmake/export_my_msgss__rosidl_generator_pyExport-noconfig.cmake
[4.096s] -- Installing: /home/qianli/zyb/radar_station/install/my_msgss/share/my_msgss/cmake/rosidl_cmake-extras.cmake
[4.096s] -- Installing: /home/qianli/zyb/radar_station/install/my_msgss/share/my_msgss/cmake/ament_cmake_export_include_directories-extras.cmake
[4.096s] -- Installing: /home/qianli/zyb/radar_station/install/my_msgss/share/my_msgss/cmake/ament_cmake_export_libraries-extras.cmake
[4.097s] -- Installing: /home/qianli/zyb/radar_station/install/my_msgss/share/my_msgss/cmake/ament_cmake_export_targets-extras.cmake
[4.097s] -- Installing: /home/qianli/zyb/radar_station/install/my_msgss/share/my_msgss/cmake/rosidl_cmake_export_typesupport_targets-extras.cmake
[4.097s] -- Installing: /home/qianli/zyb/radar_station/install/my_msgss/share/my_msgss/cmake/ament_cmake_export_dependencies-extras.cmake
[4.097s] -- Installing: /home/qianli/zyb/radar_station/install/my_msgss/share/my_msgss/cmake/rosidl_cmake_export_typesupport_libraries-extras.cmake
[4.097s] -- Installing: /home/qianli/zyb/radar_station/install/my_msgss/share/my_msgss/cmake/my_msgssConfig.cmake
[4.097s] -- Installing: /home/qianli/zyb/radar_station/install/my_msgss/share/my_msgss/cmake/my_msgssConfig-version.cmake
[4.097s] -- Installing: /home/qianli/zyb/radar_station/install/my_msgss/share/my_msgss/package.xml
[4.100s] Invoked command in '/home/qianli/zyb/radar_station/build/my_msgss' returned '0': CMAKE_PREFIX_PATH=/opt/ros/humble /usr/bin/cmake --install /home/qianli/zyb/radar_station/build/my_msgss
