[0.142s] Invoking command in '/home/mechax/zyb/radar_station_all/radar_station_fixed_class/build/my_msgss': CMAKE_PREFIX_PATH=${CMAKE_PREFIX_PATH}:/opt/ros/humble /usr/bin/cmake --build /home/mechax/zyb/radar_station_all/radar_station_fixed_class/build/my_msgss -- -j16 -l16
[0.170s] [35m[1mConsolidate compiler generated dependencies of target my_msgss__rosidl_generator_c[0m
[0.172s] [  1%] Built target my_msgss__cpp
[0.180s] [35m[1mConsolidate compiler generated dependencies of target my_msgss__rosidl_typesupport_cpp[0m
[0.184s] [35m[1mConsolidate compiler generated dependencies of target my_msgss__rosidl_typesupport_fastrtps_cpp[0m
[0.184s] [35m[1mConsolidate compiler generated dependencies of target my_msgss__rosidl_typesupport_introspection_cpp[0m
[0.184s] [ 12%] Built target my_msgss__rosidl_generator_c
[0.185s] [ 12%] Built target ament_cmake_python_copy_my_msgss
[0.191s] [ 23%] Built target my_msgss__rosidl_typesupport_cpp
[0.192s] [35m[1mConsolidate compiler generated dependencies of target my_msgss__rosidl_typesupport_c[0m
[0.195s] [35m[1mConsolidate compiler generated dependencies of target my_msgss__rosidl_typesupport_introspection_c[0m
[0.197s] [ 35%] Built target my_msgss__rosidl_typesupport_introspection_cpp
[0.197s] [35m[1mConsolidate compiler generated dependencies of target my_msgss__rosidl_typesupport_fastrtps_c[0m
[0.197s] [ 46%] Built target my_msgss__rosidl_typesupport_fastrtps_cpp
[0.204s] [ 57%] Built target my_msgss__rosidl_typesupport_c
[0.205s] [ 69%] Built target my_msgss__rosidl_typesupport_introspection_c
[0.210s] [ 80%] Built target my_msgss__rosidl_typesupport_fastrtps_c
[0.224s] [ 80%] Built target my_msgss
[0.238s] [ 81%] Built target my_msgss__py
[0.246s] [35m[1mConsolidate compiler generated dependencies of target my_msgss__rosidl_generator_py[0m
[0.258s] [ 91%] Built target my_msgss__rosidl_generator_py
[0.263s] [35m[1mConsolidate compiler generated dependencies of target my_msgss__rosidl_typesupport_fastrtps_c__pyext[0m
[0.267s] [35m[1mConsolidate compiler generated dependencies of target my_msgss__rosidl_typesupport_c__pyext[0m
[0.268s] [35m[1mConsolidate compiler generated dependencies of target my_msgss__rosidl_typesupport_introspection_c__pyext[0m
[0.271s] [ 94%] Built target my_msgss__rosidl_typesupport_fastrtps_c__pyext
[0.276s] [ 97%] Built target my_msgss__rosidl_typesupport_introspection_c__pyext
[0.277s] [100%] Built target my_msgss__rosidl_typesupport_c__pyext
[0.318s] running egg_info
[0.318s] writing my_msgss.egg-info/PKG-INFO
[0.318s] writing dependency_links to my_msgss.egg-info/dependency_links.txt
[0.318s] writing top-level names to my_msgss.egg-info/top_level.txt
[0.320s] reading manifest file 'my_msgss.egg-info/SOURCES.txt'
[0.320s] writing manifest file 'my_msgss.egg-info/SOURCES.txt'
[0.337s] [100%] Built target ament_cmake_python_build_my_msgss_egg
[0.405s] Invoked command in '/home/mechax/zyb/radar_station_all/radar_station_fixed_class/build/my_msgss' returned '0': CMAKE_PREFIX_PATH=${CMAKE_PREFIX_PATH}:/opt/ros/humble /usr/bin/cmake --build /home/mechax/zyb/radar_station_all/radar_station_fixed_class/build/my_msgss -- -j16 -l16
[0.488s] Invoking command in '/home/mechax/zyb/radar_station_all/radar_station_fixed_class/build/my_msgss': CMAKE_PREFIX_PATH=${CMAKE_PREFIX_PATH}:/opt/ros/humble /usr/bin/cmake --install /home/mechax/zyb/radar_station_all/radar_station_fixed_class/build/my_msgss
[0.493s] -- Install configuration: ""
[0.494s] -- Up-to-date: /home/mechax/zyb/radar_station_all/radar_station_fixed_class/install/my_msgss/share/ament_index/resource_index/rosidl_interfaces/my_msgss
[0.494s] -- Up-to-date: /home/mechax/zyb/radar_station_all/radar_station_fixed_class/install/my_msgss/include/my_msgss/my_msgss
[0.494s] -- Up-to-date: /home/mechax/zyb/radar_station_all/radar_station_fixed_class/install/my_msgss/include/my_msgss/my_msgss/msg
[0.494s] -- Up-to-date: /home/mechax/zyb/radar_station_all/radar_station_fixed_class/install/my_msgss/include/my_msgss/my_msgss/msg/yolopoints.h
[0.494s] -- Up-to-date: /home/mechax/zyb/radar_station_all/radar_station_fixed_class/install/my_msgss/include/my_msgss/my_msgss/msg/distpoint.h
[0.494s] -- Up-to-date: /home/mechax/zyb/radar_station_all/radar_station_fixed_class/install/my_msgss/include/my_msgss/my_msgss/msg/detail
[0.494s] -- Up-to-date: /home/mechax/zyb/radar_station_all/radar_station_fixed_class/install/my_msgss/include/my_msgss/my_msgss/msg/detail/distpoints__struct.h
[0.494s] -- Up-to-date: /home/mechax/zyb/radar_station_all/radar_station_fixed_class/install/my_msgss/include/my_msgss/my_msgss/msg/detail/point__functions.c
[0.494s] -- Up-to-date: /home/mechax/zyb/radar_station_all/radar_station_fixed_class/install/my_msgss/include/my_msgss/my_msgss/msg/detail/points__functions.c
[0.494s] -- Up-to-date: /home/mechax/zyb/radar_station_all/radar_station_fixed_class/install/my_msgss/include/my_msgss/my_msgss/msg/detail/distpoint__type_support.h
[0.494s] -- Up-to-date: /home/mechax/zyb/radar_station_all/radar_station_fixed_class/install/my_msgss/include/my_msgss/my_msgss/msg/detail/points__struct.h
[0.494s] -- Up-to-date: /home/mechax/zyb/radar_station_all/radar_station_fixed_class/install/my_msgss/include/my_msgss/my_msgss/msg/detail/point__struct.h
[0.494s] -- Up-to-date: /home/mechax/zyb/radar_station_all/radar_station_fixed_class/install/my_msgss/include/my_msgss/my_msgss/msg/detail/distpoint__functions.c
[0.494s] -- Up-to-date: /home/mechax/zyb/radar_station_all/radar_station_fixed_class/install/my_msgss/include/my_msgss/my_msgss/msg/detail/yolopoint__struct.h
[0.494s] -- Up-to-date: /home/mechax/zyb/radar_station_all/radar_station_fixed_class/install/my_msgss/include/my_msgss/my_msgss/msg/detail/points__type_support.h
[0.495s] -- Up-to-date: /home/mechax/zyb/radar_station_all/radar_station_fixed_class/install/my_msgss/include/my_msgss/my_msgss/msg/detail/distpoint__struct.h
[0.495s] -- Up-to-date: /home/mechax/zyb/radar_station_all/radar_station_fixed_class/install/my_msgss/include/my_msgss/my_msgss/msg/detail/yolopoints__functions.c
[0.495s] -- Up-to-date: /home/mechax/zyb/radar_station_all/radar_station_fixed_class/install/my_msgss/include/my_msgss/my_msgss/msg/detail/yolopoints__struct.h
[0.495s] -- Up-to-date: /home/mechax/zyb/radar_station_all/radar_station_fixed_class/install/my_msgss/include/my_msgss/my_msgss/msg/detail/yolopoint__functions.c
[0.495s] -- Up-to-date: /home/mechax/zyb/radar_station_all/radar_station_fixed_class/install/my_msgss/include/my_msgss/my_msgss/msg/detail/distpoints__functions.h
[0.495s] -- Up-to-date: /home/mechax/zyb/radar_station_all/radar_station_fixed_class/install/my_msgss/include/my_msgss/my_msgss/msg/detail/yolopoints__type_support.h
[0.495s] -- Up-to-date: /home/mechax/zyb/radar_station_all/radar_station_fixed_class/install/my_msgss/include/my_msgss/my_msgss/msg/detail/yolopoints__functions.h
[0.495s] -- Up-to-date: /home/mechax/zyb/radar_station_all/radar_station_fixed_class/install/my_msgss/include/my_msgss/my_msgss/msg/detail/distpoints__functions.c
[0.495s] -- Up-to-date: /home/mechax/zyb/radar_station_all/radar_station_fixed_class/install/my_msgss/include/my_msgss/my_msgss/msg/detail/yolopoint__type_support.h
[0.495s] -- Up-to-date: /home/mechax/zyb/radar_station_all/radar_station_fixed_class/install/my_msgss/include/my_msgss/my_msgss/msg/detail/yolopoint__functions.h
[0.495s] -- Up-to-date: /home/mechax/zyb/radar_station_all/radar_station_fixed_class/install/my_msgss/include/my_msgss/my_msgss/msg/detail/points__functions.h
[0.495s] -- Up-to-date: /home/mechax/zyb/radar_station_all/radar_station_fixed_class/install/my_msgss/include/my_msgss/my_msgss/msg/detail/point__type_support.h
[0.495s] -- Up-to-date: /home/mechax/zyb/radar_station_all/radar_station_fixed_class/install/my_msgss/include/my_msgss/my_msgss/msg/detail/distpoints__type_support.h
[0.495s] -- Up-to-date: /home/mechax/zyb/radar_station_all/radar_station_fixed_class/install/my_msgss/include/my_msgss/my_msgss/msg/detail/point__functions.h
[0.495s] -- Up-to-date: /home/mechax/zyb/radar_station_all/radar_station_fixed_class/install/my_msgss/include/my_msgss/my_msgss/msg/detail/distpoint__functions.h
[0.495s] -- Up-to-date: /home/mechax/zyb/radar_station_all/radar_station_fixed_class/install/my_msgss/include/my_msgss/my_msgss/msg/rosidl_generator_c__visibility_control.h
[0.495s] -- Up-to-date: /home/mechax/zyb/radar_station_all/radar_station_fixed_class/install/my_msgss/include/my_msgss/my_msgss/msg/distpoints.h
[0.495s] -- Up-to-date: /home/mechax/zyb/radar_station_all/radar_station_fixed_class/install/my_msgss/include/my_msgss/my_msgss/msg/yolopoint.h
[0.495s] -- Up-to-date: /home/mechax/zyb/radar_station_all/radar_station_fixed_class/install/my_msgss/include/my_msgss/my_msgss/msg/point.h
[0.495s] -- Up-to-date: /home/mechax/zyb/radar_station_all/radar_station_fixed_class/install/my_msgss/include/my_msgss/my_msgss/msg/points.h
[0.495s] -- Up-to-date: /home/mechax/zyb/radar_station_all/radar_station_fixed_class/install/my_msgss/share/my_msgss/environment/library_path.sh
[0.495s] -- Up-to-date: /home/mechax/zyb/radar_station_all/radar_station_fixed_class/install/my_msgss/share/my_msgss/environment/library_path.dsv
[0.495s] -- Up-to-date: /home/mechax/zyb/radar_station_all/radar_station_fixed_class/install/my_msgss/lib/libmy_msgss__rosidl_generator_c.so
[0.495s] -- Up-to-date: /home/mechax/zyb/radar_station_all/radar_station_fixed_class/install/my_msgss/include/my_msgss/my_msgss
[0.495s] -- Up-to-date: /home/mechax/zyb/radar_station_all/radar_station_fixed_class/install/my_msgss/include/my_msgss/my_msgss/msg
[0.495s] -- Up-to-date: /home/mechax/zyb/radar_station_all/radar_station_fixed_class/install/my_msgss/include/my_msgss/my_msgss/msg/detail
[0.495s] -- Up-to-date: /home/mechax/zyb/radar_station_all/radar_station_fixed_class/install/my_msgss/include/my_msgss/my_msgss/msg/detail/distpoints__rosidl_typesupport_fastrtps_c.h
[0.495s] -- Up-to-date: /home/mechax/zyb/radar_station_all/radar_station_fixed_class/install/my_msgss/include/my_msgss/my_msgss/msg/detail/yolopoint__rosidl_typesupport_fastrtps_c.h
[0.495s] -- Up-to-date: /home/mechax/zyb/radar_station_all/radar_station_fixed_class/install/my_msgss/include/my_msgss/my_msgss/msg/detail/point__rosidl_typesupport_fastrtps_c.h
[0.495s] -- Up-to-date: /home/mechax/zyb/radar_station_all/radar_station_fixed_class/install/my_msgss/include/my_msgss/my_msgss/msg/detail/yolopoints__rosidl_typesupport_fastrtps_c.h
[0.495s] -- Up-to-date: /home/mechax/zyb/radar_station_all/radar_station_fixed_class/install/my_msgss/include/my_msgss/my_msgss/msg/detail/points__rosidl_typesupport_fastrtps_c.h
[0.496s] -- Up-to-date: /home/mechax/zyb/radar_station_all/radar_station_fixed_class/install/my_msgss/include/my_msgss/my_msgss/msg/detail/distpoint__rosidl_typesupport_fastrtps_c.h
[0.496s] -- Up-to-date: /home/mechax/zyb/radar_station_all/radar_station_fixed_class/install/my_msgss/include/my_msgss/my_msgss/msg/rosidl_typesupport_fastrtps_c__visibility_control.h
[0.496s] -- Up-to-date: /home/mechax/zyb/radar_station_all/radar_station_fixed_class/install/my_msgss/lib/libmy_msgss__rosidl_typesupport_fastrtps_c.so
[0.496s] -- Up-to-date: /home/mechax/zyb/radar_station_all/radar_station_fixed_class/install/my_msgss/include/my_msgss/my_msgss
[0.496s] -- Up-to-date: /home/mechax/zyb/radar_station_all/radar_station_fixed_class/install/my_msgss/include/my_msgss/my_msgss/msg
[0.496s] -- Up-to-date: /home/mechax/zyb/radar_station_all/radar_station_fixed_class/install/my_msgss/include/my_msgss/my_msgss/msg/rosidl_typesupport_introspection_c__visibility_control.h
[0.496s] -- Up-to-date: /home/mechax/zyb/radar_station_all/radar_station_fixed_class/install/my_msgss/include/my_msgss/my_msgss/msg/detail
[0.496s] -- Up-to-date: /home/mechax/zyb/radar_station_all/radar_station_fixed_class/install/my_msgss/include/my_msgss/my_msgss/msg/detail/distpoints__rosidl_typesupport_introspection_c.h
[0.496s] -- Up-to-date: /home/mechax/zyb/radar_station_all/radar_station_fixed_class/install/my_msgss/include/my_msgss/my_msgss/msg/detail/points__type_support.c
[0.496s] -- Up-to-date: /home/mechax/zyb/radar_station_all/radar_station_fixed_class/install/my_msgss/include/my_msgss/my_msgss/msg/detail/points__rosidl_typesupport_introspection_c.h
[0.496s] -- Up-to-date: /home/mechax/zyb/radar_station_all/radar_station_fixed_class/install/my_msgss/include/my_msgss/my_msgss/msg/detail/distpoint__rosidl_typesupport_introspection_c.h
[0.496s] -- Up-to-date: /home/mechax/zyb/radar_station_all/radar_station_fixed_class/install/my_msgss/include/my_msgss/my_msgss/msg/detail/point__rosidl_typesupport_introspection_c.h
[0.496s] -- Up-to-date: /home/mechax/zyb/radar_station_all/radar_station_fixed_class/install/my_msgss/include/my_msgss/my_msgss/msg/detail/distpoint__type_support.c
[0.496s] -- Up-to-date: /home/mechax/zyb/radar_station_all/radar_station_fixed_class/install/my_msgss/include/my_msgss/my_msgss/msg/detail/yolopoints__type_support.c
[0.496s] -- Up-to-date: /home/mechax/zyb/radar_station_all/radar_station_fixed_class/install/my_msgss/include/my_msgss/my_msgss/msg/detail/yolopoint__type_support.c
[0.496s] -- Up-to-date: /home/mechax/zyb/radar_station_all/radar_station_fixed_class/install/my_msgss/include/my_msgss/my_msgss/msg/detail/yolopoints__rosidl_typesupport_introspection_c.h
[0.496s] -- Up-to-date: /home/mechax/zyb/radar_station_all/radar_station_fixed_class/install/my_msgss/include/my_msgss/my_msgss/msg/detail/distpoints__type_support.c
[0.496s] -- Up-to-date: /home/mechax/zyb/radar_station_all/radar_station_fixed_class/install/my_msgss/include/my_msgss/my_msgss/msg/detail/point__type_support.c
[0.496s] -- Up-to-date: /home/mechax/zyb/radar_station_all/radar_station_fixed_class/install/my_msgss/include/my_msgss/my_msgss/msg/detail/yolopoint__rosidl_typesupport_introspection_c.h
[0.496s] -- Up-to-date: /home/mechax/zyb/radar_station_all/radar_station_fixed_class/install/my_msgss/lib/libmy_msgss__rosidl_typesupport_introspection_c.so
[0.496s] -- Up-to-date: /home/mechax/zyb/radar_station_all/radar_station_fixed_class/install/my_msgss/lib/libmy_msgss__rosidl_typesupport_c.so
[0.496s] -- Up-to-date: /home/mechax/zyb/radar_station_all/radar_station_fixed_class/install/my_msgss/include/my_msgss/my_msgss
[0.496s] -- Up-to-date: /home/mechax/zyb/radar_station_all/radar_station_fixed_class/install/my_msgss/include/my_msgss/my_msgss/msg
[0.496s] -- Up-to-date: /home/mechax/zyb/radar_station_all/radar_station_fixed_class/install/my_msgss/include/my_msgss/my_msgss/msg/distpoints.hpp
[0.496s] -- Up-to-date: /home/mechax/zyb/radar_station_all/radar_station_fixed_class/install/my_msgss/include/my_msgss/my_msgss/msg/detail
[0.496s] -- Up-to-date: /home/mechax/zyb/radar_station_all/radar_station_fixed_class/install/my_msgss/include/my_msgss/my_msgss/msg/detail/point__traits.hpp
[0.496s] -- Up-to-date: /home/mechax/zyb/radar_station_all/radar_station_fixed_class/install/my_msgss/include/my_msgss/my_msgss/msg/detail/point__struct.hpp
[0.496s] -- Up-to-date: /home/mechax/zyb/radar_station_all/radar_station_fixed_class/install/my_msgss/include/my_msgss/my_msgss/msg/detail/distpoint__traits.hpp
[0.496s] -- Up-to-date: /home/mechax/zyb/radar_station_all/radar_station_fixed_class/install/my_msgss/include/my_msgss/my_msgss/msg/detail/points__struct.hpp
[0.496s] -- Up-to-date: /home/mechax/zyb/radar_station_all/radar_station_fixed_class/install/my_msgss/include/my_msgss/my_msgss/msg/detail/distpoints__builder.hpp
[0.496s] -- Up-to-date: /home/mechax/zyb/radar_station_all/radar_station_fixed_class/install/my_msgss/include/my_msgss/my_msgss/msg/detail/yolopoints__traits.hpp
[0.496s] -- Up-to-date: /home/mechax/zyb/radar_station_all/radar_station_fixed_class/install/my_msgss/include/my_msgss/my_msgss/msg/detail/distpoint__builder.hpp
[0.496s] -- Up-to-date: /home/mechax/zyb/radar_station_all/radar_station_fixed_class/install/my_msgss/include/my_msgss/my_msgss/msg/detail/distpoints__traits.hpp
[0.496s] -- Up-to-date: /home/mechax/zyb/radar_station_all/radar_station_fixed_class/install/my_msgss/include/my_msgss/my_msgss/msg/detail/points__builder.hpp
[0.496s] -- Up-to-date: /home/mechax/zyb/radar_station_all/radar_station_fixed_class/install/my_msgss/include/my_msgss/my_msgss/msg/detail/yolopoint__traits.hpp
[0.497s] -- Up-to-date: /home/mechax/zyb/radar_station_all/radar_station_fixed_class/install/my_msgss/include/my_msgss/my_msgss/msg/detail/points__traits.hpp
[0.497s] -- Up-to-date: /home/mechax/zyb/radar_station_all/radar_station_fixed_class/install/my_msgss/include/my_msgss/my_msgss/msg/detail/yolopoint__builder.hpp
[0.497s] -- Up-to-date: /home/mechax/zyb/radar_station_all/radar_station_fixed_class/install/my_msgss/include/my_msgss/my_msgss/msg/detail/yolopoints__struct.hpp
[0.497s] -- Up-to-date: /home/mechax/zyb/radar_station_all/radar_station_fixed_class/install/my_msgss/include/my_msgss/my_msgss/msg/detail/distpoints__struct.hpp
[0.497s] -- Up-to-date: /home/mechax/zyb/radar_station_all/radar_station_fixed_class/install/my_msgss/include/my_msgss/my_msgss/msg/detail/yolopoints__builder.hpp
[0.497s] -- Up-to-date: /home/mechax/zyb/radar_station_all/radar_station_fixed_class/install/my_msgss/include/my_msgss/my_msgss/msg/detail/yolopoint__struct.hpp
[0.497s] -- Up-to-date: /home/mechax/zyb/radar_station_all/radar_station_fixed_class/install/my_msgss/include/my_msgss/my_msgss/msg/detail/point__builder.hpp
[0.497s] -- Up-to-date: /home/mechax/zyb/radar_station_all/radar_station_fixed_class/install/my_msgss/include/my_msgss/my_msgss/msg/detail/distpoint__struct.hpp
[0.497s] -- Up-to-date: /home/mechax/zyb/radar_station_all/radar_station_fixed_class/install/my_msgss/include/my_msgss/my_msgss/msg/distpoint.hpp
[0.497s] -- Up-to-date: /home/mechax/zyb/radar_station_all/radar_station_fixed_class/install/my_msgss/include/my_msgss/my_msgss/msg/yolopoint.hpp
[0.497s] -- Up-to-date: /home/mechax/zyb/radar_station_all/radar_station_fixed_class/install/my_msgss/include/my_msgss/my_msgss/msg/yolopoints.hpp
[0.497s] -- Up-to-date: /home/mechax/zyb/radar_station_all/radar_station_fixed_class/install/my_msgss/include/my_msgss/my_msgss/msg/point.hpp
[0.497s] -- Up-to-date: /home/mechax/zyb/radar_station_all/radar_station_fixed_class/install/my_msgss/include/my_msgss/my_msgss/msg/points.hpp
[0.497s] -- Up-to-date: /home/mechax/zyb/radar_station_all/radar_station_fixed_class/install/my_msgss/include/my_msgss/my_msgss
[0.497s] -- Up-to-date: /home/mechax/zyb/radar_station_all/radar_station_fixed_class/install/my_msgss/include/my_msgss/my_msgss/msg
[0.497s] -- Up-to-date: /home/mechax/zyb/radar_station_all/radar_station_fixed_class/install/my_msgss/include/my_msgss/my_msgss/msg/detail
[0.497s] -- Up-to-date: /home/mechax/zyb/radar_station_all/radar_station_fixed_class/install/my_msgss/include/my_msgss/my_msgss/msg/detail/point__rosidl_typesupport_fastrtps_cpp.hpp
[0.497s] -- Up-to-date: /home/mechax/zyb/radar_station_all/radar_station_fixed_class/install/my_msgss/include/my_msgss/my_msgss/msg/detail/yolopoints__rosidl_typesupport_fastrtps_cpp.hpp
[0.497s] -- Up-to-date: /home/mechax/zyb/radar_station_all/radar_station_fixed_class/install/my_msgss/include/my_msgss/my_msgss/msg/detail/distpoint__rosidl_typesupport_fastrtps_cpp.hpp
[0.497s] -- Up-to-date: /home/mechax/zyb/radar_station_all/radar_station_fixed_class/install/my_msgss/include/my_msgss/my_msgss/msg/detail/points__rosidl_typesupport_fastrtps_cpp.hpp
[0.497s] -- Up-to-date: /home/mechax/zyb/radar_station_all/radar_station_fixed_class/install/my_msgss/include/my_msgss/my_msgss/msg/detail/distpoints__rosidl_typesupport_fastrtps_cpp.hpp
[0.497s] -- Up-to-date: /home/mechax/zyb/radar_station_all/radar_station_fixed_class/install/my_msgss/include/my_msgss/my_msgss/msg/detail/yolopoint__rosidl_typesupport_fastrtps_cpp.hpp
[0.497s] -- Up-to-date: /home/mechax/zyb/radar_station_all/radar_station_fixed_class/install/my_msgss/include/my_msgss/my_msgss/msg/detail/dds_fastrtps
[0.497s] -- Up-to-date: /home/mechax/zyb/radar_station_all/radar_station_fixed_class/install/my_msgss/include/my_msgss/my_msgss/msg/rosidl_typesupport_fastrtps_cpp__visibility_control.h
[0.497s] -- Up-to-date: /home/mechax/zyb/radar_station_all/radar_station_fixed_class/install/my_msgss/lib/libmy_msgss__rosidl_typesupport_fastrtps_cpp.so
[0.497s] -- Up-to-date: /home/mechax/zyb/radar_station_all/radar_station_fixed_class/install/my_msgss/include/my_msgss/my_msgss
[0.497s] -- Up-to-date: /home/mechax/zyb/radar_station_all/radar_station_fixed_class/install/my_msgss/include/my_msgss/my_msgss/msg
[0.497s] -- Up-to-date: /home/mechax/zyb/radar_station_all/radar_station_fixed_class/install/my_msgss/include/my_msgss/my_msgss/msg/detail
[0.497s] -- Up-to-date: /home/mechax/zyb/radar_station_all/radar_station_fixed_class/install/my_msgss/include/my_msgss/my_msgss/msg/detail/distpoints__rosidl_typesupport_introspection_cpp.hpp
[0.497s] -- Up-to-date: /home/mechax/zyb/radar_station_all/radar_station_fixed_class/install/my_msgss/include/my_msgss/my_msgss/msg/detail/distpoint__type_support.cpp
[0.497s] -- Up-to-date: /home/mechax/zyb/radar_station_all/radar_station_fixed_class/install/my_msgss/include/my_msgss/my_msgss/msg/detail/yolopoints__type_support.cpp
[0.497s] -- Up-to-date: /home/mechax/zyb/radar_station_all/radar_station_fixed_class/install/my_msgss/include/my_msgss/my_msgss/msg/detail/distpoint__rosidl_typesupport_introspection_cpp.hpp
[0.497s] -- Up-to-date: /home/mechax/zyb/radar_station_all/radar_station_fixed_class/install/my_msgss/include/my_msgss/my_msgss/msg/detail/yolopoint__type_support.cpp
[0.497s] -- Up-to-date: /home/mechax/zyb/radar_station_all/radar_station_fixed_class/install/my_msgss/include/my_msgss/my_msgss/msg/detail/yolopoints__rosidl_typesupport_introspection_cpp.hpp
[0.497s] -- Up-to-date: /home/mechax/zyb/radar_station_all/radar_station_fixed_class/install/my_msgss/include/my_msgss/my_msgss/msg/detail/point__type_support.cpp
[0.497s] -- Up-to-date: /home/mechax/zyb/radar_station_all/radar_station_fixed_class/install/my_msgss/include/my_msgss/my_msgss/msg/detail/point__rosidl_typesupport_introspection_cpp.hpp
[0.497s] -- Up-to-date: /home/mechax/zyb/radar_station_all/radar_station_fixed_class/install/my_msgss/include/my_msgss/my_msgss/msg/detail/yolopoint__rosidl_typesupport_introspection_cpp.hpp
[0.497s] -- Up-to-date: /home/mechax/zyb/radar_station_all/radar_station_fixed_class/install/my_msgss/include/my_msgss/my_msgss/msg/detail/points__rosidl_typesupport_introspection_cpp.hpp
[0.497s] -- Up-to-date: /home/mechax/zyb/radar_station_all/radar_station_fixed_class/install/my_msgss/include/my_msgss/my_msgss/msg/detail/points__type_support.cpp
[0.497s] -- Up-to-date: /home/mechax/zyb/radar_station_all/radar_station_fixed_class/install/my_msgss/include/my_msgss/my_msgss/msg/detail/distpoints__type_support.cpp
[0.498s] -- Up-to-date: /home/mechax/zyb/radar_station_all/radar_station_fixed_class/install/my_msgss/lib/libmy_msgss__rosidl_typesupport_introspection_cpp.so
[0.498s] -- Up-to-date: /home/mechax/zyb/radar_station_all/radar_station_fixed_class/install/my_msgss/lib/libmy_msgss__rosidl_typesupport_cpp.so
[0.498s] -- Up-to-date: /home/mechax/zyb/radar_station_all/radar_station_fixed_class/install/my_msgss/share/my_msgss/environment/pythonpath.sh
[0.498s] -- Up-to-date: /home/mechax/zyb/radar_station_all/radar_station_fixed_class/install/my_msgss/share/my_msgss/environment/pythonpath.dsv
[0.498s] -- Up-to-date: /home/mechax/zyb/radar_station_all/radar_station_fixed_class/install/my_msgss/local/lib/python3.10/dist-packages/my_msgss-0.0.0-py3.10.egg-info
[0.498s] -- Installing: /home/mechax/zyb/radar_station_all/radar_station_fixed_class/install/my_msgss/local/lib/python3.10/dist-packages/my_msgss-0.0.0-py3.10.egg-info/SOURCES.txt
[0.498s] -- Installing: /home/mechax/zyb/radar_station_all/radar_station_fixed_class/install/my_msgss/local/lib/python3.10/dist-packages/my_msgss-0.0.0-py3.10.egg-info/top_level.txt
[0.498s] -- Installing: /home/mechax/zyb/radar_station_all/radar_station_fixed_class/install/my_msgss/local/lib/python3.10/dist-packages/my_msgss-0.0.0-py3.10.egg-info/PKG-INFO
[0.498s] -- Installing: /home/mechax/zyb/radar_station_all/radar_station_fixed_class/install/my_msgss/local/lib/python3.10/dist-packages/my_msgss-0.0.0-py3.10.egg-info/dependency_links.txt
[0.498s] -- Up-to-date: /home/mechax/zyb/radar_station_all/radar_station_fixed_class/install/my_msgss/local/lib/python3.10/dist-packages/my_msgss
[0.498s] -- Up-to-date: /home/mechax/zyb/radar_station_all/radar_station_fixed_class/install/my_msgss/local/lib/python3.10/dist-packages/my_msgss/msg
[0.498s] -- Up-to-date: /home/mechax/zyb/radar_station_all/radar_station_fixed_class/install/my_msgss/local/lib/python3.10/dist-packages/my_msgss/msg/_yolopoints.py
[0.498s] -- Up-to-date: /home/mechax/zyb/radar_station_all/radar_station_fixed_class/install/my_msgss/local/lib/python3.10/dist-packages/my_msgss/msg/_yolopoint_s.c
[0.498s] -- Up-to-date: /home/mechax/zyb/radar_station_all/radar_station_fixed_class/install/my_msgss/local/lib/python3.10/dist-packages/my_msgss/msg/_distpoints.py
[0.498s] -- Up-to-date: /home/mechax/zyb/radar_station_all/radar_station_fixed_class/install/my_msgss/local/lib/python3.10/dist-packages/my_msgss/msg/_point_s.c
[0.498s] -- Up-to-date: /home/mechax/zyb/radar_station_all/radar_station_fixed_class/install/my_msgss/local/lib/python3.10/dist-packages/my_msgss/msg/_yolopoint.py
[0.498s] -- Up-to-date: /home/mechax/zyb/radar_station_all/radar_station_fixed_class/install/my_msgss/local/lib/python3.10/dist-packages/my_msgss/msg/_distpoint.py
[0.498s] -- Up-to-date: /home/mechax/zyb/radar_station_all/radar_station_fixed_class/install/my_msgss/local/lib/python3.10/dist-packages/my_msgss/msg/_yolopoints_s.c
[0.498s] -- Up-to-date: /home/mechax/zyb/radar_station_all/radar_station_fixed_class/install/my_msgss/local/lib/python3.10/dist-packages/my_msgss/msg/_point.py
[0.498s] -- Up-to-date: /home/mechax/zyb/radar_station_all/radar_station_fixed_class/install/my_msgss/local/lib/python3.10/dist-packages/my_msgss/msg/_points.py
[0.498s] -- Up-to-date: /home/mechax/zyb/radar_station_all/radar_station_fixed_class/install/my_msgss/local/lib/python3.10/dist-packages/my_msgss/msg/_points_s.c
[0.498s] -- Up-to-date: /home/mechax/zyb/radar_station_all/radar_station_fixed_class/install/my_msgss/local/lib/python3.10/dist-packages/my_msgss/msg/_distpoint_s.c
[0.498s] -- Up-to-date: /home/mechax/zyb/radar_station_all/radar_station_fixed_class/install/my_msgss/local/lib/python3.10/dist-packages/my_msgss/msg/__init__.py
[0.498s] -- Up-to-date: /home/mechax/zyb/radar_station_all/radar_station_fixed_class/install/my_msgss/local/lib/python3.10/dist-packages/my_msgss/msg/_distpoints_s.c
[0.498s] -- Up-to-date: /home/mechax/zyb/radar_station_all/radar_station_fixed_class/install/my_msgss/local/lib/python3.10/dist-packages/my_msgss/_my_msgss_s.ep.rosidl_typesupport_c.c
[0.498s] -- Up-to-date: /home/mechax/zyb/radar_station_all/radar_station_fixed_class/install/my_msgss/local/lib/python3.10/dist-packages/my_msgss/my_msgss_s__rosidl_typesupport_fastrtps_c.cpython-310-x86_64-linux-gnu.so
[0.498s] -- Up-to-date: /home/mechax/zyb/radar_station_all/radar_station_fixed_class/install/my_msgss/local/lib/python3.10/dist-packages/my_msgss/_my_msgss_s.ep.rosidl_typesupport_introspection_c.c
[0.498s] -- Up-to-date: /home/mechax/zyb/radar_station_all/radar_station_fixed_class/install/my_msgss/local/lib/python3.10/dist-packages/my_msgss/_my_msgss_s.ep.rosidl_typesupport_fastrtps_c.c
[0.498s] -- Up-to-date: /home/mechax/zyb/radar_station_all/radar_station_fixed_class/install/my_msgss/local/lib/python3.10/dist-packages/my_msgss/my_msgss_s__rosidl_typesupport_c.cpython-310-x86_64-linux-gnu.so
[0.498s] -- Up-to-date: /home/mechax/zyb/radar_station_all/radar_station_fixed_class/install/my_msgss/local/lib/python3.10/dist-packages/my_msgss/libmy_msgss__rosidl_generator_py.so
[0.498s] -- Up-to-date: /home/mechax/zyb/radar_station_all/radar_station_fixed_class/install/my_msgss/local/lib/python3.10/dist-packages/my_msgss/my_msgss_s__rosidl_typesupport_introspection_c.cpython-310-x86_64-linux-gnu.so
[0.498s] -- Up-to-date: /home/mechax/zyb/radar_station_all/radar_station_fixed_class/install/my_msgss/local/lib/python3.10/dist-packages/my_msgss/__init__.py
[0.514s] Listing '/home/mechax/zyb/radar_station_all/radar_station_fixed_class/install/my_msgss/local/lib/python3.10/dist-packages/my_msgss'...
[0.514s] Listing '/home/mechax/zyb/radar_station_all/radar_station_fixed_class/install/my_msgss/local/lib/python3.10/dist-packages/my_msgss/msg'...
[0.517s] -- Up-to-date: /home/mechax/zyb/radar_station_all/radar_station_fixed_class/install/my_msgss/local/lib/python3.10/dist-packages/my_msgss/my_msgss_s__rosidl_typesupport_fastrtps_c.cpython-310-x86_64-linux-gnu.so
[0.517s] -- Up-to-date: /home/mechax/zyb/radar_station_all/radar_station_fixed_class/install/my_msgss/local/lib/python3.10/dist-packages/my_msgss/my_msgss_s__rosidl_typesupport_introspection_c.cpython-310-x86_64-linux-gnu.so
[0.517s] -- Up-to-date: /home/mechax/zyb/radar_station_all/radar_station_fixed_class/install/my_msgss/local/lib/python3.10/dist-packages/my_msgss/my_msgss_s__rosidl_typesupport_c.cpython-310-x86_64-linux-gnu.so
[0.517s] -- Up-to-date: /home/mechax/zyb/radar_station_all/radar_station_fixed_class/install/my_msgss/lib/libmy_msgss__rosidl_generator_py.so
[0.517s] -- Up-to-date: /home/mechax/zyb/radar_station_all/radar_station_fixed_class/install/my_msgss/share/my_msgss/msg/Yolopoint.idl
[0.517s] -- Up-to-date: /home/mechax/zyb/radar_station_all/radar_station_fixed_class/install/my_msgss/share/my_msgss/msg/Yolopoints.idl
[0.517s] -- Up-to-date: /home/mechax/zyb/radar_station_all/radar_station_fixed_class/install/my_msgss/share/my_msgss/msg/Distpoint.idl
[0.517s] -- Up-to-date: /home/mechax/zyb/radar_station_all/radar_station_fixed_class/install/my_msgss/share/my_msgss/msg/Distpoints.idl
[0.517s] -- Up-to-date: /home/mechax/zyb/radar_station_all/radar_station_fixed_class/install/my_msgss/share/my_msgss/msg/Point.idl
[0.517s] -- Up-to-date: /home/mechax/zyb/radar_station_all/radar_station_fixed_class/install/my_msgss/share/my_msgss/msg/Points.idl
[0.517s] -- Up-to-date: /home/mechax/zyb/radar_station_all/radar_station_fixed_class/install/my_msgss/share/my_msgss/msg/Yolopoint.msg
[0.517s] -- Up-to-date: /home/mechax/zyb/radar_station_all/radar_station_fixed_class/install/my_msgss/share/my_msgss/msg/Yolopoints.msg
[0.517s] -- Up-to-date: /home/mechax/zyb/radar_station_all/radar_station_fixed_class/install/my_msgss/share/my_msgss/msg/Distpoint.msg
[0.518s] -- Up-to-date: /home/mechax/zyb/radar_station_all/radar_station_fixed_class/install/my_msgss/share/my_msgss/msg/Distpoints.msg
[0.518s] -- Up-to-date: /home/mechax/zyb/radar_station_all/radar_station_fixed_class/install/my_msgss/share/my_msgss/msg/Point.msg
[0.518s] -- Up-to-date: /home/mechax/zyb/radar_station_all/radar_station_fixed_class/install/my_msgss/share/my_msgss/msg/Points.msg
[0.518s] -- Up-to-date: /home/mechax/zyb/radar_station_all/radar_station_fixed_class/install/my_msgss/share/my_msgss/launch
[0.518s] -- Up-to-date: /home/mechax/zyb/radar_station_all/radar_station_fixed_class/install/my_msgss/share/my_msgss/launch/radar_station_launch.py
[0.518s] -- Up-to-date: /home/mechax/zyb/radar_station_all/radar_station_fixed_class/install/my_msgss/share/ament_index/resource_index/package_run_dependencies/my_msgss
[0.518s] -- Up-to-date: /home/mechax/zyb/radar_station_all/radar_station_fixed_class/install/my_msgss/share/ament_index/resource_index/parent_prefix_path/my_msgss
[0.518s] -- Up-to-date: /home/mechax/zyb/radar_station_all/radar_station_fixed_class/install/my_msgss/share/my_msgss/environment/ament_prefix_path.sh
[0.518s] -- Up-to-date: /home/mechax/zyb/radar_station_all/radar_station_fixed_class/install/my_msgss/share/my_msgss/environment/ament_prefix_path.dsv
[0.518s] -- Up-to-date: /home/mechax/zyb/radar_station_all/radar_station_fixed_class/install/my_msgss/share/my_msgss/environment/path.sh
[0.518s] -- Up-to-date: /home/mechax/zyb/radar_station_all/radar_station_fixed_class/install/my_msgss/share/my_msgss/environment/path.dsv
[0.518s] -- Up-to-date: /home/mechax/zyb/radar_station_all/radar_station_fixed_class/install/my_msgss/share/my_msgss/local_setup.bash
[0.518s] -- Up-to-date: /home/mechax/zyb/radar_station_all/radar_station_fixed_class/install/my_msgss/share/my_msgss/local_setup.sh
[0.518s] -- Up-to-date: /home/mechax/zyb/radar_station_all/radar_station_fixed_class/install/my_msgss/share/my_msgss/local_setup.zsh
[0.518s] -- Up-to-date: /home/mechax/zyb/radar_station_all/radar_station_fixed_class/install/my_msgss/share/my_msgss/local_setup.dsv
[0.519s] -- Installing: /home/mechax/zyb/radar_station_all/radar_station_fixed_class/install/my_msgss/share/my_msgss/package.dsv
[0.519s] -- Up-to-date: /home/mechax/zyb/radar_station_all/radar_station_fixed_class/install/my_msgss/share/ament_index/resource_index/packages/my_msgss
[0.519s] -- Up-to-date: /home/mechax/zyb/radar_station_all/radar_station_fixed_class/install/my_msgss/share/my_msgss/cmake/export_my_msgss__rosidl_generator_cExport.cmake
[0.519s] -- Up-to-date: /home/mechax/zyb/radar_station_all/radar_station_fixed_class/install/my_msgss/share/my_msgss/cmake/export_my_msgss__rosidl_generator_cExport-noconfig.cmake
[0.519s] -- Up-to-date: /home/mechax/zyb/radar_station_all/radar_station_fixed_class/install/my_msgss/share/my_msgss/cmake/export_my_msgss__rosidl_typesupport_fastrtps_cExport.cmake
[0.519s] -- Up-to-date: /home/mechax/zyb/radar_station_all/radar_station_fixed_class/install/my_msgss/share/my_msgss/cmake/export_my_msgss__rosidl_typesupport_fastrtps_cExport-noconfig.cmake
[0.519s] -- Up-to-date: /home/mechax/zyb/radar_station_all/radar_station_fixed_class/install/my_msgss/share/my_msgss/cmake/my_msgss__rosidl_typesupport_introspection_cExport.cmake
[0.519s] -- Up-to-date: /home/mechax/zyb/radar_station_all/radar_station_fixed_class/install/my_msgss/share/my_msgss/cmake/my_msgss__rosidl_typesupport_introspection_cExport-noconfig.cmake
[0.519s] -- Up-to-date: /home/mechax/zyb/radar_station_all/radar_station_fixed_class/install/my_msgss/share/my_msgss/cmake/my_msgss__rosidl_typesupport_cExport.cmake
[0.519s] -- Up-to-date: /home/mechax/zyb/radar_station_all/radar_station_fixed_class/install/my_msgss/share/my_msgss/cmake/my_msgss__rosidl_typesupport_cExport-noconfig.cmake
[0.519s] -- Up-to-date: /home/mechax/zyb/radar_station_all/radar_station_fixed_class/install/my_msgss/share/my_msgss/cmake/export_my_msgss__rosidl_generator_cppExport.cmake
[0.519s] -- Up-to-date: /home/mechax/zyb/radar_station_all/radar_station_fixed_class/install/my_msgss/share/my_msgss/cmake/export_my_msgss__rosidl_typesupport_fastrtps_cppExport.cmake
[0.520s] -- Up-to-date: /home/mechax/zyb/radar_station_all/radar_station_fixed_class/install/my_msgss/share/my_msgss/cmake/export_my_msgss__rosidl_typesupport_fastrtps_cppExport-noconfig.cmake
[0.520s] -- Up-to-date: /home/mechax/zyb/radar_station_all/radar_station_fixed_class/install/my_msgss/share/my_msgss/cmake/my_msgss__rosidl_typesupport_introspection_cppExport.cmake
[0.520s] -- Up-to-date: /home/mechax/zyb/radar_station_all/radar_station_fixed_class/install/my_msgss/share/my_msgss/cmake/my_msgss__rosidl_typesupport_introspection_cppExport-noconfig.cmake
[0.520s] -- Up-to-date: /home/mechax/zyb/radar_station_all/radar_station_fixed_class/install/my_msgss/share/my_msgss/cmake/my_msgss__rosidl_typesupport_cppExport.cmake
[0.521s] -- Up-to-date: /home/mechax/zyb/radar_station_all/radar_station_fixed_class/install/my_msgss/share/my_msgss/cmake/my_msgss__rosidl_typesupport_cppExport-noconfig.cmake
[0.521s] -- Up-to-date: /home/mechax/zyb/radar_station_all/radar_station_fixed_class/install/my_msgss/share/my_msgss/cmake/export_my_msgss__rosidl_generator_pyExport.cmake
[0.521s] -- Up-to-date: /home/mechax/zyb/radar_station_all/radar_station_fixed_class/install/my_msgss/share/my_msgss/cmake/export_my_msgss__rosidl_generator_pyExport-noconfig.cmake
[0.521s] -- Up-to-date: /home/mechax/zyb/radar_station_all/radar_station_fixed_class/install/my_msgss/share/my_msgss/cmake/rosidl_cmake-extras.cmake
[0.521s] -- Up-to-date: /home/mechax/zyb/radar_station_all/radar_station_fixed_class/install/my_msgss/share/my_msgss/cmake/ament_cmake_export_include_directories-extras.cmake
[0.522s] -- Up-to-date: /home/mechax/zyb/radar_station_all/radar_station_fixed_class/install/my_msgss/share/my_msgss/cmake/ament_cmake_export_libraries-extras.cmake
[0.522s] -- Up-to-date: /home/mechax/zyb/radar_station_all/radar_station_fixed_class/install/my_msgss/share/my_msgss/cmake/ament_cmake_export_targets-extras.cmake
[0.522s] -- Up-to-date: /home/mechax/zyb/radar_station_all/radar_station_fixed_class/install/my_msgss/share/my_msgss/cmake/rosidl_cmake_export_typesupport_targets-extras.cmake
[0.522s] -- Up-to-date: /home/mechax/zyb/radar_station_all/radar_station_fixed_class/install/my_msgss/share/my_msgss/cmake/ament_cmake_export_dependencies-extras.cmake
[0.522s] -- Up-to-date: /home/mechax/zyb/radar_station_all/radar_station_fixed_class/install/my_msgss/share/my_msgss/cmake/rosidl_cmake_export_typesupport_libraries-extras.cmake
[0.522s] -- Up-to-date: /home/mechax/zyb/radar_station_all/radar_station_fixed_class/install/my_msgss/share/my_msgss/cmake/my_msgssConfig.cmake
[0.522s] -- Up-to-date: /home/mechax/zyb/radar_station_all/radar_station_fixed_class/install/my_msgss/share/my_msgss/cmake/my_msgssConfig-version.cmake
[0.522s] -- Up-to-date: /home/mechax/zyb/radar_station_all/radar_station_fixed_class/install/my_msgss/share/my_msgss/package.xml
[0.522s] Invoked command in '/home/mechax/zyb/radar_station_all/radar_station_fixed_class/build/my_msgss' returned '0': CMAKE_PREFIX_PATH=${CMAKE_PREFIX_PATH}:/opt/ros/humble /usr/bin/cmake --install /home/mechax/zyb/radar_station_all/radar_station_fixed_class/build/my_msgss
