[0.094s] Invoking command in '/home/mechax/zyb/radar_station_all/radar_station_fixed_class/build/Qt5_displayer': AMENT_PREFIX_PATH=/home/mechax/zyb/radar_station_all/radar_station_fixed_class/install/my_msgss:${AMENT_PREFIX_PATH} CMAKE_PREFIX_PATH=/home/mechax/zyb/radar_station_all/radar_station_fixed_class/install/my_msgss:/home/mechax/ws_livox/install/livox_ros2_driver:/home/mechax/ws_livox/install/livox_sdk_vendor:/home/mechax/ws_livox/install/livox_interfaces:/opt/ros/humble LD_LIBRARY_PATH=/home/mechax/zyb/radar_station_all/radar_station_fixed_class/install/my_msgss/lib:/opt/MVS/lib/64:/opt/MVS/lib/32:/opt/MVS/lib/64:/opt/MVS/lib/32:/home/mechax/ws_livox/install/livox_ros2_driver/lib:/home/mechax/ws_livox/install/livox_interfaces/lib:/usr/lib/x86_64-linux-gnu/gazebo-11/plugins:/opt/ros/humble/opt/rviz_ogre_vendor/lib:/opt/ros/humble/lib/x86_64-linux-gnu:/opt/ros/humble/lib:/opt/MVS/lib/64:/opt/MVS/lib/32:/opt/MVS/lib/64:/opt/MVS/lib/32 PYTHONPATH=/home/mechax/zyb/radar_station_all/radar_station_fixed_class/install/my_msgss/local/lib/python3.10/dist-packages:${PYTHONPATH} /usr/bin/cmake --build /home/mechax/zyb/radar_station_all/radar_station_fixed_class/build/Qt5_displayer -- -j16 -l16
[0.127s] [ 12%] [34m[1mAutomatic MOC and UIC for target Qt5_displayer[0m
[0.148s] [ 12%] Built target Qt5_displayer_autogen
[0.177s] [ 25%] [32mBuilding CXX object CMakeFiles/Qt5_displayer.dir/src/radarstation.cpp.o[0m
[2.778s] [01m[K/home/mechax/zyb/radar_station_all/radar_station_fixed_class/src/Qt5_displayer/src/radarstation.cpp:[m[K In member function ‘[01m[Kvoid radarStation::farPointsUpdate()[m[K’:
[2.779s] [01m[K/home/mechax/zyb/radar_station_all/radar_station_fixed_class/src/Qt5_displayer/src/radarstation.cpp:236:22:[m[K [01;35m[Kwarning: [m[Kcomparison of integer expressions of different signedness: ‘[01m[Kint[m[K’ and ‘[01m[Kstd::vector<Robot>::size_type[m[K’ {aka ‘[01m[Klong unsigned int[m[K’} [[01;35m[K]8;;https://gcc.gnu.org/onlinedocs/gcc/Warning-Options.html#index-Wsign-compare-Wsign-compare]8;;[m[K]
[2.779s]   236 |     for(int i = 1; [01;35m[Ki < ui->map->far_robots.size()[m[K;i++)
[2.779s]       |                    [01;35m[K~~^~~~~~~~~~~~~~~~~~~~~~~~~~~~[m[K
[2.779s] [01m[K/home/mechax/zyb/radar_station_all/radar_station_fixed_class/src/Qt5_displayer/src/radarstation.cpp:[m[K In member function ‘[01m[Kvoid radarStation::closePointsUpdate()[m[K’:
[2.780s] [01m[K/home/mechax/zyb/radar_station_all/radar_station_fixed_class/src/Qt5_displayer/src/radarstation.cpp:267:22:[m[K [01;35m[Kwarning: [m[Kcomparison of integer expressions of different signedness: ‘[01m[Kint[m[K’ and ‘[01m[Kstd::vector<Robot>::size_type[m[K’ {aka ‘[01m[Klong unsigned int[m[K’} [[01;35m[K]8;;https://gcc.gnu.org/onlinedocs/gcc/Warning-Options.html#index-Wsign-compare-Wsign-compare]8;;[m[K]
[2.780s]   267 |     for(int i = 1; [01;35m[Ki < ui->map->close_robots.size()[m[K;i++)
[2.780s]       |                    [01;35m[K~~^~~~~~~~~~~~~~~~~~~~~~~~~~~~~~[m[K
[3.625s] [ 37%] [32m[1mLinking CXX executable Qt5_displayer[0m
[4.258s] /usr/bin/ld: warning: libopencv_imgcodecs.so.4.5d, needed by /opt/ros/humble/lib/libcv_bridge.so, may conflict with libopencv_imgcodecs.so.408
[4.258s] /usr/bin/ld: warning: libopencv_imgproc.so.4.5d, needed by /opt/ros/humble/lib/libcv_bridge.so, may conflict with libopencv_imgproc.so.408
[4.258s] /usr/bin/ld: warning: libopencv_core.so.4.5d, needed by /opt/ros/humble/lib/libcv_bridge.so, may conflict with libopencv_core.so.408
[4.759s] [100%] Built target Qt5_displayer
[4.767s] Invoked command in '/home/mechax/zyb/radar_station_all/radar_station_fixed_class/build/Qt5_displayer' returned '0': AMENT_PREFIX_PATH=/home/mechax/zyb/radar_station_all/radar_station_fixed_class/install/my_msgss:${AMENT_PREFIX_PATH} CMAKE_PREFIX_PATH=/home/mechax/zyb/radar_station_all/radar_station_fixed_class/install/my_msgss:/home/mechax/ws_livox/install/livox_ros2_driver:/home/mechax/ws_livox/install/livox_sdk_vendor:/home/mechax/ws_livox/install/livox_interfaces:/opt/ros/humble LD_LIBRARY_PATH=/home/mechax/zyb/radar_station_all/radar_station_fixed_class/install/my_msgss/lib:/opt/MVS/lib/64:/opt/MVS/lib/32:/opt/MVS/lib/64:/opt/MVS/lib/32:/home/mechax/ws_livox/install/livox_ros2_driver/lib:/home/mechax/ws_livox/install/livox_interfaces/lib:/usr/lib/x86_64-linux-gnu/gazebo-11/plugins:/opt/ros/humble/opt/rviz_ogre_vendor/lib:/opt/ros/humble/lib/x86_64-linux-gnu:/opt/ros/humble/lib:/opt/MVS/lib/64:/opt/MVS/lib/32:/opt/MVS/lib/64:/opt/MVS/lib/32 PYTHONPATH=/home/mechax/zyb/radar_station_all/radar_station_fixed_class/install/my_msgss/local/lib/python3.10/dist-packages:${PYTHONPATH} /usr/bin/cmake --build /home/mechax/zyb/radar_station_all/radar_station_fixed_class/build/Qt5_displayer -- -j16 -l16
[4.790s] Invoking command in '/home/mechax/zyb/radar_station_all/radar_station_fixed_class/build/Qt5_displayer': AMENT_PREFIX_PATH=/home/mechax/zyb/radar_station_all/radar_station_fixed_class/install/my_msgss:${AMENT_PREFIX_PATH} CMAKE_PREFIX_PATH=/home/mechax/zyb/radar_station_all/radar_station_fixed_class/install/my_msgss:/home/mechax/ws_livox/install/livox_ros2_driver:/home/mechax/ws_livox/install/livox_sdk_vendor:/home/mechax/ws_livox/install/livox_interfaces:/opt/ros/humble LD_LIBRARY_PATH=/home/mechax/zyb/radar_station_all/radar_station_fixed_class/install/my_msgss/lib:/opt/MVS/lib/64:/opt/MVS/lib/32:/opt/MVS/lib/64:/opt/MVS/lib/32:/home/mechax/ws_livox/install/livox_ros2_driver/lib:/home/mechax/ws_livox/install/livox_interfaces/lib:/usr/lib/x86_64-linux-gnu/gazebo-11/plugins:/opt/ros/humble/opt/rviz_ogre_vendor/lib:/opt/ros/humble/lib/x86_64-linux-gnu:/opt/ros/humble/lib:/opt/MVS/lib/64:/opt/MVS/lib/32:/opt/MVS/lib/64:/opt/MVS/lib/32 PYTHONPATH=/home/mechax/zyb/radar_station_all/radar_station_fixed_class/install/my_msgss/local/lib/python3.10/dist-packages:${PYTHONPATH} /usr/bin/cmake --install /home/mechax/zyb/radar_station_all/radar_station_fixed_class/build/Qt5_displayer
[4.795s] -- Install configuration: ""
[4.795s] -- Installing: /home/mechax/zyb/radar_station_all/radar_station_fixed_class/install/Qt5_displayer/lib/Qt5_displayer/Qt5_displayer
[4.798s] -- Set runtime path of "/home/mechax/zyb/radar_station_all/radar_station_fixed_class/install/Qt5_displayer/lib/Qt5_displayer/Qt5_displayer" to ""
[4.798s] -- Up-to-date: /home/mechax/zyb/radar_station_all/radar_station_fixed_class/install/Qt5_displayer/share/Qt5_displayer/launch
[4.798s] -- Up-to-date: /home/mechax/zyb/radar_station_all/radar_station_fixed_class/install/Qt5_displayer/share/Qt5_displayer/launch/qt5_display_launch.py
[4.798s] -- Up-to-date: /home/mechax/zyb/radar_station_all/radar_station_fixed_class/install/Qt5_displayer/share/Qt5_displayer/map
[4.799s] -- Up-to-date: /home/mechax/zyb/radar_station_all/radar_station_fixed_class/install/Qt5_displayer/share/Qt5_displayer/map/redmap.png
[4.799s] -- Up-to-date: /home/mechax/zyb/radar_station_all/radar_station_fixed_class/install/Qt5_displayer/share/Qt5_displayer/map/bluemap.png
[4.799s] -- Up-to-date: /home/mechax/zyb/radar_station_all/radar_station_fixed_class/install/Qt5_displayer/share/ament_index/resource_index/package_run_dependencies/Qt5_displayer
[4.799s] -- Up-to-date: /home/mechax/zyb/radar_station_all/radar_station_fixed_class/install/Qt5_displayer/share/ament_index/resource_index/parent_prefix_path/Qt5_displayer
[4.799s] -- Up-to-date: /home/mechax/zyb/radar_station_all/radar_station_fixed_class/install/Qt5_displayer/share/Qt5_displayer/environment/ament_prefix_path.sh
[4.799s] -- Up-to-date: /home/mechax/zyb/radar_station_all/radar_station_fixed_class/install/Qt5_displayer/share/Qt5_displayer/environment/ament_prefix_path.dsv
[4.799s] -- Up-to-date: /home/mechax/zyb/radar_station_all/radar_station_fixed_class/install/Qt5_displayer/share/Qt5_displayer/environment/path.sh
[4.799s] -- Up-to-date: /home/mechax/zyb/radar_station_all/radar_station_fixed_class/install/Qt5_displayer/share/Qt5_displayer/environment/path.dsv
[4.799s] -- Up-to-date: /home/mechax/zyb/radar_station_all/radar_station_fixed_class/install/Qt5_displayer/share/Qt5_displayer/local_setup.bash
[4.799s] -- Up-to-date: /home/mechax/zyb/radar_station_all/radar_station_fixed_class/install/Qt5_displayer/share/Qt5_displayer/local_setup.sh
[4.799s] -- Up-to-date: /home/mechax/zyb/radar_station_all/radar_station_fixed_class/install/Qt5_displayer/share/Qt5_displayer/local_setup.zsh
[4.799s] -- Up-to-date: /home/mechax/zyb/radar_station_all/radar_station_fixed_class/install/Qt5_displayer/share/Qt5_displayer/local_setup.dsv
[4.799s] -- Installing: /home/mechax/zyb/radar_station_all/radar_station_fixed_class/install/Qt5_displayer/share/Qt5_displayer/package.dsv
[4.800s] -- Up-to-date: /home/mechax/zyb/radar_station_all/radar_station_fixed_class/install/Qt5_displayer/share/ament_index/resource_index/packages/Qt5_displayer
[4.800s] -- Up-to-date: /home/mechax/zyb/radar_station_all/radar_station_fixed_class/install/Qt5_displayer/share/Qt5_displayer/cmake/Qt5_displayerConfig.cmake
[4.800s] -- Up-to-date: /home/mechax/zyb/radar_station_all/radar_station_fixed_class/install/Qt5_displayer/share/Qt5_displayer/cmake/Qt5_displayerConfig-version.cmake
[4.800s] -- Up-to-date: /home/mechax/zyb/radar_station_all/radar_station_fixed_class/install/Qt5_displayer/share/Qt5_displayer/package.xml
[4.800s] Invoked command in '/home/mechax/zyb/radar_station_all/radar_station_fixed_class/build/Qt5_displayer' returned '0': AMENT_PREFIX_PATH=/home/mechax/zyb/radar_station_all/radar_station_fixed_class/install/my_msgss:${AMENT_PREFIX_PATH} CMAKE_PREFIX_PATH=/home/mechax/zyb/radar_station_all/radar_station_fixed_class/install/my_msgss:/home/mechax/ws_livox/install/livox_ros2_driver:/home/mechax/ws_livox/install/livox_sdk_vendor:/home/mechax/ws_livox/install/livox_interfaces:/opt/ros/humble LD_LIBRARY_PATH=/home/mechax/zyb/radar_station_all/radar_station_fixed_class/install/my_msgss/lib:/opt/MVS/lib/64:/opt/MVS/lib/32:/opt/MVS/lib/64:/opt/MVS/lib/32:/home/mechax/ws_livox/install/livox_ros2_driver/lib:/home/mechax/ws_livox/install/livox_interfaces/lib:/usr/lib/x86_64-linux-gnu/gazebo-11/plugins:/opt/ros/humble/opt/rviz_ogre_vendor/lib:/opt/ros/humble/lib/x86_64-linux-gnu:/opt/ros/humble/lib:/opt/MVS/lib/64:/opt/MVS/lib/32:/opt/MVS/lib/64:/opt/MVS/lib/32 PYTHONPATH=/home/mechax/zyb/radar_station_all/radar_station_fixed_class/install/my_msgss/local/lib/python3.10/dist-packages:${PYTHONPATH} /usr/bin/cmake --install /home/mechax/zyb/radar_station_all/radar_station_fixed_class/build/Qt5_displayer
