[ 12%] [34m[1mAutomatic MOC and UIC for target Qt5_displayer[0m
[ 12%] Built target Qt5_displayer_autogen
[35m[1mConsolidate compiler generated dependencies of target Qt5_displayer[0m
[ 25%] [32mBuilding CXX object CMakeFiles/Qt5_displayer.dir/src/radarstation.cpp.o[0m
[01m[K/home/mechax/zyb/radar_station_all/radar_station_fixed_class/src/Qt5_displayer/src/radarstation.cpp:[m[K In constructor ‘[01m[KradarStation::radarStation(QWidget*)[m[K’:
[01m[K/home/mechax/zyb/radar_station_all/radar_station_fixed_class/src/Qt5_displayer/src/radarstation.cpp:31:5:[m[K [01;31m[Kerror: [m[K‘[01m[KThread[m[K’ was not declared in this scope; did you mean ‘[01m[Kthread[m[K’?
   31 |     [01;31m[KThread[m[K far_thread;
      |     [01;31m[K^~~~~~[m[K
      |     [32m[Kthread[m[K
[01m[K/home/mechax/zyb/radar_station_all/radar_station_fixed_class/src/Qt5_displayer/src/radarstation.cpp:32:11:[m[K [01;31m[Kerror: [m[Kexpected ‘[01m[K;[m[K’ before ‘[01m[Kclose_thread[m[K’
   32 |     Thread[01;31m[K [m[K[32m[Kclose_thread[m[K;
      |           [01;31m[K^[m[K[32m[K~~~~~~~~~~~~[m[K
      |           [32m[K;[m[K
[01m[K/home/mechax/zyb/radar_station_all/radar_station_fixed_class/src/Qt5_displayer/src/radarstation.cpp:33:31:[m[K [01;31m[Kerror: [m[K‘[01m[Kfar_thread[m[K’ was not declared in this scope; did you mean ‘[01m[Kthread[m[K’?
   33 |     ui->farImg->moveToThread(&[01;31m[Kfar_thread[m[K);
      |                               [01;31m[K^~~~~~~~~~[m[K
      |                               [32m[Kthread[m[K
[01m[K/home/mechax/zyb/radar_station_all/radar_station_fixed_class/src/Qt5_displayer/src/radarstation.cpp:34:33:[m[K [01;31m[Kerror: [m[K‘[01m[Kclose_thread[m[K’ was not declared in this scope
   34 |     ui->closeImg->moveToThread(&[01;31m[Kclose_thread[m[K);
      |                                 [01;31m[K^~~~~~~~~~~~[m[K
[01m[K/home/mechax/zyb/radar_station_all/radar_station_fixed_class/src/Qt5_displayer/src/radarstation.cpp:[m[K In member function ‘[01m[Kvoid radarStation::farPointsUpdate()[m[K’:
[01m[K/home/mechax/zyb/radar_station_all/radar_station_fixed_class/src/Qt5_displayer/src/radarstation.cpp:235:22:[m[K [01;35m[Kwarning: [m[Kcomparison of integer expressions of different signedness: ‘[01m[Kint[m[K’ and ‘[01m[Kstd::vector<Robot>::size_type[m[K’ {aka ‘[01m[Klong unsigned int[m[K’} [[01;35m[K]8;;https://gcc.gnu.org/onlinedocs/gcc/Warning-Options.html#index-Wsign-compare-Wsign-compare]8;;[m[K]
  235 |     for(int i = 1; [01;35m[Ki < ui->map->far_robots.size()[m[K;i++)
      |                    [01;35m[K~~^~~~~~~~~~~~~~~~~~~~~~~~~~~~[m[K
[01m[K/home/mechax/zyb/radar_station_all/radar_station_fixed_class/src/Qt5_displayer/src/radarstation.cpp:[m[K In member function ‘[01m[Kvoid radarStation::closePointsUpdate()[m[K’:
[01m[K/home/mechax/zyb/radar_station_all/radar_station_fixed_class/src/Qt5_displayer/src/radarstation.cpp:266:22:[m[K [01;35m[Kwarning: [m[Kcomparison of integer expressions of different signedness: ‘[01m[Kint[m[K’ and ‘[01m[Kstd::vector<Robot>::size_type[m[K’ {aka ‘[01m[Klong unsigned int[m[K’} [[01;35m[K]8;;https://gcc.gnu.org/onlinedocs/gcc/Warning-Options.html#index-Wsign-compare-Wsign-compare]8;;[m[K]
  266 |     for(int i = 1; [01;35m[Ki < ui->map->close_robots.size()[m[K;i++)
      |                    [01;35m[K~~^~~~~~~~~~~~~~~~~~~~~~~~~~~~~~[m[K
gmake[2]: *** [CMakeFiles/Qt5_displayer.dir/build.make:132: CMakeFiles/Qt5_displayer.dir/src/radarstation.cpp.o] Error 1
gmake[1]: *** [CMakeFiles/Makefile2:138: CMakeFiles/Qt5_displayer.dir/all] Error 2
gmake: *** [Makefile:146: all] Error 2
