[0.091s] Invoking command in '/home/mechax/zyb/radar_station_all/radar_station_fixed_class/build/Qt5_displayer': AMENT_PREFIX_PATH=/home/mechax/zyb/radar_station_all/radar_station_fixed_class/install/my_msgss:${AMENT_PREFIX_PATH} CMAKE_PREFIX_PATH=/home/mechax/zyb/radar_station_all/radar_station_fixed_class/install/my_msgss:/home/mechax/ws_livox/install/livox_ros2_driver:/home/mechax/ws_livox/install/livox_sdk_vendor:/home/mechax/ws_livox/install/livox_interfaces:/opt/ros/humble LD_LIBRARY_PATH=/home/mechax/zyb/radar_station_all/radar_station_fixed_class/install/my_msgss/lib:/opt/MVS/lib/64:/opt/MVS/lib/32:/opt/MVS/lib/64:/opt/MVS/lib/32:/home/mechax/ws_livox/install/livox_ros2_driver/lib:/home/mechax/ws_livox/install/livox_interfaces/lib:/usr/lib/x86_64-linux-gnu/gazebo-11/plugins:/opt/ros/humble/opt/rviz_ogre_vendor/lib:/opt/ros/humble/lib/x86_64-linux-gnu:/opt/ros/humble/lib:/opt/MVS/lib/64:/opt/MVS/lib/32:/opt/MVS/lib/64:/opt/MVS/lib/32 PYTHONPATH=/home/mechax/zyb/radar_station_all/radar_station_fixed_class/install/my_msgss/local/lib/python3.10/dist-packages:${PYTHONPATH} /usr/bin/cmake --build /home/mechax/zyb/radar_station_all/radar_station_fixed_class/build/Qt5_displayer -- -j16 -l16
[0.126s] [ 12%] [34m[1mAutomatic MOC and UIC for target Qt5_displayer[0m
[0.143s] [ 12%] Built target Qt5_displayer_autogen
[0.153s] [35m[1mConsolidate compiler generated dependencies of target Qt5_displayer[0m
[0.182s] [ 25%] [32mBuilding CXX object CMakeFiles/Qt5_displayer.dir/src/radarstation.cpp.o[0m
[2.733s] [01m[K/home/mechax/zyb/radar_station_all/radar_station_fixed_class/src/Qt5_displayer/src/radarstation.cpp:[m[K In constructor ‘[01m[KradarStation::radarStation(QWidget*)[m[K’:
[2.733s] [01m[K/home/mechax/zyb/radar_station_all/radar_station_fixed_class/src/Qt5_displayer/src/radarstation.cpp:31:5:[m[K [01;31m[Kerror: [m[K‘[01m[KThread[m[K’ was not declared in this scope; did you mean ‘[01m[Kthread[m[K’?
[2.733s]    31 |     [01;31m[KThread[m[K far_thread;
[2.733s]       |     [01;31m[K^~~~~~[m[K
[2.733s]       |     [32m[Kthread[m[K
[2.733s] [01m[K/home/mechax/zyb/radar_station_all/radar_station_fixed_class/src/Qt5_displayer/src/radarstation.cpp:32:11:[m[K [01;31m[Kerror: [m[Kexpected ‘[01m[K;[m[K’ before ‘[01m[Kclose_thread[m[K’
[2.733s]    32 |     Thread[01;31m[K [m[K[32m[Kclose_thread[m[K;
[2.733s]       |           [01;31m[K^[m[K[32m[K~~~~~~~~~~~~[m[K
[2.733s]       |           [32m[K;[m[K
[2.739s] [01m[K/home/mechax/zyb/radar_station_all/radar_station_fixed_class/src/Qt5_displayer/src/radarstation.cpp:33:31:[m[K [01;31m[Kerror: [m[K‘[01m[Kfar_thread[m[K’ was not declared in this scope; did you mean ‘[01m[Kthread[m[K’?
[2.739s]    33 |     ui->farImg->moveToThread(&[01;31m[Kfar_thread[m[K);
[2.739s]       |                               [01;31m[K^~~~~~~~~~[m[K
[2.739s]       |                               [32m[Kthread[m[K
[2.746s] [01m[K/home/mechax/zyb/radar_station_all/radar_station_fixed_class/src/Qt5_displayer/src/radarstation.cpp:34:33:[m[K [01;31m[Kerror: [m[K‘[01m[Kclose_thread[m[K’ was not declared in this scope
[2.746s]    34 |     ui->closeImg->moveToThread(&[01;31m[Kclose_thread[m[K);
[2.746s]       |                                 [01;31m[K^~~~~~~~~~~~[m[K
[2.751s] [01m[K/home/mechax/zyb/radar_station_all/radar_station_fixed_class/src/Qt5_displayer/src/radarstation.cpp:[m[K In member function ‘[01m[Kvoid radarStation::farPointsUpdate()[m[K’:
[2.752s] [01m[K/home/mechax/zyb/radar_station_all/radar_station_fixed_class/src/Qt5_displayer/src/radarstation.cpp:235:22:[m[K [01;35m[Kwarning: [m[Kcomparison of integer expressions of different signedness: ‘[01m[Kint[m[K’ and ‘[01m[Kstd::vector<Robot>::size_type[m[K’ {aka ‘[01m[Klong unsigned int[m[K’} [[01;35m[K]8;;https://gcc.gnu.org/onlinedocs/gcc/Warning-Options.html#index-Wsign-compare-Wsign-compare]8;;[m[K]
[2.752s]   235 |     for(int i = 1; [01;35m[Ki < ui->map->far_robots.size()[m[K;i++)
[2.752s]       |                    [01;35m[K~~^~~~~~~~~~~~~~~~~~~~~~~~~~~~[m[K
[2.752s] [01m[K/home/mechax/zyb/radar_station_all/radar_station_fixed_class/src/Qt5_displayer/src/radarstation.cpp:[m[K In member function ‘[01m[Kvoid radarStation::closePointsUpdate()[m[K’:
[2.752s] [01m[K/home/mechax/zyb/radar_station_all/radar_station_fixed_class/src/Qt5_displayer/src/radarstation.cpp:266:22:[m[K [01;35m[Kwarning: [m[Kcomparison of integer expressions of different signedness: ‘[01m[Kint[m[K’ and ‘[01m[Kstd::vector<Robot>::size_type[m[K’ {aka ‘[01m[Klong unsigned int[m[K’} [[01;35m[K]8;;https://gcc.gnu.org/onlinedocs/gcc/Warning-Options.html#index-Wsign-compare-Wsign-compare]8;;[m[K]
[2.753s]   266 |     for(int i = 1; [01;35m[Ki < ui->map->close_robots.size()[m[K;i++)
[2.753s]       |                    [01;35m[K~~^~~~~~~~~~~~~~~~~~~~~~~~~~~~~~[m[K
[3.362s] gmake[2]: *** [CMakeFiles/Qt5_displayer.dir/build.make:132: CMakeFiles/Qt5_displayer.dir/src/radarstation.cpp.o] Error 1
[3.362s] gmake[1]: *** [CMakeFiles/Makefile2:138: CMakeFiles/Qt5_displayer.dir/all] Error 2
[3.362s] gmake: *** [Makefile:146: all] Error 2
[3.364s] Invoked command in '/home/mechax/zyb/radar_station_all/radar_station_fixed_class/build/Qt5_displayer' returned '2': AMENT_PREFIX_PATH=/home/mechax/zyb/radar_station_all/radar_station_fixed_class/install/my_msgss:${AMENT_PREFIX_PATH} CMAKE_PREFIX_PATH=/home/mechax/zyb/radar_station_all/radar_station_fixed_class/install/my_msgss:/home/mechax/ws_livox/install/livox_ros2_driver:/home/mechax/ws_livox/install/livox_sdk_vendor:/home/mechax/ws_livox/install/livox_interfaces:/opt/ros/humble LD_LIBRARY_PATH=/home/mechax/zyb/radar_station_all/radar_station_fixed_class/install/my_msgss/lib:/opt/MVS/lib/64:/opt/MVS/lib/32:/opt/MVS/lib/64:/opt/MVS/lib/32:/home/mechax/ws_livox/install/livox_ros2_driver/lib:/home/mechax/ws_livox/install/livox_interfaces/lib:/usr/lib/x86_64-linux-gnu/gazebo-11/plugins:/opt/ros/humble/opt/rviz_ogre_vendor/lib:/opt/ros/humble/lib/x86_64-linux-gnu:/opt/ros/humble/lib:/opt/MVS/lib/64:/opt/MVS/lib/32:/opt/MVS/lib/64:/opt/MVS/lib/32 PYTHONPATH=/home/mechax/zyb/radar_station_all/radar_station_fixed_class/install/my_msgss/local/lib/python3.10/dist-packages:${PYTHONPATH} /usr/bin/cmake --build /home/mechax/zyb/radar_station_all/radar_station_fixed_class/build/Qt5_displayer -- -j16 -l16
