[ 12%] [34m[1mAutomatic MOC and UIC for target Qt5_displayer[0m
[ 12%] Built target Qt5_displayer_autogen
[35m[1mConsolidate compiler generated dependencies of target Qt5_displayer[0m
[ 25%] [32mBuilding CXX object CMakeFiles/Qt5_displayer.dir/src/radarstation.cpp.o[0m
[01m[K/home/mechax/zyb/radar_station_all/radar_station_fixed_class/src/Qt5_displayer/src/radarstation.cpp:[m[K In member function ‘[01m[Kvoid radarStation::farPointsUpdate()[m[K’:
[01m[K/home/mechax/zyb/radar_station_all/radar_station_fixed_class/src/Qt5_displayer/src/radarstation.cpp:228:22:[m[K [01;35m[Kwarning: [m[Kcomparison of integer expressions of different signedness: ‘[01m[Kint[m[K’ and ‘[01m[Kstd::vector<Robot>::size_type[m[K’ {aka ‘[01m[Klong unsigned int[m[K’} [[01;35m[K]8;;https://gcc.gnu.org/onlinedocs/gcc/Warning-Options.html#index-Wsign-compare-Wsign-compare]8;;[m[K]
  228 |     for(int i = 1; [01;35m[Ki < ui->map->far_robots.size()[m[K;i++)
      |                    [01;35m[K~~^~~~~~~~~~~~~~~~~~~~~~~~~~~~[m[K
[01m[K/home/mechax/zyb/radar_station_all/radar_station_fixed_class/src/Qt5_displayer/src/radarstation.cpp:[m[K In member function ‘[01m[Kvoid radarStation::closePointsUpdate()[m[K’:
[01m[K/home/mechax/zyb/radar_station_all/radar_station_fixed_class/src/Qt5_displayer/src/radarstation.cpp:259:22:[m[K [01;35m[Kwarning: [m[Kcomparison of integer expressions of different signedness: ‘[01m[Kint[m[K’ and ‘[01m[Kstd::vector<Robot>::size_type[m[K’ {aka ‘[01m[Klong unsigned int[m[K’} [[01;35m[K]8;;https://gcc.gnu.org/onlinedocs/gcc/Warning-Options.html#index-Wsign-compare-Wsign-compare]8;;[m[K]
  259 |     for(int i = 1; [01;35m[Ki < ui->map->close_robots.size()[m[K;i++)
      |                    [01;35m[K~~^~~~~~~~~~~~~~~~~~~~~~~~~~~~~~[m[K
[ 37%] [32m[1mLinking CXX executable Qt5_displayer[0m
/usr/bin/ld: warning: libopencv_imgcodecs.so.4.5d, needed by /opt/ros/humble/lib/libcv_bridge.so, may conflict with libopencv_imgcodecs.so.408
/usr/bin/ld: warning: libopencv_imgproc.so.4.5d, needed by /opt/ros/humble/lib/libcv_bridge.so, may conflict with libopencv_imgproc.so.408
/usr/bin/ld: warning: libopencv_core.so.4.5d, needed by /opt/ros/humble/lib/libcv_bridge.so, may conflict with libopencv_core.so.408
[100%] Built target Qt5_displayer
-- Install configuration: ""
-- Installing: /home/mechax/zyb/radar_station_all/radar_station_fixed_class/install/Qt5_displayer/lib/Qt5_displayer/Qt5_displayer
-- Set runtime path of "/home/mechax/zyb/radar_station_all/radar_station_fixed_class/install/Qt5_displayer/lib/Qt5_displayer/Qt5_displayer" to ""
-- Up-to-date: /home/mechax/zyb/radar_station_all/radar_station_fixed_class/install/Qt5_displayer/share/Qt5_displayer/launch
-- Up-to-date: /home/mechax/zyb/radar_station_all/radar_station_fixed_class/install/Qt5_displayer/share/Qt5_displayer/launch/qt5_display_launch.py
-- Up-to-date: /home/mechax/zyb/radar_station_all/radar_station_fixed_class/install/Qt5_displayer/share/Qt5_displayer/map
-- Up-to-date: /home/mechax/zyb/radar_station_all/radar_station_fixed_class/install/Qt5_displayer/share/Qt5_displayer/map/redmap.png
-- Up-to-date: /home/mechax/zyb/radar_station_all/radar_station_fixed_class/install/Qt5_displayer/share/Qt5_displayer/map/bluemap.png
-- Up-to-date: /home/mechax/zyb/radar_station_all/radar_station_fixed_class/install/Qt5_displayer/share/ament_index/resource_index/package_run_dependencies/Qt5_displayer
-- Up-to-date: /home/mechax/zyb/radar_station_all/radar_station_fixed_class/install/Qt5_displayer/share/ament_index/resource_index/parent_prefix_path/Qt5_displayer
-- Up-to-date: /home/mechax/zyb/radar_station_all/radar_station_fixed_class/install/Qt5_displayer/share/Qt5_displayer/environment/ament_prefix_path.sh
-- Up-to-date: /home/mechax/zyb/radar_station_all/radar_station_fixed_class/install/Qt5_displayer/share/Qt5_displayer/environment/ament_prefix_path.dsv
-- Up-to-date: /home/mechax/zyb/radar_station_all/radar_station_fixed_class/install/Qt5_displayer/share/Qt5_displayer/environment/path.sh
-- Up-to-date: /home/mechax/zyb/radar_station_all/radar_station_fixed_class/install/Qt5_displayer/share/Qt5_displayer/environment/path.dsv
-- Up-to-date: /home/mechax/zyb/radar_station_all/radar_station_fixed_class/install/Qt5_displayer/share/Qt5_displayer/local_setup.bash
-- Up-to-date: /home/mechax/zyb/radar_station_all/radar_station_fixed_class/install/Qt5_displayer/share/Qt5_displayer/local_setup.sh
-- Up-to-date: /home/mechax/zyb/radar_station_all/radar_station_fixed_class/install/Qt5_displayer/share/Qt5_displayer/local_setup.zsh
-- Up-to-date: /home/mechax/zyb/radar_station_all/radar_station_fixed_class/install/Qt5_displayer/share/Qt5_displayer/local_setup.dsv
-- Installing: /home/mechax/zyb/radar_station_all/radar_station_fixed_class/install/Qt5_displayer/share/Qt5_displayer/package.dsv
-- Up-to-date: /home/mechax/zyb/radar_station_all/radar_station_fixed_class/install/Qt5_displayer/share/ament_index/resource_index/packages/Qt5_displayer
-- Up-to-date: /home/mechax/zyb/radar_station_all/radar_station_fixed_class/install/Qt5_displayer/share/Qt5_displayer/cmake/Qt5_displayerConfig.cmake
-- Up-to-date: /home/mechax/zyb/radar_station_all/radar_station_fixed_class/install/Qt5_displayer/share/Qt5_displayer/cmake/Qt5_displayerConfig-version.cmake
-- Up-to-date: /home/mechax/zyb/radar_station_all/radar_station_fixed_class/install/Qt5_displayer/share/Qt5_displayer/package.xml
