[0.074s] Invoking command in '/home/mechax/zyb/radar_station_all/radar_station_fixed_class/build/hik_camera': CMAKE_PREFIX_PATH=${CMAKE_PREFIX_PATH}:/opt/ros/humble /usr/bin/cmake --build /home/mechax/zyb/radar_station_all/radar_station_fixed_class/build/hik_camera -- -j16 -l16
[0.111s] [ 25%] [32mBuilding CXX object CMakeFiles/hik_camera.dir/src/hik_camera_node.cpp.o[0m
[0.116s] [ 75%] Built target hik_camera_node
[2.164s] [100%] [32m[1mLinking CXX shared library libhik_camera.so[0m
[2.247s] [100%] Built target hik_camera
[2.254s] Invoked command in '/home/mechax/zyb/radar_station_all/radar_station_fixed_class/build/hik_camera' returned '0': CMAKE_PREFIX_PATH=${CMAKE_PREFIX_PATH}:/opt/ros/humble /usr/bin/cmake --build /home/mechax/zyb/radar_station_all/radar_station_fixed_class/build/hik_camera -- -j16 -l16
[2.272s] Invoking command in '/home/mechax/zyb/radar_station_all/radar_station_fixed_class/build/hik_camera': CMAKE_PREFIX_PATH=${CMAKE_PREFIX_PATH}:/opt/ros/humble /usr/bin/cmake --install /home/mechax/zyb/radar_station_all/radar_station_fixed_class/build/hik_camera
[2.277s] -- Install configuration: ""
[2.277s] -- Up-to-date: /home/mechax/zyb/radar_station_all/radar_station_fixed_class/install/hik_camera/lib
[2.277s] -- Up-to-date: /home/mechax/zyb/radar_station_all/radar_station_fixed_class/install/hik_camera/lib/libFormatConversion.so
[2.277s] -- Up-to-date: /home/mechax/zyb/radar_station_all/radar_station_fixed_class/install/hik_camera/lib/libMvCameraControl.so
[2.277s] -- Up-to-date: /home/mechax/zyb/radar_station_all/radar_station_fixed_class/install/hik_camera/lib/libMvUsb3vTL.so
[2.277s] -- Up-to-date: /home/mechax/zyb/radar_station_all/radar_station_fixed_class/install/hik_camera/lib/libMVRender.so
[2.277s] -- Up-to-date: /home/mechax/zyb/radar_station_all/radar_station_fixed_class/install/hik_camera/lib/libMediaProcess.so
[2.277s] -- Up-to-date: /home/mechax/zyb/radar_station_all/radar_station_fixed_class/install/hik_camera/lib/hik_camera/hik_camera_node
[2.277s] -- Up-to-date: /home/mechax/zyb/radar_station_all/radar_station_fixed_class/install/hik_camera/share/hik_camera/environment/library_path.sh
[2.277s] -- Up-to-date: /home/mechax/zyb/radar_station_all/radar_station_fixed_class/install/hik_camera/share/hik_camera/environment/library_path.dsv
[2.277s] -- Installing: /home/mechax/zyb/radar_station_all/radar_station_fixed_class/install/hik_camera/lib/libhik_camera.so
[2.278s] -- Set runtime path of "/home/mechax/zyb/radar_station_all/radar_station_fixed_class/install/hik_camera/lib/libhik_camera.so" to ""
[2.278s] -- Up-to-date: /home/mechax/zyb/radar_station_all/radar_station_fixed_class/install/hik_camera/share/hik_camera/config
[2.278s] -- Up-to-date: /home/mechax/zyb/radar_station_all/radar_station_fixed_class/install/hik_camera/share/hik_camera/config/camera_params.yaml
[2.278s] -- Up-to-date: /home/mechax/zyb/radar_station_all/radar_station_fixed_class/install/hik_camera/share/hik_camera/config/right_camera_info.yaml
[2.278s] -- Up-to-date: /home/mechax/zyb/radar_station_all/radar_station_fixed_class/install/hik_camera/share/hik_camera/config/left_camera_info.yaml
[2.278s] -- Up-to-date: /home/mechax/zyb/radar_station_all/radar_station_fixed_class/install/hik_camera/share/hik_camera/launch
[2.278s] -- Up-to-date: /home/mechax/zyb/radar_station_all/radar_station_fixed_class/install/hik_camera/share/hik_camera/launch/hik_camera.launch.py
[2.278s] -- Up-to-date: /home/mechax/zyb/radar_station_all/radar_station_fixed_class/install/hik_camera/share/ament_index/resource_index/package_run_dependencies/hik_camera
[2.278s] -- Up-to-date: /home/mechax/zyb/radar_station_all/radar_station_fixed_class/install/hik_camera/share/ament_index/resource_index/parent_prefix_path/hik_camera
[2.278s] -- Up-to-date: /home/mechax/zyb/radar_station_all/radar_station_fixed_class/install/hik_camera/share/hik_camera/environment/ament_prefix_path.sh
[2.278s] -- Up-to-date: /home/mechax/zyb/radar_station_all/radar_station_fixed_class/install/hik_camera/share/hik_camera/environment/ament_prefix_path.dsv
[2.278s] -- Up-to-date: /home/mechax/zyb/radar_station_all/radar_station_fixed_class/install/hik_camera/share/hik_camera/environment/path.sh
[2.278s] -- Up-to-date: /home/mechax/zyb/radar_station_all/radar_station_fixed_class/install/hik_camera/share/hik_camera/environment/path.dsv
[2.278s] -- Up-to-date: /home/mechax/zyb/radar_station_all/radar_station_fixed_class/install/hik_camera/share/hik_camera/local_setup.bash
[2.278s] -- Up-to-date: /home/mechax/zyb/radar_station_all/radar_station_fixed_class/install/hik_camera/share/hik_camera/local_setup.sh
[2.278s] -- Up-to-date: /home/mechax/zyb/radar_station_all/radar_station_fixed_class/install/hik_camera/share/hik_camera/local_setup.zsh
[2.278s] -- Up-to-date: /home/mechax/zyb/radar_station_all/radar_station_fixed_class/install/hik_camera/share/hik_camera/local_setup.dsv
[2.278s] -- Installing: /home/mechax/zyb/radar_station_all/radar_station_fixed_class/install/hik_camera/share/hik_camera/package.dsv
[2.278s] -- Up-to-date: /home/mechax/zyb/radar_station_all/radar_station_fixed_class/install/hik_camera/share/ament_index/resource_index/packages/hik_camera
[2.278s] -- Up-to-date: /home/mechax/zyb/radar_station_all/radar_station_fixed_class/install/hik_camera/share/ament_index/resource_index/rclcpp_components/hik_camera
[2.278s] -- Up-to-date: /home/mechax/zyb/radar_station_all/radar_station_fixed_class/install/hik_camera/share/hik_camera/cmake/ament_cmake_export_dependencies-extras.cmake
[2.278s] -- Up-to-date: /home/mechax/zyb/radar_station_all/radar_station_fixed_class/install/hik_camera/share/hik_camera/cmake/ament_cmake_export_libraries-extras.cmake
[2.278s] -- Up-to-date: /home/mechax/zyb/radar_station_all/radar_station_fixed_class/install/hik_camera/share/hik_camera/cmake/hik_cameraConfig.cmake
[2.278s] -- Up-to-date: /home/mechax/zyb/radar_station_all/radar_station_fixed_class/install/hik_camera/share/hik_camera/cmake/hik_cameraConfig-version.cmake
[2.278s] -- Up-to-date: /home/mechax/zyb/radar_station_all/radar_station_fixed_class/install/hik_camera/share/hik_camera/package.xml
[2.279s] Invoked command in '/home/mechax/zyb/radar_station_all/radar_station_fixed_class/build/hik_camera' returned '0': CMAKE_PREFIX_PATH=${CMAKE_PREFIX_PATH}:/opt/ros/humble /usr/bin/cmake --install /home/mechax/zyb/radar_station_all/radar_station_fixed_class/build/hik_camera
