-- Found ament_cmake: 1.3.8 (/opt/ros/humble/share/ament_cmake/cmake)
-- Found rclcpp: 16.0.8 (/opt/ros/humble/share/rclcpp/cmake)
-- Found rosidl_generator_c: 3.1.5 (/opt/ros/humble/share/rosidl_generator_c/cmake)
-- Found rosidl_adapter: 3.1.5 (/opt/ros/humble/share/rosidl_adapter/cmake)
-- Found rosidl_generator_cpp: 3.1.5 (/opt/ros/humble/share/rosidl_generator_cpp/cmake)
-- Using all available rosidl_typesupport_c: rosidl_typesupport_fastrtps_c;rosidl_typesupport_introspection_c
-- Using all available rosidl_typesupport_cpp: rosidl_typesupport_fastrtps_cpp;rosidl_typesupport_introspection_cpp
-- Found rmw_implementation_cmake: 6.1.1 (/opt/ros/humble/share/rmw_implementation_cmake/cmake)
-- Found rmw_fastrtps_cpp: 6.2.6 (/opt/ros/humble/share/rmw_fastrtps_cpp/cmake)
-- Using RMW implementation 'rmw_fastrtps_cpp' as default
-- Found sensor_msgs: 4.2.3 (/opt/ros/humble/share/sensor_msgs/cmake)
-- Found cv_bridge: 3.2.1 (/opt/ros/humble/share/cv_bridge/cmake)
-- Found my_msgss: 0.0.0 (/home/mechax/zyb/radar_station_all/radar_station_fixed_class/install/my_msgss/share/my_msgss/cmake)
-- Found ament_lint_auto: 0.12.10 (/opt/ros/humble/share/ament_lint_auto/cmake)
-- Added test 'cppcheck' to perform static code analysis on C / C++ code
-- Configured cppcheck include dirs: /home/mechax/zyb/radar_station_all/radar_station_fixed_class/src/Qt5_displayer/include
-- Configured cppcheck exclude dirs and/or files: 
-- Added test 'flake8' to check Python code syntax and style conventions
-- Added test 'lint_cmake' to check CMake code style
-- Added test 'pep257' to check Python code against some of the docstring style conventions in PEP 257
-- Added test 'uncrustify' to check C / C++ code style
-- Configured uncrustify additional arguments: 
-- Added test 'xmllint' to check XML markup files
-- Configuring done
-- Generating done
-- Build files have been written to: /home/mechax/zyb/radar_station_all/radar_station_fixed_class/build/Qt5_displayer
[ 12%] [34m[1mAutomatic MOC and UIC for target Qt5_displayer[0m
[ 12%] Built target Qt5_displayer_autogen
[35m[1mConsolidate compiler generated dependencies of target Qt5_displayer[0m
[ 25%] [32mBuilding CXX object CMakeFiles/Qt5_displayer.dir/src/pnpwidget.cpp.o[0m
[ 37%] [32mBuilding CXX object CMakeFiles/Qt5_displayer.dir/src/radarstation.cpp.o[0m
[ 50%] [32m[1mLinking CXX executable Qt5_displayer[0m
[100%] Built target Qt5_displayer
-- Install configuration: ""
-- Installing: /home/mechax/zyb/radar_station_all/radar_station_fixed_class/install/Qt5_displayer/lib/Qt5_displayer/Qt5_displayer
-- Set runtime path of "/home/mechax/zyb/radar_station_all/radar_station_fixed_class/install/Qt5_displayer/lib/Qt5_displayer/Qt5_displayer" to ""
-- Up-to-date: /home/mechax/zyb/radar_station_all/radar_station_fixed_class/install/Qt5_displayer/share/Qt5_displayer/launch
-- Up-to-date: /home/mechax/zyb/radar_station_all/radar_station_fixed_class/install/Qt5_displayer/share/Qt5_displayer/launch/qt5_display_launch.py
-- Installing: /home/mechax/zyb/radar_station_all/radar_station_fixed_class/install/Qt5_displayer/share/Qt5_displayer/map
-- Installing: /home/mechax/zyb/radar_station_all/radar_station_fixed_class/install/Qt5_displayer/share/Qt5_displayer/map/redmap.png
-- Installing: /home/mechax/zyb/radar_station_all/radar_station_fixed_class/install/Qt5_displayer/share/Qt5_displayer/map/bluemap.png
-- Up-to-date: /home/mechax/zyb/radar_station_all/radar_station_fixed_class/install/Qt5_displayer/share/ament_index/resource_index/package_run_dependencies/Qt5_displayer
-- Up-to-date: /home/mechax/zyb/radar_station_all/radar_station_fixed_class/install/Qt5_displayer/share/ament_index/resource_index/parent_prefix_path/Qt5_displayer
-- Up-to-date: /home/mechax/zyb/radar_station_all/radar_station_fixed_class/install/Qt5_displayer/share/Qt5_displayer/environment/ament_prefix_path.sh
-- Installing: /home/mechax/zyb/radar_station_all/radar_station_fixed_class/install/Qt5_displayer/share/Qt5_displayer/environment/ament_prefix_path.dsv
-- Up-to-date: /home/mechax/zyb/radar_station_all/radar_station_fixed_class/install/Qt5_displayer/share/Qt5_displayer/environment/path.sh
-- Installing: /home/mechax/zyb/radar_station_all/radar_station_fixed_class/install/Qt5_displayer/share/Qt5_displayer/environment/path.dsv
-- Up-to-date: /home/mechax/zyb/radar_station_all/radar_station_fixed_class/install/Qt5_displayer/share/Qt5_displayer/local_setup.bash
-- Up-to-date: /home/mechax/zyb/radar_station_all/radar_station_fixed_class/install/Qt5_displayer/share/Qt5_displayer/local_setup.sh
-- Up-to-date: /home/mechax/zyb/radar_station_all/radar_station_fixed_class/install/Qt5_displayer/share/Qt5_displayer/local_setup.zsh
-- Installing: /home/mechax/zyb/radar_station_all/radar_station_fixed_class/install/Qt5_displayer/share/Qt5_displayer/local_setup.dsv
-- Installing: /home/mechax/zyb/radar_station_all/radar_station_fixed_class/install/Qt5_displayer/share/Qt5_displayer/package.dsv
-- Up-to-date: /home/mechax/zyb/radar_station_all/radar_station_fixed_class/install/Qt5_displayer/share/ament_index/resource_index/packages/Qt5_displayer
-- Up-to-date: /home/mechax/zyb/radar_station_all/radar_station_fixed_class/install/Qt5_displayer/share/Qt5_displayer/cmake/Qt5_displayerConfig.cmake
-- Up-to-date: /home/mechax/zyb/radar_station_all/radar_station_fixed_class/install/Qt5_displayer/share/Qt5_displayer/cmake/Qt5_displayerConfig-version.cmake
-- Up-to-date: /home/mechax/zyb/radar_station_all/radar_station_fixed_class/install/Qt5_displayer/share/Qt5_displayer/package.xml
