[0.135s] Invoking command in '/home/qianli/zyb/radar_station/build/Img_Handle': CMAKE_PREFIX_PATH=/home/qianli/zyb/radar_station/install/my_msgss:/home/qianli/zyb/radar_station/install/map_test:/home/qianli/zyb/radar_station/install/get_depth:/home/qianli/zyb/radar_station/install/Qt5_displayer:/home/qianli/zyb/radar_station/install/Img_Handle:/home/qianli/zyb/radar_station/install/Game_Map:/home/qianli/zyb/radar_station/install/mindvision_camera:/home/qianli/zyb/radar_station/install/Yolo_Handle:/opt/ros/humble /usr/bin/cmake --build /home/qianli/zyb/radar_station/build/Img_Handle -- -j16 -l16
[0.166s] [35m[1mConsolidate compiler generated dependencies of target Img_Sub[0m
[0.170s] [ 25%] Built target Img_Pub
[0.174s] [ 62%] Built target main
[0.183s] [ 75%] [32mBuilding CXX object CMakeFiles/Img_Sub.dir/src/img_sub.cpp.o[0m
[2.263s] [01m[K/home/qianli/zyb/radar_station/src/Img_Handle/src/img_sub.cpp:[m[K In member function ‘[01m[Kvoid Img_Sub::yolo_init()[m[K’:
[2.263s] [01m[K/home/qianli/zyb/radar_station/src/Img_Handle/src/img_sub.cpp:146:41:[m[K [01;31m[Kerror: [m[Kinvalid initialization of reference of type ‘[01m[Kcv::OutputArray[m[K’ {aka ‘[01m[Kconst cv::_OutputArray&[m[K’} from expression of type ‘[01m[Kint[m[K’
[2.263s]   146 |                         cv::resize(640, [01;31m[K640[m[K),
[2.263s]       |                                         [01;31m[K^~~[m[K
[2.263s] In file included from [01m[K/usr/include/opencv4/opencv2/opencv.hpp:74[m[K,
[2.264s]                  from [01m[K/home/qianli/zyb/radar_station/src/Img_Handle/include/img_sub.hpp:3[m[K,
[2.264s]                  from [01m[K/home/qianli/zyb/radar_station/src/Img_Handle/src/img_sub.cpp:1[m[K:
[2.264s] [01m[K/usr/include/opencv4/opencv2/imgproc.hpp:2320:55:[m[K [01;36m[Knote: [m[Kin passing argument 2 of ‘[01m[Kvoid cv::resize(cv::InputArray, cv::OutputArray, cv::Size, double, double, int)[m[K’
[2.264s]  2320 | CV_EXPORTS_W void resize( InputArray src, [01;36m[KOutputArray dst[m[K,
[2.264s]       |                                           [01;36m[K~~~~~~~~~~~~^~~[m[K
[2.264s] [01m[K/home/qianli/zyb/radar_station/src/Img_Handle/src/img_sub.cpp:150:41:[m[K [01;31m[Kerror: [m[Kinvalid initialization of reference of type ‘[01m[Kcv::OutputArray[m[K’ {aka ‘[01m[Kconst cv::_OutputArray&[m[K’} from expression of type ‘[01m[Kint[m[K’
[2.264s]   150 |                         cv::resize(640, [01;31m[K640[m[K),
[2.264s]       |                                         [01;31m[K^~~[m[K
[2.264s] In file included from [01m[K/usr/include/opencv4/opencv2/opencv.hpp:74[m[K,
[2.264s]                  from [01m[K/home/qianli/zyb/radar_station/src/Img_Handle/include/img_sub.hpp:3[m[K,
[2.264s]                  from [01m[K/home/qianli/zyb/radar_station/src/Img_Handle/src/img_sub.cpp:1[m[K:
[2.264s] [01m[K/usr/include/opencv4/opencv2/imgproc.hpp:2320:55:[m[K [01;36m[Knote: [m[Kin passing argument 2 of ‘[01m[Kvoid cv::resize(cv::InputArray, cv::OutputArray, cv::Size, double, double, int)[m[K’
[2.264s]  2320 | CV_EXPORTS_W void resize( InputArray src, [01;36m[KOutputArray dst[m[K,
[2.264s]       |                                           [01;36m[K~~~~~~~~~~~~^~~[m[K
[2.266s] [01m[K/home/qianli/zyb/radar_station/src/Img_Handle/src/img_sub.cpp:[m[K In member function ‘[01m[Kvoid Img_Sub::draw_img(cv::Mat&, my_msgss::msg::Yolopoints&)[m[K’:
[2.266s] [01m[K/home/qianli/zyb/radar_station/src/Img_Handle/src/img_sub.cpp:280:20:[m[K [01;35m[Kwarning: [m[Kcomparison of integer expressions of different signedness: ‘[01m[Kint[m[K’ and ‘[01m[Kstd::vector<my_msgss::msg::Yolopoint_<std::allocator<void> >, std::allocator<my_msgss::msg::Yolopoint_<std::allocator<void> > > >::size_type[m[K’ {aka ‘[01m[Klong unsigned int[m[K’} [[01;35m[K]8;;https://gcc.gnu.org/onlinedocs/gcc/Warning-Options.html#index-Wsign-compare-Wsign-compare]8;;[m[K]
[2.266s]   280 |     for(int i =0 ;[01;35m[Ki<robot_boxes.data.size()[m[K;i++)
[2.266s]       |                   [01;35m[K~^~~~~~~~~~~~~~~~~~~~~~~~[m[K
[4.281s] gmake[2]: *** [CMakeFiles/Img_Sub.dir/build.make:76：CMakeFiles/Img_Sub.dir/src/img_sub.cpp.o] 错误 1
[4.281s] gmake[1]: *** [CMakeFiles/Makefile2:167：CMakeFiles/Img_Sub.dir/all] 错误 2
[4.281s] gmake: *** [Makefile:146：all] 错误 2
[4.284s] Invoked command in '/home/qianli/zyb/radar_station/build/Img_Handle' returned '2': CMAKE_PREFIX_PATH=/home/qianli/zyb/radar_station/install/my_msgss:/home/qianli/zyb/radar_station/install/map_test:/home/qianli/zyb/radar_station/install/get_depth:/home/qianli/zyb/radar_station/install/Qt5_displayer:/home/qianli/zyb/radar_station/install/Img_Handle:/home/qianli/zyb/radar_station/install/Game_Map:/home/qianli/zyb/radar_station/install/mindvision_camera:/home/qianli/zyb/radar_station/install/Yolo_Handle:/opt/ros/humble /usr/bin/cmake --build /home/qianli/zyb/radar_station/build/Img_Handle -- -j16 -l16
