[0.561s] DEBUG:colcon:Command line arguments: ['/usr/bin/colcon', 'build']
[0.562s] DEBUG:colcon:Parsed command line arguments: Namespace(log_base=None, log_level=None, verb_name='build', build_base='build', install_base='install', merge_install=False, symlink_install=False, test_result_base=None, continue_on_error=False, executor='parallel', parallel_workers=16, event_handlers=None, ignore_user_meta=False, metas=['./colcon.meta'], base_paths=['.'], packages_ignore=None, packages_ignore_regex=None, paths=None, packages_up_to=None, packages_up_to_regex=None, packages_above=None, packages_above_and_dependencies=None, packages_above_depth=None, packages_select_by_dep=None, packages_skip_by_dep=None, packages_skip_up_to=None, packages_select_build_failed=False, packages_skip_build_finished=False, packages_select_test_failures=False, packages_skip_test_passed=False, packages_select=None, packages_skip=None, packages_select_regex=None, packages_skip_regex=None, packages_start=None, packages_end=None, allow_overriding=[], cmake_args=None, cmake_target=None, cmake_target_skip_unavailable=False, cmake_clean_cache=False, cmake_clean_first=False, cmake_force_configure=False, ament_cmake_args=None, catkin_cmake_args=None, catkin_skip_building_tests=False, verb_parser=<colcon_defaults.argument_parser.defaults.DefaultArgumentsDecorator object at 0x7f1a822da350>, verb_extension=<colcon_core.verb.build.BuildVerb object at 0x7f1a826fceb0>, main=<bound method BuildVerb.main of <colcon_core.verb.build.BuildVerb object at 0x7f1a826fceb0>>)
[0.592s] Level 1:colcon.colcon_core.package_discovery:discover_packages(colcon_meta) check parameters
[0.592s] Level 1:colcon.colcon_core.package_discovery:discover_packages(recursive) check parameters
[0.593s] Level 1:colcon.colcon_core.package_discovery:discover_packages(ignore) check parameters
[0.593s] Level 1:colcon.colcon_core.package_discovery:discover_packages(path) check parameters
[0.593s] Level 1:colcon.colcon_core.package_discovery:discover_packages(colcon_meta) discover
[0.593s] Level 1:colcon.colcon_core.package_discovery:discover_packages(recursive) discover
[0.593s] INFO:colcon.colcon_core.package_discovery:Crawling recursively for packages in '/home/qianli/zyb/radar_station'
[0.593s] Level 1:colcon.colcon_core.package_identification:_identify(.) by extensions ['ignore', 'ignore_ament_install']
[0.593s] Level 1:colcon.colcon_core.package_identification:_identify(.) by extension 'ignore'
[0.593s] Level 1:colcon.colcon_core.package_identification:_identify(.) by extension 'ignore_ament_install'
[0.593s] Level 1:colcon.colcon_core.package_identification:_identify(.) by extensions ['colcon_pkg']
[0.593s] Level 1:colcon.colcon_core.package_identification:_identify(.) by extension 'colcon_pkg'
[0.593s] Level 1:colcon.colcon_core.package_identification:_identify(.) by extensions ['colcon_meta']
[0.593s] Level 1:colcon.colcon_core.package_identification:_identify(.) by extension 'colcon_meta'
[0.593s] Level 1:colcon.colcon_core.package_identification:_identify(.) by extensions ['ros']
[0.593s] Level 1:colcon.colcon_core.package_identification:_identify(.) by extension 'ros'
[0.600s] Level 1:colcon.colcon_core.package_identification:_identify(.) by extensions ['cmake', 'python']
[0.600s] Level 1:colcon.colcon_core.package_identification:_identify(.) by extension 'cmake'
[0.600s] Level 1:colcon.colcon_core.package_identification:_identify(.) by extension 'python'
[0.600s] Level 1:colcon.colcon_core.package_identification:_identify(.) by extensions ['python_setup_py']
[0.600s] Level 1:colcon.colcon_core.package_identification:_identify(.) by extension 'python_setup_py'
[0.600s] Level 1:colcon.colcon_core.package_identification:_identify(Camera) by extensions ['ignore', 'ignore_ament_install']
[0.600s] Level 1:colcon.colcon_core.package_identification:_identify(Camera) by extension 'ignore'
[0.601s] Level 1:colcon.colcon_core.package_identification:_identify(Camera) by extension 'ignore_ament_install'
[0.601s] Level 1:colcon.colcon_core.package_identification:_identify(Camera) by extensions ['colcon_pkg']
[0.601s] Level 1:colcon.colcon_core.package_identification:_identify(Camera) by extension 'colcon_pkg'
[0.601s] Level 1:colcon.colcon_core.package_identification:_identify(Camera) by extensions ['colcon_meta']
[0.601s] Level 1:colcon.colcon_core.package_identification:_identify(Camera) by extension 'colcon_meta'
[0.601s] Level 1:colcon.colcon_core.package_identification:_identify(Camera) by extensions ['ros']
[0.601s] Level 1:colcon.colcon_core.package_identification:_identify(Camera) by extension 'ros'
[0.601s] Level 1:colcon.colcon_core.package_identification:_identify(Camera) by extensions ['cmake', 'python']
[0.601s] Level 1:colcon.colcon_core.package_identification:_identify(Camera) by extension 'cmake'
[0.601s] Level 1:colcon.colcon_core.package_identification:_identify(Camera) by extension 'python'
[0.601s] Level 1:colcon.colcon_core.package_identification:_identify(Camera) by extensions ['python_setup_py']
[0.601s] Level 1:colcon.colcon_core.package_identification:_identify(Camera) by extension 'python_setup_py'
[0.601s] Level 1:colcon.colcon_core.package_identification:_identify(Camera/Data) by extensions ['ignore', 'ignore_ament_install']
[0.601s] Level 1:colcon.colcon_core.package_identification:_identify(Camera/Data) by extension 'ignore'
[0.601s] Level 1:colcon.colcon_core.package_identification:_identify(Camera/Data) by extension 'ignore_ament_install'
[0.601s] Level 1:colcon.colcon_core.package_identification:_identify(Camera/Data) by extensions ['colcon_pkg']
[0.601s] Level 1:colcon.colcon_core.package_identification:_identify(Camera/Data) by extension 'colcon_pkg'
[0.601s] Level 1:colcon.colcon_core.package_identification:_identify(Camera/Data) by extensions ['colcon_meta']
[0.601s] Level 1:colcon.colcon_core.package_identification:_identify(Camera/Data) by extension 'colcon_meta'
[0.601s] Level 1:colcon.colcon_core.package_identification:_identify(Camera/Data) by extensions ['ros']
[0.601s] Level 1:colcon.colcon_core.package_identification:_identify(Camera/Data) by extension 'ros'
[0.601s] Level 1:colcon.colcon_core.package_identification:_identify(Camera/Data) by extensions ['cmake', 'python']
[0.601s] Level 1:colcon.colcon_core.package_identification:_identify(Camera/Data) by extension 'cmake'
[0.601s] Level 1:colcon.colcon_core.package_identification:_identify(Camera/Data) by extension 'python'
[0.601s] Level 1:colcon.colcon_core.package_identification:_identify(Camera/Data) by extensions ['python_setup_py']
[0.601s] Level 1:colcon.colcon_core.package_identification:_identify(Camera/Data) by extension 'python_setup_py'
[0.601s] Level 1:colcon.colcon_core.package_identification:_identify(Camera/log) by extensions ['ignore', 'ignore_ament_install']
[0.601s] Level 1:colcon.colcon_core.package_identification:_identify(Camera/log) by extension 'ignore'
[0.601s] Level 1:colcon.colcon_core.package_identification:_identify(Camera/log) by extension 'ignore_ament_install'
[0.601s] Level 1:colcon.colcon_core.package_identification:_identify(Camera/log) by extensions ['colcon_pkg']
[0.601s] Level 1:colcon.colcon_core.package_identification:_identify(Camera/log) by extension 'colcon_pkg'
[0.601s] Level 1:colcon.colcon_core.package_identification:_identify(Camera/log) by extensions ['colcon_meta']
[0.601s] Level 1:colcon.colcon_core.package_identification:_identify(Camera/log) by extension 'colcon_meta'
[0.601s] Level 1:colcon.colcon_core.package_identification:_identify(Camera/log) by extensions ['ros']
[0.601s] Level 1:colcon.colcon_core.package_identification:_identify(Camera/log) by extension 'ros'
[0.601s] Level 1:colcon.colcon_core.package_identification:_identify(Camera/log) by extensions ['cmake', 'python']
[0.601s] Level 1:colcon.colcon_core.package_identification:_identify(Camera/log) by extension 'cmake'
[0.601s] Level 1:colcon.colcon_core.package_identification:_identify(Camera/log) by extension 'python'
[0.601s] Level 1:colcon.colcon_core.package_identification:_identify(Camera/log) by extensions ['python_setup_py']
[0.601s] Level 1:colcon.colcon_core.package_identification:_identify(Camera/log) by extension 'python_setup_py'
[0.602s] Level 1:colcon.colcon_core.package_identification:_identify(build) by extensions ['ignore', 'ignore_ament_install']
[0.602s] Level 1:colcon.colcon_core.package_identification:_identify(build) by extension 'ignore'
[0.602s] Level 1:colcon.colcon_core.package_identification:_identify(build) ignored
[0.602s] Level 1:colcon.colcon_core.package_identification:_identify(install) by extensions ['ignore', 'ignore_ament_install']
[0.602s] Level 1:colcon.colcon_core.package_identification:_identify(install) by extension 'ignore'
[0.602s] Level 1:colcon.colcon_core.package_identification:_identify(install) ignored
[0.602s] Level 1:colcon.colcon_core.package_identification:_identify(log) by extensions ['ignore', 'ignore_ament_install']
[0.602s] Level 1:colcon.colcon_core.package_identification:_identify(log) by extension 'ignore'
[0.602s] Level 1:colcon.colcon_core.package_identification:_identify(log) ignored
[0.602s] Level 1:colcon.colcon_core.package_identification:_identify(src) by extensions ['ignore', 'ignore_ament_install']
[0.602s] Level 1:colcon.colcon_core.package_identification:_identify(src) by extension 'ignore'
[0.602s] Level 1:colcon.colcon_core.package_identification:_identify(src) by extension 'ignore_ament_install'
[0.602s] Level 1:colcon.colcon_core.package_identification:_identify(src) by extensions ['colcon_pkg']
[0.602s] Level 1:colcon.colcon_core.package_identification:_identify(src) by extension 'colcon_pkg'
[0.602s] Level 1:colcon.colcon_core.package_identification:_identify(src) by extensions ['colcon_meta']
[0.602s] Level 1:colcon.colcon_core.package_identification:_identify(src) by extension 'colcon_meta'
[0.602s] Level 1:colcon.colcon_core.package_identification:_identify(src) by extensions ['ros']
[0.602s] Level 1:colcon.colcon_core.package_identification:_identify(src) by extension 'ros'
[0.602s] Level 1:colcon.colcon_core.package_identification:_identify(src) by extensions ['cmake', 'python']
[0.602s] Level 1:colcon.colcon_core.package_identification:_identify(src) by extension 'cmake'
[0.602s] Level 1:colcon.colcon_core.package_identification:_identify(src) by extension 'python'
[0.602s] Level 1:colcon.colcon_core.package_identification:_identify(src) by extensions ['python_setup_py']
[0.602s] Level 1:colcon.colcon_core.package_identification:_identify(src) by extension 'python_setup_py'
[0.602s] Level 1:colcon.colcon_core.package_identification:_identify(src/All_Topic) by extensions ['ignore', 'ignore_ament_install']
[0.602s] Level 1:colcon.colcon_core.package_identification:_identify(src/All_Topic) by extension 'ignore'
[0.602s] Level 1:colcon.colcon_core.package_identification:_identify(src/All_Topic) by extension 'ignore_ament_install'
[0.602s] Level 1:colcon.colcon_core.package_identification:_identify(src/All_Topic) by extensions ['colcon_pkg']
[0.602s] Level 1:colcon.colcon_core.package_identification:_identify(src/All_Topic) by extension 'colcon_pkg'
[0.602s] Level 1:colcon.colcon_core.package_identification:_identify(src/All_Topic) by extensions ['colcon_meta']
[0.602s] Level 1:colcon.colcon_core.package_identification:_identify(src/All_Topic) by extension 'colcon_meta'
[0.602s] Level 1:colcon.colcon_core.package_identification:_identify(src/All_Topic) by extensions ['ros']
[0.602s] Level 1:colcon.colcon_core.package_identification:_identify(src/All_Topic) by extension 'ros'
[0.602s] Level 1:colcon.colcon_core.package_identification:_identify(src/All_Topic) by extensions ['cmake', 'python']
[0.602s] Level 1:colcon.colcon_core.package_identification:_identify(src/All_Topic) by extension 'cmake'
[0.603s] Level 1:colcon.colcon_core.package_identification:_identify(src/All_Topic) by extension 'python'
[0.603s] Level 1:colcon.colcon_core.package_identification:_identify(src/All_Topic) by extensions ['python_setup_py']
[0.603s] Level 1:colcon.colcon_core.package_identification:_identify(src/All_Topic) by extension 'python_setup_py'
[0.603s] Level 1:colcon.colcon_core.package_identification:_identify(src/Game_Map) by extensions ['ignore', 'ignore_ament_install']
[0.603s] Level 1:colcon.colcon_core.package_identification:_identify(src/Game_Map) by extension 'ignore'
[0.603s] Level 1:colcon.colcon_core.package_identification:_identify(src/Game_Map) by extension 'ignore_ament_install'
[0.603s] Level 1:colcon.colcon_core.package_identification:_identify(src/Game_Map) by extensions ['colcon_pkg']
[0.603s] Level 1:colcon.colcon_core.package_identification:_identify(src/Game_Map) by extension 'colcon_pkg'
[0.603s] Level 1:colcon.colcon_core.package_identification:_identify(src/Game_Map) by extensions ['colcon_meta']
[0.603s] Level 1:colcon.colcon_core.package_identification:_identify(src/Game_Map) by extension 'colcon_meta'
[0.603s] Level 1:colcon.colcon_core.package_identification:_identify(src/Game_Map) by extensions ['ros']
[0.603s] Level 1:colcon.colcon_core.package_identification:_identify(src/Game_Map) by extension 'ros'
[0.605s] DEBUG:colcon.colcon_core.package_identification:Package 'src/Game_Map' with type 'ros.ament_cmake' and name 'Game_Map'
[0.605s] Level 1:colcon.colcon_core.package_identification:_identify(src/Img_Handle) by extensions ['ignore', 'ignore_ament_install']
[0.605s] Level 1:colcon.colcon_core.package_identification:_identify(src/Img_Handle) by extension 'ignore'
[0.605s] Level 1:colcon.colcon_core.package_identification:_identify(src/Img_Handle) by extension 'ignore_ament_install'
[0.605s] Level 1:colcon.colcon_core.package_identification:_identify(src/Img_Handle) by extensions ['colcon_pkg']
[0.605s] Level 1:colcon.colcon_core.package_identification:_identify(src/Img_Handle) by extension 'colcon_pkg'
[0.605s] Level 1:colcon.colcon_core.package_identification:_identify(src/Img_Handle) by extensions ['colcon_meta']
[0.605s] Level 1:colcon.colcon_core.package_identification:_identify(src/Img_Handle) by extension 'colcon_meta'
[0.605s] Level 1:colcon.colcon_core.package_identification:_identify(src/Img_Handle) by extensions ['ros']
[0.605s] Level 1:colcon.colcon_core.package_identification:_identify(src/Img_Handle) by extension 'ros'
[0.606s] DEBUG:colcon.colcon_core.package_identification:Package 'src/Img_Handle' with type 'ros.ament_cmake' and name 'Img_Handle'
[0.606s] Level 1:colcon.colcon_core.package_identification:_identify(src/Qt5_displayer) by extensions ['ignore', 'ignore_ament_install']
[0.606s] Level 1:colcon.colcon_core.package_identification:_identify(src/Qt5_displayer) by extension 'ignore'
[0.606s] Level 1:colcon.colcon_core.package_identification:_identify(src/Qt5_displayer) by extension 'ignore_ament_install'
[0.606s] Level 1:colcon.colcon_core.package_identification:_identify(src/Qt5_displayer) by extensions ['colcon_pkg']
[0.606s] Level 1:colcon.colcon_core.package_identification:_identify(src/Qt5_displayer) by extension 'colcon_pkg'
[0.606s] Level 1:colcon.colcon_core.package_identification:_identify(src/Qt5_displayer) by extensions ['colcon_meta']
[0.606s] Level 1:colcon.colcon_core.package_identification:_identify(src/Qt5_displayer) by extension 'colcon_meta'
[0.606s] Level 1:colcon.colcon_core.package_identification:_identify(src/Qt5_displayer) by extensions ['ros']
[0.606s] Level 1:colcon.colcon_core.package_identification:_identify(src/Qt5_displayer) by extension 'ros'
[0.607s] DEBUG:colcon.colcon_core.package_identification:Package 'src/Qt5_displayer' with type 'ros.ament_cmake' and name 'Qt5_displayer'
[0.607s] Level 1:colcon.colcon_core.package_identification:_identify(src/Yolo_Handle) by extensions ['ignore', 'ignore_ament_install']
[0.607s] Level 1:colcon.colcon_core.package_identification:_identify(src/Yolo_Handle) by extension 'ignore'
[0.607s] Level 1:colcon.colcon_core.package_identification:_identify(src/Yolo_Handle) by extension 'ignore_ament_install'
[0.607s] Level 1:colcon.colcon_core.package_identification:_identify(src/Yolo_Handle) by extensions ['colcon_pkg']
[0.607s] Level 1:colcon.colcon_core.package_identification:_identify(src/Yolo_Handle) by extension 'colcon_pkg'
[0.607s] Level 1:colcon.colcon_core.package_identification:_identify(src/Yolo_Handle) by extensions ['colcon_meta']
[0.607s] Level 1:colcon.colcon_core.package_identification:_identify(src/Yolo_Handle) by extension 'colcon_meta'
[0.607s] Level 1:colcon.colcon_core.package_identification:_identify(src/Yolo_Handle) by extensions ['ros']
[0.607s] Level 1:colcon.colcon_core.package_identification:_identify(src/Yolo_Handle) by extension 'ros'
[0.607s] DEBUG:colcon.colcon_core.package_identification:Package 'src/Yolo_Handle' with type 'ros.ament_cmake' and name 'Yolo_Handle'
[0.607s] Level 1:colcon.colcon_core.package_identification:_identify(src/get_depth) by extensions ['ignore', 'ignore_ament_install']
[0.607s] Level 1:colcon.colcon_core.package_identification:_identify(src/get_depth) by extension 'ignore'
[0.607s] Level 1:colcon.colcon_core.package_identification:_identify(src/get_depth) by extension 'ignore_ament_install'
[0.607s] Level 1:colcon.colcon_core.package_identification:_identify(src/get_depth) by extensions ['colcon_pkg']
[0.608s] Level 1:colcon.colcon_core.package_identification:_identify(src/get_depth) by extension 'colcon_pkg'
[0.608s] Level 1:colcon.colcon_core.package_identification:_identify(src/get_depth) by extensions ['colcon_meta']
[0.608s] Level 1:colcon.colcon_core.package_identification:_identify(src/get_depth) by extension 'colcon_meta'
[0.608s] Level 1:colcon.colcon_core.package_identification:_identify(src/get_depth) by extensions ['ros']
[0.608s] Level 1:colcon.colcon_core.package_identification:_identify(src/get_depth) by extension 'ros'
[0.608s] DEBUG:colcon.colcon_core.package_identification:Package 'src/get_depth' with type 'ros.ament_cmake' and name 'get_depth'
[0.608s] Level 1:colcon.colcon_core.package_identification:_identify(src/map_test) by extensions ['ignore', 'ignore_ament_install']
[0.608s] Level 1:colcon.colcon_core.package_identification:_identify(src/map_test) by extension 'ignore'
[0.608s] Level 1:colcon.colcon_core.package_identification:_identify(src/map_test) by extension 'ignore_ament_install'
[0.608s] Level 1:colcon.colcon_core.package_identification:_identify(src/map_test) by extensions ['colcon_pkg']
[0.608s] Level 1:colcon.colcon_core.package_identification:_identify(src/map_test) by extension 'colcon_pkg'
[0.608s] Level 1:colcon.colcon_core.package_identification:_identify(src/map_test) by extensions ['colcon_meta']
[0.608s] Level 1:colcon.colcon_core.package_identification:_identify(src/map_test) by extension 'colcon_meta'
[0.609s] Level 1:colcon.colcon_core.package_identification:_identify(src/map_test) by extensions ['ros']
[0.609s] Level 1:colcon.colcon_core.package_identification:_identify(src/map_test) by extension 'ros'
[0.609s] DEBUG:colcon.colcon_core.package_identification:Package 'src/map_test' with type 'ros.ament_cmake' and name 'map_test'
[0.609s] Level 1:colcon.colcon_core.package_identification:_identify(src/my_msgss) by extensions ['ignore', 'ignore_ament_install']
[0.609s] Level 1:colcon.colcon_core.package_identification:_identify(src/my_msgss) by extension 'ignore'
[0.609s] Level 1:colcon.colcon_core.package_identification:_identify(src/my_msgss) by extension 'ignore_ament_install'
[0.609s] Level 1:colcon.colcon_core.package_identification:_identify(src/my_msgss) by extensions ['colcon_pkg']
[0.609s] Level 1:colcon.colcon_core.package_identification:_identify(src/my_msgss) by extension 'colcon_pkg'
[0.609s] Level 1:colcon.colcon_core.package_identification:_identify(src/my_msgss) by extensions ['colcon_meta']
[0.609s] Level 1:colcon.colcon_core.package_identification:_identify(src/my_msgss) by extension 'colcon_meta'
[0.609s] Level 1:colcon.colcon_core.package_identification:_identify(src/my_msgss) by extensions ['ros']
[0.609s] Level 1:colcon.colcon_core.package_identification:_identify(src/my_msgss) by extension 'ros'
[0.610s] DEBUG:colcon.colcon_core.package_identification:Package 'src/my_msgss' with type 'ros.ament_cmake' and name 'my_msgss'
[0.610s] Level 1:colcon.colcon_core.package_identification:_identify(src/ros2_mindvision_mutiple_camera) by extensions ['ignore', 'ignore_ament_install']
[0.610s] Level 1:colcon.colcon_core.package_identification:_identify(src/ros2_mindvision_mutiple_camera) by extension 'ignore'
[0.610s] Level 1:colcon.colcon_core.package_identification:_identify(src/ros2_mindvision_mutiple_camera) by extension 'ignore_ament_install'
[0.610s] Level 1:colcon.colcon_core.package_identification:_identify(src/ros2_mindvision_mutiple_camera) by extensions ['colcon_pkg']
[0.610s] Level 1:colcon.colcon_core.package_identification:_identify(src/ros2_mindvision_mutiple_camera) by extension 'colcon_pkg'
[0.610s] Level 1:colcon.colcon_core.package_identification:_identify(src/ros2_mindvision_mutiple_camera) by extensions ['colcon_meta']
[0.610s] Level 1:colcon.colcon_core.package_identification:_identify(src/ros2_mindvision_mutiple_camera) by extension 'colcon_meta'
[0.610s] Level 1:colcon.colcon_core.package_identification:_identify(src/ros2_mindvision_mutiple_camera) by extensions ['ros']
[0.610s] Level 1:colcon.colcon_core.package_identification:_identify(src/ros2_mindvision_mutiple_camera) by extension 'ros'
[0.610s] DEBUG:colcon.colcon_core.package_identification:Package 'src/ros2_mindvision_mutiple_camera' with type 'ros.ament_cmake' and name 'mindvision_camera'
[0.610s] Level 1:colcon.colcon_core.package_discovery:discover_packages(recursive) using defaults
[0.611s] Level 1:colcon.colcon_core.package_discovery:discover_packages(ignore) discover
[0.611s] Level 1:colcon.colcon_core.package_discovery:discover_packages(ignore) using defaults
[0.611s] Level 1:colcon.colcon_core.package_discovery:discover_packages(path) discover
[0.611s] Level 1:colcon.colcon_core.package_discovery:discover_packages(path) using defaults
[0.662s] Level 1:colcon.colcon_core.package_discovery:discover_packages(prefix_path) check parameters
[0.663s] Level 1:colcon.colcon_core.package_discovery:discover_packages(prefix_path) discover
[0.679s] DEBUG:colcon.colcon_installed_package_information.package_discovery:Found 8 installed packages in /home/qianli/zyb/radar_station/install
[0.687s] DEBUG:colcon.colcon_installed_package_information.package_discovery:Found 289 installed packages in /opt/ros/humble
[0.688s] Level 1:colcon.colcon_core.package_discovery:discover_packages(prefix_path) using defaults
[0.741s] Level 5:colcon.colcon_core.verb:set package 'Yolo_Handle' build argument 'cmake_args' from command line to 'None'
[0.741s] Level 5:colcon.colcon_core.verb:set package 'Yolo_Handle' build argument 'cmake_target' from command line to 'None'
[0.741s] Level 5:colcon.colcon_core.verb:set package 'Yolo_Handle' build argument 'cmake_target_skip_unavailable' from command line to 'False'
[0.741s] Level 5:colcon.colcon_core.verb:set package 'Yolo_Handle' build argument 'cmake_clean_cache' from command line to 'False'
[0.741s] Level 5:colcon.colcon_core.verb:set package 'Yolo_Handle' build argument 'cmake_clean_first' from command line to 'False'
[0.741s] Level 5:colcon.colcon_core.verb:set package 'Yolo_Handle' build argument 'cmake_force_configure' from command line to 'False'
[0.741s] Level 5:colcon.colcon_core.verb:set package 'Yolo_Handle' build argument 'ament_cmake_args' from command line to 'None'
[0.741s] Level 5:colcon.colcon_core.verb:set package 'Yolo_Handle' build argument 'catkin_cmake_args' from command line to 'None'
[0.741s] Level 5:colcon.colcon_core.verb:set package 'Yolo_Handle' build argument 'catkin_skip_building_tests' from command line to 'False'
[0.741s] DEBUG:colcon.colcon_core.verb:Building package 'Yolo_Handle' with the following arguments: {'ament_cmake_args': None, 'build_base': '/home/qianli/zyb/radar_station/build/Yolo_Handle', 'catkin_cmake_args': None, 'catkin_skip_building_tests': False, 'cmake_args': None, 'cmake_clean_cache': False, 'cmake_clean_first': False, 'cmake_force_configure': False, 'cmake_target': None, 'cmake_target_skip_unavailable': False, 'install_base': '/home/qianli/zyb/radar_station/install/Yolo_Handle', 'merge_install': False, 'path': '/home/qianli/zyb/radar_station/src/Yolo_Handle', 'symlink_install': False, 'test_result_base': None}
[0.748s] Level 5:colcon.colcon_core.verb:set package 'mindvision_camera' build argument 'cmake_args' from command line to 'None'
[0.748s] Level 5:colcon.colcon_core.verb:set package 'mindvision_camera' build argument 'cmake_target' from command line to 'None'
[0.748s] Level 5:colcon.colcon_core.verb:set package 'mindvision_camera' build argument 'cmake_target_skip_unavailable' from command line to 'False'
[0.748s] Level 5:colcon.colcon_core.verb:set package 'mindvision_camera' build argument 'cmake_clean_cache' from command line to 'False'
[0.748s] Level 5:colcon.colcon_core.verb:set package 'mindvision_camera' build argument 'cmake_clean_first' from command line to 'False'
[0.748s] Level 5:colcon.colcon_core.verb:set package 'mindvision_camera' build argument 'cmake_force_configure' from command line to 'False'
[0.748s] Level 5:colcon.colcon_core.verb:set package 'mindvision_camera' build argument 'ament_cmake_args' from command line to 'None'
[0.748s] Level 5:colcon.colcon_core.verb:set package 'mindvision_camera' build argument 'catkin_cmake_args' from command line to 'None'
[0.748s] Level 5:colcon.colcon_core.verb:set package 'mindvision_camera' build argument 'catkin_skip_building_tests' from command line to 'False'
[0.748s] DEBUG:colcon.colcon_core.verb:Building package 'mindvision_camera' with the following arguments: {'ament_cmake_args': None, 'build_base': '/home/qianli/zyb/radar_station/build/mindvision_camera', 'catkin_cmake_args': None, 'catkin_skip_building_tests': False, 'cmake_args': None, 'cmake_clean_cache': False, 'cmake_clean_first': False, 'cmake_force_configure': False, 'cmake_target': None, 'cmake_target_skip_unavailable': False, 'install_base': '/home/qianli/zyb/radar_station/install/mindvision_camera', 'merge_install': False, 'path': '/home/qianli/zyb/radar_station/src/ros2_mindvision_mutiple_camera', 'symlink_install': False, 'test_result_base': None}
[0.755s] Level 5:colcon.colcon_core.verb:set package 'my_msgss' build argument 'cmake_args' from command line to 'None'
[0.755s] Level 5:colcon.colcon_core.verb:set package 'my_msgss' build argument 'cmake_target' from command line to 'None'
[0.755s] Level 5:colcon.colcon_core.verb:set package 'my_msgss' build argument 'cmake_target_skip_unavailable' from command line to 'False'
[0.755s] Level 5:colcon.colcon_core.verb:set package 'my_msgss' build argument 'cmake_clean_cache' from command line to 'False'
[0.755s] Level 5:colcon.colcon_core.verb:set package 'my_msgss' build argument 'cmake_clean_first' from command line to 'False'
[0.755s] Level 5:colcon.colcon_core.verb:set package 'my_msgss' build argument 'cmake_force_configure' from command line to 'False'
[0.755s] Level 5:colcon.colcon_core.verb:set package 'my_msgss' build argument 'ament_cmake_args' from command line to 'None'
[0.755s] Level 5:colcon.colcon_core.verb:set package 'my_msgss' build argument 'catkin_cmake_args' from command line to 'None'
[0.755s] Level 5:colcon.colcon_core.verb:set package 'my_msgss' build argument 'catkin_skip_building_tests' from command line to 'False'
[0.755s] DEBUG:colcon.colcon_core.verb:Building package 'my_msgss' with the following arguments: {'ament_cmake_args': None, 'build_base': '/home/qianli/zyb/radar_station/build/my_msgss', 'catkin_cmake_args': None, 'catkin_skip_building_tests': False, 'cmake_args': None, 'cmake_clean_cache': False, 'cmake_clean_first': False, 'cmake_force_configure': False, 'cmake_target': None, 'cmake_target_skip_unavailable': False, 'install_base': '/home/qianli/zyb/radar_station/install/my_msgss', 'merge_install': False, 'path': '/home/qianli/zyb/radar_station/src/my_msgss', 'symlink_install': False, 'test_result_base': None}
[0.762s] Level 5:colcon.colcon_core.verb:set package 'Game_Map' build argument 'cmake_args' from command line to 'None'
[0.762s] Level 5:colcon.colcon_core.verb:set package 'Game_Map' build argument 'cmake_target' from command line to 'None'
[0.762s] Level 5:colcon.colcon_core.verb:set package 'Game_Map' build argument 'cmake_target_skip_unavailable' from command line to 'False'
[0.762s] Level 5:colcon.colcon_core.verb:set package 'Game_Map' build argument 'cmake_clean_cache' from command line to 'False'
[0.762s] Level 5:colcon.colcon_core.verb:set package 'Game_Map' build argument 'cmake_clean_first' from command line to 'False'
[0.762s] Level 5:colcon.colcon_core.verb:set package 'Game_Map' build argument 'cmake_force_configure' from command line to 'False'
[0.762s] Level 5:colcon.colcon_core.verb:set package 'Game_Map' build argument 'ament_cmake_args' from command line to 'None'
[0.762s] Level 5:colcon.colcon_core.verb:set package 'Game_Map' build argument 'catkin_cmake_args' from command line to 'None'
[0.762s] Level 5:colcon.colcon_core.verb:set package 'Game_Map' build argument 'catkin_skip_building_tests' from command line to 'False'
[0.762s] DEBUG:colcon.colcon_core.verb:Building package 'Game_Map' with the following arguments: {'ament_cmake_args': None, 'build_base': '/home/qianli/zyb/radar_station/build/Game_Map', 'catkin_cmake_args': None, 'catkin_skip_building_tests': False, 'cmake_args': None, 'cmake_clean_cache': False, 'cmake_clean_first': False, 'cmake_force_configure': False, 'cmake_target': None, 'cmake_target_skip_unavailable': False, 'install_base': '/home/qianli/zyb/radar_station/install/Game_Map', 'merge_install': False, 'path': '/home/qianli/zyb/radar_station/src/Game_Map', 'symlink_install': False, 'test_result_base': None}
[0.769s] Level 5:colcon.colcon_core.verb:set package 'Img_Handle' build argument 'cmake_args' from command line to 'None'
[0.769s] Level 5:colcon.colcon_core.verb:set package 'Img_Handle' build argument 'cmake_target' from command line to 'None'
[0.769s] Level 5:colcon.colcon_core.verb:set package 'Img_Handle' build argument 'cmake_target_skip_unavailable' from command line to 'False'
[0.769s] Level 5:colcon.colcon_core.verb:set package 'Img_Handle' build argument 'cmake_clean_cache' from command line to 'False'
[0.769s] Level 5:colcon.colcon_core.verb:set package 'Img_Handle' build argument 'cmake_clean_first' from command line to 'False'
[0.769s] Level 5:colcon.colcon_core.verb:set package 'Img_Handle' build argument 'cmake_force_configure' from command line to 'False'
[0.769s] Level 5:colcon.colcon_core.verb:set package 'Img_Handle' build argument 'ament_cmake_args' from command line to 'None'
[0.769s] Level 5:colcon.colcon_core.verb:set package 'Img_Handle' build argument 'catkin_cmake_args' from command line to 'None'
[0.769s] Level 5:colcon.colcon_core.verb:set package 'Img_Handle' build argument 'catkin_skip_building_tests' from command line to 'False'
[0.769s] DEBUG:colcon.colcon_core.verb:Building package 'Img_Handle' with the following arguments: {'ament_cmake_args': None, 'build_base': '/home/qianli/zyb/radar_station/build/Img_Handle', 'catkin_cmake_args': None, 'catkin_skip_building_tests': False, 'cmake_args': None, 'cmake_clean_cache': False, 'cmake_clean_first': False, 'cmake_force_configure': False, 'cmake_target': None, 'cmake_target_skip_unavailable': False, 'install_base': '/home/qianli/zyb/radar_station/install/Img_Handle', 'merge_install': False, 'path': '/home/qianli/zyb/radar_station/src/Img_Handle', 'symlink_install': False, 'test_result_base': None}
[0.776s] Level 5:colcon.colcon_core.verb:set package 'Qt5_displayer' build argument 'cmake_args' from command line to 'None'
[0.776s] Level 5:colcon.colcon_core.verb:set package 'Qt5_displayer' build argument 'cmake_target' from command line to 'None'
[0.776s] Level 5:colcon.colcon_core.verb:set package 'Qt5_displayer' build argument 'cmake_target_skip_unavailable' from command line to 'False'
[0.776s] Level 5:colcon.colcon_core.verb:set package 'Qt5_displayer' build argument 'cmake_clean_cache' from command line to 'False'
[0.776s] Level 5:colcon.colcon_core.verb:set package 'Qt5_displayer' build argument 'cmake_clean_first' from command line to 'False'
[0.776s] Level 5:colcon.colcon_core.verb:set package 'Qt5_displayer' build argument 'cmake_force_configure' from command line to 'False'
[0.776s] Level 5:colcon.colcon_core.verb:set package 'Qt5_displayer' build argument 'ament_cmake_args' from command line to 'None'
[0.776s] Level 5:colcon.colcon_core.verb:set package 'Qt5_displayer' build argument 'catkin_cmake_args' from command line to 'None'
[0.776s] Level 5:colcon.colcon_core.verb:set package 'Qt5_displayer' build argument 'catkin_skip_building_tests' from command line to 'False'
[0.776s] DEBUG:colcon.colcon_core.verb:Building package 'Qt5_displayer' with the following arguments: {'ament_cmake_args': None, 'build_base': '/home/qianli/zyb/radar_station/build/Qt5_displayer', 'catkin_cmake_args': None, 'catkin_skip_building_tests': False, 'cmake_args': None, 'cmake_clean_cache': False, 'cmake_clean_first': False, 'cmake_force_configure': False, 'cmake_target': None, 'cmake_target_skip_unavailable': False, 'install_base': '/home/qianli/zyb/radar_station/install/Qt5_displayer', 'merge_install': False, 'path': '/home/qianli/zyb/radar_station/src/Qt5_displayer', 'symlink_install': False, 'test_result_base': None}
[0.783s] Level 5:colcon.colcon_core.verb:set package 'get_depth' build argument 'cmake_args' from command line to 'None'
[0.783s] Level 5:colcon.colcon_core.verb:set package 'get_depth' build argument 'cmake_target' from command line to 'None'
[0.783s] Level 5:colcon.colcon_core.verb:set package 'get_depth' build argument 'cmake_target_skip_unavailable' from command line to 'False'
[0.783s] Level 5:colcon.colcon_core.verb:set package 'get_depth' build argument 'cmake_clean_cache' from command line to 'False'
[0.783s] Level 5:colcon.colcon_core.verb:set package 'get_depth' build argument 'cmake_clean_first' from command line to 'False'
[0.783s] Level 5:colcon.colcon_core.verb:set package 'get_depth' build argument 'cmake_force_configure' from command line to 'False'
[0.783s] Level 5:colcon.colcon_core.verb:set package 'get_depth' build argument 'ament_cmake_args' from command line to 'None'
[0.783s] Level 5:colcon.colcon_core.verb:set package 'get_depth' build argument 'catkin_cmake_args' from command line to 'None'
[0.783s] Level 5:colcon.colcon_core.verb:set package 'get_depth' build argument 'catkin_skip_building_tests' from command line to 'False'
[0.783s] DEBUG:colcon.colcon_core.verb:Building package 'get_depth' with the following arguments: {'ament_cmake_args': None, 'build_base': '/home/qianli/zyb/radar_station/build/get_depth', 'catkin_cmake_args': None, 'catkin_skip_building_tests': False, 'cmake_args': None, 'cmake_clean_cache': False, 'cmake_clean_first': False, 'cmake_force_configure': False, 'cmake_target': None, 'cmake_target_skip_unavailable': False, 'install_base': '/home/qianli/zyb/radar_station/install/get_depth', 'merge_install': False, 'path': '/home/qianli/zyb/radar_station/src/get_depth', 'symlink_install': False, 'test_result_base': None}
[0.790s] Level 5:colcon.colcon_core.verb:set package 'map_test' build argument 'cmake_args' from command line to 'None'
[0.790s] Level 5:colcon.colcon_core.verb:set package 'map_test' build argument 'cmake_target' from command line to 'None'
[0.790s] Level 5:colcon.colcon_core.verb:set package 'map_test' build argument 'cmake_target_skip_unavailable' from command line to 'False'
[0.791s] Level 5:colcon.colcon_core.verb:set package 'map_test' build argument 'cmake_clean_cache' from command line to 'False'
[0.791s] Level 5:colcon.colcon_core.verb:set package 'map_test' build argument 'cmake_clean_first' from command line to 'False'
[0.791s] Level 5:colcon.colcon_core.verb:set package 'map_test' build argument 'cmake_force_configure' from command line to 'False'
[0.791s] Level 5:colcon.colcon_core.verb:set package 'map_test' build argument 'ament_cmake_args' from command line to 'None'
[0.791s] Level 5:colcon.colcon_core.verb:set package 'map_test' build argument 'catkin_cmake_args' from command line to 'None'
[0.791s] Level 5:colcon.colcon_core.verb:set package 'map_test' build argument 'catkin_skip_building_tests' from command line to 'False'
[0.791s] DEBUG:colcon.colcon_core.verb:Building package 'map_test' with the following arguments: {'ament_cmake_args': None, 'build_base': '/home/qianli/zyb/radar_station/build/map_test', 'catkin_cmake_args': None, 'catkin_skip_building_tests': False, 'cmake_args': None, 'cmake_clean_cache': False, 'cmake_clean_first': False, 'cmake_force_configure': False, 'cmake_target': None, 'cmake_target_skip_unavailable': False, 'install_base': '/home/qianli/zyb/radar_station/install/map_test', 'merge_install': False, 'path': '/home/qianli/zyb/radar_station/src/map_test', 'symlink_install': False, 'test_result_base': None}
[0.797s] INFO:colcon.colcon_core.executor:Executing jobs using 'parallel' executor
[0.804s] DEBUG:colcon.colcon_parallel_executor.executor.parallel:run_until_complete
[0.805s] INFO:colcon.colcon_ros.task.ament_cmake.build:Building ROS package in '/home/qianli/zyb/radar_station/src/my_msgss' with build type 'ament_cmake'
[0.805s] INFO:colcon.colcon_cmake.task.cmake.build:Building CMake package in '/home/qianli/zyb/radar_station/src/my_msgss'
[0.815s] INFO:colcon.colcon_core.plugin_system:Skipping extension 'colcon_core.shell.bat': Not used on non-Windows systems
[0.815s] INFO:colcon.colcon_core.shell:Skip shell extension 'powershell' for command environment: Not usable outside of PowerShell
[0.815s] DEBUG:colcon.colcon_core.shell:Skip shell extension 'dsv' for command environment
[0.840s] INFO:colcon.colcon_ros.task.ament_cmake.build:Building ROS package in '/home/qianli/zyb/radar_station/src/Yolo_Handle' with build type 'ament_cmake'
[0.840s] INFO:colcon.colcon_cmake.task.cmake.build:Building CMake package in '/home/qianli/zyb/radar_station/src/Yolo_Handle'
[0.849s] INFO:colcon.colcon_core.shell:Skip shell extension 'powershell' for command environment: Not usable outside of PowerShell
[0.849s] DEBUG:colcon.colcon_core.shell:Skip shell extension 'dsv' for command environment
[0.872s] INFO:colcon.colcon_ros.task.ament_cmake.build:Building ROS package in '/home/qianli/zyb/radar_station/src/ros2_mindvision_mutiple_camera' with build type 'ament_cmake'
[0.873s] INFO:colcon.colcon_cmake.task.cmake.build:Building CMake package in '/home/qianli/zyb/radar_station/src/ros2_mindvision_mutiple_camera'
[0.881s] INFO:colcon.colcon_core.shell:Skip shell extension 'powershell' for command environment: Not usable outside of PowerShell
[0.881s] DEBUG:colcon.colcon_core.shell:Skip shell extension 'dsv' for command environment
[0.910s] DEBUG:colcon.colcon_core.event_handler.log_command:Invoking command in '/home/qianli/zyb/radar_station/build/my_msgss': CMAKE_PREFIX_PATH=${CMAKE_PREFIX_PATH}:/opt/ros/humble /usr/bin/cmake --build /home/qianli/zyb/radar_station/build/my_msgss -- -j16 -l16
[0.915s] DEBUG:colcon.colcon_core.event_handler.log_command:Invoking command in '/home/qianli/zyb/radar_station/build/Yolo_Handle': CMAKE_PREFIX_PATH=${CMAKE_PREFIX_PATH}:/opt/ros/humble /usr/bin/cmake --build /home/qianli/zyb/radar_station/build/Yolo_Handle -- -j16 -l16
[0.921s] DEBUG:colcon.colcon_core.event_handler.log_command:Invoking command in '/home/qianli/zyb/radar_station/build/mindvision_camera': CMAKE_PREFIX_PATH=${CMAKE_PREFIX_PATH}:/opt/ros/humble /usr/bin/cmake --build /home/qianli/zyb/radar_station/build/mindvision_camera -- -j16 -l16
[0.945s] DEBUG:colcon.colcon_core.event_handler.log_command:Invoked command in '/home/qianli/zyb/radar_station/build/Yolo_Handle' returned '0': CMAKE_PREFIX_PATH=${CMAKE_PREFIX_PATH}:/opt/ros/humble /usr/bin/cmake --build /home/qianli/zyb/radar_station/build/Yolo_Handle -- -j16 -l16
[0.973s] DEBUG:colcon.colcon_core.event_handler.log_command:Invoking command in '/home/qianli/zyb/radar_station/build/Yolo_Handle': CMAKE_PREFIX_PATH=${CMAKE_PREFIX_PATH}:/opt/ros/humble /usr/bin/cmake --install /home/qianli/zyb/radar_station/build/Yolo_Handle
[0.978s] DEBUG:colcon.colcon_core.event_handler.log_command:Invoked command in '/home/qianli/zyb/radar_station/build/mindvision_camera' returned '0': CMAKE_PREFIX_PATH=${CMAKE_PREFIX_PATH}:/opt/ros/humble /usr/bin/cmake --build /home/qianli/zyb/radar_station/build/mindvision_camera -- -j16 -l16
[0.981s] Level 1:colcon.colcon_core.environment:create_environment_scripts_only(Yolo_Handle)
[0.983s] DEBUG:colcon.colcon_core.event_handler.log_command:Invoked command in '/home/qianli/zyb/radar_station/build/Yolo_Handle' returned '0': CMAKE_PREFIX_PATH=${CMAKE_PREFIX_PATH}:/opt/ros/humble /usr/bin/cmake --install /home/qianli/zyb/radar_station/build/Yolo_Handle
[0.999s] Level 1:colcon.colcon_core.environment:checking '/home/qianli/zyb/radar_station/install/Yolo_Handle' for CMake module files
[1.000s] Level 1:colcon.colcon_core.environment:checking '/home/qianli/zyb/radar_station/install/Yolo_Handle' for CMake config files
[1.000s] Level 1:colcon.colcon_core.shell:create_environment_hook('Yolo_Handle', 'cmake_prefix_path')
[1.018s] INFO:colcon.colcon_core.shell:Creating environment hook '/home/qianli/zyb/radar_station/install/Yolo_Handle/share/Yolo_Handle/hook/cmake_prefix_path.ps1'
[1.019s] INFO:colcon.colcon_core.shell:Creating environment descriptor '/home/qianli/zyb/radar_station/install/Yolo_Handle/share/Yolo_Handle/hook/cmake_prefix_path.dsv'
[1.019s] INFO:colcon.colcon_core.shell:Creating environment hook '/home/qianli/zyb/radar_station/install/Yolo_Handle/share/Yolo_Handle/hook/cmake_prefix_path.sh'
[1.020s] Level 1:colcon.colcon_core.environment:checking '/home/qianli/zyb/radar_station/install/Yolo_Handle/bin'
[1.020s] Level 1:colcon.colcon_core.environment:checking '/home/qianli/zyb/radar_station/install/Yolo_Handle/lib/pkgconfig/Yolo_Handle.pc'
[1.020s] Level 1:colcon.colcon_core.environment:checking '/home/qianli/zyb/radar_station/install/Yolo_Handle/lib/python3.10/site-packages'
[1.020s] Level 1:colcon.colcon_core.environment:checking '/home/qianli/zyb/radar_station/install/Yolo_Handle/bin'
[1.028s] INFO:colcon.colcon_core.shell:Creating package script '/home/qianli/zyb/radar_station/install/Yolo_Handle/share/Yolo_Handle/package.ps1'
[1.029s] INFO:colcon.colcon_core.shell:Creating package descriptor '/home/qianli/zyb/radar_station/install/Yolo_Handle/share/Yolo_Handle/package.dsv'
[1.030s] INFO:colcon.colcon_core.shell:Creating package script '/home/qianli/zyb/radar_station/install/Yolo_Handle/share/Yolo_Handle/package.sh'
[1.030s] INFO:colcon.colcon_core.shell:Creating package script '/home/qianli/zyb/radar_station/install/Yolo_Handle/share/Yolo_Handle/package.bash'
[1.031s] INFO:colcon.colcon_core.shell:Creating package script '/home/qianli/zyb/radar_station/install/Yolo_Handle/share/Yolo_Handle/package.zsh'
[1.031s] Level 1:colcon.colcon_core.environment:create_file_with_runtime_dependencies(/home/qianli/zyb/radar_station/install/Yolo_Handle/share/colcon-core/packages/Yolo_Handle)
[1.033s] DEBUG:colcon.colcon_core.event_handler.log_command:Invoking command in '/home/qianli/zyb/radar_station/build/mindvision_camera': CMAKE_PREFIX_PATH=${CMAKE_PREFIX_PATH}:/opt/ros/humble /usr/bin/cmake --install /home/qianli/zyb/radar_station/build/mindvision_camera
[1.040s] Level 1:colcon.colcon_core.environment:create_environment_scripts_only(mindvision_camera)
[1.041s] DEBUG:colcon.colcon_core.event_handler.log_command:Invoked command in '/home/qianli/zyb/radar_station/build/mindvision_camera' returned '0': CMAKE_PREFIX_PATH=${CMAKE_PREFIX_PATH}:/opt/ros/humble /usr/bin/cmake --install /home/qianli/zyb/radar_station/build/mindvision_camera
[1.048s] Level 1:colcon.colcon_core.environment:checking '/home/qianli/zyb/radar_station/install/mindvision_camera' for CMake module files
[1.048s] Level 1:colcon.colcon_core.environment:checking '/home/qianli/zyb/radar_station/install/mindvision_camera' for CMake config files
[1.049s] Level 1:colcon.colcon_core.shell:create_environment_hook('mindvision_camera', 'cmake_prefix_path')
[1.056s] INFO:colcon.colcon_core.shell:Creating environment hook '/home/qianli/zyb/radar_station/install/mindvision_camera/share/mindvision_camera/hook/cmake_prefix_path.ps1'
[1.056s] INFO:colcon.colcon_core.shell:Creating environment descriptor '/home/qianli/zyb/radar_station/install/mindvision_camera/share/mindvision_camera/hook/cmake_prefix_path.dsv'
[1.057s] INFO:colcon.colcon_core.shell:Creating environment hook '/home/qianli/zyb/radar_station/install/mindvision_camera/share/mindvision_camera/hook/cmake_prefix_path.sh'
[1.057s] Level 1:colcon.colcon_core.environment:checking '/home/qianli/zyb/radar_station/install/mindvision_camera/lib'
[1.057s] Level 1:colcon.colcon_core.shell:create_environment_hook('mindvision_camera', 'ld_library_path_lib')
[1.064s] INFO:colcon.colcon_core.shell:Creating environment hook '/home/qianli/zyb/radar_station/install/mindvision_camera/share/mindvision_camera/hook/ld_library_path_lib.ps1'
[1.064s] INFO:colcon.colcon_core.shell:Creating environment descriptor '/home/qianli/zyb/radar_station/install/mindvision_camera/share/mindvision_camera/hook/ld_library_path_lib.dsv'
[1.064s] INFO:colcon.colcon_core.shell:Creating environment hook '/home/qianli/zyb/radar_station/install/mindvision_camera/share/mindvision_camera/hook/ld_library_path_lib.sh'
[1.065s] Level 1:colcon.colcon_core.environment:checking '/home/qianli/zyb/radar_station/install/mindvision_camera/bin'
[1.065s] Level 1:colcon.colcon_core.environment:checking '/home/qianli/zyb/radar_station/install/mindvision_camera/lib/pkgconfig/mindvision_camera.pc'
[1.065s] Level 1:colcon.colcon_core.environment:checking '/home/qianli/zyb/radar_station/install/mindvision_camera/lib/python3.10/site-packages'
[1.065s] Level 1:colcon.colcon_core.environment:checking '/home/qianli/zyb/radar_station/install/mindvision_camera/bin'
[1.072s] INFO:colcon.colcon_core.shell:Creating package script '/home/qianli/zyb/radar_station/install/mindvision_camera/share/mindvision_camera/package.ps1'
[1.072s] INFO:colcon.colcon_core.shell:Creating package descriptor '/home/qianli/zyb/radar_station/install/mindvision_camera/share/mindvision_camera/package.dsv'
[1.073s] INFO:colcon.colcon_core.shell:Creating package script '/home/qianli/zyb/radar_station/install/mindvision_camera/share/mindvision_camera/package.sh'
[1.073s] INFO:colcon.colcon_core.shell:Creating package script '/home/qianli/zyb/radar_station/install/mindvision_camera/share/mindvision_camera/package.bash'
[1.073s] INFO:colcon.colcon_core.shell:Creating package script '/home/qianli/zyb/radar_station/install/mindvision_camera/share/mindvision_camera/package.zsh'
[1.073s] Level 1:colcon.colcon_core.environment:create_file_with_runtime_dependencies(/home/qianli/zyb/radar_station/install/mindvision_camera/share/colcon-core/packages/mindvision_camera)
[1.082s] Level 1:colcon.colcon_core.environment:create_environment_scripts_only(Yolo_Handle)
[1.089s] Level 1:colcon.colcon_core.environment:checking '/home/qianli/zyb/radar_station/install/Yolo_Handle' for CMake module files
[1.089s] Level 1:colcon.colcon_core.environment:checking '/home/qianli/zyb/radar_station/install/Yolo_Handle' for CMake config files
[1.089s] Level 1:colcon.colcon_core.shell:create_environment_hook('Yolo_Handle', 'cmake_prefix_path')
[1.097s] INFO:colcon.colcon_core.shell:Creating environment hook '/home/qianli/zyb/radar_station/install/Yolo_Handle/share/Yolo_Handle/hook/cmake_prefix_path.ps1'
[1.097s] INFO:colcon.colcon_core.shell:Creating environment descriptor '/home/qianli/zyb/radar_station/install/Yolo_Handle/share/Yolo_Handle/hook/cmake_prefix_path.dsv'
[1.097s] INFO:colcon.colcon_core.shell:Creating environment hook '/home/qianli/zyb/radar_station/install/Yolo_Handle/share/Yolo_Handle/hook/cmake_prefix_path.sh'
[1.097s] Level 1:colcon.colcon_core.environment:checking '/home/qianli/zyb/radar_station/install/Yolo_Handle/bin'
[1.097s] Level 1:colcon.colcon_core.environment:checking '/home/qianli/zyb/radar_station/install/Yolo_Handle/lib/pkgconfig/Yolo_Handle.pc'
[1.098s] Level 1:colcon.colcon_core.environment:checking '/home/qianli/zyb/radar_station/install/Yolo_Handle/lib/python3.10/site-packages'
[1.098s] Level 1:colcon.colcon_core.environment:checking '/home/qianli/zyb/radar_station/install/Yolo_Handle/bin'
[1.106s] INFO:colcon.colcon_core.shell:Creating package script '/home/qianli/zyb/radar_station/install/Yolo_Handle/share/Yolo_Handle/package.ps1'
[1.107s] INFO:colcon.colcon_core.shell:Creating package descriptor '/home/qianli/zyb/radar_station/install/Yolo_Handle/share/Yolo_Handle/package.dsv'
[1.107s] INFO:colcon.colcon_core.shell:Creating package script '/home/qianli/zyb/radar_station/install/Yolo_Handle/share/Yolo_Handle/package.sh'
[1.107s] INFO:colcon.colcon_core.shell:Creating package script '/home/qianli/zyb/radar_station/install/Yolo_Handle/share/Yolo_Handle/package.bash'
[1.107s] INFO:colcon.colcon_core.shell:Creating package script '/home/qianli/zyb/radar_station/install/Yolo_Handle/share/Yolo_Handle/package.zsh'
[1.107s] Level 1:colcon.colcon_core.environment:create_file_with_runtime_dependencies(/home/qianli/zyb/radar_station/install/Yolo_Handle/share/colcon-core/packages/Yolo_Handle)
[1.116s] Level 1:colcon.colcon_core.environment:create_environment_scripts_only(mindvision_camera)
[1.123s] Level 1:colcon.colcon_core.environment:checking '/home/qianli/zyb/radar_station/install/mindvision_camera' for CMake module files
[1.124s] Level 1:colcon.colcon_core.environment:checking '/home/qianli/zyb/radar_station/install/mindvision_camera' for CMake config files
[1.124s] Level 1:colcon.colcon_core.shell:create_environment_hook('mindvision_camera', 'cmake_prefix_path')
[1.132s] INFO:colcon.colcon_core.shell:Creating environment hook '/home/qianli/zyb/radar_station/install/mindvision_camera/share/mindvision_camera/hook/cmake_prefix_path.ps1'
[1.132s] INFO:colcon.colcon_core.shell:Creating environment descriptor '/home/qianli/zyb/radar_station/install/mindvision_camera/share/mindvision_camera/hook/cmake_prefix_path.dsv'
[1.132s] INFO:colcon.colcon_core.shell:Creating environment hook '/home/qianli/zyb/radar_station/install/mindvision_camera/share/mindvision_camera/hook/cmake_prefix_path.sh'
[1.133s] Level 1:colcon.colcon_core.environment:checking '/home/qianli/zyb/radar_station/install/mindvision_camera/lib'
[1.133s] Level 1:colcon.colcon_core.shell:create_environment_hook('mindvision_camera', 'ld_library_path_lib')
[1.140s] INFO:colcon.colcon_core.shell:Creating environment hook '/home/qianli/zyb/radar_station/install/mindvision_camera/share/mindvision_camera/hook/ld_library_path_lib.ps1'
[1.141s] INFO:colcon.colcon_core.shell:Creating environment descriptor '/home/qianli/zyb/radar_station/install/mindvision_camera/share/mindvision_camera/hook/ld_library_path_lib.dsv'
[1.141s] INFO:colcon.colcon_core.shell:Creating environment hook '/home/qianli/zyb/radar_station/install/mindvision_camera/share/mindvision_camera/hook/ld_library_path_lib.sh'
[1.141s] Level 1:colcon.colcon_core.environment:checking '/home/qianli/zyb/radar_station/install/mindvision_camera/bin'
[1.141s] Level 1:colcon.colcon_core.environment:checking '/home/qianli/zyb/radar_station/install/mindvision_camera/lib/pkgconfig/mindvision_camera.pc'
[1.141s] Level 1:colcon.colcon_core.environment:checking '/home/qianli/zyb/radar_station/install/mindvision_camera/lib/python3.10/site-packages'
[1.142s] Level 1:colcon.colcon_core.environment:checking '/home/qianli/zyb/radar_station/install/mindvision_camera/bin'
[1.150s] INFO:colcon.colcon_core.shell:Creating package script '/home/qianli/zyb/radar_station/install/mindvision_camera/share/mindvision_camera/package.ps1'
[1.150s] INFO:colcon.colcon_core.shell:Creating package descriptor '/home/qianli/zyb/radar_station/install/mindvision_camera/share/mindvision_camera/package.dsv'
[1.150s] INFO:colcon.colcon_core.shell:Creating package script '/home/qianli/zyb/radar_station/install/mindvision_camera/share/mindvision_camera/package.sh'
[1.151s] INFO:colcon.colcon_core.shell:Creating package script '/home/qianli/zyb/radar_station/install/mindvision_camera/share/mindvision_camera/package.bash'
[1.151s] INFO:colcon.colcon_core.shell:Creating package script '/home/qianli/zyb/radar_station/install/mindvision_camera/share/mindvision_camera/package.zsh'
[1.151s] Level 1:colcon.colcon_core.environment:create_file_with_runtime_dependencies(/home/qianli/zyb/radar_station/install/mindvision_camera/share/colcon-core/packages/mindvision_camera)
[1.153s] DEBUG:colcon.colcon_core.event_handler.log_command:Invoked command in '/home/qianli/zyb/radar_station/build/my_msgss' returned '0': CMAKE_PREFIX_PATH=${CMAKE_PREFIX_PATH}:/opt/ros/humble /usr/bin/cmake --build /home/qianli/zyb/radar_station/build/my_msgss -- -j16 -l16
[1.227s] DEBUG:colcon.colcon_core.event_handler.log_command:Invoking command in '/home/qianli/zyb/radar_station/build/my_msgss': CMAKE_PREFIX_PATH=${CMAKE_PREFIX_PATH}:/opt/ros/humble /usr/bin/cmake --install /home/qianli/zyb/radar_station/build/my_msgss
[1.260s] Level 1:colcon.colcon_core.environment:create_environment_scripts_only(my_msgss)
[1.260s] DEBUG:colcon.colcon_core.event_handler.log_command:Invoked command in '/home/qianli/zyb/radar_station/build/my_msgss' returned '0': CMAKE_PREFIX_PATH=${CMAKE_PREFIX_PATH}:/opt/ros/humble /usr/bin/cmake --install /home/qianli/zyb/radar_station/build/my_msgss
[1.268s] Level 1:colcon.colcon_core.environment:checking '/home/qianli/zyb/radar_station/install/my_msgss' for CMake module files
[1.269s] Level 1:colcon.colcon_core.environment:checking '/home/qianli/zyb/radar_station/install/my_msgss' for CMake config files
[1.269s] Level 1:colcon.colcon_core.shell:create_environment_hook('my_msgss', 'cmake_prefix_path')
[1.276s] INFO:colcon.colcon_core.shell:Creating environment hook '/home/qianli/zyb/radar_station/install/my_msgss/share/my_msgss/hook/cmake_prefix_path.ps1'
[1.276s] INFO:colcon.colcon_core.shell:Creating environment descriptor '/home/qianli/zyb/radar_station/install/my_msgss/share/my_msgss/hook/cmake_prefix_path.dsv'
[1.276s] INFO:colcon.colcon_core.shell:Creating environment hook '/home/qianli/zyb/radar_station/install/my_msgss/share/my_msgss/hook/cmake_prefix_path.sh'
[1.277s] Level 1:colcon.colcon_core.environment:checking '/home/qianli/zyb/radar_station/install/my_msgss/lib'
[1.277s] Level 1:colcon.colcon_core.shell:create_environment_hook('my_msgss', 'ld_library_path_lib')
[1.284s] INFO:colcon.colcon_core.shell:Creating environment hook '/home/qianli/zyb/radar_station/install/my_msgss/share/my_msgss/hook/ld_library_path_lib.ps1'
[1.285s] INFO:colcon.colcon_core.shell:Creating environment descriptor '/home/qianli/zyb/radar_station/install/my_msgss/share/my_msgss/hook/ld_library_path_lib.dsv'
[1.285s] INFO:colcon.colcon_core.shell:Creating environment hook '/home/qianli/zyb/radar_station/install/my_msgss/share/my_msgss/hook/ld_library_path_lib.sh'
[1.285s] Level 1:colcon.colcon_core.environment:checking '/home/qianli/zyb/radar_station/install/my_msgss/bin'
[1.285s] Level 1:colcon.colcon_core.environment:checking '/home/qianli/zyb/radar_station/install/my_msgss/lib/pkgconfig/my_msgss.pc'
[1.285s] Level 1:colcon.colcon_core.environment:checking '/home/qianli/zyb/radar_station/install/my_msgss/lib/python3.10/site-packages'
[1.285s] Level 1:colcon.colcon_core.environment:checking '/home/qianli/zyb/radar_station/install/my_msgss/bin'
[1.293s] INFO:colcon.colcon_core.shell:Creating package script '/home/qianli/zyb/radar_station/install/my_msgss/share/my_msgss/package.ps1'
[1.293s] INFO:colcon.colcon_core.shell:Creating package descriptor '/home/qianli/zyb/radar_station/install/my_msgss/share/my_msgss/package.dsv'
[1.293s] INFO:colcon.colcon_core.shell:Creating package script '/home/qianli/zyb/radar_station/install/my_msgss/share/my_msgss/package.sh'
[1.294s] INFO:colcon.colcon_core.shell:Creating package script '/home/qianli/zyb/radar_station/install/my_msgss/share/my_msgss/package.bash'
[1.294s] INFO:colcon.colcon_core.shell:Creating package script '/home/qianli/zyb/radar_station/install/my_msgss/share/my_msgss/package.zsh'
[1.294s] Level 1:colcon.colcon_core.environment:create_file_with_runtime_dependencies(/home/qianli/zyb/radar_station/install/my_msgss/share/colcon-core/packages/my_msgss)
[1.369s] Level 1:colcon.colcon_core.environment:create_environment_scripts_only(my_msgss)
[1.377s] Level 1:colcon.colcon_core.environment:checking '/home/qianli/zyb/radar_station/install/my_msgss' for CMake module files
[1.377s] Level 1:colcon.colcon_core.environment:checking '/home/qianli/zyb/radar_station/install/my_msgss' for CMake config files
[1.378s] Level 1:colcon.colcon_core.shell:create_environment_hook('my_msgss', 'cmake_prefix_path')
[1.385s] INFO:colcon.colcon_core.shell:Creating environment hook '/home/qianli/zyb/radar_station/install/my_msgss/share/my_msgss/hook/cmake_prefix_path.ps1'
[1.385s] INFO:colcon.colcon_core.shell:Creating environment descriptor '/home/qianli/zyb/radar_station/install/my_msgss/share/my_msgss/hook/cmake_prefix_path.dsv'
[1.385s] INFO:colcon.colcon_core.shell:Creating environment hook '/home/qianli/zyb/radar_station/install/my_msgss/share/my_msgss/hook/cmake_prefix_path.sh'
[1.386s] Level 1:colcon.colcon_core.environment:checking '/home/qianli/zyb/radar_station/install/my_msgss/lib'
[1.386s] Level 1:colcon.colcon_core.shell:create_environment_hook('my_msgss', 'ld_library_path_lib')
[1.393s] INFO:colcon.colcon_core.shell:Creating environment hook '/home/qianli/zyb/radar_station/install/my_msgss/share/my_msgss/hook/ld_library_path_lib.ps1'
[1.393s] INFO:colcon.colcon_core.shell:Creating environment descriptor '/home/qianli/zyb/radar_station/install/my_msgss/share/my_msgss/hook/ld_library_path_lib.dsv'
[1.393s] INFO:colcon.colcon_core.shell:Creating environment hook '/home/qianli/zyb/radar_station/install/my_msgss/share/my_msgss/hook/ld_library_path_lib.sh'
[1.393s] Level 1:colcon.colcon_core.environment:checking '/home/qianli/zyb/radar_station/install/my_msgss/bin'
[1.393s] Level 1:colcon.colcon_core.environment:checking '/home/qianli/zyb/radar_station/install/my_msgss/lib/pkgconfig/my_msgss.pc'
[1.394s] Level 1:colcon.colcon_core.environment:checking '/home/qianli/zyb/radar_station/install/my_msgss/lib/python3.10/site-packages'
[1.394s] Level 1:colcon.colcon_core.environment:checking '/home/qianli/zyb/radar_station/install/my_msgss/bin'
[1.401s] INFO:colcon.colcon_core.shell:Creating package script '/home/qianli/zyb/radar_station/install/my_msgss/share/my_msgss/package.ps1'
[1.401s] INFO:colcon.colcon_core.shell:Creating package descriptor '/home/qianli/zyb/radar_station/install/my_msgss/share/my_msgss/package.dsv'
[1.401s] INFO:colcon.colcon_core.shell:Creating package script '/home/qianli/zyb/radar_station/install/my_msgss/share/my_msgss/package.sh'
[1.402s] INFO:colcon.colcon_core.shell:Creating package script '/home/qianli/zyb/radar_station/install/my_msgss/share/my_msgss/package.bash'
[1.402s] INFO:colcon.colcon_core.shell:Creating package script '/home/qianli/zyb/radar_station/install/my_msgss/share/my_msgss/package.zsh'
[1.402s] Level 1:colcon.colcon_core.environment:create_file_with_runtime_dependencies(/home/qianli/zyb/radar_station/install/my_msgss/share/colcon-core/packages/my_msgss)
[1.402s] INFO:colcon.colcon_ros.task.ament_cmake.build:Building ROS package in '/home/qianli/zyb/radar_station/src/Game_Map' with build type 'ament_cmake'
[1.402s] INFO:colcon.colcon_cmake.task.cmake.build:Building CMake package in '/home/qianli/zyb/radar_station/src/Game_Map'
[1.410s] INFO:colcon.colcon_core.shell:Skip shell extension 'powershell' for command environment: Not usable outside of PowerShell
[1.410s] DEBUG:colcon.colcon_core.shell:Skip shell extension 'dsv' for command environment
[1.434s] INFO:colcon.colcon_ros.task.ament_cmake.build:Building ROS package in '/home/qianli/zyb/radar_station/src/Img_Handle' with build type 'ament_cmake'
[1.434s] INFO:colcon.colcon_cmake.task.cmake.build:Building CMake package in '/home/qianli/zyb/radar_station/src/Img_Handle'
[1.442s] INFO:colcon.colcon_core.shell:Skip shell extension 'powershell' for command environment: Not usable outside of PowerShell
[1.442s] DEBUG:colcon.colcon_core.shell:Skip shell extension 'dsv' for command environment
[1.468s] INFO:colcon.colcon_ros.task.ament_cmake.build:Building ROS package in '/home/qianli/zyb/radar_station/src/Qt5_displayer' with build type 'ament_cmake'
[1.468s] INFO:colcon.colcon_cmake.task.cmake.build:Building CMake package in '/home/qianli/zyb/radar_station/src/Qt5_displayer'
[1.476s] INFO:colcon.colcon_core.shell:Skip shell extension 'powershell' for command environment: Not usable outside of PowerShell
[1.476s] DEBUG:colcon.colcon_core.shell:Skip shell extension 'dsv' for command environment
[1.501s] INFO:colcon.colcon_ros.task.ament_cmake.build:Building ROS package in '/home/qianli/zyb/radar_station/src/get_depth' with build type 'ament_cmake'
[1.501s] INFO:colcon.colcon_cmake.task.cmake.build:Building CMake package in '/home/qianli/zyb/radar_station/src/get_depth'
[1.510s] INFO:colcon.colcon_core.shell:Skip shell extension 'powershell' for command environment: Not usable outside of PowerShell
[1.510s] DEBUG:colcon.colcon_core.shell:Skip shell extension 'dsv' for command environment
[1.534s] INFO:colcon.colcon_ros.task.ament_cmake.build:Building ROS package in '/home/qianli/zyb/radar_station/src/map_test' with build type 'ament_cmake'
[1.534s] INFO:colcon.colcon_cmake.task.cmake.build:Building CMake package in '/home/qianli/zyb/radar_station/src/map_test'
[1.542s] INFO:colcon.colcon_core.shell:Skip shell extension 'powershell' for command environment: Not usable outside of PowerShell
[1.542s] DEBUG:colcon.colcon_core.shell:Skip shell extension 'dsv' for command environment
[1.572s] DEBUG:colcon.colcon_core.event_handler.log_command:Invoking command in '/home/qianli/zyb/radar_station/build/Game_Map': CMAKE_PREFIX_PATH=/home/qianli/zyb/radar_station/install/my_msgss:/home/qianli/zyb/radar_station/install/map_test:/home/qianli/zyb/radar_station/install/get_depth:/home/qianli/zyb/radar_station/install/Qt5_displayer:/home/qianli/zyb/radar_station/install/Img_Handle:/home/qianli/zyb/radar_station/install/Game_Map:/home/qianli/zyb/radar_station/install/mindvision_camera:/home/qianli/zyb/radar_station/install/Yolo_Handle:/opt/ros/humble /usr/bin/cmake --build /home/qianli/zyb/radar_station/build/Game_Map -- -j16 -l16
[1.574s] DEBUG:colcon.colcon_core.event_handler.log_command:Invoking command in '/home/qianli/zyb/radar_station/build/Img_Handle': CMAKE_PREFIX_PATH=/home/qianli/zyb/radar_station/install/my_msgss:/home/qianli/zyb/radar_station/install/map_test:/home/qianli/zyb/radar_station/install/get_depth:/home/qianli/zyb/radar_station/install/Qt5_displayer:/home/qianli/zyb/radar_station/install/Img_Handle:/home/qianli/zyb/radar_station/install/Game_Map:/home/qianli/zyb/radar_station/install/mindvision_camera:/home/qianli/zyb/radar_station/install/Yolo_Handle:/opt/ros/humble /usr/bin/cmake --build /home/qianli/zyb/radar_station/build/Img_Handle -- -j16 -l16
[1.578s] DEBUG:colcon.colcon_core.event_handler.log_command:Invoking command in '/home/qianli/zyb/radar_station/build/Qt5_displayer': CMAKE_PREFIX_PATH=/home/qianli/zyb/radar_station/install/my_msgss:/home/qianli/zyb/radar_station/install/map_test:/home/qianli/zyb/radar_station/install/get_depth:/home/qianli/zyb/radar_station/install/Qt5_displayer:/home/qianli/zyb/radar_station/install/Img_Handle:/home/qianli/zyb/radar_station/install/Game_Map:/home/qianli/zyb/radar_station/install/mindvision_camera:/home/qianli/zyb/radar_station/install/Yolo_Handle:/opt/ros/humble /usr/bin/cmake --build /home/qianli/zyb/radar_station/build/Qt5_displayer -- -j16 -l16
[1.581s] DEBUG:colcon.colcon_core.event_handler.log_command:Invoking command in '/home/qianli/zyb/radar_station/build/get_depth': CMAKE_PREFIX_PATH=/home/qianli/zyb/radar_station/install/my_msgss:/home/qianli/zyb/radar_station/install/map_test:/home/qianli/zyb/radar_station/install/get_depth:/home/qianli/zyb/radar_station/install/Qt5_displayer:/home/qianli/zyb/radar_station/install/Img_Handle:/home/qianli/zyb/radar_station/install/Game_Map:/home/qianli/zyb/radar_station/install/mindvision_camera:/home/qianli/zyb/radar_station/install/Yolo_Handle:/opt/ros/humble /usr/bin/cmake --build /home/qianli/zyb/radar_station/build/get_depth -- -j16 -l16
[1.587s] DEBUG:colcon.colcon_core.event_handler.log_command:Invoking command in '/home/qianli/zyb/radar_station/build/map_test': CMAKE_PREFIX_PATH=/home/qianli/zyb/radar_station/install/my_msgss:/home/qianli/zyb/radar_station/install/map_test:/home/qianli/zyb/radar_station/install/get_depth:/home/qianli/zyb/radar_station/install/Qt5_displayer:/home/qianli/zyb/radar_station/install/Img_Handle:/home/qianli/zyb/radar_station/install/Game_Map:/home/qianli/zyb/radar_station/install/mindvision_camera:/home/qianli/zyb/radar_station/install/Yolo_Handle:/opt/ros/humble /usr/bin/cmake --build /home/qianli/zyb/radar_station/build/map_test -- -j16 -l16
[1.610s] DEBUG:colcon.colcon_core.event_handler.log_command:Invoked command in '/home/qianli/zyb/radar_station/build/Game_Map' returned '0': CMAKE_PREFIX_PATH=/home/qianli/zyb/radar_station/install/my_msgss:/home/qianli/zyb/radar_station/install/map_test:/home/qianli/zyb/radar_station/install/get_depth:/home/qianli/zyb/radar_station/install/Qt5_displayer:/home/qianli/zyb/radar_station/install/Img_Handle:/home/qianli/zyb/radar_station/install/Game_Map:/home/qianli/zyb/radar_station/install/mindvision_camera:/home/qianli/zyb/radar_station/install/Yolo_Handle:/opt/ros/humble /usr/bin/cmake --build /home/qianli/zyb/radar_station/build/Game_Map -- -j16 -l16
[1.626s] DEBUG:colcon.colcon_core.event_handler.log_command:Invoked command in '/home/qianli/zyb/radar_station/build/map_test' returned '0': CMAKE_PREFIX_PATH=/home/qianli/zyb/radar_station/install/my_msgss:/home/qianli/zyb/radar_station/install/map_test:/home/qianli/zyb/radar_station/install/get_depth:/home/qianli/zyb/radar_station/install/Qt5_displayer:/home/qianli/zyb/radar_station/install/Img_Handle:/home/qianli/zyb/radar_station/install/Game_Map:/home/qianli/zyb/radar_station/install/mindvision_camera:/home/qianli/zyb/radar_station/install/Yolo_Handle:/opt/ros/humble /usr/bin/cmake --build /home/qianli/zyb/radar_station/build/map_test -- -j16 -l16
[1.634s] DEBUG:colcon.colcon_core.event_handler.log_command:Invoking command in '/home/qianli/zyb/radar_station/build/Game_Map': CMAKE_PREFIX_PATH=/home/qianli/zyb/radar_station/install/my_msgss:/home/qianli/zyb/radar_station/install/map_test:/home/qianli/zyb/radar_station/install/get_depth:/home/qianli/zyb/radar_station/install/Qt5_displayer:/home/qianli/zyb/radar_station/install/Img_Handle:/home/qianli/zyb/radar_station/install/Game_Map:/home/qianli/zyb/radar_station/install/mindvision_camera:/home/qianli/zyb/radar_station/install/Yolo_Handle:/opt/ros/humble /usr/bin/cmake --install /home/qianli/zyb/radar_station/build/Game_Map
[1.638s] DEBUG:colcon.colcon_core.event_handler.log_command:Invoked command in '/home/qianli/zyb/radar_station/build/get_depth' returned '0': CMAKE_PREFIX_PATH=/home/qianli/zyb/radar_station/install/my_msgss:/home/qianli/zyb/radar_station/install/map_test:/home/qianli/zyb/radar_station/install/get_depth:/home/qianli/zyb/radar_station/install/Qt5_displayer:/home/qianli/zyb/radar_station/install/Img_Handle:/home/qianli/zyb/radar_station/install/Game_Map:/home/qianli/zyb/radar_station/install/mindvision_camera:/home/qianli/zyb/radar_station/install/Yolo_Handle:/opt/ros/humble /usr/bin/cmake --build /home/qianli/zyb/radar_station/build/get_depth -- -j16 -l16
[1.641s] Level 1:colcon.colcon_core.environment:create_environment_scripts_only(Game_Map)
[1.645s] DEBUG:colcon.colcon_core.event_handler.log_command:Invoked command in '/home/qianli/zyb/radar_station/build/Game_Map' returned '0': CMAKE_PREFIX_PATH=/home/qianli/zyb/radar_station/install/my_msgss:/home/qianli/zyb/radar_station/install/map_test:/home/qianli/zyb/radar_station/install/get_depth:/home/qianli/zyb/radar_station/install/Qt5_displayer:/home/qianli/zyb/radar_station/install/Img_Handle:/home/qianli/zyb/radar_station/install/Game_Map:/home/qianli/zyb/radar_station/install/mindvision_camera:/home/qianli/zyb/radar_station/install/Yolo_Handle:/opt/ros/humble /usr/bin/cmake --install /home/qianli/zyb/radar_station/build/Game_Map
[1.654s] Level 1:colcon.colcon_core.environment:checking '/home/qianli/zyb/radar_station/install/Game_Map' for CMake module files
[1.655s] Level 1:colcon.colcon_core.environment:checking '/home/qianli/zyb/radar_station/install/Game_Map' for CMake config files
[1.655s] Level 1:colcon.colcon_core.shell:create_environment_hook('Game_Map', 'cmake_prefix_path')
[1.662s] INFO:colcon.colcon_core.shell:Creating environment hook '/home/qianli/zyb/radar_station/install/Game_Map/share/Game_Map/hook/cmake_prefix_path.ps1'
[1.662s] INFO:colcon.colcon_core.shell:Creating environment descriptor '/home/qianli/zyb/radar_station/install/Game_Map/share/Game_Map/hook/cmake_prefix_path.dsv'
[1.662s] INFO:colcon.colcon_core.shell:Creating environment hook '/home/qianli/zyb/radar_station/install/Game_Map/share/Game_Map/hook/cmake_prefix_path.sh'
[1.663s] Level 1:colcon.colcon_core.environment:checking '/home/qianli/zyb/radar_station/install/Game_Map/lib'
[1.663s] Level 1:colcon.colcon_core.environment:checking '/home/qianli/zyb/radar_station/install/Game_Map/bin'
[1.663s] Level 1:colcon.colcon_core.environment:checking '/home/qianli/zyb/radar_station/install/Game_Map/lib/pkgconfig/Game_Map.pc'
[1.663s] Level 1:colcon.colcon_core.environment:checking '/home/qianli/zyb/radar_station/install/Game_Map/lib/python3.10/site-packages'
[1.663s] Level 1:colcon.colcon_core.environment:checking '/home/qianli/zyb/radar_station/install/Game_Map/bin'
[1.670s] INFO:colcon.colcon_core.shell:Creating package script '/home/qianli/zyb/radar_station/install/Game_Map/share/Game_Map/package.ps1'
[1.671s] INFO:colcon.colcon_core.shell:Creating package descriptor '/home/qianli/zyb/radar_station/install/Game_Map/share/Game_Map/package.dsv'
[1.671s] INFO:colcon.colcon_core.shell:Creating package script '/home/qianli/zyb/radar_station/install/Game_Map/share/Game_Map/package.sh'
[1.671s] INFO:colcon.colcon_core.shell:Creating package script '/home/qianli/zyb/radar_station/install/Game_Map/share/Game_Map/package.bash'
[1.671s] INFO:colcon.colcon_core.shell:Creating package script '/home/qianli/zyb/radar_station/install/Game_Map/share/Game_Map/package.zsh'
[1.671s] Level 1:colcon.colcon_core.environment:create_file_with_runtime_dependencies(/home/qianli/zyb/radar_station/install/Game_Map/share/colcon-core/packages/Game_Map)
[1.674s] DEBUG:colcon.colcon_core.event_handler.log_command:Invoking command in '/home/qianli/zyb/radar_station/build/map_test': CMAKE_PREFIX_PATH=/home/qianli/zyb/radar_station/install/my_msgss:/home/qianli/zyb/radar_station/install/map_test:/home/qianli/zyb/radar_station/install/get_depth:/home/qianli/zyb/radar_station/install/Qt5_displayer:/home/qianli/zyb/radar_station/install/Img_Handle:/home/qianli/zyb/radar_station/install/Game_Map:/home/qianli/zyb/radar_station/install/mindvision_camera:/home/qianli/zyb/radar_station/install/Yolo_Handle:/opt/ros/humble /usr/bin/cmake --install /home/qianli/zyb/radar_station/build/map_test
[1.675s] DEBUG:colcon.colcon_core.event_handler.log_command:Invoking command in '/home/qianli/zyb/radar_station/build/get_depth': CMAKE_PREFIX_PATH=/home/qianli/zyb/radar_station/install/my_msgss:/home/qianli/zyb/radar_station/install/map_test:/home/qianli/zyb/radar_station/install/get_depth:/home/qianli/zyb/radar_station/install/Qt5_displayer:/home/qianli/zyb/radar_station/install/Img_Handle:/home/qianli/zyb/radar_station/install/Game_Map:/home/qianli/zyb/radar_station/install/mindvision_camera:/home/qianli/zyb/radar_station/install/Yolo_Handle:/opt/ros/humble /usr/bin/cmake --install /home/qianli/zyb/radar_station/build/get_depth
[1.676s] DEBUG:colcon.colcon_core.event_handler.log_command:Invoked command in '/home/qianli/zyb/radar_station/build/Qt5_displayer' returned '0': CMAKE_PREFIX_PATH=/home/qianli/zyb/radar_station/install/my_msgss:/home/qianli/zyb/radar_station/install/map_test:/home/qianli/zyb/radar_station/install/get_depth:/home/qianli/zyb/radar_station/install/Qt5_displayer:/home/qianli/zyb/radar_station/install/Img_Handle:/home/qianli/zyb/radar_station/install/Game_Map:/home/qianli/zyb/radar_station/install/mindvision_camera:/home/qianli/zyb/radar_station/install/Yolo_Handle:/opt/ros/humble /usr/bin/cmake --build /home/qianli/zyb/radar_station/build/Qt5_displayer -- -j16 -l16
[1.680s] Level 1:colcon.colcon_core.environment:create_environment_scripts_only(map_test)
[1.686s] DEBUG:colcon.colcon_core.event_handler.log_command:Invoked command in '/home/qianli/zyb/radar_station/build/map_test' returned '0': CMAKE_PREFIX_PATH=/home/qianli/zyb/radar_station/install/my_msgss:/home/qianli/zyb/radar_station/install/map_test:/home/qianli/zyb/radar_station/install/get_depth:/home/qianli/zyb/radar_station/install/Qt5_displayer:/home/qianli/zyb/radar_station/install/Img_Handle:/home/qianli/zyb/radar_station/install/Game_Map:/home/qianli/zyb/radar_station/install/mindvision_camera:/home/qianli/zyb/radar_station/install/Yolo_Handle:/opt/ros/humble /usr/bin/cmake --install /home/qianli/zyb/radar_station/build/map_test
[1.695s] Level 1:colcon.colcon_core.environment:checking '/home/qianli/zyb/radar_station/install/map_test' for CMake module files
[1.695s] Level 1:colcon.colcon_core.environment:checking '/home/qianli/zyb/radar_station/install/map_test' for CMake config files
[1.695s] Level 1:colcon.colcon_core.shell:create_environment_hook('map_test', 'cmake_prefix_path')
[1.702s] INFO:colcon.colcon_core.shell:Creating environment hook '/home/qianli/zyb/radar_station/install/map_test/share/map_test/hook/cmake_prefix_path.ps1'
[1.703s] INFO:colcon.colcon_core.shell:Creating environment descriptor '/home/qianli/zyb/radar_station/install/map_test/share/map_test/hook/cmake_prefix_path.dsv'
[1.703s] INFO:colcon.colcon_core.shell:Creating environment hook '/home/qianli/zyb/radar_station/install/map_test/share/map_test/hook/cmake_prefix_path.sh'
[1.703s] Level 1:colcon.colcon_core.environment:checking '/home/qianli/zyb/radar_station/install/map_test/lib'
[1.703s] Level 1:colcon.colcon_core.environment:checking '/home/qianli/zyb/radar_station/install/map_test/bin'
[1.703s] Level 1:colcon.colcon_core.environment:checking '/home/qianli/zyb/radar_station/install/map_test/lib/pkgconfig/map_test.pc'
[1.703s] Level 1:colcon.colcon_core.environment:checking '/home/qianli/zyb/radar_station/install/map_test/lib/python3.10/site-packages'
[1.704s] Level 1:colcon.colcon_core.environment:checking '/home/qianli/zyb/radar_station/install/map_test/bin'
[1.711s] INFO:colcon.colcon_core.shell:Creating package script '/home/qianli/zyb/radar_station/install/map_test/share/map_test/package.ps1'
[1.711s] INFO:colcon.colcon_core.shell:Creating package descriptor '/home/qianli/zyb/radar_station/install/map_test/share/map_test/package.dsv'
[1.711s] INFO:colcon.colcon_core.shell:Creating package script '/home/qianli/zyb/radar_station/install/map_test/share/map_test/package.sh'
[1.712s] INFO:colcon.colcon_core.shell:Creating package script '/home/qianli/zyb/radar_station/install/map_test/share/map_test/package.bash'
[1.712s] INFO:colcon.colcon_core.shell:Creating package script '/home/qianli/zyb/radar_station/install/map_test/share/map_test/package.zsh'
[1.712s] Level 1:colcon.colcon_core.environment:create_file_with_runtime_dependencies(/home/qianli/zyb/radar_station/install/map_test/share/colcon-core/packages/map_test)
[1.713s] Level 1:colcon.colcon_core.environment:create_environment_scripts_only(get_depth)
[1.714s] DEBUG:colcon.colcon_core.event_handler.log_command:Invoked command in '/home/qianli/zyb/radar_station/build/get_depth' returned '0': CMAKE_PREFIX_PATH=/home/qianli/zyb/radar_station/install/my_msgss:/home/qianli/zyb/radar_station/install/map_test:/home/qianli/zyb/radar_station/install/get_depth:/home/qianli/zyb/radar_station/install/Qt5_displayer:/home/qianli/zyb/radar_station/install/Img_Handle:/home/qianli/zyb/radar_station/install/Game_Map:/home/qianli/zyb/radar_station/install/mindvision_camera:/home/qianli/zyb/radar_station/install/Yolo_Handle:/opt/ros/humble /usr/bin/cmake --install /home/qianli/zyb/radar_station/build/get_depth
[1.721s] Level 1:colcon.colcon_core.environment:checking '/home/qianli/zyb/radar_station/install/get_depth' for CMake module files
[1.721s] Level 1:colcon.colcon_core.environment:checking '/home/qianli/zyb/radar_station/install/get_depth' for CMake config files
[1.721s] Level 1:colcon.colcon_core.shell:create_environment_hook('get_depth', 'cmake_prefix_path')
[1.729s] INFO:colcon.colcon_core.shell:Creating environment hook '/home/qianli/zyb/radar_station/install/get_depth/share/get_depth/hook/cmake_prefix_path.ps1'
[1.729s] INFO:colcon.colcon_core.shell:Creating environment descriptor '/home/qianli/zyb/radar_station/install/get_depth/share/get_depth/hook/cmake_prefix_path.dsv'
[1.729s] INFO:colcon.colcon_core.shell:Creating environment hook '/home/qianli/zyb/radar_station/install/get_depth/share/get_depth/hook/cmake_prefix_path.sh'
[1.730s] Level 1:colcon.colcon_core.environment:checking '/home/qianli/zyb/radar_station/install/get_depth/lib'
[1.730s] Level 1:colcon.colcon_core.environment:checking '/home/qianli/zyb/radar_station/install/get_depth/bin'
[1.730s] Level 1:colcon.colcon_core.environment:checking '/home/qianli/zyb/radar_station/install/get_depth/lib/pkgconfig/get_depth.pc'
[1.730s] Level 1:colcon.colcon_core.environment:checking '/home/qianli/zyb/radar_station/install/get_depth/lib/python3.10/site-packages'
[1.730s] Level 1:colcon.colcon_core.environment:checking '/home/qianli/zyb/radar_station/install/get_depth/bin'
[1.738s] INFO:colcon.colcon_core.shell:Creating package script '/home/qianli/zyb/radar_station/install/get_depth/share/get_depth/package.ps1'
[1.738s] INFO:colcon.colcon_core.shell:Creating package descriptor '/home/qianli/zyb/radar_station/install/get_depth/share/get_depth/package.dsv'
[1.738s] INFO:colcon.colcon_core.shell:Creating package script '/home/qianli/zyb/radar_station/install/get_depth/share/get_depth/package.sh'
[1.738s] INFO:colcon.colcon_core.shell:Creating package script '/home/qianli/zyb/radar_station/install/get_depth/share/get_depth/package.bash'
[1.739s] INFO:colcon.colcon_core.shell:Creating package script '/home/qianli/zyb/radar_station/install/get_depth/share/get_depth/package.zsh'
[1.739s] Level 1:colcon.colcon_core.environment:create_file_with_runtime_dependencies(/home/qianli/zyb/radar_station/install/get_depth/share/colcon-core/packages/get_depth)
[1.747s] Level 1:colcon.colcon_core.environment:create_environment_scripts_only(Game_Map)
[1.755s] Level 1:colcon.colcon_core.environment:checking '/home/qianli/zyb/radar_station/install/Game_Map' for CMake module files
[1.755s] Level 1:colcon.colcon_core.environment:checking '/home/qianli/zyb/radar_station/install/Game_Map' for CMake config files
[1.755s] Level 1:colcon.colcon_core.shell:create_environment_hook('Game_Map', 'cmake_prefix_path')
[1.762s] INFO:colcon.colcon_core.shell:Creating environment hook '/home/qianli/zyb/radar_station/install/Game_Map/share/Game_Map/hook/cmake_prefix_path.ps1'
[1.763s] INFO:colcon.colcon_core.shell:Creating environment descriptor '/home/qianli/zyb/radar_station/install/Game_Map/share/Game_Map/hook/cmake_prefix_path.dsv'
[1.763s] INFO:colcon.colcon_core.shell:Creating environment hook '/home/qianli/zyb/radar_station/install/Game_Map/share/Game_Map/hook/cmake_prefix_path.sh'
[1.763s] Level 1:colcon.colcon_core.environment:checking '/home/qianli/zyb/radar_station/install/Game_Map/lib'
[1.763s] Level 1:colcon.colcon_core.environment:checking '/home/qianli/zyb/radar_station/install/Game_Map/bin'
[1.763s] Level 1:colcon.colcon_core.environment:checking '/home/qianli/zyb/radar_station/install/Game_Map/lib/pkgconfig/Game_Map.pc'
[1.763s] Level 1:colcon.colcon_core.environment:checking '/home/qianli/zyb/radar_station/install/Game_Map/lib/python3.10/site-packages'
[1.763s] Level 1:colcon.colcon_core.environment:checking '/home/qianli/zyb/radar_station/install/Game_Map/bin'
[1.771s] INFO:colcon.colcon_core.shell:Creating package script '/home/qianli/zyb/radar_station/install/Game_Map/share/Game_Map/package.ps1'
[1.771s] INFO:colcon.colcon_core.shell:Creating package descriptor '/home/qianli/zyb/radar_station/install/Game_Map/share/Game_Map/package.dsv'
[1.771s] INFO:colcon.colcon_core.shell:Creating package script '/home/qianli/zyb/radar_station/install/Game_Map/share/Game_Map/package.sh'
[1.772s] INFO:colcon.colcon_core.shell:Creating package script '/home/qianli/zyb/radar_station/install/Game_Map/share/Game_Map/package.bash'
[1.772s] INFO:colcon.colcon_core.shell:Creating package script '/home/qianli/zyb/radar_station/install/Game_Map/share/Game_Map/package.zsh'
[1.772s] Level 1:colcon.colcon_core.environment:create_file_with_runtime_dependencies(/home/qianli/zyb/radar_station/install/Game_Map/share/colcon-core/packages/Game_Map)
[1.776s] DEBUG:colcon.colcon_core.event_handler.log_command:Invoking command in '/home/qianli/zyb/radar_station/build/Qt5_displayer': CMAKE_PREFIX_PATH=/home/qianli/zyb/radar_station/install/my_msgss:/home/qianli/zyb/radar_station/install/map_test:/home/qianli/zyb/radar_station/install/get_depth:/home/qianli/zyb/radar_station/install/Qt5_displayer:/home/qianli/zyb/radar_station/install/Img_Handle:/home/qianli/zyb/radar_station/install/Game_Map:/home/qianli/zyb/radar_station/install/mindvision_camera:/home/qianli/zyb/radar_station/install/Yolo_Handle:/opt/ros/humble /usr/bin/cmake --install /home/qianli/zyb/radar_station/build/Qt5_displayer
[1.785s] Level 1:colcon.colcon_core.environment:create_environment_scripts_only(map_test)
[1.795s] Level 1:colcon.colcon_core.environment:checking '/home/qianli/zyb/radar_station/install/map_test' for CMake module files
[1.795s] Level 1:colcon.colcon_core.environment:checking '/home/qianli/zyb/radar_station/install/map_test' for CMake config files
[1.795s] Level 1:colcon.colcon_core.shell:create_environment_hook('map_test', 'cmake_prefix_path')
[1.803s] INFO:colcon.colcon_core.shell:Creating environment hook '/home/qianli/zyb/radar_station/install/map_test/share/map_test/hook/cmake_prefix_path.ps1'
[1.803s] INFO:colcon.colcon_core.shell:Creating environment descriptor '/home/qianli/zyb/radar_station/install/map_test/share/map_test/hook/cmake_prefix_path.dsv'
[1.803s] INFO:colcon.colcon_core.shell:Creating environment hook '/home/qianli/zyb/radar_station/install/map_test/share/map_test/hook/cmake_prefix_path.sh'
[1.803s] Level 1:colcon.colcon_core.environment:checking '/home/qianli/zyb/radar_station/install/map_test/lib'
[1.803s] Level 1:colcon.colcon_core.environment:checking '/home/qianli/zyb/radar_station/install/map_test/bin'
[1.804s] Level 1:colcon.colcon_core.environment:checking '/home/qianli/zyb/radar_station/install/map_test/lib/pkgconfig/map_test.pc'
[1.804s] Level 1:colcon.colcon_core.environment:checking '/home/qianli/zyb/radar_station/install/map_test/lib/python3.10/site-packages'
[1.804s] Level 1:colcon.colcon_core.environment:checking '/home/qianli/zyb/radar_station/install/map_test/bin'
[1.812s] INFO:colcon.colcon_core.shell:Creating package script '/home/qianli/zyb/radar_station/install/map_test/share/map_test/package.ps1'
[1.813s] INFO:colcon.colcon_core.shell:Creating package descriptor '/home/qianli/zyb/radar_station/install/map_test/share/map_test/package.dsv'
[1.813s] INFO:colcon.colcon_core.shell:Creating package script '/home/qianli/zyb/radar_station/install/map_test/share/map_test/package.sh'
[1.813s] INFO:colcon.colcon_core.shell:Creating package script '/home/qianli/zyb/radar_station/install/map_test/share/map_test/package.bash'
[1.813s] INFO:colcon.colcon_core.shell:Creating package script '/home/qianli/zyb/radar_station/install/map_test/share/map_test/package.zsh'
[1.813s] Level 1:colcon.colcon_core.environment:create_file_with_runtime_dependencies(/home/qianli/zyb/radar_station/install/map_test/share/colcon-core/packages/map_test)
[1.823s] Level 1:colcon.colcon_core.environment:create_environment_scripts_only(get_depth)
[1.830s] Level 1:colcon.colcon_core.environment:checking '/home/qianli/zyb/radar_station/install/get_depth' for CMake module files
[1.830s] Level 1:colcon.colcon_core.environment:checking '/home/qianli/zyb/radar_station/install/get_depth' for CMake config files
[1.830s] Level 1:colcon.colcon_core.shell:create_environment_hook('get_depth', 'cmake_prefix_path')
[1.838s] INFO:colcon.colcon_core.shell:Creating environment hook '/home/qianli/zyb/radar_station/install/get_depth/share/get_depth/hook/cmake_prefix_path.ps1'
[1.838s] INFO:colcon.colcon_core.shell:Creating environment descriptor '/home/qianli/zyb/radar_station/install/get_depth/share/get_depth/hook/cmake_prefix_path.dsv'
[1.838s] INFO:colcon.colcon_core.shell:Creating environment hook '/home/qianli/zyb/radar_station/install/get_depth/share/get_depth/hook/cmake_prefix_path.sh'
[1.839s] Level 1:colcon.colcon_core.environment:checking '/home/qianli/zyb/radar_station/install/get_depth/lib'
[1.839s] Level 1:colcon.colcon_core.environment:checking '/home/qianli/zyb/radar_station/install/get_depth/bin'
[1.839s] Level 1:colcon.colcon_core.environment:checking '/home/qianli/zyb/radar_station/install/get_depth/lib/pkgconfig/get_depth.pc'
[1.839s] Level 1:colcon.colcon_core.environment:checking '/home/qianli/zyb/radar_station/install/get_depth/lib/python3.10/site-packages'
[1.839s] Level 1:colcon.colcon_core.environment:checking '/home/qianli/zyb/radar_station/install/get_depth/bin'
[1.847s] INFO:colcon.colcon_core.shell:Creating package script '/home/qianli/zyb/radar_station/install/get_depth/share/get_depth/package.ps1'
[1.847s] INFO:colcon.colcon_core.shell:Creating package descriptor '/home/qianli/zyb/radar_station/install/get_depth/share/get_depth/package.dsv'
[1.847s] INFO:colcon.colcon_core.shell:Creating package script '/home/qianli/zyb/radar_station/install/get_depth/share/get_depth/package.sh'
[1.848s] INFO:colcon.colcon_core.shell:Creating package script '/home/qianli/zyb/radar_station/install/get_depth/share/get_depth/package.bash'
[1.848s] INFO:colcon.colcon_core.shell:Creating package script '/home/qianli/zyb/radar_station/install/get_depth/share/get_depth/package.zsh'
[1.848s] Level 1:colcon.colcon_core.environment:create_file_with_runtime_dependencies(/home/qianli/zyb/radar_station/install/get_depth/share/colcon-core/packages/get_depth)
[1.848s] Level 1:colcon.colcon_core.environment:create_environment_scripts_only(Qt5_displayer)
[1.850s] DEBUG:colcon.colcon_core.event_handler.log_command:Invoked command in '/home/qianli/zyb/radar_station/build/Qt5_displayer' returned '0': CMAKE_PREFIX_PATH=/home/qianli/zyb/radar_station/install/my_msgss:/home/qianli/zyb/radar_station/install/map_test:/home/qianli/zyb/radar_station/install/get_depth:/home/qianli/zyb/radar_station/install/Qt5_displayer:/home/qianli/zyb/radar_station/install/Img_Handle:/home/qianli/zyb/radar_station/install/Game_Map:/home/qianli/zyb/radar_station/install/mindvision_camera:/home/qianli/zyb/radar_station/install/Yolo_Handle:/opt/ros/humble /usr/bin/cmake --install /home/qianli/zyb/radar_station/build/Qt5_displayer
[1.857s] Level 1:colcon.colcon_core.environment:checking '/home/qianli/zyb/radar_station/install/Qt5_displayer' for CMake module files
[1.857s] Level 1:colcon.colcon_core.environment:checking '/home/qianli/zyb/radar_station/install/Qt5_displayer' for CMake config files
[1.857s] Level 1:colcon.colcon_core.shell:create_environment_hook('Qt5_displayer', 'cmake_prefix_path')
[1.865s] INFO:colcon.colcon_core.shell:Creating environment hook '/home/qianli/zyb/radar_station/install/Qt5_displayer/share/Qt5_displayer/hook/cmake_prefix_path.ps1'
[1.865s] INFO:colcon.colcon_core.shell:Creating environment descriptor '/home/qianli/zyb/radar_station/install/Qt5_displayer/share/Qt5_displayer/hook/cmake_prefix_path.dsv'
[1.866s] INFO:colcon.colcon_core.shell:Creating environment hook '/home/qianli/zyb/radar_station/install/Qt5_displayer/share/Qt5_displayer/hook/cmake_prefix_path.sh'
[1.866s] Level 1:colcon.colcon_core.environment:checking '/home/qianli/zyb/radar_station/install/Qt5_displayer/lib'
[1.866s] Level 1:colcon.colcon_core.environment:checking '/home/qianli/zyb/radar_station/install/Qt5_displayer/bin'
[1.866s] Level 1:colcon.colcon_core.environment:checking '/home/qianli/zyb/radar_station/install/Qt5_displayer/lib/pkgconfig/Qt5_displayer.pc'
[1.866s] Level 1:colcon.colcon_core.environment:checking '/home/qianli/zyb/radar_station/install/Qt5_displayer/lib/python3.10/site-packages'
[1.866s] Level 1:colcon.colcon_core.environment:checking '/home/qianli/zyb/radar_station/install/Qt5_displayer/bin'
[1.874s] INFO:colcon.colcon_core.shell:Creating package script '/home/qianli/zyb/radar_station/install/Qt5_displayer/share/Qt5_displayer/package.ps1'
[1.874s] INFO:colcon.colcon_core.shell:Creating package descriptor '/home/qianli/zyb/radar_station/install/Qt5_displayer/share/Qt5_displayer/package.dsv'
[1.874s] INFO:colcon.colcon_core.shell:Creating package script '/home/qianli/zyb/radar_station/install/Qt5_displayer/share/Qt5_displayer/package.sh'
[1.875s] INFO:colcon.colcon_core.shell:Creating package script '/home/qianli/zyb/radar_station/install/Qt5_displayer/share/Qt5_displayer/package.bash'
[1.875s] INFO:colcon.colcon_core.shell:Creating package script '/home/qianli/zyb/radar_station/install/Qt5_displayer/share/Qt5_displayer/package.zsh'
[1.875s] Level 1:colcon.colcon_core.environment:create_file_with_runtime_dependencies(/home/qianli/zyb/radar_station/install/Qt5_displayer/share/colcon-core/packages/Qt5_displayer)
[1.902s] Level 1:colcon.colcon_core.environment:create_environment_scripts_only(Qt5_displayer)
[1.910s] Level 1:colcon.colcon_core.environment:checking '/home/qianli/zyb/radar_station/install/Qt5_displayer' for CMake module files
[1.910s] Level 1:colcon.colcon_core.environment:checking '/home/qianli/zyb/radar_station/install/Qt5_displayer' for CMake config files
[1.910s] Level 1:colcon.colcon_core.shell:create_environment_hook('Qt5_displayer', 'cmake_prefix_path')
[1.918s] INFO:colcon.colcon_core.shell:Creating environment hook '/home/qianli/zyb/radar_station/install/Qt5_displayer/share/Qt5_displayer/hook/cmake_prefix_path.ps1'
[1.918s] INFO:colcon.colcon_core.shell:Creating environment descriptor '/home/qianli/zyb/radar_station/install/Qt5_displayer/share/Qt5_displayer/hook/cmake_prefix_path.dsv'
[1.918s] INFO:colcon.colcon_core.shell:Creating environment hook '/home/qianli/zyb/radar_station/install/Qt5_displayer/share/Qt5_displayer/hook/cmake_prefix_path.sh'
[1.919s] Level 1:colcon.colcon_core.environment:checking '/home/qianli/zyb/radar_station/install/Qt5_displayer/lib'
[1.919s] Level 1:colcon.colcon_core.environment:checking '/home/qianli/zyb/radar_station/install/Qt5_displayer/bin'
[1.919s] Level 1:colcon.colcon_core.environment:checking '/home/qianli/zyb/radar_station/install/Qt5_displayer/lib/pkgconfig/Qt5_displayer.pc'
[1.919s] Level 1:colcon.colcon_core.environment:checking '/home/qianli/zyb/radar_station/install/Qt5_displayer/lib/python3.10/site-packages'
[1.919s] Level 1:colcon.colcon_core.environment:checking '/home/qianli/zyb/radar_station/install/Qt5_displayer/bin'
[1.926s] INFO:colcon.colcon_core.shell:Creating package script '/home/qianli/zyb/radar_station/install/Qt5_displayer/share/Qt5_displayer/package.ps1'
[1.927s] INFO:colcon.colcon_core.shell:Creating package descriptor '/home/qianli/zyb/radar_station/install/Qt5_displayer/share/Qt5_displayer/package.dsv'
[1.927s] INFO:colcon.colcon_core.shell:Creating package script '/home/qianli/zyb/radar_station/install/Qt5_displayer/share/Qt5_displayer/package.sh'
[1.927s] INFO:colcon.colcon_core.shell:Creating package script '/home/qianli/zyb/radar_station/install/Qt5_displayer/share/Qt5_displayer/package.bash'
[1.928s] INFO:colcon.colcon_core.shell:Creating package script '/home/qianli/zyb/radar_station/install/Qt5_displayer/share/Qt5_displayer/package.zsh'
[1.928s] Level 1:colcon.colcon_core.environment:create_file_with_runtime_dependencies(/home/qianli/zyb/radar_station/install/Qt5_displayer/share/colcon-core/packages/Qt5_displayer)
[5.724s] DEBUG:colcon.colcon_core.event_handler.log_command:Invoked command in '/home/qianli/zyb/radar_station/build/Img_Handle' returned '2': CMAKE_PREFIX_PATH=/home/qianli/zyb/radar_station/install/my_msgss:/home/qianli/zyb/radar_station/install/map_test:/home/qianli/zyb/radar_station/install/get_depth:/home/qianli/zyb/radar_station/install/Qt5_displayer:/home/qianli/zyb/radar_station/install/Img_Handle:/home/qianli/zyb/radar_station/install/Game_Map:/home/qianli/zyb/radar_station/install/mindvision_camera:/home/qianli/zyb/radar_station/install/Yolo_Handle:/opt/ros/humble /usr/bin/cmake --build /home/qianli/zyb/radar_station/build/Img_Handle -- -j16 -l16
[5.753s] Level 1:colcon.colcon_core.environment:create_environment_scripts_only(Img_Handle)
[5.760s] Level 1:colcon.colcon_core.environment:checking '/home/qianli/zyb/radar_station/install/Img_Handle' for CMake module files
[5.760s] Level 1:colcon.colcon_core.environment:checking '/home/qianli/zyb/radar_station/install/Img_Handle' for CMake config files
[5.761s] Level 1:colcon.colcon_core.shell:create_environment_hook('Img_Handle', 'cmake_prefix_path')
[5.768s] INFO:colcon.colcon_core.shell:Creating environment hook '/home/qianli/zyb/radar_station/install/Img_Handle/share/Img_Handle/hook/cmake_prefix_path.ps1'
[5.768s] INFO:colcon.colcon_core.shell:Creating environment descriptor '/home/qianli/zyb/radar_station/install/Img_Handle/share/Img_Handle/hook/cmake_prefix_path.dsv'
[5.768s] INFO:colcon.colcon_core.shell:Creating environment hook '/home/qianli/zyb/radar_station/install/Img_Handle/share/Img_Handle/hook/cmake_prefix_path.sh'
[5.769s] Level 1:colcon.colcon_core.environment:checking '/home/qianli/zyb/radar_station/install/Img_Handle/lib'
[5.769s] Level 1:colcon.colcon_core.environment:checking '/home/qianli/zyb/radar_station/install/Img_Handle/bin'
[5.769s] Level 1:colcon.colcon_core.environment:checking '/home/qianli/zyb/radar_station/install/Img_Handle/lib/pkgconfig/Img_Handle.pc'
[5.769s] Level 1:colcon.colcon_core.environment:checking '/home/qianli/zyb/radar_station/install/Img_Handle/lib/python3.10/site-packages'
[5.769s] Level 1:colcon.colcon_core.environment:checking '/home/qianli/zyb/radar_station/install/Img_Handle/bin'
[5.776s] INFO:colcon.colcon_core.shell:Creating package script '/home/qianli/zyb/radar_station/install/Img_Handle/share/Img_Handle/package.ps1'
[5.777s] INFO:colcon.colcon_core.shell:Creating package descriptor '/home/qianli/zyb/radar_station/install/Img_Handle/share/Img_Handle/package.dsv'
[5.777s] INFO:colcon.colcon_core.shell:Creating package script '/home/qianli/zyb/radar_station/install/Img_Handle/share/Img_Handle/package.sh'
[5.777s] INFO:colcon.colcon_core.shell:Creating package script '/home/qianli/zyb/radar_station/install/Img_Handle/share/Img_Handle/package.bash'
[5.777s] INFO:colcon.colcon_core.shell:Creating package script '/home/qianli/zyb/radar_station/install/Img_Handle/share/Img_Handle/package.zsh'
[5.778s] Level 1:colcon.colcon_core.environment:create_file_with_runtime_dependencies(/home/qianli/zyb/radar_station/install/Img_Handle/share/colcon-core/packages/Img_Handle)
[5.788s] DEBUG:colcon.colcon_parallel_executor.executor.parallel:closing loop
[5.788s] DEBUG:colcon.colcon_parallel_executor.executor.parallel:loop closed
[5.788s] DEBUG:colcon.colcon_parallel_executor.executor.parallel:run_until_complete finished with '2'
[5.788s] DEBUG:colcon.colcon_core.event_reactor:joining thread
[5.806s] INFO:colcon.colcon_core.plugin_system:Skipping extension 'colcon_notification.desktop_notification.terminal_notifier': Not used on non-Darwin systems
[5.806s] INFO:colcon.colcon_core.plugin_system:Skipping extension 'colcon_notification.desktop_notification.win32': Not used on non-Windows systems
[5.806s] INFO:colcon.colcon_notification.desktop_notification:Sending desktop notification using 'notify2'
[5.817s] DEBUG:colcon.colcon_core.event_reactor:joined thread
[5.828s] INFO:colcon.colcon_core.shell:Creating prefix script '/home/qianli/zyb/radar_station/install/local_setup.ps1'
[5.829s] INFO:colcon.colcon_core.shell:Creating prefix util module '/home/qianli/zyb/radar_station/install/_local_setup_util_ps1.py'
[5.830s] INFO:colcon.colcon_core.shell:Creating prefix chain script '/home/qianli/zyb/radar_station/install/setup.ps1'
[5.838s] INFO:colcon.colcon_core.shell:Creating prefix script '/home/qianli/zyb/radar_station/install/local_setup.sh'
[5.839s] INFO:colcon.colcon_core.shell:Creating prefix util module '/home/qianli/zyb/radar_station/install/_local_setup_util_sh.py'
[5.840s] INFO:colcon.colcon_core.shell:Creating prefix chain script '/home/qianli/zyb/radar_station/install/setup.sh'
[5.849s] INFO:colcon.colcon_core.shell:Creating prefix script '/home/qianli/zyb/radar_station/install/local_setup.bash'
[5.849s] INFO:colcon.colcon_core.shell:Creating prefix chain script '/home/qianli/zyb/radar_station/install/setup.bash'
[5.857s] INFO:colcon.colcon_core.shell:Creating prefix script '/home/qianli/zyb/radar_station/install/local_setup.zsh'
[5.858s] INFO:colcon.colcon_core.shell:Creating prefix chain script '/home/qianli/zyb/radar_station/install/setup.zsh'
