[35m[1mConsolidate compiler generated dependencies of target Img_Sub[0m
[ 22%] Built target Img_Pub
[ 55%] Built target main
[ 66%] [32mBuilding CXX object CMakeFiles/Img_Sub.dir/src/img_sub.cpp.o[0m
[01m[K/home/mechax/zyb/radar_station_all/radar_station_fixed_class/src/Img_Handle/src/img_sub.cpp:[m[K In member function ‘[01m[Kvoid Img_Sub::draw_img(cv::Mat&, my_msgss::msg::Yolopoints&)[m[K’:
[01m[K/home/mechax/zyb/radar_station_all/radar_station_fixed_class/src/Img_Handle/src/img_sub.cpp:223:21:[m[K [01;35m[Kwarning: [m[Kcomparison of integer expressions of different signedness: ‘[01m[Kint[m[K’ and ‘[01m[Kstd::vector<my_msgss::msg::Yolopoint_<std::allocator<void> >, std::allocator<my_msgss::msg::Yolopoint_<std::allocator<void> > > >::size_type[m[K’ {aka ‘[01m[Klong unsigned int[m[K’} [[01;35m[K]8;;https://gcc.gnu.org/onlinedocs/gcc/Warning-Options.html#index-Wsign-compare-Wsign-compare]8;;[m[K]
  223 |     for(int i =0 ;[01;35m[Ki < robot_boxes.data.size()[m[K ; i++)
      |                   [01;35m[K~~^~~~~~~~~~~~~~~~~~~~~~~~~[m[K
[01m[K/home/mechax/zyb/radar_station_all/radar_station_fixed_class/src/Img_Handle/src/img_sub.cpp:[m[K In member function ‘[01m[Kvoid Img_Sub::robots_init()[m[K’:
[01m[K/home/mechax/zyb/radar_station_all/radar_station_fixed_class/src/Img_Handle/src/img_sub.cpp:296:5:[m[K [01;31m[Kerror: [m[K‘[01m[Kmax_tracking_lost_times[m[K’ was not declared in this scope
  296 |     [01;31m[Kmax_tracking_lost_times[m[K = -25;
      |     [01;31m[K^~~~~~~~~~~~~~~~~~~~~~~[m[K
[01m[K/home/mechax/zyb/radar_station_all/radar_station_fixed_class/src/Img_Handle/src/img_sub.cpp:[m[K In member function ‘[01m[Kvoid Img_Sub::allrobots_adjust(std::vector<Robot>&, my_msgss::msg::Yolopoints&)[m[K’:
[01m[K/home/mechax/zyb/radar_station_all/radar_station_fixed_class/src/Img_Handle/src/img_sub.cpp:542:20:[m[K [01;35m[Kwarning: [m[Kcomparison of integer expressions of different signedness: ‘[01m[Kint[m[K’ and ‘[01m[Kstd::vector<Robot>::size_type[m[K’ {aka ‘[01m[Klong unsigned int[m[K’} [[01;35m[K]8;;https://gcc.gnu.org/onlinedocs/gcc/Warning-Options.html#index-Wsign-compare-Wsign-compare]8;;[m[K]
  542 |     for(int i = 1;[01;35m[Ki<robots.size()[m[K;i++)
      |                   [01;35m[K~^~~~~~~~~~~~~~[m[K
[01m[K/home/mechax/zyb/radar_station_all/radar_station_fixed_class/src/Img_Handle/src/img_sub.cpp:561:42:[m[K [01;31m[Kerror: [m[K‘[01m[Kmax_tracking_lost_times[m[K’ was not declared in this scope
  561 |             if(robots[i].record_times <= [01;31m[Kmax_tracking_lost_times[m[K)
      |                                          [01;31m[K^~~~~~~~~~~~~~~~~~~~~~~[m[K
gmake[2]: *** [CMakeFiles/Img_Sub.dir/build.make:76: CMakeFiles/Img_Sub.dir/src/img_sub.cpp.o] Error 1
gmake[1]: *** [CMakeFiles/Makefile2:167: CMakeFiles/Img_Sub.dir/all] Error 2
gmake: *** [Makefile:146: all] Error 2
