[0.154s] Invoking command in '/home/mechax/zyb/radar_station_all/radar_station_fixed_class/build/Img_Handle': AMENT_PREFIX_PATH=/home/mechax/zyb/radar_station_all/radar_station_fixed_class/install/my_msgss:${AMENT_PREFIX_PATH} CMAKE_PREFIX_PATH=/home/mechax/zyb/radar_station_all/radar_station_fixed_class/install/my_msgss:/home/mechax/ws_livox/install/livox_ros2_driver:/home/mechax/ws_livox/install/livox_sdk_vendor:/home/mechax/ws_livox/install/livox_interfaces:/opt/ros/humble LD_LIBRARY_PATH=/home/mechax/zyb/radar_station_all/radar_station_fixed_class/install/my_msgss/lib:/opt/MVS/lib/64:/opt/MVS/lib/32:/opt/MVS/lib/64:/opt/MVS/lib/32:/home/mechax/ws_livox/install/livox_ros2_driver/lib:/home/mechax/ws_livox/install/livox_interfaces/lib:/usr/lib/x86_64-linux-gnu/gazebo-11/plugins:/opt/ros/humble/opt/rviz_ogre_vendor/lib:/opt/ros/humble/lib/x86_64-linux-gnu:/opt/ros/humble/lib:/opt/MVS/lib/64:/opt/MVS/lib/32:/opt/MVS/lib/64:/opt/MVS/lib/32 PYTHONPATH=/home/mechax/zyb/radar_station_all/radar_station_fixed_class/install/my_msgss/local/lib/python3.10/dist-packages:${PYTHONPATH} /usr/bin/cmake --build /home/mechax/zyb/radar_station_all/radar_station_fixed_class/build/Img_Handle -- -j16 -l16
[0.195s] [35m[1mConsolidate compiler generated dependencies of target Img_Sub[0m
[0.207s] [ 22%] Built target Img_Pub
[0.217s] [ 55%] Built target main
[0.218s] [ 66%] [32mBuilding CXX object CMakeFiles/Img_Sub.dir/src/img_sub.cpp.o[0m
[2.638s] [01m[K/home/mechax/zyb/radar_station_all/radar_station_fixed_class/src/Img_Handle/src/img_sub.cpp:[m[K In member function ‘[01m[Kvoid Img_Sub::draw_img(cv::Mat&, my_msgss::msg::Yolopoints&)[m[K’:
[2.638s] [01m[K/home/mechax/zyb/radar_station_all/radar_station_fixed_class/src/Img_Handle/src/img_sub.cpp:223:21:[m[K [01;35m[Kwarning: [m[Kcomparison of integer expressions of different signedness: ‘[01m[Kint[m[K’ and ‘[01m[Kstd::vector<my_msgss::msg::Yolopoint_<std::allocator<void> >, std::allocator<my_msgss::msg::Yolopoint_<std::allocator<void> > > >::size_type[m[K’ {aka ‘[01m[Klong unsigned int[m[K’} [[01;35m[K]8;;https://gcc.gnu.org/onlinedocs/gcc/Warning-Options.html#index-Wsign-compare-Wsign-compare]8;;[m[K]
[2.638s]   223 |     for(int i =0 ;[01;35m[Ki < robot_boxes.data.size()[m[K ; i++)
[2.638s]       |                   [01;35m[K~~^~~~~~~~~~~~~~~~~~~~~~~~~[m[K
[2.654s] [01m[K/home/mechax/zyb/radar_station_all/radar_station_fixed_class/src/Img_Handle/src/img_sub.cpp:[m[K In member function ‘[01m[Kvoid Img_Sub::robots_init()[m[K’:
[2.655s] [01m[K/home/mechax/zyb/radar_station_all/radar_station_fixed_class/src/Img_Handle/src/img_sub.cpp:296:5:[m[K [01;31m[Kerror: [m[K‘[01m[Kmax_tracking_lost_times[m[K’ was not declared in this scope
[2.655s]   296 |     [01;31m[Kmax_tracking_lost_times[m[K = -25;
[2.655s]       |     [01;31m[K^~~~~~~~~~~~~~~~~~~~~~~[m[K
[2.658s] [01m[K/home/mechax/zyb/radar_station_all/radar_station_fixed_class/src/Img_Handle/src/img_sub.cpp:[m[K In member function ‘[01m[Kvoid Img_Sub::allrobots_adjust(std::vector<Robot>&, my_msgss::msg::Yolopoints&)[m[K’:
[2.658s] [01m[K/home/mechax/zyb/radar_station_all/radar_station_fixed_class/src/Img_Handle/src/img_sub.cpp:542:20:[m[K [01;35m[Kwarning: [m[Kcomparison of integer expressions of different signedness: ‘[01m[Kint[m[K’ and ‘[01m[Kstd::vector<Robot>::size_type[m[K’ {aka ‘[01m[Klong unsigned int[m[K’} [[01;35m[K]8;;https://gcc.gnu.org/onlinedocs/gcc/Warning-Options.html#index-Wsign-compare-Wsign-compare]8;;[m[K]
[2.658s]   542 |     for(int i = 1;[01;35m[Ki<robots.size()[m[K;i++)
[2.658s]       |                   [01;35m[K~^~~~~~~~~~~~~~[m[K
[2.671s] [01m[K/home/mechax/zyb/radar_station_all/radar_station_fixed_class/src/Img_Handle/src/img_sub.cpp:561:42:[m[K [01;31m[Kerror: [m[K‘[01m[Kmax_tracking_lost_times[m[K’ was not declared in this scope
[2.671s]   561 |             if(robots[i].record_times <= [01;31m[Kmax_tracking_lost_times[m[K)
[2.671s]       |                                          [01;31m[K^~~~~~~~~~~~~~~~~~~~~~~[m[K
[4.814s] gmake[2]: *** [CMakeFiles/Img_Sub.dir/build.make:76: CMakeFiles/Img_Sub.dir/src/img_sub.cpp.o] Error 1
[4.814s] gmake[1]: *** [CMakeFiles/Makefile2:167: CMakeFiles/Img_Sub.dir/all] Error 2
[4.814s] gmake: *** [Makefile:146: all] Error 2
[4.817s] Invoked command in '/home/mechax/zyb/radar_station_all/radar_station_fixed_class/build/Img_Handle' returned '2': AMENT_PREFIX_PATH=/home/mechax/zyb/radar_station_all/radar_station_fixed_class/install/my_msgss:${AMENT_PREFIX_PATH} CMAKE_PREFIX_PATH=/home/mechax/zyb/radar_station_all/radar_station_fixed_class/install/my_msgss:/home/mechax/ws_livox/install/livox_ros2_driver:/home/mechax/ws_livox/install/livox_sdk_vendor:/home/mechax/ws_livox/install/livox_interfaces:/opt/ros/humble LD_LIBRARY_PATH=/home/mechax/zyb/radar_station_all/radar_station_fixed_class/install/my_msgss/lib:/opt/MVS/lib/64:/opt/MVS/lib/32:/opt/MVS/lib/64:/opt/MVS/lib/32:/home/mechax/ws_livox/install/livox_ros2_driver/lib:/home/mechax/ws_livox/install/livox_interfaces/lib:/usr/lib/x86_64-linux-gnu/gazebo-11/plugins:/opt/ros/humble/opt/rviz_ogre_vendor/lib:/opt/ros/humble/lib/x86_64-linux-gnu:/opt/ros/humble/lib:/opt/MVS/lib/64:/opt/MVS/lib/32:/opt/MVS/lib/64:/opt/MVS/lib/32 PYTHONPATH=/home/mechax/zyb/radar_station_all/radar_station_fixed_class/install/my_msgss/local/lib/python3.10/dist-packages:${PYTHONPATH} /usr/bin/cmake --build /home/mechax/zyb/radar_station_all/radar_station_fixed_class/build/Img_Handle -- -j16 -l16
