[35m[1mConsolidate compiler generated dependencies of target Img_Pub[0m
[35m[1mConsolidate compiler generated dependencies of target Img_Sub[0m
[35m[1mConsolidate compiler generated dependencies of target main[0m
[ 25%] Built target Img_Pub
[ 62%] Built target Img_Sub
[100%] Built target main
-- Install configuration: ""
-- Up-to-date: /home/qianli/zyb/radar_station/install/Img_Handle/lib/Img_Handle/Img_Pub
-- Up-to-date: /home/qianli/zyb/radar_station/install/Img_Handle/lib/Img_Handle/Img_Sub
-- Up-to-date: /home/qianli/zyb/radar_station/install/Img_Handle/lib/Img_Handle/main
-- Up-to-date: /home/qianli/zyb/radar_station/install/Img_Handle/share/Img_Handle/launch
-- Up-to-date: /home/qianli/zyb/radar_station/install/Img_Handle/share/Img_Handle/launch/img_handle_launch.py
-- Up-to-date: /home/qianli/zyb/radar_station/install/Img_Handle/share/ament_index/resource_index/package_run_dependencies/Img_Handle
-- Up-to-date: /home/qianli/zyb/radar_station/install/Img_Handle/share/ament_index/resource_index/parent_prefix_path/Img_Handle
-- Up-to-date: /home/qianli/zyb/radar_station/install/Img_Handle/share/Img_Handle/environment/ament_prefix_path.sh
-- Up-to-date: /home/qianli/zyb/radar_station/install/Img_Handle/share/Img_Handle/environment/ament_prefix_path.dsv
-- Up-to-date: /home/qianli/zyb/radar_station/install/Img_Handle/share/Img_Handle/environment/path.sh
-- Up-to-date: /home/qianli/zyb/radar_station/install/Img_Handle/share/Img_Handle/environment/path.dsv
-- Up-to-date: /home/qianli/zyb/radar_station/install/Img_Handle/share/Img_Handle/local_setup.bash
-- Up-to-date: /home/qianli/zyb/radar_station/install/Img_Handle/share/Img_Handle/local_setup.sh
-- Up-to-date: /home/qianli/zyb/radar_station/install/Img_Handle/share/Img_Handle/local_setup.zsh
-- Up-to-date: /home/qianli/zyb/radar_station/install/Img_Handle/share/Img_Handle/local_setup.dsv
-- Installing: /home/qianli/zyb/radar_station/install/Img_Handle/share/Img_Handle/package.dsv
-- Up-to-date: /home/qianli/zyb/radar_station/install/Img_Handle/share/ament_index/resource_index/packages/Img_Handle
-- Up-to-date: /home/qianli/zyb/radar_station/install/Img_Handle/share/Img_Handle/cmake/Img_HandleConfig.cmake
-- Up-to-date: /home/qianli/zyb/radar_station/install/Img_Handle/share/Img_Handle/cmake/Img_HandleConfig-version.cmake
-- Up-to-date: /home/qianli/zyb/radar_station/install/Img_Handle/share/Img_Handle/package.xml
