[0.101s] Invoking command in '/home/qianli/zyb/radar_station/build/Img_Handle': AMENT_PREFIX_PATH=/home/qianli/zyb/radar_station/install/my_msgss:${AMENT_PREFIX_PATH} CMAKE_PREFIX_PATH=/home/qianli/zyb/radar_station/install/my_msgss:/opt/ros/humble LD_LIBRARY_PATH=/home/qianli/zyb/radar_station/install/my_msgss/lib:${LD_LIBRARY_PATH} PYTHONPATH=/home/qianli/zyb/radar_station/install/my_msgss/local/lib/python3.10/dist-packages:${PYTHONPATH} /usr/bin/cmake --build /home/qianli/zyb/radar_station/build/Img_Handle -- -j16 -l16
[0.122s] [35m[1mConsolidate compiler generated dependencies of target Img_Pub[0m
[0.124s] [35m[1mConsolidate compiler generated dependencies of target Img_Sub[0m
[0.126s] [35m[1mConsolidate compiler generated dependencies of target main[0m
[0.133s] [ 25%] Built target Img_Pub
[0.141s] [ 62%] Built target Img_Sub
[0.143s] [100%] Built target main
[0.155s] Invoked command in '/home/qianli/zyb/radar_station/build/Img_Handle' returned '0': AMENT_PREFIX_PATH=/home/qianli/zyb/radar_station/install/my_msgss:${AMENT_PREFIX_PATH} CMAKE_PREFIX_PATH=/home/qianli/zyb/radar_station/install/my_msgss:/opt/ros/humble LD_LIBRARY_PATH=/home/qianli/zyb/radar_station/install/my_msgss/lib:${LD_LIBRARY_PATH} PYTHONPATH=/home/qianli/zyb/radar_station/install/my_msgss/local/lib/python3.10/dist-packages:${PYTHONPATH} /usr/bin/cmake --build /home/qianli/zyb/radar_station/build/Img_Handle -- -j16 -l16
[0.177s] Invoking command in '/home/qianli/zyb/radar_station/build/Img_Handle': AMENT_PREFIX_PATH=/home/qianli/zyb/radar_station/install/my_msgss:${AMENT_PREFIX_PATH} CMAKE_PREFIX_PATH=/home/qianli/zyb/radar_station/install/my_msgss:/opt/ros/humble LD_LIBRARY_PATH=/home/qianli/zyb/radar_station/install/my_msgss/lib:${LD_LIBRARY_PATH} PYTHONPATH=/home/qianli/zyb/radar_station/install/my_msgss/local/lib/python3.10/dist-packages:${PYTHONPATH} /usr/bin/cmake --install /home/qianli/zyb/radar_station/build/Img_Handle
[0.179s] -- Install configuration: ""
[0.179s] -- Up-to-date: /home/qianli/zyb/radar_station/install/Img_Handle/lib/Img_Handle/Img_Pub
[0.179s] -- Up-to-date: /home/qianli/zyb/radar_station/install/Img_Handle/lib/Img_Handle/Img_Sub
[0.180s] -- Up-to-date: /home/qianli/zyb/radar_station/install/Img_Handle/lib/Img_Handle/main
[0.180s] -- Up-to-date: /home/qianli/zyb/radar_station/install/Img_Handle/share/Img_Handle/launch
[0.181s] -- Up-to-date: /home/qianli/zyb/radar_station/install/Img_Handle/share/Img_Handle/launch/img_handle_launch.py
[0.181s] -- Up-to-date: /home/qianli/zyb/radar_station/install/Img_Handle/share/ament_index/resource_index/package_run_dependencies/Img_Handle
[0.181s] -- Up-to-date: /home/qianli/zyb/radar_station/install/Img_Handle/share/ament_index/resource_index/parent_prefix_path/Img_Handle
[0.181s] -- Up-to-date: /home/qianli/zyb/radar_station/install/Img_Handle/share/Img_Handle/environment/ament_prefix_path.sh
[0.181s] -- Up-to-date: /home/qianli/zyb/radar_station/install/Img_Handle/share/Img_Handle/environment/ament_prefix_path.dsv
[0.182s] -- Up-to-date: /home/qianli/zyb/radar_station/install/Img_Handle/share/Img_Handle/environment/path.sh
[0.182s] -- Up-to-date: /home/qianli/zyb/radar_station/install/Img_Handle/share/Img_Handle/environment/path.dsv
[0.182s] -- Up-to-date: /home/qianli/zyb/radar_station/install/Img_Handle/share/Img_Handle/local_setup.bash
[0.182s] -- Up-to-date: /home/qianli/zyb/radar_station/install/Img_Handle/share/Img_Handle/local_setup.sh
[0.182s] -- Up-to-date: /home/qianli/zyb/radar_station/install/Img_Handle/share/Img_Handle/local_setup.zsh
[0.182s] -- Up-to-date: /home/qianli/zyb/radar_station/install/Img_Handle/share/Img_Handle/local_setup.dsv
[0.183s] -- Installing: /home/qianli/zyb/radar_station/install/Img_Handle/share/Img_Handle/package.dsv
[0.184s] -- Up-to-date: /home/qianli/zyb/radar_station/install/Img_Handle/share/ament_index/resource_index/packages/Img_Handle
[0.184s] -- Up-to-date: /home/qianli/zyb/radar_station/install/Img_Handle/share/Img_Handle/cmake/Img_HandleConfig.cmake
[0.184s] -- Up-to-date: /home/qianli/zyb/radar_station/install/Img_Handle/share/Img_Handle/cmake/Img_HandleConfig-version.cmake
[0.184s] -- Up-to-date: /home/qianli/zyb/radar_station/install/Img_Handle/share/Img_Handle/package.xml
[0.212s] Invoked command in '/home/qianli/zyb/radar_station/build/Img_Handle' returned '0': AMENT_PREFIX_PATH=/home/qianli/zyb/radar_station/install/my_msgss:${AMENT_PREFIX_PATH} CMAKE_PREFIX_PATH=/home/qianli/zyb/radar_station/install/my_msgss:/opt/ros/humble LD_LIBRARY_PATH=/home/qianli/zyb/radar_station/install/my_msgss/lib:${LD_LIBRARY_PATH} PYTHONPATH=/home/qianli/zyb/radar_station/install/my_msgss/local/lib/python3.10/dist-packages:${PYTHONPATH} /usr/bin/cmake --install /home/qianli/zyb/radar_station/build/Img_Handle
