[0.077s] Invoking command in '/home/mechax/zyb/radar_station_all/radar_station_fixed_class/build/hik_camera': CMAKE_PREFIX_PATH=${CMAKE_PREFIX_PATH}:/opt/ros/humble /usr/bin/cmake --build /home/mechax/zyb/radar_station_all/radar_station_fixed_class/build/hik_camera -- -j16 -l16
[0.116s] [ 50%] Built target hik_camera
[0.126s] [100%] Built target hik_camera_node
[0.139s] Invoked command in '/home/mechax/zyb/radar_station_all/radar_station_fixed_class/build/hik_camera' returned '0': CMAKE_PREFIX_PATH=${CMAKE_PREFIX_PATH}:/opt/ros/humble /usr/bin/cmake --build /home/mechax/zyb/radar_station_all/radar_station_fixed_class/build/hik_camera -- -j16 -l16
[0.181s] Invoking command in '/home/mechax/zyb/radar_station_all/radar_station_fixed_class/build/hik_camera': CMAKE_PREFIX_PATH=${CMAKE_PREFIX_PATH}:/opt/ros/humble /usr/bin/cmake --install /home/mechax/zyb/radar_station_all/radar_station_fixed_class/build/hik_camera
[0.186s] -- Install configuration: ""
[0.186s] -- Up-to-date: /home/mechax/zyb/radar_station_all/radar_station_fixed_class/install/hik_camera/lib
[0.186s] -- Up-to-date: /home/mechax/zyb/radar_station_all/radar_station_fixed_class/install/hik_camera/lib/libFormatConversion.so
[0.186s] -- Up-to-date: /home/mechax/zyb/radar_station_all/radar_station_fixed_class/install/hik_camera/lib/libMvCameraControl.so
[0.186s] -- Up-to-date: /home/mechax/zyb/radar_station_all/radar_station_fixed_class/install/hik_camera/lib/libMvUsb3vTL.so
[0.187s] -- Up-to-date: /home/mechax/zyb/radar_station_all/radar_station_fixed_class/install/hik_camera/lib/libMVRender.so
[0.187s] -- Up-to-date: /home/mechax/zyb/radar_station_all/radar_station_fixed_class/install/hik_camera/lib/libMediaProcess.so
[0.187s] -- Up-to-date: /home/mechax/zyb/radar_station_all/radar_station_fixed_class/install/hik_camera/lib/hik_camera/hik_camera_node
[0.187s] -- Up-to-date: /home/mechax/zyb/radar_station_all/radar_station_fixed_class/install/hik_camera/share/hik_camera/environment/library_path.sh
[0.187s] -- Up-to-date: /home/mechax/zyb/radar_station_all/radar_station_fixed_class/install/hik_camera/share/hik_camera/environment/library_path.dsv
[0.187s] -- Up-to-date: /home/mechax/zyb/radar_station_all/radar_station_fixed_class/install/hik_camera/lib/libhik_camera.so
[0.187s] -- Up-to-date: /home/mechax/zyb/radar_station_all/radar_station_fixed_class/install/hik_camera/share/hik_camera/config
[0.187s] -- Up-to-date: /home/mechax/zyb/radar_station_all/radar_station_fixed_class/install/hik_camera/share/hik_camera/config/camera_params.yaml
[0.187s] -- Up-to-date: /home/mechax/zyb/radar_station_all/radar_station_fixed_class/install/hik_camera/share/hik_camera/config/right_camera_info.yaml
[0.188s] -- Up-to-date: /home/mechax/zyb/radar_station_all/radar_station_fixed_class/install/hik_camera/share/hik_camera/config/left_camera_info.yaml
[0.188s] -- Up-to-date: /home/mechax/zyb/radar_station_all/radar_station_fixed_class/install/hik_camera/share/hik_camera/launch
[0.188s] -- Up-to-date: /home/mechax/zyb/radar_station_all/radar_station_fixed_class/install/hik_camera/share/hik_camera/launch/hik_camera.launch.py
[0.189s] -- Up-to-date: /home/mechax/zyb/radar_station_all/radar_station_fixed_class/install/hik_camera/share/ament_index/resource_index/package_run_dependencies/hik_camera
[0.189s] -- Up-to-date: /home/mechax/zyb/radar_station_all/radar_station_fixed_class/install/hik_camera/share/ament_index/resource_index/parent_prefix_path/hik_camera
[0.189s] -- Up-to-date: /home/mechax/zyb/radar_station_all/radar_station_fixed_class/install/hik_camera/share/hik_camera/environment/ament_prefix_path.sh
[0.189s] -- Up-to-date: /home/mechax/zyb/radar_station_all/radar_station_fixed_class/install/hik_camera/share/hik_camera/environment/ament_prefix_path.dsv
[0.189s] -- Up-to-date: /home/mechax/zyb/radar_station_all/radar_station_fixed_class/install/hik_camera/share/hik_camera/environment/path.sh
[0.189s] -- Up-to-date: /home/mechax/zyb/radar_station_all/radar_station_fixed_class/install/hik_camera/share/hik_camera/environment/path.dsv
[0.190s] -- Up-to-date: /home/mechax/zyb/radar_station_all/radar_station_fixed_class/install/hik_camera/share/hik_camera/local_setup.bash
[0.190s] -- Up-to-date: /home/mechax/zyb/radar_station_all/radar_station_fixed_class/install/hik_camera/share/hik_camera/local_setup.sh
[0.191s] -- Up-to-date: /home/mechax/zyb/radar_station_all/radar_station_fixed_class/install/hik_camera/share/hik_camera/local_setup.zsh
[0.191s] -- Up-to-date: /home/mechax/zyb/radar_station_all/radar_station_fixed_class/install/hik_camera/share/hik_camera/local_setup.dsv
[0.191s] -- Installing: /home/mechax/zyb/radar_station_all/radar_station_fixed_class/install/hik_camera/share/hik_camera/package.dsv
[0.192s] -- Up-to-date: /home/mechax/zyb/radar_station_all/radar_station_fixed_class/install/hik_camera/share/ament_index/resource_index/packages/hik_camera
[0.192s] -- Up-to-date: /home/mechax/zyb/radar_station_all/radar_station_fixed_class/install/hik_camera/share/ament_index/resource_index/rclcpp_components/hik_camera
[0.192s] -- Up-to-date: /home/mechax/zyb/radar_station_all/radar_station_fixed_class/install/hik_camera/share/hik_camera/cmake/ament_cmake_export_dependencies-extras.cmake
[0.193s] -- Up-to-date: /home/mechax/zyb/radar_station_all/radar_station_fixed_class/install/hik_camera/share/hik_camera/cmake/ament_cmake_export_libraries-extras.cmake
[0.193s] -- Up-to-date: /home/mechax/zyb/radar_station_all/radar_station_fixed_class/install/hik_camera/share/hik_camera/cmake/hik_cameraConfig.cmake
[0.193s] -- Up-to-date: /home/mechax/zyb/radar_station_all/radar_station_fixed_class/install/hik_camera/share/hik_camera/cmake/hik_cameraConfig-version.cmake
[0.194s] -- Up-to-date: /home/mechax/zyb/radar_station_all/radar_station_fixed_class/install/hik_camera/share/hik_camera/package.xml
[0.194s] Invoked command in '/home/mechax/zyb/radar_station_all/radar_station_fixed_class/build/hik_camera' returned '0': CMAKE_PREFIX_PATH=${CMAKE_PREFIX_PATH}:/opt/ros/humble /usr/bin/cmake --install /home/mechax/zyb/radar_station_all/radar_station_fixed_class/build/hik_camera
