[100%] Built target Game_Map
-- Install configuration: ""
-- Up-to-date: /home/mechax/zyb/radar_station_all/radar_station_fixed_class/install/Game_Map/lib/Game_Map/Game_Map
-- Up-to-date: /home/mechax/zyb/radar_station_all/radar_station_fixed_class/install/Game_Map/share/Game_Map/launch
-- Up-to-date: /home/mechax/zyb/radar_station_all/radar_station_fixed_class/install/Game_Map/share/Game_Map/launch/game_map_launch.py
-- Up-to-date: /home/mechax/zyb/radar_station_all/radar_station_fixed_class/install/Game_Map/share/Game_Map/config
-- Up-to-date: /home/mechax/zyb/radar_station_all/radar_station_fixed_class/install/Game_Map/share/Game_Map/config/radar.yaml
-- Up-to-date: /home/mechax/zyb/radar_station_all/radar_station_fixed_class/install/Game_Map/share/Game_Map/config/displayer_qt5.yaml
-- Up-to-date: /home/mechax/zyb/radar_station_all/radar_station_fixed_class/install/Game_Map/share/Game_Map/config/ros2_displayer.yaml
-- Up-to-date: /home/mechax/zyb/radar_station_all/radar_station_fixed_class/install/Game_Map/share/ament_index/resource_index/package_run_dependencies/Game_Map
-- Up-to-date: /home/mechax/zyb/radar_station_all/radar_station_fixed_class/install/Game_Map/share/ament_index/resource_index/parent_prefix_path/Game_Map
-- Up-to-date: /home/mechax/zyb/radar_station_all/radar_station_fixed_class/install/Game_Map/share/Game_Map/environment/ament_prefix_path.sh
-- Up-to-date: /home/mechax/zyb/radar_station_all/radar_station_fixed_class/install/Game_Map/share/Game_Map/environment/ament_prefix_path.dsv
-- Up-to-date: /home/mechax/zyb/radar_station_all/radar_station_fixed_class/install/Game_Map/share/Game_Map/environment/path.sh
-- Up-to-date: /home/mechax/zyb/radar_station_all/radar_station_fixed_class/install/Game_Map/share/Game_Map/environment/path.dsv
-- Up-to-date: /home/mechax/zyb/radar_station_all/radar_station_fixed_class/install/Game_Map/share/Game_Map/local_setup.bash
-- Up-to-date: /home/mechax/zyb/radar_station_all/radar_station_fixed_class/install/Game_Map/share/Game_Map/local_setup.sh
-- Up-to-date: /home/mechax/zyb/radar_station_all/radar_station_fixed_class/install/Game_Map/share/Game_Map/local_setup.zsh
-- Up-to-date: /home/mechax/zyb/radar_station_all/radar_station_fixed_class/install/Game_Map/share/Game_Map/local_setup.dsv
-- Installing: /home/mechax/zyb/radar_station_all/radar_station_fixed_class/install/Game_Map/share/Game_Map/package.dsv
-- Up-to-date: /home/mechax/zyb/radar_station_all/radar_station_fixed_class/install/Game_Map/share/ament_index/resource_index/packages/Game_Map
-- Up-to-date: /home/mechax/zyb/radar_station_all/radar_station_fixed_class/install/Game_Map/share/Game_Map/cmake/Game_MapConfig.cmake
-- Up-to-date: /home/mechax/zyb/radar_station_all/radar_station_fixed_class/install/Game_Map/share/Game_Map/cmake/Game_MapConfig-version.cmake
-- Up-to-date: /home/mechax/zyb/radar_station_all/radar_station_fixed_class/install/Game_Map/share/Game_Map/package.xml
