[  1%] Built target my_msgss__cpp
[  1%] Built target ament_cmake_python_copy_my_msgss
[ 12%] Built target my_msgss__rosidl_typesupport_introspection_cpp
running egg_info
writing my_msgss.egg-info/PKG-INFO
writing dependency_links to my_msgss.egg-info/dependency_links.txt
writing top-level names to my_msgss.egg-info/top_level.txt
reading manifest file 'my_msgss.egg-info/SOURCES.txt'
writing manifest file 'my_msgss.egg-info/SOURCES.txt'
[ 12%] Built target ament_cmake_python_build_my_msgss_egg
[ 23%] Built target my_msgss__rosidl_typesupport_fastrtps_cpp
[ 35%] Built target my_msgss__rosidl_typesupport_cpp
[ 46%] Built target my_msgss__rosidl_generator_c
[ 57%] Built target my_msgss__rosidl_typesupport_fastrtps_c
[ 69%] Built target my_msgss__rosidl_typesupport_c
[ 80%] Built target my_msgss__rosidl_typesupport_introspection_c
[ 80%] Built target my_msgss
[ 81%] Built target my_msgss__py
[ 91%] Built target my_msgss__rosidl_generator_py
[ 94%] Built target my_msgss__rosidl_typesupport_fastrtps_c__pyext
[ 97%] Built target my_msgss__rosidl_typesupport_c__pyext
[100%] Built target my_msgss__rosidl_typesupport_introspection_c__pyext
-- Install configuration: ""
-- Up-to-date: /home/mechax/zyb/radar_station_all/radar_station_fixed_class/install/my_msgss/share/ament_index/resource_index/rosidl_interfaces/my_msgss
-- Up-to-date: /home/mechax/zyb/radar_station_all/radar_station_fixed_class/install/my_msgss/include/my_msgss/my_msgss
-- Up-to-date: /home/mechax/zyb/radar_station_all/radar_station_fixed_class/install/my_msgss/include/my_msgss/my_msgss/msg
-- Up-to-date: /home/mechax/zyb/radar_station_all/radar_station_fixed_class/install/my_msgss/include/my_msgss/my_msgss/msg/yolopoints.h
-- Up-to-date: /home/mechax/zyb/radar_station_all/radar_station_fixed_class/install/my_msgss/include/my_msgss/my_msgss/msg/distpoint.h
-- Up-to-date: /home/mechax/zyb/radar_station_all/radar_station_fixed_class/install/my_msgss/include/my_msgss/my_msgss/msg/detail
-- Up-to-date: /home/mechax/zyb/radar_station_all/radar_station_fixed_class/install/my_msgss/include/my_msgss/my_msgss/msg/detail/distpoints__struct.h
-- Up-to-date: /home/mechax/zyb/radar_station_all/radar_station_fixed_class/install/my_msgss/include/my_msgss/my_msgss/msg/detail/point__functions.c
-- Up-to-date: /home/mechax/zyb/radar_station_all/radar_station_fixed_class/install/my_msgss/include/my_msgss/my_msgss/msg/detail/points__functions.c
-- Up-to-date: /home/mechax/zyb/radar_station_all/radar_station_fixed_class/install/my_msgss/include/my_msgss/my_msgss/msg/detail/distpoint__type_support.h
-- Up-to-date: /home/mechax/zyb/radar_station_all/radar_station_fixed_class/install/my_msgss/include/my_msgss/my_msgss/msg/detail/points__struct.h
-- Up-to-date: /home/mechax/zyb/radar_station_all/radar_station_fixed_class/install/my_msgss/include/my_msgss/my_msgss/msg/detail/point__struct.h
-- Up-to-date: /home/mechax/zyb/radar_station_all/radar_station_fixed_class/install/my_msgss/include/my_msgss/my_msgss/msg/detail/distpoint__functions.c
-- Up-to-date: /home/mechax/zyb/radar_station_all/radar_station_fixed_class/install/my_msgss/include/my_msgss/my_msgss/msg/detail/yolopoint__struct.h
-- Up-to-date: /home/mechax/zyb/radar_station_all/radar_station_fixed_class/install/my_msgss/include/my_msgss/my_msgss/msg/detail/points__type_support.h
-- Up-to-date: /home/mechax/zyb/radar_station_all/radar_station_fixed_class/install/my_msgss/include/my_msgss/my_msgss/msg/detail/distpoint__struct.h
-- Up-to-date: /home/mechax/zyb/radar_station_all/radar_station_fixed_class/install/my_msgss/include/my_msgss/my_msgss/msg/detail/yolopoints__functions.c
-- Up-to-date: /home/mechax/zyb/radar_station_all/radar_station_fixed_class/install/my_msgss/include/my_msgss/my_msgss/msg/detail/yolopoints__struct.h
-- Up-to-date: /home/mechax/zyb/radar_station_all/radar_station_fixed_class/install/my_msgss/include/my_msgss/my_msgss/msg/detail/yolopoint__functions.c
-- Up-to-date: /home/mechax/zyb/radar_station_all/radar_station_fixed_class/install/my_msgss/include/my_msgss/my_msgss/msg/detail/distpoints__functions.h
-- Up-to-date: /home/mechax/zyb/radar_station_all/radar_station_fixed_class/install/my_msgss/include/my_msgss/my_msgss/msg/detail/yolopoints__type_support.h
-- Up-to-date: /home/mechax/zyb/radar_station_all/radar_station_fixed_class/install/my_msgss/include/my_msgss/my_msgss/msg/detail/yolopoints__functions.h
-- Up-to-date: /home/mechax/zyb/radar_station_all/radar_station_fixed_class/install/my_msgss/include/my_msgss/my_msgss/msg/detail/distpoints__functions.c
-- Up-to-date: /home/mechax/zyb/radar_station_all/radar_station_fixed_class/install/my_msgss/include/my_msgss/my_msgss/msg/detail/yolopoint__type_support.h
-- Up-to-date: /home/mechax/zyb/radar_station_all/radar_station_fixed_class/install/my_msgss/include/my_msgss/my_msgss/msg/detail/yolopoint__functions.h
-- Up-to-date: /home/mechax/zyb/radar_station_all/radar_station_fixed_class/install/my_msgss/include/my_msgss/my_msgss/msg/detail/points__functions.h
-- Up-to-date: /home/mechax/zyb/radar_station_all/radar_station_fixed_class/install/my_msgss/include/my_msgss/my_msgss/msg/detail/point__type_support.h
-- Up-to-date: /home/mechax/zyb/radar_station_all/radar_station_fixed_class/install/my_msgss/include/my_msgss/my_msgss/msg/detail/distpoints__type_support.h
-- Up-to-date: /home/mechax/zyb/radar_station_all/radar_station_fixed_class/install/my_msgss/include/my_msgss/my_msgss/msg/detail/point__functions.h
-- Up-to-date: /home/mechax/zyb/radar_station_all/radar_station_fixed_class/install/my_msgss/include/my_msgss/my_msgss/msg/detail/distpoint__functions.h
-- Up-to-date: /home/mechax/zyb/radar_station_all/radar_station_fixed_class/install/my_msgss/include/my_msgss/my_msgss/msg/rosidl_generator_c__visibility_control.h
-- Up-to-date: /home/mechax/zyb/radar_station_all/radar_station_fixed_class/install/my_msgss/include/my_msgss/my_msgss/msg/distpoints.h
-- Up-to-date: /home/mechax/zyb/radar_station_all/radar_station_fixed_class/install/my_msgss/include/my_msgss/my_msgss/msg/yolopoint.h
-- Up-to-date: /home/mechax/zyb/radar_station_all/radar_station_fixed_class/install/my_msgss/include/my_msgss/my_msgss/msg/point.h
-- Up-to-date: /home/mechax/zyb/radar_station_all/radar_station_fixed_class/install/my_msgss/include/my_msgss/my_msgss/msg/points.h
-- Up-to-date: /home/mechax/zyb/radar_station_all/radar_station_fixed_class/install/my_msgss/share/my_msgss/environment/library_path.sh
-- Up-to-date: /home/mechax/zyb/radar_station_all/radar_station_fixed_class/install/my_msgss/share/my_msgss/environment/library_path.dsv
-- Up-to-date: /home/mechax/zyb/radar_station_all/radar_station_fixed_class/install/my_msgss/lib/libmy_msgss__rosidl_generator_c.so
-- Up-to-date: /home/mechax/zyb/radar_station_all/radar_station_fixed_class/install/my_msgss/include/my_msgss/my_msgss
-- Up-to-date: /home/mechax/zyb/radar_station_all/radar_station_fixed_class/install/my_msgss/include/my_msgss/my_msgss/msg
-- Up-to-date: /home/mechax/zyb/radar_station_all/radar_station_fixed_class/install/my_msgss/include/my_msgss/my_msgss/msg/detail
-- Up-to-date: /home/mechax/zyb/radar_station_all/radar_station_fixed_class/install/my_msgss/include/my_msgss/my_msgss/msg/detail/distpoints__rosidl_typesupport_fastrtps_c.h
-- Up-to-date: /home/mechax/zyb/radar_station_all/radar_station_fixed_class/install/my_msgss/include/my_msgss/my_msgss/msg/detail/yolopoint__rosidl_typesupport_fastrtps_c.h
-- Up-to-date: /home/mechax/zyb/radar_station_all/radar_station_fixed_class/install/my_msgss/include/my_msgss/my_msgss/msg/detail/point__rosidl_typesupport_fastrtps_c.h
-- Up-to-date: /home/mechax/zyb/radar_station_all/radar_station_fixed_class/install/my_msgss/include/my_msgss/my_msgss/msg/detail/yolopoints__rosidl_typesupport_fastrtps_c.h
-- Up-to-date: /home/mechax/zyb/radar_station_all/radar_station_fixed_class/install/my_msgss/include/my_msgss/my_msgss/msg/detail/points__rosidl_typesupport_fastrtps_c.h
-- Up-to-date: /home/mechax/zyb/radar_station_all/radar_station_fixed_class/install/my_msgss/include/my_msgss/my_msgss/msg/detail/distpoint__rosidl_typesupport_fastrtps_c.h
-- Up-to-date: /home/mechax/zyb/radar_station_all/radar_station_fixed_class/install/my_msgss/include/my_msgss/my_msgss/msg/rosidl_typesupport_fastrtps_c__visibility_control.h
-- Up-to-date: /home/mechax/zyb/radar_station_all/radar_station_fixed_class/install/my_msgss/lib/libmy_msgss__rosidl_typesupport_fastrtps_c.so
-- Up-to-date: /home/mechax/zyb/radar_station_all/radar_station_fixed_class/install/my_msgss/include/my_msgss/my_msgss
-- Up-to-date: /home/mechax/zyb/radar_station_all/radar_station_fixed_class/install/my_msgss/include/my_msgss/my_msgss/msg
-- Up-to-date: /home/mechax/zyb/radar_station_all/radar_station_fixed_class/install/my_msgss/include/my_msgss/my_msgss/msg/rosidl_typesupport_introspection_c__visibility_control.h
-- Up-to-date: /home/mechax/zyb/radar_station_all/radar_station_fixed_class/install/my_msgss/include/my_msgss/my_msgss/msg/detail
-- Up-to-date: /home/mechax/zyb/radar_station_all/radar_station_fixed_class/install/my_msgss/include/my_msgss/my_msgss/msg/detail/distpoints__rosidl_typesupport_introspection_c.h
-- Up-to-date: /home/mechax/zyb/radar_station_all/radar_station_fixed_class/install/my_msgss/include/my_msgss/my_msgss/msg/detail/points__type_support.c
-- Up-to-date: /home/mechax/zyb/radar_station_all/radar_station_fixed_class/install/my_msgss/include/my_msgss/my_msgss/msg/detail/points__rosidl_typesupport_introspection_c.h
-- Up-to-date: /home/mechax/zyb/radar_station_all/radar_station_fixed_class/install/my_msgss/include/my_msgss/my_msgss/msg/detail/distpoint__rosidl_typesupport_introspection_c.h
-- Up-to-date: /home/mechax/zyb/radar_station_all/radar_station_fixed_class/install/my_msgss/include/my_msgss/my_msgss/msg/detail/point__rosidl_typesupport_introspection_c.h
-- Up-to-date: /home/mechax/zyb/radar_station_all/radar_station_fixed_class/install/my_msgss/include/my_msgss/my_msgss/msg/detail/distpoint__type_support.c
-- Up-to-date: /home/mechax/zyb/radar_station_all/radar_station_fixed_class/install/my_msgss/include/my_msgss/my_msgss/msg/detail/yolopoints__type_support.c
-- Up-to-date: /home/mechax/zyb/radar_station_all/radar_station_fixed_class/install/my_msgss/include/my_msgss/my_msgss/msg/detail/yolopoint__type_support.c
-- Up-to-date: /home/mechax/zyb/radar_station_all/radar_station_fixed_class/install/my_msgss/include/my_msgss/my_msgss/msg/detail/yolopoints__rosidl_typesupport_introspection_c.h
-- Up-to-date: /home/mechax/zyb/radar_station_all/radar_station_fixed_class/install/my_msgss/include/my_msgss/my_msgss/msg/detail/distpoints__type_support.c
-- Up-to-date: /home/mechax/zyb/radar_station_all/radar_station_fixed_class/install/my_msgss/include/my_msgss/my_msgss/msg/detail/point__type_support.c
-- Up-to-date: /home/mechax/zyb/radar_station_all/radar_station_fixed_class/install/my_msgss/include/my_msgss/my_msgss/msg/detail/yolopoint__rosidl_typesupport_introspection_c.h
-- Up-to-date: /home/mechax/zyb/radar_station_all/radar_station_fixed_class/install/my_msgss/lib/libmy_msgss__rosidl_typesupport_introspection_c.so
-- Up-to-date: /home/mechax/zyb/radar_station_all/radar_station_fixed_class/install/my_msgss/lib/libmy_msgss__rosidl_typesupport_c.so
-- Up-to-date: /home/mechax/zyb/radar_station_all/radar_station_fixed_class/install/my_msgss/include/my_msgss/my_msgss
-- Up-to-date: /home/mechax/zyb/radar_station_all/radar_station_fixed_class/install/my_msgss/include/my_msgss/my_msgss/msg
-- Up-to-date: /home/mechax/zyb/radar_station_all/radar_station_fixed_class/install/my_msgss/include/my_msgss/my_msgss/msg/distpoints.hpp
-- Up-to-date: /home/mechax/zyb/radar_station_all/radar_station_fixed_class/install/my_msgss/include/my_msgss/my_msgss/msg/detail
-- Up-to-date: /home/mechax/zyb/radar_station_all/radar_station_fixed_class/install/my_msgss/include/my_msgss/my_msgss/msg/detail/point__traits.hpp
-- Up-to-date: /home/mechax/zyb/radar_station_all/radar_station_fixed_class/install/my_msgss/include/my_msgss/my_msgss/msg/detail/point__struct.hpp
-- Up-to-date: /home/mechax/zyb/radar_station_all/radar_station_fixed_class/install/my_msgss/include/my_msgss/my_msgss/msg/detail/distpoint__traits.hpp
-- Up-to-date: /home/mechax/zyb/radar_station_all/radar_station_fixed_class/install/my_msgss/include/my_msgss/my_msgss/msg/detail/points__struct.hpp
-- Up-to-date: /home/mechax/zyb/radar_station_all/radar_station_fixed_class/install/my_msgss/include/my_msgss/my_msgss/msg/detail/distpoints__builder.hpp
-- Up-to-date: /home/mechax/zyb/radar_station_all/radar_station_fixed_class/install/my_msgss/include/my_msgss/my_msgss/msg/detail/yolopoints__traits.hpp
-- Up-to-date: /home/mechax/zyb/radar_station_all/radar_station_fixed_class/install/my_msgss/include/my_msgss/my_msgss/msg/detail/distpoint__builder.hpp
-- Up-to-date: /home/mechax/zyb/radar_station_all/radar_station_fixed_class/install/my_msgss/include/my_msgss/my_msgss/msg/detail/distpoints__traits.hpp
-- Up-to-date: /home/mechax/zyb/radar_station_all/radar_station_fixed_class/install/my_msgss/include/my_msgss/my_msgss/msg/detail/points__builder.hpp
-- Up-to-date: /home/mechax/zyb/radar_station_all/radar_station_fixed_class/install/my_msgss/include/my_msgss/my_msgss/msg/detail/yolopoint__traits.hpp
-- Up-to-date: /home/mechax/zyb/radar_station_all/radar_station_fixed_class/install/my_msgss/include/my_msgss/my_msgss/msg/detail/points__traits.hpp
-- Up-to-date: /home/mechax/zyb/radar_station_all/radar_station_fixed_class/install/my_msgss/include/my_msgss/my_msgss/msg/detail/yolopoint__builder.hpp
-- Up-to-date: /home/mechax/zyb/radar_station_all/radar_station_fixed_class/install/my_msgss/include/my_msgss/my_msgss/msg/detail/yolopoints__struct.hpp
-- Up-to-date: /home/mechax/zyb/radar_station_all/radar_station_fixed_class/install/my_msgss/include/my_msgss/my_msgss/msg/detail/distpoints__struct.hpp
-- Up-to-date: /home/mechax/zyb/radar_station_all/radar_station_fixed_class/install/my_msgss/include/my_msgss/my_msgss/msg/detail/yolopoints__builder.hpp
-- Up-to-date: /home/mechax/zyb/radar_station_all/radar_station_fixed_class/install/my_msgss/include/my_msgss/my_msgss/msg/detail/yolopoint__struct.hpp
-- Up-to-date: /home/mechax/zyb/radar_station_all/radar_station_fixed_class/install/my_msgss/include/my_msgss/my_msgss/msg/detail/point__builder.hpp
-- Up-to-date: /home/mechax/zyb/radar_station_all/radar_station_fixed_class/install/my_msgss/include/my_msgss/my_msgss/msg/detail/distpoint__struct.hpp
-- Up-to-date: /home/mechax/zyb/radar_station_all/radar_station_fixed_class/install/my_msgss/include/my_msgss/my_msgss/msg/distpoint.hpp
-- Up-to-date: /home/mechax/zyb/radar_station_all/radar_station_fixed_class/install/my_msgss/include/my_msgss/my_msgss/msg/yolopoint.hpp
-- Up-to-date: /home/mechax/zyb/radar_station_all/radar_station_fixed_class/install/my_msgss/include/my_msgss/my_msgss/msg/yolopoints.hpp
-- Up-to-date: /home/mechax/zyb/radar_station_all/radar_station_fixed_class/install/my_msgss/include/my_msgss/my_msgss/msg/point.hpp
-- Up-to-date: /home/mechax/zyb/radar_station_all/radar_station_fixed_class/install/my_msgss/include/my_msgss/my_msgss/msg/points.hpp
-- Up-to-date: /home/mechax/zyb/radar_station_all/radar_station_fixed_class/install/my_msgss/include/my_msgss/my_msgss
-- Up-to-date: /home/mechax/zyb/radar_station_all/radar_station_fixed_class/install/my_msgss/include/my_msgss/my_msgss/msg
-- Up-to-date: /home/mechax/zyb/radar_station_all/radar_station_fixed_class/install/my_msgss/include/my_msgss/my_msgss/msg/detail
-- Up-to-date: /home/mechax/zyb/radar_station_all/radar_station_fixed_class/install/my_msgss/include/my_msgss/my_msgss/msg/detail/point__rosidl_typesupport_fastrtps_cpp.hpp
-- Up-to-date: /home/mechax/zyb/radar_station_all/radar_station_fixed_class/install/my_msgss/include/my_msgss/my_msgss/msg/detail/yolopoints__rosidl_typesupport_fastrtps_cpp.hpp
-- Up-to-date: /home/mechax/zyb/radar_station_all/radar_station_fixed_class/install/my_msgss/include/my_msgss/my_msgss/msg/detail/distpoint__rosidl_typesupport_fastrtps_cpp.hpp
-- Up-to-date: /home/mechax/zyb/radar_station_all/radar_station_fixed_class/install/my_msgss/include/my_msgss/my_msgss/msg/detail/points__rosidl_typesupport_fastrtps_cpp.hpp
-- Up-to-date: /home/mechax/zyb/radar_station_all/radar_station_fixed_class/install/my_msgss/include/my_msgss/my_msgss/msg/detail/distpoints__rosidl_typesupport_fastrtps_cpp.hpp
-- Up-to-date: /home/mechax/zyb/radar_station_all/radar_station_fixed_class/install/my_msgss/include/my_msgss/my_msgss/msg/detail/yolopoint__rosidl_typesupport_fastrtps_cpp.hpp
-- Up-to-date: /home/mechax/zyb/radar_station_all/radar_station_fixed_class/install/my_msgss/include/my_msgss/my_msgss/msg/detail/dds_fastrtps
-- Up-to-date: /home/mechax/zyb/radar_station_all/radar_station_fixed_class/install/my_msgss/include/my_msgss/my_msgss/msg/rosidl_typesupport_fastrtps_cpp__visibility_control.h
-- Up-to-date: /home/mechax/zyb/radar_station_all/radar_station_fixed_class/install/my_msgss/lib/libmy_msgss__rosidl_typesupport_fastrtps_cpp.so
-- Up-to-date: /home/mechax/zyb/radar_station_all/radar_station_fixed_class/install/my_msgss/include/my_msgss/my_msgss
-- Up-to-date: /home/mechax/zyb/radar_station_all/radar_station_fixed_class/install/my_msgss/include/my_msgss/my_msgss/msg
-- Up-to-date: /home/mechax/zyb/radar_station_all/radar_station_fixed_class/install/my_msgss/include/my_msgss/my_msgss/msg/detail
-- Up-to-date: /home/mechax/zyb/radar_station_all/radar_station_fixed_class/install/my_msgss/include/my_msgss/my_msgss/msg/detail/distpoints__rosidl_typesupport_introspection_cpp.hpp
-- Up-to-date: /home/mechax/zyb/radar_station_all/radar_station_fixed_class/install/my_msgss/include/my_msgss/my_msgss/msg/detail/distpoint__type_support.cpp
-- Up-to-date: /home/mechax/zyb/radar_station_all/radar_station_fixed_class/install/my_msgss/include/my_msgss/my_msgss/msg/detail/yolopoints__type_support.cpp
-- Up-to-date: /home/mechax/zyb/radar_station_all/radar_station_fixed_class/install/my_msgss/include/my_msgss/my_msgss/msg/detail/distpoint__rosidl_typesupport_introspection_cpp.hpp
-- Up-to-date: /home/mechax/zyb/radar_station_all/radar_station_fixed_class/install/my_msgss/include/my_msgss/my_msgss/msg/detail/yolopoint__type_support.cpp
-- Up-to-date: /home/mechax/zyb/radar_station_all/radar_station_fixed_class/install/my_msgss/include/my_msgss/my_msgss/msg/detail/yolopoints__rosidl_typesupport_introspection_cpp.hpp
-- Up-to-date: /home/mechax/zyb/radar_station_all/radar_station_fixed_class/install/my_msgss/include/my_msgss/my_msgss/msg/detail/point__type_support.cpp
-- Up-to-date: /home/mechax/zyb/radar_station_all/radar_station_fixed_class/install/my_msgss/include/my_msgss/my_msgss/msg/detail/point__rosidl_typesupport_introspection_cpp.hpp
-- Up-to-date: /home/mechax/zyb/radar_station_all/radar_station_fixed_class/install/my_msgss/include/my_msgss/my_msgss/msg/detail/yolopoint__rosidl_typesupport_introspection_cpp.hpp
-- Up-to-date: /home/mechax/zyb/radar_station_all/radar_station_fixed_class/install/my_msgss/include/my_msgss/my_msgss/msg/detail/points__rosidl_typesupport_introspection_cpp.hpp
-- Up-to-date: /home/mechax/zyb/radar_station_all/radar_station_fixed_class/install/my_msgss/include/my_msgss/my_msgss/msg/detail/points__type_support.cpp
-- Up-to-date: /home/mechax/zyb/radar_station_all/radar_station_fixed_class/install/my_msgss/include/my_msgss/my_msgss/msg/detail/distpoints__type_support.cpp
-- Up-to-date: /home/mechax/zyb/radar_station_all/radar_station_fixed_class/install/my_msgss/lib/libmy_msgss__rosidl_typesupport_introspection_cpp.so
-- Up-to-date: /home/mechax/zyb/radar_station_all/radar_station_fixed_class/install/my_msgss/lib/libmy_msgss__rosidl_typesupport_cpp.so
-- Up-to-date: /home/mechax/zyb/radar_station_all/radar_station_fixed_class/install/my_msgss/share/my_msgss/environment/pythonpath.sh
-- Up-to-date: /home/mechax/zyb/radar_station_all/radar_station_fixed_class/install/my_msgss/share/my_msgss/environment/pythonpath.dsv
-- Up-to-date: /home/mechax/zyb/radar_station_all/radar_station_fixed_class/install/my_msgss/local/lib/python3.10/dist-packages/my_msgss-0.0.0-py3.10.egg-info
-- Installing: /home/mechax/zyb/radar_station_all/radar_station_fixed_class/install/my_msgss/local/lib/python3.10/dist-packages/my_msgss-0.0.0-py3.10.egg-info/SOURCES.txt
-- Installing: /home/mechax/zyb/radar_station_all/radar_station_fixed_class/install/my_msgss/local/lib/python3.10/dist-packages/my_msgss-0.0.0-py3.10.egg-info/top_level.txt
-- Installing: /home/mechax/zyb/radar_station_all/radar_station_fixed_class/install/my_msgss/local/lib/python3.10/dist-packages/my_msgss-0.0.0-py3.10.egg-info/PKG-INFO
-- Installing: /home/mechax/zyb/radar_station_all/radar_station_fixed_class/install/my_msgss/local/lib/python3.10/dist-packages/my_msgss-0.0.0-py3.10.egg-info/dependency_links.txt
-- Up-to-date: /home/mechax/zyb/radar_station_all/radar_station_fixed_class/install/my_msgss/local/lib/python3.10/dist-packages/my_msgss
-- Up-to-date: /home/mechax/zyb/radar_station_all/radar_station_fixed_class/install/my_msgss/local/lib/python3.10/dist-packages/my_msgss/msg
-- Up-to-date: /home/mechax/zyb/radar_station_all/radar_station_fixed_class/install/my_msgss/local/lib/python3.10/dist-packages/my_msgss/msg/_yolopoints.py
-- Up-to-date: /home/mechax/zyb/radar_station_all/radar_station_fixed_class/install/my_msgss/local/lib/python3.10/dist-packages/my_msgss/msg/_yolopoint_s.c
-- Up-to-date: /home/mechax/zyb/radar_station_all/radar_station_fixed_class/install/my_msgss/local/lib/python3.10/dist-packages/my_msgss/msg/_distpoints.py
-- Up-to-date: /home/mechax/zyb/radar_station_all/radar_station_fixed_class/install/my_msgss/local/lib/python3.10/dist-packages/my_msgss/msg/_point_s.c
-- Up-to-date: /home/mechax/zyb/radar_station_all/radar_station_fixed_class/install/my_msgss/local/lib/python3.10/dist-packages/my_msgss/msg/_yolopoint.py
-- Up-to-date: /home/mechax/zyb/radar_station_all/radar_station_fixed_class/install/my_msgss/local/lib/python3.10/dist-packages/my_msgss/msg/_distpoint.py
-- Up-to-date: /home/mechax/zyb/radar_station_all/radar_station_fixed_class/install/my_msgss/local/lib/python3.10/dist-packages/my_msgss/msg/_yolopoints_s.c
-- Up-to-date: /home/mechax/zyb/radar_station_all/radar_station_fixed_class/install/my_msgss/local/lib/python3.10/dist-packages/my_msgss/msg/_point.py
-- Up-to-date: /home/mechax/zyb/radar_station_all/radar_station_fixed_class/install/my_msgss/local/lib/python3.10/dist-packages/my_msgss/msg/_points.py
-- Up-to-date: /home/mechax/zyb/radar_station_all/radar_station_fixed_class/install/my_msgss/local/lib/python3.10/dist-packages/my_msgss/msg/_points_s.c
-- Up-to-date: /home/mechax/zyb/radar_station_all/radar_station_fixed_class/install/my_msgss/local/lib/python3.10/dist-packages/my_msgss/msg/_distpoint_s.c
-- Up-to-date: /home/mechax/zyb/radar_station_all/radar_station_fixed_class/install/my_msgss/local/lib/python3.10/dist-packages/my_msgss/msg/__init__.py
-- Up-to-date: /home/mechax/zyb/radar_station_all/radar_station_fixed_class/install/my_msgss/local/lib/python3.10/dist-packages/my_msgss/msg/_distpoints_s.c
-- Up-to-date: /home/mechax/zyb/radar_station_all/radar_station_fixed_class/install/my_msgss/local/lib/python3.10/dist-packages/my_msgss/_my_msgss_s.ep.rosidl_typesupport_c.c
-- Up-to-date: /home/mechax/zyb/radar_station_all/radar_station_fixed_class/install/my_msgss/local/lib/python3.10/dist-packages/my_msgss/my_msgss_s__rosidl_typesupport_fastrtps_c.cpython-310-x86_64-linux-gnu.so
-- Up-to-date: /home/mechax/zyb/radar_station_all/radar_station_fixed_class/install/my_msgss/local/lib/python3.10/dist-packages/my_msgss/_my_msgss_s.ep.rosidl_typesupport_introspection_c.c
-- Up-to-date: /home/mechax/zyb/radar_station_all/radar_station_fixed_class/install/my_msgss/local/lib/python3.10/dist-packages/my_msgss/_my_msgss_s.ep.rosidl_typesupport_fastrtps_c.c
-- Up-to-date: /home/mechax/zyb/radar_station_all/radar_station_fixed_class/install/my_msgss/local/lib/python3.10/dist-packages/my_msgss/my_msgss_s__rosidl_typesupport_c.cpython-310-x86_64-linux-gnu.so
-- Up-to-date: /home/mechax/zyb/radar_station_all/radar_station_fixed_class/install/my_msgss/local/lib/python3.10/dist-packages/my_msgss/libmy_msgss__rosidl_generator_py.so
-- Up-to-date: /home/mechax/zyb/radar_station_all/radar_station_fixed_class/install/my_msgss/local/lib/python3.10/dist-packages/my_msgss/my_msgss_s__rosidl_typesupport_introspection_c.cpython-310-x86_64-linux-gnu.so
-- Up-to-date: /home/mechax/zyb/radar_station_all/radar_station_fixed_class/install/my_msgss/local/lib/python3.10/dist-packages/my_msgss/__init__.py
Listing '/home/mechax/zyb/radar_station_all/radar_station_fixed_class/install/my_msgss/local/lib/python3.10/dist-packages/my_msgss'...
Listing '/home/mechax/zyb/radar_station_all/radar_station_fixed_class/install/my_msgss/local/lib/python3.10/dist-packages/my_msgss/msg'...
-- Up-to-date: /home/mechax/zyb/radar_station_all/radar_station_fixed_class/install/my_msgss/local/lib/python3.10/dist-packages/my_msgss/my_msgss_s__rosidl_typesupport_fastrtps_c.cpython-310-x86_64-linux-gnu.so
-- Up-to-date: /home/mechax/zyb/radar_station_all/radar_station_fixed_class/install/my_msgss/local/lib/python3.10/dist-packages/my_msgss/my_msgss_s__rosidl_typesupport_introspection_c.cpython-310-x86_64-linux-gnu.so
-- Up-to-date: /home/mechax/zyb/radar_station_all/radar_station_fixed_class/install/my_msgss/local/lib/python3.10/dist-packages/my_msgss/my_msgss_s__rosidl_typesupport_c.cpython-310-x86_64-linux-gnu.so
-- Up-to-date: /home/mechax/zyb/radar_station_all/radar_station_fixed_class/install/my_msgss/lib/libmy_msgss__rosidl_generator_py.so
-- Up-to-date: /home/mechax/zyb/radar_station_all/radar_station_fixed_class/install/my_msgss/share/my_msgss/msg/Yolopoint.idl
-- Up-to-date: /home/mechax/zyb/radar_station_all/radar_station_fixed_class/install/my_msgss/share/my_msgss/msg/Yolopoints.idl
-- Up-to-date: /home/mechax/zyb/radar_station_all/radar_station_fixed_class/install/my_msgss/share/my_msgss/msg/Distpoint.idl
-- Up-to-date: /home/mechax/zyb/radar_station_all/radar_station_fixed_class/install/my_msgss/share/my_msgss/msg/Distpoints.idl
-- Up-to-date: /home/mechax/zyb/radar_station_all/radar_station_fixed_class/install/my_msgss/share/my_msgss/msg/Point.idl
-- Up-to-date: /home/mechax/zyb/radar_station_all/radar_station_fixed_class/install/my_msgss/share/my_msgss/msg/Points.idl
-- Up-to-date: /home/mechax/zyb/radar_station_all/radar_station_fixed_class/install/my_msgss/share/my_msgss/msg/Yolopoint.msg
-- Up-to-date: /home/mechax/zyb/radar_station_all/radar_station_fixed_class/install/my_msgss/share/my_msgss/msg/Yolopoints.msg
-- Up-to-date: /home/mechax/zyb/radar_station_all/radar_station_fixed_class/install/my_msgss/share/my_msgss/msg/Distpoint.msg
-- Up-to-date: /home/mechax/zyb/radar_station_all/radar_station_fixed_class/install/my_msgss/share/my_msgss/msg/Distpoints.msg
-- Up-to-date: /home/mechax/zyb/radar_station_all/radar_station_fixed_class/install/my_msgss/share/my_msgss/msg/Point.msg
-- Up-to-date: /home/mechax/zyb/radar_station_all/radar_station_fixed_class/install/my_msgss/share/my_msgss/msg/Points.msg
-- Up-to-date: /home/mechax/zyb/radar_station_all/radar_station_fixed_class/install/my_msgss/share/my_msgss/launch
-- Up-to-date: /home/mechax/zyb/radar_station_all/radar_station_fixed_class/install/my_msgss/share/my_msgss/launch/radar_station_launch.py
-- Up-to-date: /home/mechax/zyb/radar_station_all/radar_station_fixed_class/install/my_msgss/share/ament_index/resource_index/package_run_dependencies/my_msgss
-- Up-to-date: /home/mechax/zyb/radar_station_all/radar_station_fixed_class/install/my_msgss/share/ament_index/resource_index/parent_prefix_path/my_msgss
-- Up-to-date: /home/mechax/zyb/radar_station_all/radar_station_fixed_class/install/my_msgss/share/my_msgss/environment/ament_prefix_path.sh
-- Up-to-date: /home/mechax/zyb/radar_station_all/radar_station_fixed_class/install/my_msgss/share/my_msgss/environment/ament_prefix_path.dsv
-- Up-to-date: /home/mechax/zyb/radar_station_all/radar_station_fixed_class/install/my_msgss/share/my_msgss/environment/path.sh
-- Up-to-date: /home/mechax/zyb/radar_station_all/radar_station_fixed_class/install/my_msgss/share/my_msgss/environment/path.dsv
-- Up-to-date: /home/mechax/zyb/radar_station_all/radar_station_fixed_class/install/my_msgss/share/my_msgss/local_setup.bash
-- Up-to-date: /home/mechax/zyb/radar_station_all/radar_station_fixed_class/install/my_msgss/share/my_msgss/local_setup.sh
-- Up-to-date: /home/mechax/zyb/radar_station_all/radar_station_fixed_class/install/my_msgss/share/my_msgss/local_setup.zsh
-- Up-to-date: /home/mechax/zyb/radar_station_all/radar_station_fixed_class/install/my_msgss/share/my_msgss/local_setup.dsv
-- Installing: /home/mechax/zyb/radar_station_all/radar_station_fixed_class/install/my_msgss/share/my_msgss/package.dsv
-- Up-to-date: /home/mechax/zyb/radar_station_all/radar_station_fixed_class/install/my_msgss/share/ament_index/resource_index/packages/my_msgss
-- Up-to-date: /home/mechax/zyb/radar_station_all/radar_station_fixed_class/install/my_msgss/share/my_msgss/cmake/export_my_msgss__rosidl_generator_cExport.cmake
-- Up-to-date: /home/mechax/zyb/radar_station_all/radar_station_fixed_class/install/my_msgss/share/my_msgss/cmake/export_my_msgss__rosidl_generator_cExport-noconfig.cmake
-- Up-to-date: /home/mechax/zyb/radar_station_all/radar_station_fixed_class/install/my_msgss/share/my_msgss/cmake/export_my_msgss__rosidl_typesupport_fastrtps_cExport.cmake
-- Up-to-date: /home/mechax/zyb/radar_station_all/radar_station_fixed_class/install/my_msgss/share/my_msgss/cmake/export_my_msgss__rosidl_typesupport_fastrtps_cExport-noconfig.cmake
-- Up-to-date: /home/mechax/zyb/radar_station_all/radar_station_fixed_class/install/my_msgss/share/my_msgss/cmake/my_msgss__rosidl_typesupport_introspection_cExport.cmake
-- Up-to-date: /home/mechax/zyb/radar_station_all/radar_station_fixed_class/install/my_msgss/share/my_msgss/cmake/my_msgss__rosidl_typesupport_introspection_cExport-noconfig.cmake
-- Up-to-date: /home/mechax/zyb/radar_station_all/radar_station_fixed_class/install/my_msgss/share/my_msgss/cmake/my_msgss__rosidl_typesupport_cExport.cmake
-- Up-to-date: /home/mechax/zyb/radar_station_all/radar_station_fixed_class/install/my_msgss/share/my_msgss/cmake/my_msgss__rosidl_typesupport_cExport-noconfig.cmake
-- Up-to-date: /home/mechax/zyb/radar_station_all/radar_station_fixed_class/install/my_msgss/share/my_msgss/cmake/export_my_msgss__rosidl_generator_cppExport.cmake
-- Up-to-date: /home/mechax/zyb/radar_station_all/radar_station_fixed_class/install/my_msgss/share/my_msgss/cmake/export_my_msgss__rosidl_typesupport_fastrtps_cppExport.cmake
-- Up-to-date: /home/mechax/zyb/radar_station_all/radar_station_fixed_class/install/my_msgss/share/my_msgss/cmake/export_my_msgss__rosidl_typesupport_fastrtps_cppExport-noconfig.cmake
-- Up-to-date: /home/mechax/zyb/radar_station_all/radar_station_fixed_class/install/my_msgss/share/my_msgss/cmake/my_msgss__rosidl_typesupport_introspection_cppExport.cmake
-- Up-to-date: /home/mechax/zyb/radar_station_all/radar_station_fixed_class/install/my_msgss/share/my_msgss/cmake/my_msgss__rosidl_typesupport_introspection_cppExport-noconfig.cmake
-- Up-to-date: /home/mechax/zyb/radar_station_all/radar_station_fixed_class/install/my_msgss/share/my_msgss/cmake/my_msgss__rosidl_typesupport_cppExport.cmake
-- Up-to-date: /home/mechax/zyb/radar_station_all/radar_station_fixed_class/install/my_msgss/share/my_msgss/cmake/my_msgss__rosidl_typesupport_cppExport-noconfig.cmake
-- Up-to-date: /home/mechax/zyb/radar_station_all/radar_station_fixed_class/install/my_msgss/share/my_msgss/cmake/export_my_msgss__rosidl_generator_pyExport.cmake
-- Up-to-date: /home/mechax/zyb/radar_station_all/radar_station_fixed_class/install/my_msgss/share/my_msgss/cmake/export_my_msgss__rosidl_generator_pyExport-noconfig.cmake
-- Up-to-date: /home/mechax/zyb/radar_station_all/radar_station_fixed_class/install/my_msgss/share/my_msgss/cmake/rosidl_cmake-extras.cmake
-- Up-to-date: /home/mechax/zyb/radar_station_all/radar_station_fixed_class/install/my_msgss/share/my_msgss/cmake/ament_cmake_export_include_directories-extras.cmake
-- Up-to-date: /home/mechax/zyb/radar_station_all/radar_station_fixed_class/install/my_msgss/share/my_msgss/cmake/ament_cmake_export_libraries-extras.cmake
-- Up-to-date: /home/mechax/zyb/radar_station_all/radar_station_fixed_class/install/my_msgss/share/my_msgss/cmake/ament_cmake_export_targets-extras.cmake
-- Up-to-date: /home/mechax/zyb/radar_station_all/radar_station_fixed_class/install/my_msgss/share/my_msgss/cmake/rosidl_cmake_export_typesupport_targets-extras.cmake
-- Up-to-date: /home/mechax/zyb/radar_station_all/radar_station_fixed_class/install/my_msgss/share/my_msgss/cmake/ament_cmake_export_dependencies-extras.cmake
-- Up-to-date: /home/mechax/zyb/radar_station_all/radar_station_fixed_class/install/my_msgss/share/my_msgss/cmake/rosidl_cmake_export_typesupport_libraries-extras.cmake
-- Up-to-date: /home/mechax/zyb/radar_station_all/radar_station_fixed_class/install/my_msgss/share/my_msgss/cmake/my_msgssConfig.cmake
-- Up-to-date: /home/mechax/zyb/radar_station_all/radar_station_fixed_class/install/my_msgss/share/my_msgss/cmake/my_msgssConfig-version.cmake
-- Up-to-date: /home/mechax/zyb/radar_station_all/radar_station_fixed_class/install/my_msgss/share/my_msgss/package.xml
