[0.080s] Invoking command in '/home/qianli/zyb/radar_station/build/Qt5_displayer': AMENT_PREFIX_PATH=/home/qianli/zyb/radar_station/install/my_msgss:${AMENT_PREFIX_PATH} CMAKE_PREFIX_PATH=/home/qianli/zyb/radar_station/install/my_msgss:/opt/ros/humble LD_LIBRARY_PATH=/home/qianli/zyb/radar_station/install/my_msgss/lib:${LD_LIBRARY_PATH} PYTHONPATH=/home/qianli/zyb/radar_station/install/my_msgss/local/lib/python3.10/dist-packages:${PYTHONPATH} /usr/bin/cmake --build /home/qianli/zyb/radar_station/build/Qt5_displayer -- -j16 -l16
[0.124s] [ 12%] [34m[1mAutomatic MOC and UIC for target Qt5_displayer[0m
[0.143s] [ 12%] Built target Qt5_displayer_autogen
[0.155s] [35m[1mConsolidate compiler generated dependencies of target Qt5_displayer[0m
[0.170s] [100%] Built target Qt5_displayer
[0.242s] Invoked command in '/home/qianli/zyb/radar_station/build/Qt5_displayer' returned '0': AMENT_PREFIX_PATH=/home/qianli/zyb/radar_station/install/my_msgss:${AMENT_PREFIX_PATH} CMAKE_PREFIX_PATH=/home/qianli/zyb/radar_station/install/my_msgss:/opt/ros/humble LD_LIBRARY_PATH=/home/qianli/zyb/radar_station/install/my_msgss/lib:${LD_LIBRARY_PATH} PYTHONPATH=/home/qianli/zyb/radar_station/install/my_msgss/local/lib/python3.10/dist-packages:${PYTHONPATH} /usr/bin/cmake --build /home/qianli/zyb/radar_station/build/Qt5_displayer -- -j16 -l16
[0.334s] Invoking command in '/home/qianli/zyb/radar_station/build/Qt5_displayer': AMENT_PREFIX_PATH=/home/qianli/zyb/radar_station/install/my_msgss:${AMENT_PREFIX_PATH} CMAKE_PREFIX_PATH=/home/qianli/zyb/radar_station/install/my_msgss:/opt/ros/humble LD_LIBRARY_PATH=/home/qianli/zyb/radar_station/install/my_msgss/lib:${LD_LIBRARY_PATH} PYTHONPATH=/home/qianli/zyb/radar_station/install/my_msgss/local/lib/python3.10/dist-packages:${PYTHONPATH} /usr/bin/cmake --install /home/qianli/zyb/radar_station/build/Qt5_displayer
[0.367s] -- Install configuration: ""
[0.368s] -- Up-to-date: /home/qianli/zyb/radar_station/install/Qt5_displayer/lib/Qt5_displayer/Qt5_displayer
[0.368s] -- Up-to-date: /home/qianli/zyb/radar_station/install/Qt5_displayer/share/Qt5_displayer/launch
[0.368s] -- Up-to-date: /home/qianli/zyb/radar_station/install/Qt5_displayer/share/Qt5_displayer/launch/qt5_display_launch.py
[0.368s] -- Up-to-date: /home/qianli/zyb/radar_station/install/Qt5_displayer/share/ament_index/resource_index/package_run_dependencies/Qt5_displayer
[0.368s] -- Up-to-date: /home/qianli/zyb/radar_station/install/Qt5_displayer/share/ament_index/resource_index/parent_prefix_path/Qt5_displayer
[0.368s] -- Up-to-date: /home/qianli/zyb/radar_station/install/Qt5_displayer/share/Qt5_displayer/environment/ament_prefix_path.sh
[0.368s] -- Up-to-date: /home/qianli/zyb/radar_station/install/Qt5_displayer/share/Qt5_displayer/environment/ament_prefix_path.dsv
[0.368s] -- Up-to-date: /home/qianli/zyb/radar_station/install/Qt5_displayer/share/Qt5_displayer/environment/path.sh
[0.368s] -- Up-to-date: /home/qianli/zyb/radar_station/install/Qt5_displayer/share/Qt5_displayer/environment/path.dsv
[0.368s] -- Up-to-date: /home/qianli/zyb/radar_station/install/Qt5_displayer/share/Qt5_displayer/local_setup.bash
[0.368s] -- Up-to-date: /home/qianli/zyb/radar_station/install/Qt5_displayer/share/Qt5_displayer/local_setup.sh
[0.368s] -- Up-to-date: /home/qianli/zyb/radar_station/install/Qt5_displayer/share/Qt5_displayer/local_setup.zsh
[0.368s] -- Up-to-date: /home/qianli/zyb/radar_station/install/Qt5_displayer/share/Qt5_displayer/local_setup.dsv
[0.368s] -- Installing: /home/qianli/zyb/radar_station/install/Qt5_displayer/share/Qt5_displayer/package.dsv
[0.368s] -- Up-to-date: /home/qianli/zyb/radar_station/install/Qt5_displayer/share/ament_index/resource_index/packages/Qt5_displayer
[0.368s] -- Up-to-date: /home/qianli/zyb/radar_station/install/Qt5_displayer/share/Qt5_displayer/cmake/Qt5_displayerConfig.cmake
[0.368s] -- Up-to-date: /home/qianli/zyb/radar_station/install/Qt5_displayer/share/Qt5_displayer/cmake/Qt5_displayerConfig-version.cmake
[0.368s] -- Up-to-date: /home/qianli/zyb/radar_station/install/Qt5_displayer/share/Qt5_displayer/package.xml
[0.400s] Invoked command in '/home/qianli/zyb/radar_station/build/Qt5_displayer' returned '0': AMENT_PREFIX_PATH=/home/qianli/zyb/radar_station/install/my_msgss:${AMENT_PREFIX_PATH} CMAKE_PREFIX_PATH=/home/qianli/zyb/radar_station/install/my_msgss:/opt/ros/humble LD_LIBRARY_PATH=/home/qianli/zyb/radar_station/install/my_msgss/lib:${LD_LIBRARY_PATH} PYTHONPATH=/home/qianli/zyb/radar_station/install/my_msgss/local/lib/python3.10/dist-packages:${PYTHONPATH} /usr/bin/cmake --install /home/qianli/zyb/radar_station/build/Qt5_displayer
