[0.141s] Invoking command in '/home/mechax/zyb/radar_station_all/radar_station_fixed_class/build/Img_Handle': AMENT_PREFIX_PATH=/home/mechax/zyb/radar_station_all/radar_station_fixed_class/install/my_msgss:${AMENT_PREFIX_PATH} CMAKE_PREFIX_PATH=/home/mechax/zyb/radar_station_all/radar_station_fixed_class/install/my_msgss:/home/mechax/ws_livox/install/livox_ros2_driver:/home/mechax/ws_livox/install/livox_sdk_vendor:/home/mechax/ws_livox/install/livox_interfaces:/opt/ros/humble LD_LIBRARY_PATH=/home/mechax/zyb/radar_station_all/radar_station_fixed_class/install/my_msgss/lib:/opt/MVS/lib/64:/opt/MVS/lib/32:/opt/MVS/lib/64:/opt/MVS/lib/32:/home/mechax/ws_livox/install/livox_ros2_driver/lib:/home/mechax/ws_livox/install/livox_interfaces/lib:/usr/lib/x86_64-linux-gnu/gazebo-11/plugins:/opt/ros/humble/opt/rviz_ogre_vendor/lib:/opt/ros/humble/lib/x86_64-linux-gnu:/opt/ros/humble/lib:/opt/MVS/lib/64:/opt/MVS/lib/32:/opt/MVS/lib/64:/opt/MVS/lib/32 PYTHONPATH=/home/mechax/zyb/radar_station_all/radar_station_fixed_class/install/my_msgss/local/lib/python3.10/dist-packages:${PYTHONPATH} /usr/bin/cmake --build /home/mechax/zyb/radar_station_all/radar_station_fixed_class/build/Img_Handle -- -j16 -l16
[0.178s] [ 22%] Built target Img_Pub
[0.186s] [ 55%] Built target main
[0.188s] [100%] Built target Img_Sub
[0.201s] Invoked command in '/home/mechax/zyb/radar_station_all/radar_station_fixed_class/build/Img_Handle' returned '0': AMENT_PREFIX_PATH=/home/mechax/zyb/radar_station_all/radar_station_fixed_class/install/my_msgss:${AMENT_PREFIX_PATH} CMAKE_PREFIX_PATH=/home/mechax/zyb/radar_station_all/radar_station_fixed_class/install/my_msgss:/home/mechax/ws_livox/install/livox_ros2_driver:/home/mechax/ws_livox/install/livox_sdk_vendor:/home/mechax/ws_livox/install/livox_interfaces:/opt/ros/humble LD_LIBRARY_PATH=/home/mechax/zyb/radar_station_all/radar_station_fixed_class/install/my_msgss/lib:/opt/MVS/lib/64:/opt/MVS/lib/32:/opt/MVS/lib/64:/opt/MVS/lib/32:/home/mechax/ws_livox/install/livox_ros2_driver/lib:/home/mechax/ws_livox/install/livox_interfaces/lib:/usr/lib/x86_64-linux-gnu/gazebo-11/plugins:/opt/ros/humble/opt/rviz_ogre_vendor/lib:/opt/ros/humble/lib/x86_64-linux-gnu:/opt/ros/humble/lib:/opt/MVS/lib/64:/opt/MVS/lib/32:/opt/MVS/lib/64:/opt/MVS/lib/32 PYTHONPATH=/home/mechax/zyb/radar_station_all/radar_station_fixed_class/install/my_msgss/local/lib/python3.10/dist-packages:${PYTHONPATH} /usr/bin/cmake --build /home/mechax/zyb/radar_station_all/radar_station_fixed_class/build/Img_Handle -- -j16 -l16
[0.232s] Invoking command in '/home/mechax/zyb/radar_station_all/radar_station_fixed_class/build/Img_Handle': AMENT_PREFIX_PATH=/home/mechax/zyb/radar_station_all/radar_station_fixed_class/install/my_msgss:${AMENT_PREFIX_PATH} CMAKE_PREFIX_PATH=/home/mechax/zyb/radar_station_all/radar_station_fixed_class/install/my_msgss:/home/mechax/ws_livox/install/livox_ros2_driver:/home/mechax/ws_livox/install/livox_sdk_vendor:/home/mechax/ws_livox/install/livox_interfaces:/opt/ros/humble LD_LIBRARY_PATH=/home/mechax/zyb/radar_station_all/radar_station_fixed_class/install/my_msgss/lib:/opt/MVS/lib/64:/opt/MVS/lib/32:/opt/MVS/lib/64:/opt/MVS/lib/32:/home/mechax/ws_livox/install/livox_ros2_driver/lib:/home/mechax/ws_livox/install/livox_interfaces/lib:/usr/lib/x86_64-linux-gnu/gazebo-11/plugins:/opt/ros/humble/opt/rviz_ogre_vendor/lib:/opt/ros/humble/lib/x86_64-linux-gnu:/opt/ros/humble/lib:/opt/MVS/lib/64:/opt/MVS/lib/32:/opt/MVS/lib/64:/opt/MVS/lib/32 PYTHONPATH=/home/mechax/zyb/radar_station_all/radar_station_fixed_class/install/my_msgss/local/lib/python3.10/dist-packages:${PYTHONPATH} /usr/bin/cmake --install /home/mechax/zyb/radar_station_all/radar_station_fixed_class/build/Img_Handle
[0.240s] -- Install configuration: ""
[0.240s] -- Up-to-date: /home/mechax/zyb/radar_station_all/radar_station_fixed_class/install/Img_Handle/lib/Img_Handle/Img_Pub
[0.240s] -- Up-to-date: /home/mechax/zyb/radar_station_all/radar_station_fixed_class/install/Img_Handle/lib/Img_Handle/Img_Sub
[0.241s] -- Up-to-date: /home/mechax/zyb/radar_station_all/radar_station_fixed_class/install/Img_Handle/lib/Img_Handle/main
[0.241s] -- Up-to-date: /home/mechax/zyb/radar_station_all/radar_station_fixed_class/install/Img_Handle/share/Img_Handle/launch
[0.241s] -- Up-to-date: /home/mechax/zyb/radar_station_all/radar_station_fixed_class/install/Img_Handle/share/Img_Handle/launch/img_handle_launch.py
[0.241s] -- Up-to-date: /home/mechax/zyb/radar_station_all/radar_station_fixed_class/install/Img_Handle/share/Img_Handle/Yolov8_weight
[0.241s] -- Up-to-date: /home/mechax/zyb/radar_station_all/radar_station_fixed_class/install/Img_Handle/share/Img_Handle/Yolov8_weight/new_armor
[0.241s] -- Up-to-date: /home/mechax/zyb/radar_station_all/radar_station_fixed_class/install/Img_Handle/share/Img_Handle/Yolov8_weight/new_armor/mlp.onnx
[0.241s] -- Up-to-date: /home/mechax/zyb/radar_station_all/radar_station_fixed_class/install/Img_Handle/share/Img_Handle/Yolov8_weight/new_armor/label.txt
[0.241s] -- Up-to-date: /home/mechax/zyb/radar_station_all/radar_station_fixed_class/install/Img_Handle/share/Img_Handle/Yolov8_weight/robot
[0.241s] -- Up-to-date: /home/mechax/zyb/radar_station_all/radar_station_fixed_class/install/Img_Handle/share/Img_Handle/Yolov8_weight/robot/labels_correlogram.jpg
[0.241s] -- Up-to-date: /home/mechax/zyb/radar_station_all/radar_station_fixed_class/install/Img_Handle/share/Img_Handle/Yolov8_weight/robot/train_batch2.jpg
[0.241s] -- Up-to-date: /home/mechax/zyb/radar_station_all/radar_station_fixed_class/install/Img_Handle/share/Img_Handle/Yolov8_weight/robot/train_batch0.jpg
[0.241s] -- Up-to-date: /home/mechax/zyb/radar_station_all/radar_station_fixed_class/install/Img_Handle/share/Img_Handle/Yolov8_weight/robot/events.out.tfevents.1702546832.LAPTOP-62RB8H0R.113476.0
[0.241s] -- Up-to-date: /home/mechax/zyb/radar_station_all/radar_station_fixed_class/install/Img_Handle/share/Img_Handle/Yolov8_weight/robot/args.yaml
[0.242s] -- Up-to-date: /home/mechax/zyb/radar_station_all/radar_station_fixed_class/install/Img_Handle/share/Img_Handle/Yolov8_weight/robot/train_batch1.jpg
[0.242s] -- Up-to-date: /home/mechax/zyb/radar_station_all/radar_station_fixed_class/install/Img_Handle/share/Img_Handle/Yolov8_weight/robot/class
[0.242s] -- Up-to-date: /home/mechax/zyb/radar_station_all/radar_station_fixed_class/install/Img_Handle/share/Img_Handle/Yolov8_weight/robot/class/class.txt
[0.242s] -- Up-to-date: /home/mechax/zyb/radar_station_all/radar_station_fixed_class/install/Img_Handle/share/Img_Handle/Yolov8_weight/robot/labels.jpg
[0.242s] -- Up-to-date: /home/mechax/zyb/radar_station_all/radar_station_fixed_class/install/Img_Handle/share/Img_Handle/Yolov8_weight/robot/results.csv
[0.242s] -- Up-to-date: /home/mechax/zyb/radar_station_all/radar_station_fixed_class/install/Img_Handle/share/Img_Handle/Yolov8_weight/robot/weights
[0.242s] -- Up-to-date: /home/mechax/zyb/radar_station_all/radar_station_fixed_class/install/Img_Handle/share/Img_Handle/Yolov8_weight/robot/weights/best.onnx
[0.242s] -- Up-to-date: /home/mechax/zyb/radar_station_all/radar_station_fixed_class/install/Img_Handle/share/Img_Handle/Yolov8_weight/armor
[0.242s] -- Up-to-date: /home/mechax/zyb/radar_station_all/radar_station_fixed_class/install/Img_Handle/share/Img_Handle/Yolov8_weight/armor/labels_correlogram.jpg
[0.242s] -- Up-to-date: /home/mechax/zyb/radar_station_all/radar_station_fixed_class/install/Img_Handle/share/Img_Handle/Yolov8_weight/armor/val_batch1_pred.jpg
[0.242s] -- Up-to-date: /home/mechax/zyb/radar_station_all/radar_station_fixed_class/install/Img_Handle/share/Img_Handle/Yolov8_weight/armor/val_batch2_pred.jpg
[0.242s] -- Up-to-date: /home/mechax/zyb/radar_station_all/radar_station_fixed_class/install/Img_Handle/share/Img_Handle/Yolov8_weight/armor/train_batch27521.jpg
[0.242s] -- Up-to-date: /home/mechax/zyb/radar_station_all/radar_station_fixed_class/install/Img_Handle/share/Img_Handle/Yolov8_weight/armor/P_curve.png
[0.242s] -- Up-to-date: /home/mechax/zyb/radar_station_all/radar_station_fixed_class/install/Img_Handle/share/Img_Handle/Yolov8_weight/armor/val_batch0_pred.jpg
[0.242s] -- Up-to-date: /home/mechax/zyb/radar_station_all/radar_station_fixed_class/install/Img_Handle/share/Img_Handle/Yolov8_weight/armor/confusion_matrix_normalized.png
[0.242s] -- Up-to-date: /home/mechax/zyb/radar_station_all/radar_station_fixed_class/install/Img_Handle/share/Img_Handle/Yolov8_weight/armor/results.png
[0.242s] -- Up-to-date: /home/mechax/zyb/radar_station_all/radar_station_fixed_class/install/Img_Handle/share/Img_Handle/Yolov8_weight/armor/train_batch2.jpg
[0.242s] -- Up-to-date: /home/mechax/zyb/radar_station_all/radar_station_fixed_class/install/Img_Handle/share/Img_Handle/Yolov8_weight/armor/val_batch1_labels.jpg
[0.243s] -- Up-to-date: /home/mechax/zyb/radar_station_all/radar_station_fixed_class/install/Img_Handle/share/Img_Handle/Yolov8_weight/armor/R_curve.png
[0.243s] -- Up-to-date: /home/mechax/zyb/radar_station_all/radar_station_fixed_class/install/Img_Handle/share/Img_Handle/Yolov8_weight/armor/train_batch0.jpg
[0.243s] -- Up-to-date: /home/mechax/zyb/radar_station_all/radar_station_fixed_class/install/Img_Handle/share/Img_Handle/Yolov8_weight/armor/args.yaml
[0.243s] -- Up-to-date: /home/mechax/zyb/radar_station_all/radar_station_fixed_class/install/Img_Handle/share/Img_Handle/Yolov8_weight/armor/train_batch1.jpg
[0.243s] -- Up-to-date: /home/mechax/zyb/radar_station_all/radar_station_fixed_class/install/Img_Handle/share/Img_Handle/Yolov8_weight/armor/F1_curve.png
[0.243s] -- Up-to-date: /home/mechax/zyb/radar_station_all/radar_station_fixed_class/install/Img_Handle/share/Img_Handle/Yolov8_weight/armor/PR_curve.png
[0.243s] -- Up-to-date: /home/mechax/zyb/radar_station_all/radar_station_fixed_class/install/Img_Handle/share/Img_Handle/Yolov8_weight/armor/class
[0.243s] -- Up-to-date: /home/mechax/zyb/radar_station_all/radar_station_fixed_class/install/Img_Handle/share/Img_Handle/Yolov8_weight/armor/class/class.txt
[0.243s] -- Up-to-date: /home/mechax/zyb/radar_station_all/radar_station_fixed_class/install/Img_Handle/share/Img_Handle/Yolov8_weight/armor/events.out.tfevents.1702358543.LAPTOP-62RB8H0R.96524.0
[0.243s] -- Up-to-date: /home/mechax/zyb/radar_station_all/radar_station_fixed_class/install/Img_Handle/share/Img_Handle/Yolov8_weight/armor/val_batch2_labels.jpg
[0.243s] -- Up-to-date: /home/mechax/zyb/radar_station_all/radar_station_fixed_class/install/Img_Handle/share/Img_Handle/Yolov8_weight/armor/confusion_matrix.png
[0.243s] -- Up-to-date: /home/mechax/zyb/radar_station_all/radar_station_fixed_class/install/Img_Handle/share/Img_Handle/Yolov8_weight/armor/train_batch27520.jpg
[0.243s] -- Up-to-date: /home/mechax/zyb/radar_station_all/radar_station_fixed_class/install/Img_Handle/share/Img_Handle/Yolov8_weight/armor/labels.jpg
[0.243s] -- Up-to-date: /home/mechax/zyb/radar_station_all/radar_station_fixed_class/install/Img_Handle/share/Img_Handle/Yolov8_weight/armor/results.csv
[0.243s] -- Up-to-date: /home/mechax/zyb/radar_station_all/radar_station_fixed_class/install/Img_Handle/share/Img_Handle/Yolov8_weight/armor/weights
[0.243s] -- Up-to-date: /home/mechax/zyb/radar_station_all/radar_station_fixed_class/install/Img_Handle/share/Img_Handle/Yolov8_weight/armor/weights/best.pt
[0.243s] -- Up-to-date: /home/mechax/zyb/radar_station_all/radar_station_fixed_class/install/Img_Handle/share/Img_Handle/Yolov8_weight/armor/weights/best.onnx
[0.243s] -- Up-to-date: /home/mechax/zyb/radar_station_all/radar_station_fixed_class/install/Img_Handle/share/Img_Handle/Yolov8_weight/armor/weights/last.pt
[0.243s] -- Up-to-date: /home/mechax/zyb/radar_station_all/radar_station_fixed_class/install/Img_Handle/share/Img_Handle/Yolov8_weight/armor/val_batch0_labels.jpg
[0.243s] -- Up-to-date: /home/mechax/zyb/radar_station_all/radar_station_fixed_class/install/Img_Handle/share/Img_Handle/Yolov8_weight/armor/train_batch27522.jpg
[0.243s] -- Up-to-date: /home/mechax/zyb/radar_station_all/radar_station_fixed_class/install/Img_Handle/share/ament_index/resource_index/package_run_dependencies/Img_Handle
[0.243s] -- Up-to-date: /home/mechax/zyb/radar_station_all/radar_station_fixed_class/install/Img_Handle/share/ament_index/resource_index/parent_prefix_path/Img_Handle
[0.243s] -- Up-to-date: /home/mechax/zyb/radar_station_all/radar_station_fixed_class/install/Img_Handle/share/Img_Handle/environment/ament_prefix_path.sh
[0.243s] -- Up-to-date: /home/mechax/zyb/radar_station_all/radar_station_fixed_class/install/Img_Handle/share/Img_Handle/environment/ament_prefix_path.dsv
[0.244s] -- Up-to-date: /home/mechax/zyb/radar_station_all/radar_station_fixed_class/install/Img_Handle/share/Img_Handle/environment/path.sh
[0.244s] -- Up-to-date: /home/mechax/zyb/radar_station_all/radar_station_fixed_class/install/Img_Handle/share/Img_Handle/environment/path.dsv
[0.244s] -- Up-to-date: /home/mechax/zyb/radar_station_all/radar_station_fixed_class/install/Img_Handle/share/Img_Handle/local_setup.bash
[0.244s] -- Up-to-date: /home/mechax/zyb/radar_station_all/radar_station_fixed_class/install/Img_Handle/share/Img_Handle/local_setup.sh
[0.244s] -- Up-to-date: /home/mechax/zyb/radar_station_all/radar_station_fixed_class/install/Img_Handle/share/Img_Handle/local_setup.zsh
[0.244s] -- Up-to-date: /home/mechax/zyb/radar_station_all/radar_station_fixed_class/install/Img_Handle/share/Img_Handle/local_setup.dsv
[0.244s] -- Installing: /home/mechax/zyb/radar_station_all/radar_station_fixed_class/install/Img_Handle/share/Img_Handle/package.dsv
[0.244s] -- Up-to-date: /home/mechax/zyb/radar_station_all/radar_station_fixed_class/install/Img_Handle/share/ament_index/resource_index/packages/Img_Handle
[0.244s] -- Up-to-date: /home/mechax/zyb/radar_station_all/radar_station_fixed_class/install/Img_Handle/share/Img_Handle/cmake/Img_HandleConfig.cmake
[0.244s] -- Up-to-date: /home/mechax/zyb/radar_station_all/radar_station_fixed_class/install/Img_Handle/share/Img_Handle/cmake/Img_HandleConfig-version.cmake
[0.244s] -- Up-to-date: /home/mechax/zyb/radar_station_all/radar_station_fixed_class/install/Img_Handle/share/Img_Handle/package.xml
[0.299s] Invoked command in '/home/mechax/zyb/radar_station_all/radar_station_fixed_class/build/Img_Handle' returned '0': AMENT_PREFIX_PATH=/home/mechax/zyb/radar_station_all/radar_station_fixed_class/install/my_msgss:${AMENT_PREFIX_PATH} CMAKE_PREFIX_PATH=/home/mechax/zyb/radar_station_all/radar_station_fixed_class/install/my_msgss:/home/mechax/ws_livox/install/livox_ros2_driver:/home/mechax/ws_livox/install/livox_sdk_vendor:/home/mechax/ws_livox/install/livox_interfaces:/opt/ros/humble LD_LIBRARY_PATH=/home/mechax/zyb/radar_station_all/radar_station_fixed_class/install/my_msgss/lib:/opt/MVS/lib/64:/opt/MVS/lib/32:/opt/MVS/lib/64:/opt/MVS/lib/32:/home/mechax/ws_livox/install/livox_ros2_driver/lib:/home/mechax/ws_livox/install/livox_interfaces/lib:/usr/lib/x86_64-linux-gnu/gazebo-11/plugins:/opt/ros/humble/opt/rviz_ogre_vendor/lib:/opt/ros/humble/lib/x86_64-linux-gnu:/opt/ros/humble/lib:/opt/MVS/lib/64:/opt/MVS/lib/32:/opt/MVS/lib/64:/opt/MVS/lib/32 PYTHONPATH=/home/mechax/zyb/radar_station_all/radar_station_fixed_class/install/my_msgss/local/lib/python3.10/dist-packages:${PYTHONPATH} /usr/bin/cmake --install /home/mechax/zyb/radar_station_all/radar_station_fixed_class/build/Img_Handle
