[0.038s] Invoking command in '/home/mechax/zyb/radar_station_all/radar_station_fixed_class/build/mindvision_camera': CMAKE_PREFIX_PATH=${CMAKE_PREFIX_PATH}:/opt/ros/humble /usr/bin/cmake /home/mechax/zyb/radar_station_all/radar_station_fixed_class/src/ros2_mindvision_mutiple_camera -DCMAKE_INSTALL_PREFIX=/home/mechax/zyb/radar_station_all/radar_station_fixed_class/install/mindvision_camera
[0.074s] -- The C compiler identification is GNU 11.4.0
[0.113s] -- The CXX compiler identification is GNU 11.4.0
[0.119s] -- Detecting C compiler ABI info
[0.169s] -- Detecting C compiler ABI info - done
[0.174s] -- Check for working C compiler: /usr/bin/cc - skipped
[0.174s] -- Detecting C compile features
[0.174s] -- Detecting C compile features - done
[0.176s] -- Detecting CXX compiler ABI info
[0.232s] -- Detecting CXX compiler ABI info - done
[0.236s] -- Check for working CXX compiler: /usr/bin/c++ - skipped
[0.237s] -- Detecting CXX compile features
[0.237s] -- Detecting CXX compile features - done
[0.238s] -- Found ament_cmake_auto: 1.3.8 (/opt/ros/humble/share/ament_cmake_auto/cmake)
[0.344s] -- Found Python3: /usr/bin/python3 (found version "3.10.12") found components: Interpreter 
[0.510s] -- Found rosidl_generator_c: 3.1.5 (/opt/ros/humble/share/rosidl_generator_c/cmake)
[0.513s] -- Found rosidl_adapter: 3.1.5 (/opt/ros/humble/share/rosidl_adapter/cmake)
[0.519s] -- Found rosidl_generator_cpp: 3.1.5 (/opt/ros/humble/share/rosidl_generator_cpp/cmake)
[0.527s] -- Using all available rosidl_typesupport_c: rosidl_typesupport_fastrtps_c;rosidl_typesupport_introspection_c
[0.540s] -- Using all available rosidl_typesupport_cpp: rosidl_typesupport_fastrtps_cpp;rosidl_typesupport_introspection_cpp
[0.583s] -- Found rmw_implementation_cmake: 6.1.1 (/opt/ros/humble/share/rmw_implementation_cmake/cmake)
[0.585s] -- Found rmw_fastrtps_cpp: 6.2.6 (/opt/ros/humble/share/rmw_fastrtps_cpp/cmake)
[0.650s] -- Found OpenSSL: /usr/lib/x86_64-linux-gnu/libcrypto.so (found version "3.0.2")  
[0.669s] -- Found FastRTPS: /opt/ros/humble/include  
[0.699s] -- Using RMW implementation 'rmw_fastrtps_cpp' as default
[0.704s] -- Looking for pthread.h
[0.749s] -- Looking for pthread.h - found
[0.750s] -- Performing Test CMAKE_HAVE_LIBC_PTHREAD
[0.796s] -- Performing Test CMAKE_HAVE_LIBC_PTHREAD - Success
[0.796s] -- Found Threads: TRUE  
[1.077s] -- Found ament_lint_auto: 0.12.10 (/opt/ros/humble/share/ament_lint_auto/cmake)
[1.091s] -- Added test 'cppcheck' to perform static code analysis on C / C++ code
[1.092s] -- Configured cppcheck include dirs: /home/mechax/zyb/radar_station_all/radar_station_fixed_class/src/ros2_mindvision_mutiple_camera/mvsdk/include
[1.092s] -- Configured cppcheck exclude dirs and/or files: 
[1.092s] -- Added test 'flake8' to check Python code syntax and style conventions
[1.093s] -- Added test 'lint_cmake' to check CMake code style
[1.094s] -- Added test 'pep257' to check Python code against some of the docstring style conventions in PEP 257
[1.094s] -- Added test 'xmllint' to check XML markup files
[1.096s] -- Configuring done
[1.105s] -- Generating done
[1.106s] -- Build files have been written to: /home/mechax/zyb/radar_station_all/radar_station_fixed_class/build/mindvision_camera
[1.116s] Invoked command in '/home/mechax/zyb/radar_station_all/radar_station_fixed_class/build/mindvision_camera' returned '0': CMAKE_PREFIX_PATH=${CMAKE_PREFIX_PATH}:/opt/ros/humble /usr/bin/cmake /home/mechax/zyb/radar_station_all/radar_station_fixed_class/src/ros2_mindvision_mutiple_camera -DCMAKE_INSTALL_PREFIX=/home/mechax/zyb/radar_station_all/radar_station_fixed_class/install/mindvision_camera
[1.118s] Invoking command in '/home/mechax/zyb/radar_station_all/radar_station_fixed_class/build/mindvision_camera': CMAKE_PREFIX_PATH=${CMAKE_PREFIX_PATH}:/opt/ros/humble /usr/bin/cmake --build /home/mechax/zyb/radar_station_all/radar_station_fixed_class/build/mindvision_camera -- -j16 -l16
[1.159s] [ 25%] [32mBuilding CXX object CMakeFiles/mindvision_camera_node.dir/rclcpp_components/node_main_mindvision_camera_node.cpp.o[0m
[1.159s] [ 50%] [32mBuilding CXX object CMakeFiles/mindvision_camera.dir/src/mv_camera_node.cpp.o[0m
[4.262s] [ 75%] [32m[1mLinking CXX shared library libmindvision_camera.so[0m
[4.377s] [ 75%] Built target mindvision_camera
[4.562s] [100%] [32m[1mLinking CXX executable mindvision_camera_node[0m
[4.680s] [100%] Built target mindvision_camera_node
[4.690s] Invoked command in '/home/mechax/zyb/radar_station_all/radar_station_fixed_class/build/mindvision_camera' returned '0': CMAKE_PREFIX_PATH=${CMAKE_PREFIX_PATH}:/opt/ros/humble /usr/bin/cmake --build /home/mechax/zyb/radar_station_all/radar_station_fixed_class/build/mindvision_camera -- -j16 -l16
[4.715s] Invoking command in '/home/mechax/zyb/radar_station_all/radar_station_fixed_class/build/mindvision_camera': CMAKE_PREFIX_PATH=${CMAKE_PREFIX_PATH}:/opt/ros/humble /usr/bin/cmake --install /home/mechax/zyb/radar_station_all/radar_station_fixed_class/build/mindvision_camera
[4.720s] -- Install configuration: ""
[4.720s] -- Installing: /home/mechax/zyb/radar_station_all/radar_station_fixed_class/install/mindvision_camera/lib/mindvision_camera/mindvision_camera_node
[4.721s] -- Set runtime path of "/home/mechax/zyb/radar_station_all/radar_station_fixed_class/install/mindvision_camera/lib/mindvision_camera/mindvision_camera_node" to ""
[4.721s] -- Installing: /home/mechax/zyb/radar_station_all/radar_station_fixed_class/install/mindvision_camera/share/mindvision_camera/environment/library_path.sh
[4.721s] -- Installing: /home/mechax/zyb/radar_station_all/radar_station_fixed_class/install/mindvision_camera/share/mindvision_camera/environment/library_path.dsv
[4.721s] -- Installing: /home/mechax/zyb/radar_station_all/radar_station_fixed_class/install/mindvision_camera/lib/libmindvision_camera.so
[4.721s] -- Set runtime path of "/home/mechax/zyb/radar_station_all/radar_station_fixed_class/install/mindvision_camera/lib/libmindvision_camera.so" to ""
[4.721s] -- Installing: /home/mechax/zyb/radar_station_all/radar_station_fixed_class/install/mindvision_camera/share/mindvision_camera/launch
[4.721s] -- Installing: /home/mechax/zyb/radar_station_all/radar_station_fixed_class/install/mindvision_camera/share/mindvision_camera/launch/mv_camera.py
[4.722s] -- Installing: /home/mechax/zyb/radar_station_all/radar_station_fixed_class/install/mindvision_camera/share/mindvision_camera/config
[4.722s] -- Installing: /home/mechax/zyb/radar_station_all/radar_station_fixed_class/install/mindvision_camera/share/mindvision_camera/config/leftcamera_info.yaml
[4.723s] -- Installing: /home/mechax/zyb/radar_station_all/radar_station_fixed_class/install/mindvision_camera/share/mindvision_camera/config/rightcamera_params.yaml
[4.723s] -- Installing: /home/mechax/zyb/radar_station_all/radar_station_fixed_class/install/mindvision_camera/share/mindvision_camera/config/rightcamera_info.yaml
[4.723s] -- Installing: /home/mechax/zyb/radar_station_all/radar_station_fixed_class/install/mindvision_camera/share/mindvision_camera/config/leftcamera_params.yaml
[4.723s] -- Installing: /home/mechax/zyb/radar_station_all/radar_station_fixed_class/install/mindvision_camera/share/ament_index/resource_index/package_run_dependencies/mindvision_camera
[4.723s] -- Installing: /home/mechax/zyb/radar_station_all/radar_station_fixed_class/install/mindvision_camera/share/ament_index/resource_index/parent_prefix_path/mindvision_camera
[4.723s] -- Installing: /home/mechax/zyb/radar_station_all/radar_station_fixed_class/install/mindvision_camera/share/mindvision_camera/environment/ament_prefix_path.sh
[4.723s] -- Installing: /home/mechax/zyb/radar_station_all/radar_station_fixed_class/install/mindvision_camera/share/mindvision_camera/environment/ament_prefix_path.dsv
[4.723s] -- Installing: /home/mechax/zyb/radar_station_all/radar_station_fixed_class/install/mindvision_camera/share/mindvision_camera/environment/path.sh
[4.723s] -- Installing: /home/mechax/zyb/radar_station_all/radar_station_fixed_class/install/mindvision_camera/share/mindvision_camera/environment/path.dsv
[4.723s] -- Installing: /home/mechax/zyb/radar_station_all/radar_station_fixed_class/install/mindvision_camera/share/mindvision_camera/local_setup.bash
[4.723s] -- Installing: /home/mechax/zyb/radar_station_all/radar_station_fixed_class/install/mindvision_camera/share/mindvision_camera/local_setup.sh
[4.723s] -- Installing: /home/mechax/zyb/radar_station_all/radar_station_fixed_class/install/mindvision_camera/share/mindvision_camera/local_setup.zsh
[4.724s] -- Installing: /home/mechax/zyb/radar_station_all/radar_station_fixed_class/install/mindvision_camera/share/mindvision_camera/local_setup.dsv
[4.724s] -- Installing: /home/mechax/zyb/radar_station_all/radar_station_fixed_class/install/mindvision_camera/share/mindvision_camera/package.dsv
[4.724s] -- Installing: /home/mechax/zyb/radar_station_all/radar_station_fixed_class/install/mindvision_camera/share/ament_index/resource_index/packages/mindvision_camera
[4.724s] -- Installing: /home/mechax/zyb/radar_station_all/radar_station_fixed_class/install/mindvision_camera/share/ament_index/resource_index/rclcpp_components/mindvision_camera
[4.724s] -- Installing: /home/mechax/zyb/radar_station_all/radar_station_fixed_class/install/mindvision_camera/share/mindvision_camera/cmake/ament_cmake_export_dependencies-extras.cmake
[4.724s] -- Installing: /home/mechax/zyb/radar_station_all/radar_station_fixed_class/install/mindvision_camera/share/mindvision_camera/cmake/ament_cmake_export_libraries-extras.cmake
[4.724s] -- Installing: /home/mechax/zyb/radar_station_all/radar_station_fixed_class/install/mindvision_camera/share/mindvision_camera/cmake/mindvision_cameraConfig.cmake
[4.724s] -- Installing: /home/mechax/zyb/radar_station_all/radar_station_fixed_class/install/mindvision_camera/share/mindvision_camera/cmake/mindvision_cameraConfig-version.cmake
[4.724s] -- Installing: /home/mechax/zyb/radar_station_all/radar_station_fixed_class/install/mindvision_camera/share/mindvision_camera/package.xml
[4.725s] Invoked command in '/home/mechax/zyb/radar_station_all/radar_station_fixed_class/build/mindvision_camera' returned '0': CMAKE_PREFIX_PATH=${CMAKE_PREFIX_PATH}:/opt/ros/humble /usr/bin/cmake --install /home/mechax/zyb/radar_station_all/radar_station_fixed_class/build/mindvision_camera
